#
# There is insufficient memory for the Java Runtime Environment to continue.
# Native memory allocation (malloc) failed to allocate 32744 bytes for ChunkPool::allocate
# Possible reasons:
#   The system is out of physical RAM or swap space
#   The process is running with CompressedOops enabled, and the Java Heap may be blocking the growth of the native heap
# Possible solutions:
#   Reduce memory load on the system
#   Increase physical memory or swap space
#   Check if swap backing store is full
#   Decrease Java heap size (-Xmx/-Xms)
#   Decrease number of Java threads
#   Decrease Java thread stack sizes (-Xss)
#   Set larger code cache with -XX:ReservedCodeCacheSize=
#   JVM is running with Unscaled Compressed Oops mode in which the Java heap is
#     placed in the first 4GB address space. The Java Heap base address is the
#     maximum limit for the native heap growth. Please use -XX:HeapBaseMinAddress
#     to set the Java Heap base and to place the Java Heap above 4GB virtual address.
# This output file may be truncated or incomplete.
#
#  Out of Memory Error (arena.cpp:78), pid=10644, tid=13212
#
# JRE version: OpenJDK Runtime Environment (17.0.6) (build 17.0.6+0-b2043.56-10027231)
# Java VM: OpenJDK 64-Bit Server VM (17.0.6+0-b2043.56-10027231, mixed mode, tiered, compressed oops, compressed class ptrs, g1 gc, windows-amd64)
# No core dump will be written. Minidumps are not enabled by default on client versions of Windows
#

---------------  S U M M A R Y ------------

Command Line: --add-opens=java.base/java.util=ALL-UNNAMED --add-opens=java.base/java.lang=ALL-UNNAMED --add-opens=java.base/java.lang.invoke=ALL-UNNAMED --add-opens=java.prefs/java.util.prefs=ALL-UNNAMED --add-opens=java.base/java.nio.charset=ALL-UNNAMED --add-opens=java.base/java.net=ALL-UNNAMED --add-opens=java.base/java.util.concurrent.atomic=ALL-UNNAMED -Xmx2048m -Dfile.encoding=UTF-8 -Duser.country=RU -Duser.language=ru -Duser.variant org.gradle.launcher.daemon.bootstrap.GradleDaemon 8.0

Host: Intel(R) Core(TM) i5-9300H CPU @ 2.40GHz, 8 cores, 15G,  Windows 10 , 64 bit Build 19041 (10.0.19041.3031)
Time: Tue Jan 16 13:41:59 2024 RTZ 2 (s 10 , 64 bit Build 19041 (10.0.19041.3031) elapsed time: 157.832783 seconds (0d 0h 2m 37s)

---------------  T H R E A D  ---------------

Current thread (0x000002dcb987adc0):  JavaThread "C2 CompilerThread0" daemon [_thread_in_native, id=13212, stack(0x000000ee88500000,0x000000ee88600000)]


Current CompileTask:
C2: 157832 17962       4       org.gradle.internal.service.DefaultServiceRegistry$ClassInspector::getDetailsForClass (50 bytes)

Stack: [0x000000ee88500000,0x000000ee88600000]
Native frames: (J=compiled Java code, j=interpreted, Vv=VM code, C=native code)
V  [jvm.dll+0x683c9a]
V  [jvm.dll+0x8427a4]
V  [jvm.dll+0x843f9e]
V  [jvm.dll+0x844603]
V  [jvm.dll+0x249b75]
V  [jvm.dll+0xabecc]
V  [jvm.dll+0xac27c]
V  [jvm.dll+0x65fa63]
V  [jvm.dll+0x344700]
V  [jvm.dll+0x3421be]
V  [jvm.dll+0x6986c8]
V  [jvm.dll+0x69bf46]
V  [jvm.dll+0x69405b]
V  [jvm.dll+0x693697]
V  [jvm.dll+0x691592]
V  [jvm.dll+0x1a81fc]
V  [jvm.dll+0x1a8dc6]
V  [jvm.dll+0x2b0104]
V  [jvm.dll+0x69c095]
V  [jvm.dll+0x69405b]
V  [jvm.dll+0x693697]
V  [jvm.dll+0x691592]
V  [jvm.dll+0x1a81fc]
V  [jvm.dll+0x1a8dc6]
V  [jvm.dll+0x1a8dc6]
V  [jvm.dll+0x1a8d08]
V  [jvm.dll+0x2b0104]
V  [jvm.dll+0x69c095]
V  [jvm.dll+0x69405b]
V  [jvm.dll+0x693697]
V  [jvm.dll+0x691592]
V  [jvm.dll+0x1a81fc]
V  [jvm.dll+0x1a8dc6]
V  [jvm.dll+0x2b0104]
V  [jvm.dll+0x69c095]
V  [jvm.dll+0x69405b]
V  [jvm.dll+0x693697]
V  [jvm.dll+0x691592]
V  [jvm.dll+0x1a81fc]
V  [jvm.dll+0x2b0104]
V  [jvm.dll+0x69c095]
V  [jvm.dll+0x69405b]
V  [jvm.dll+0x693697]
V  [jvm.dll+0x691592]
V  [jvm.dll+0x1a81fc]
V  [jvm.dll+0x2b0104]
V  [jvm.dll+0x69c095]
V  [jvm.dll+0x69405b]
V  [jvm.dll+0x693697]
V  [jvm.dll+0x691592]
V  [jvm.dll+0x1a81fc]
V  [jvm.dll+0x2b0104]
V  [jvm.dll+0x69c095]
V  [jvm.dll+0x69405b]
V  [jvm.dll+0x693697]
V  [jvm.dll+0x691592]
V  [jvm.dll+0x1a81fc]
V  [jvm.dll+0x21b1e8]
V  [jvm.dll+0x1a4fdd]
V  [jvm.dll+0x22b098]
V  [jvm.dll+0x229159]
V  [jvm.dll+0x7f81ec]
V  [jvm.dll+0x7f274a]
V  [jvm.dll+0x682ad5]
C  [ucrtbase.dll+0x21bb2]
C  [KERNEL32.DLL+0x17614]
C  [ntdll.dll+0x526f1]


---------------  P R O C E S S  ---------------

Threads class SMR info:
_java_thread_list=0x000002dcbd4e5760, length=51, elements={
0x000002dc9d018200, 0x000002dcb9844a20, 0x000002dcb9845f40, 0x000002dcb9859f20,
0x000002dcb985a9e0, 0x000002dcb985b2a0, 0x000002dcb987a450, 0x000002dcb987adc0,
0x000002dcb987d480, 0x000002dcb987e920, 0x000002dcb9a26530, 0x000002dcb9a0aa30,
0x000002dcbc1141a0, 0x000002dcbaf4da70, 0x000002dcbadc05a0, 0x000002dcbc17e5a0,
0x000002dcbc1815c0, 0x000002dcbc17ea70, 0x000002dcbc17fdb0, 0x000002dcbc17ef40,
0x000002dcbc6ad440, 0x000002dcbc6b12d0, 0x000002dcbc6acaa0, 0x000002dcbc6b0460,
0x000002dcbc6ac5d0, 0x000002dcbc6b0e00, 0x000002dcbc6ab290, 0x000002dcbc6af120,
0x000002dcbfd9d440, 0x000002dcbfd9dde0, 0x000002dcbfd9ec50, 0x000002dcbfd9adc0,
0x000002dcbc181f60, 0x000002dcc3463210, 0x000002dcc35932f0, 0x000002dcbf6fc520,
0x000002dcbcebcc10, 0x000002dcc3593c90, 0x000002dcbcebb400, 0x000002dcc3c60440,
0x000002dcc34c9ff0, 0x000002dcb9b973c0, 0x000002dcb9b97890, 0x000002dcb9b96080,
0x000002dcc6c232f0, 0x000002dcc6c1f930, 0x000002dcc6c1fe00, 0x000002dcbcb8bc40,
0x000002dcbcb8ad10, 0x000002dcbbf0b210, 0x000002dcbbf0bbb0
}

Java Threads: ( => current thread )
  0x000002dc9d018200 JavaThread "main" [_thread_blocked, id=1860, stack(0x000000ee87800000,0x000000ee87900000)]
  0x000002dcb9844a20 JavaThread "Reference Handler" daemon [_thread_blocked, id=9208, stack(0x000000ee87f00000,0x000000ee88000000)]
  0x000002dcb9845f40 JavaThread "Finalizer" daemon [_thread_blocked, id=15552, stack(0x000000ee88000000,0x000000ee88100000)]
  0x000002dcb9859f20 JavaThread "Signal Dispatcher" daemon [_thread_blocked, id=14624, stack(0x000000ee88100000,0x000000ee88200000)]
  0x000002dcb985a9e0 JavaThread "Attach Listener" daemon [_thread_blocked, id=12744, stack(0x000000ee88200000,0x000000ee88300000)]
  0x000002dcb985b2a0 JavaThread "Service Thread" daemon [_thread_blocked, id=1348, stack(0x000000ee88300000,0x000000ee88400000)]
  0x000002dcb987a450 JavaThread "Monitor Deflation Thread" daemon [_thread_blocked, id=264, stack(0x000000ee88400000,0x000000ee88500000)]
=>0x000002dcb987adc0 JavaThread "C2 CompilerThread0" daemon [_thread_in_native, id=13212, stack(0x000000ee88500000,0x000000ee88600000)]
  0x000002dcb987d480 JavaThread "C1 CompilerThread0" daemon [_thread_blocked, id=10704, stack(0x000000ee88600000,0x000000ee88700000)]
  0x000002dcb987e920 JavaThread "Sweeper thread" daemon [_thread_blocked, id=14296, stack(0x000000ee88700000,0x000000ee88800000)]
  0x000002dcb9a26530 JavaThread "Common-Cleaner" daemon [_thread_blocked, id=6032, stack(0x000000ee88800000,0x000000ee88900000)]
  0x000002dcb9a0aa30 JavaThread "Notification Thread" daemon [_thread_blocked, id=10960, stack(0x000000ee88900000,0x000000ee88a00000)]
  0x000002dcbc1141a0 JavaThread "Daemon health stats" [_thread_blocked, id=8376, stack(0x000000ee89200000,0x000000ee89300000)]
  0x000002dcbaf4da70 JavaThread "Incoming local TCP Connector on port 53438" [_thread_in_native, id=8108, stack(0x000000ee89100000,0x000000ee89200000)]
  0x000002dcbadc05a0 JavaThread "Daemon periodic checks" [_thread_blocked, id=7240, stack(0x000000ee89300000,0x000000ee89400000)]
  0x000002dcbc17e5a0 JavaThread "Cache worker for journal cache (D:\PRG\ANDROID\caches\journal-1)" [_thread_blocked, id=7344, stack(0x000000ee89e00000,0x000000ee89f00000)]
  0x000002dcbc1815c0 JavaThread "File lock request listener" [_thread_in_native, id=11564, stack(0x000000ee89f00000,0x000000ee8a000000)]
  0x000002dcbc17ea70 JavaThread "Cache worker for file hash cache (D:\PRG\ANDROID\caches\8.0\fileHashes)" [_thread_blocked, id=13596, stack(0x000000ee8a000000,0x000000ee8a100000)]
  0x000002dcbc17fdb0 JavaThread "File watcher server" daemon [_thread_in_native, id=3152, stack(0x000000ee8a200000,0x000000ee8a300000)]
  0x000002dcbc17ef40 JavaThread "File watcher consumer" daemon [_thread_blocked, id=15068, stack(0x000000ee8a300000,0x000000ee8a400000)]
  0x000002dcbc6ad440 JavaThread "Cache worker for file content cache (D:\PRG\ANDROID\caches\8.0\fileContent)" [_thread_blocked, id=10080, stack(0x000000ee8a600000,0x000000ee8a700000)]
  0x000002dcbc6b12d0 JavaThread "Cache worker for execution history cache (D:\PRG\ANDROID\caches\8.0\executionHistory)" [_thread_blocked, id=9996, stack(0x000000ee8a900000,0x000000ee8aa00000)]
  0x000002dcbc6acaa0 JavaThread "jar transforms" [_thread_blocked, id=2680, stack(0x000000ee8aa00000,0x000000ee8ab00000)]
  0x000002dcbc6b0460 JavaThread "jar transforms Thread 2" [_thread_blocked, id=2244, stack(0x000000ee8a100000,0x000000ee8a200000)]
  0x000002dcbc6ac5d0 JavaThread "Cache worker for kotlin-dsl (D:\PRG\ANDROID\caches\8.0\kotlin-dsl)" [_thread_blocked, id=6612, stack(0x000000ee8ac00000,0x000000ee8ad00000)]
  0x000002dcbc6b0e00 JavaThread "jar transforms Thread 3" [_thread_blocked, id=12616, stack(0x000000ee8ad00000,0x000000ee8ae00000)]
  0x000002dcbc6ab290 JavaThread "jar transforms Thread 4" [_thread_blocked, id=11468, stack(0x000000ee8ae00000,0x000000ee8af00000)]
  0x000002dcbc6af120 JavaThread "jar transforms Thread 5" [_thread_blocked, id=14512, stack(0x000000ee8b100000,0x000000ee8b200000)]
  0x000002dcbfd9d440 JavaThread "jar transforms Thread 6" [_thread_blocked, id=7352, stack(0x000000ee90200000,0x000000ee90300000)]
  0x000002dcbfd9dde0 JavaThread "jar transforms Thread 7" [_thread_blocked, id=11412, stack(0x000000ee90300000,0x000000ee90400000)]
  0x000002dcbfd9ec50 JavaThread "jar transforms Thread 8" [_thread_blocked, id=13100, stack(0x000000ee90400000,0x000000ee90500000)]
  0x000002dcbfd9adc0 JavaThread "Memory manager" [_thread_blocked, id=3000, stack(0x000000ee90700000,0x000000ee90800000)]
  0x000002dcbc181f60 JavaThread "pool-3-thread-1" [_thread_blocked, id=5308, stack(0x000000ee90800000,0x000000ee90900000)]
  0x000002dcc3463210 JavaThread "ForkJoinPool.commonPool-worker-2" daemon [_thread_blocked, id=1932, stack(0x000000ee92100000,0x000000ee92200000)]
  0x000002dcc35932f0 JavaThread "ForkJoinPool.commonPool-worker-3" daemon [_thread_blocked, id=15216, stack(0x000000ee92200000,0x000000ee92300000)]
  0x000002dcbf6fc520 JavaThread "ForkJoinPool.commonPool-worker-4" daemon [_thread_blocked, id=11028, stack(0x000000ee92300000,0x000000ee92400000)]
  0x000002dcbcebcc10 JavaThread "ForkJoinPool.commonPool-worker-5" daemon [_thread_blocked, id=10256, stack(0x000000ee92400000,0x000000ee92500000)]
  0x000002dcc3593c90 JavaThread "ForkJoinPool.commonPool-worker-6" daemon [_thread_blocked, id=7732, stack(0x000000ee92500000,0x000000ee92600000)]
  0x000002dcbcebb400 JavaThread "ForkJoinPool.commonPool-worker-7" daemon [_thread_blocked, id=14492, stack(0x000000ee92600000,0x000000ee92700000)]
  0x000002dcc3c60440 JavaThread "pool-8-thread-1" [_thread_blocked, id=9528, stack(0x000000ee90600000,0x000000ee90700000)]
  0x000002dcc34c9ff0 JavaThread "Daemon Thread 2" [_thread_blocked, id=11324, stack(0x000000ee87500000,0x000000ee87600000)]
  0x000002dcb9b973c0 JavaThread "Handler for socket connection from /127.0.0.1:53438 to /127.0.0.1:53721" [_thread_in_native, id=1164, stack(0x000000ee87600000,0x000000ee87700000)]
  0x000002dcb9b97890 JavaThread "Cancel handler" [_thread_blocked, id=14988, stack(0x000000ee87700000,0x000000ee87800000)]
  0x000002dcb9b96080 JavaThread "Daemon worker Thread 2" [_thread_in_vm, id=13640, stack(0x000000ee89400000,0x000000ee89500000)]
  0x000002dcc6c232f0 JavaThread "Stdin handler" [_thread_blocked, id=3132, stack(0x000000ee89600000,0x000000ee89700000)]
  0x000002dcc6c1f930 JavaThread "Daemon client event forwarder" [_thread_blocked, id=2740, stack(0x000000ee89700000,0x000000ee89800000)]
  0x000002dcc6c1fe00 JavaThread "Cache worker for checksums cache (D:\PRG\ANDROID\GameMemoria\.gradle\8.0\checksums)" [_thread_blocked, id=8044, stack(0x000000ee89500000,0x000000ee89600000)]
  0x000002dcbcb8bc40 JavaThread "C2 CompilerThread1" daemon [_thread_in_native, id=10804, stack(0x000000ee89800000,0x000000ee89900000)]
  0x000002dcbcb8ad10 JavaThread "C2 CompilerThread2" daemon [_thread_blocked, id=14384, stack(0x000000ee89900000,0x000000ee89a00000)]
  0x000002dcbbf0b210 JavaThread "Cache worker for cache directory md-rule (D:\PRG\ANDROID\caches\8.0\md-rule)" [_thread_blocked, id=5500, stack(0x000000ee89a00000,0x000000ee89b00000)]
  0x000002dcbbf0bbb0 JavaThread "Cache worker for file hash cache (D:\PRG\ANDROID\GameMemoria\.gradle\8.0\fileHashes)" [_thread_blocked, id=12368, stack(0x000000ee8a400000,0x000000ee8a500000)]

Other Threads:
  0x000002dcb981f920 VMThread "VM Thread" [stack: 0x000000ee87e00000,0x000000ee87f00000] [id=7408]
  0x000002dcb9a0cf10 WatcherThread [stack: 0x000000ee88a00000,0x000000ee88b00000] [id=14004]
  0x000002dc9d077450 GCTaskThread "GC Thread#0" [stack: 0x000000ee87900000,0x000000ee87a00000] [id=13844]
  0x000002dcb9da1d40 GCTaskThread "GC Thread#1" [stack: 0x000000ee88c00000,0x000000ee88d00000] [id=15548]
  0x000002dcba6974e0 GCTaskThread "GC Thread#2" [stack: 0x000000ee88d00000,0x000000ee88e00000] [id=13264]
  0x000002dcba697790 GCTaskThread "GC Thread#3" [stack: 0x000000ee88e00000,0x000000ee88f00000] [id=15148]
  0x000002dcba387100 GCTaskThread "GC Thread#4" [stack: 0x000000ee88f00000,0x000000ee89000000] [id=15052]
  0x000002dcbaa9aaf0 GCTaskThread "GC Thread#5" [stack: 0x000000ee89000000,0x000000ee89100000] [id=8020]
  0x000002dcbb200650 GCTaskThread "GC Thread#6" [stack: 0x000000ee89b00000,0x000000ee89c00000] [id=14260]
  0x000002dcbc3af830 GCTaskThread "GC Thread#7" [stack: 0x000000ee89c00000,0x000000ee89d00000] [id=15440]
  0x000002dc9d0882a0 ConcurrentGCThread "G1 Main Marker" [stack: 0x000000ee87a00000,0x000000ee87b00000] [id=11756]
  0x000002dc9d088bc0 ConcurrentGCThread "G1 Conc#0" [stack: 0x000000ee87b00000,0x000000ee87c00000] [id=8432]
  0x000002dcbbdc4840 ConcurrentGCThread "G1 Conc#1" [stack: 0x000000ee89d00000,0x000000ee89e00000] [id=1612]
  0x000002dc9d0ee550 ConcurrentGCThread "G1 Refine#0" [stack: 0x000000ee87c00000,0x000000ee87d00000] [id=14596]
  0x000002dcbf087d30 ConcurrentGCThread "G1 Refine#1" [stack: 0x000000ee88b00000,0x000000ee88c00000] [id=2524]
  0x000002dcbfa77bf0 ConcurrentGCThread "G1 Refine#2" [stack: 0x000000ee91300000,0x000000ee91400000] [id=15484]
  0x000002dcbf088010 ConcurrentGCThread "G1 Refine#3" [stack: 0x000000ee91400000,0x000000ee91500000] [id=7804]
  0x000002dcb8cc7190 ConcurrentGCThread "G1 Service" [stack: 0x000000ee87d00000,0x000000ee87e00000] [id=11428]

Threads with active compile tasks:
C2 CompilerThread0   157877 17962       4       org.gradle.internal.service.DefaultServiceRegistry$ClassInspector::getDetailsForClass (50 bytes)
C2 CompilerThread1   157877 17969       4       java.util.stream.ForEachOps$ForEachOp::getOpFlags (15 bytes)

VM state: not at safepoint (normal execution)

VM Mutex/Monitor currently owned by a thread:  ([mutex/lock_event])
[0x000002dc9ce3dc00] Metaspace_lock - owner thread: 0x000002dcb9b96080

OutOfMemory and StackOverflow Exception counts:
OutOfMemoryError java_heap_errors=1
StackOverflowErrors=1
LinkageErrors=175

Heap address: 0x0000000080000000, size: 2048 MB, Compressed Oops mode: 32-bit

CDS archive(s) not mapped
Compressed class space mapped at: 0x0000000100000000-0x0000000140000000, reserved size: 1073741824
Narrow klass base: 0x0000000000000000, Narrow klass shift: 3, Narrow klass range: 0x140000000

GC Precious Log:
 CPUs: 8 total, 8 available
 Memory: 16228M
 Large Page Support: Disabled
 NUMA Support: Disabled
 Compressed Oops: Enabled (32-bit)
 Heap Region Size: 1M
 Heap Min Capacity: 8M
 Heap Initial Capacity: 254M
 Heap Max Capacity: 2G
 Pre-touch: Disabled
 Parallel Workers: 8
 Concurrent Workers: 2
 Concurrent Refinement Workers: 8
 Periodic GC: Disabled

Heap:
 garbage-first heap   total 314368K, used 193478K [0x0000000080000000, 0x0000000100000000)
  region size 1024K, 10 young (10240K), 2 survivors (2048K)
 Metaspace       used 112868K, committed 113600K, reserved 1155072K
  class space    used 14534K, committed 14912K, reserved 1048576K

Heap Regions: E=young(eden), S=young(survivor), O=old, HS=humongous(starts), HC=humongous(continues), CS=collection set, F=free, OA=open archive, CA=closed archive, TAMS=top-at-mark-start (previous, next)
|   0|0x0000000080000000, 0x0000000080100000, 0x0000000080100000|100%|HS|  |TAMS 0x0000000080100000, 0x0000000080000000| Complete 
|   1|0x0000000080100000, 0x0000000080200000, 0x0000000080200000|100%|HC|  |TAMS 0x0000000080200000, 0x0000000080100000| Complete 
|   2|0x0000000080200000, 0x0000000080300000, 0x0000000080300000|100%|HC|  |TAMS 0x0000000080300000, 0x0000000080200000| Complete 
|   3|0x0000000080300000, 0x0000000080400000, 0x0000000080400000|100%|HC|  |TAMS 0x0000000080400000, 0x0000000080300000| Complete 
|   4|0x0000000080400000, 0x0000000080500000, 0x0000000080500000|100%| O|  |TAMS 0x0000000080500000, 0x0000000080400000| Untracked 
|   5|0x0000000080500000, 0x0000000080600000, 0x0000000080600000|100%| O|  |TAMS 0x0000000080600000, 0x0000000080500000| Untracked 
|   6|0x0000000080600000, 0x0000000080700000, 0x0000000080700000|100%| O|  |TAMS 0x0000000080700000, 0x0000000080600000| Untracked 
|   7|0x0000000080700000, 0x0000000080800000, 0x0000000080800000|100%| O|  |TAMS 0x0000000080800000, 0x0000000080700000| Untracked 
|   8|0x0000000080800000, 0x0000000080900000, 0x0000000080900000|100%| O|  |TAMS 0x0000000080900000, 0x0000000080800000| Untracked 
|   9|0x0000000080900000, 0x0000000080a00000, 0x0000000080a00000|100%| O|  |TAMS 0x0000000080a00000, 0x0000000080900000| Untracked 
|  10|0x0000000080a00000, 0x0000000080b00000, 0x0000000080b00000|100%| O|  |TAMS 0x0000000080b00000, 0x0000000080a00000| Untracked 
|  11|0x0000000080b00000, 0x0000000080c00000, 0x0000000080c00000|100%| O|  |TAMS 0x0000000080c00000, 0x0000000080b00000| Untracked 
|  12|0x0000000080c00000, 0x0000000080d00000, 0x0000000080d00000|100%| O|  |TAMS 0x0000000080d00000, 0x0000000080c00000| Untracked 
|  13|0x0000000080d00000, 0x0000000080e00000, 0x0000000080e00000|100%| O|  |TAMS 0x0000000080e00000, 0x0000000080d00000| Untracked 
|  14|0x0000000080e00000, 0x0000000080f00000, 0x0000000080f00000|100%| O|  |TAMS 0x0000000080f00000, 0x0000000080e00000| Untracked 
|  15|0x0000000080f00000, 0x0000000081000000, 0x0000000081000000|100%| O|  |TAMS 0x0000000081000000, 0x0000000080f00000| Untracked 
|  16|0x0000000081000000, 0x0000000081100000, 0x0000000081100000|100%| O|  |TAMS 0x0000000081100000, 0x0000000081000000| Untracked 
|  17|0x0000000081100000, 0x0000000081200000, 0x0000000081200000|100%| O|  |TAMS 0x0000000081200000, 0x0000000081100000| Untracked 
|  18|0x0000000081200000, 0x0000000081300000, 0x0000000081300000|100%| O|  |TAMS 0x0000000081300000, 0x0000000081200000| Untracked 
|  19|0x0000000081300000, 0x0000000081400000, 0x0000000081400000|100%| O|  |TAMS 0x0000000081400000, 0x0000000081300000| Untracked 
|  20|0x0000000081400000, 0x0000000081500000, 0x0000000081500000|100%| O|  |TAMS 0x0000000081500000, 0x0000000081400000| Untracked 
|  21|0x0000000081500000, 0x0000000081600000, 0x0000000081600000|100%| O|  |TAMS 0x0000000081600000, 0x0000000081500000| Untracked 
|  22|0x0000000081600000, 0x0000000081700000, 0x0000000081700000|100%| O|  |TAMS 0x0000000081700000, 0x0000000081600000| Untracked 
|  23|0x0000000081700000, 0x0000000081800000, 0x0000000081800000|100%| O|  |TAMS 0x0000000081800000, 0x0000000081700000| Complete 
|  24|0x0000000081800000, 0x0000000081900000, 0x0000000081900000|100%| O|  |TAMS 0x0000000081900000, 0x0000000081800000| Untracked 
|  25|0x0000000081900000, 0x0000000081a00000, 0x0000000081a00000|100%| O|  |TAMS 0x0000000081a00000, 0x0000000081900000| Untracked 
|  26|0x0000000081a00000, 0x0000000081b00000, 0x0000000081b00000|100%|HS|  |TAMS 0x0000000081b00000, 0x0000000081a00000| Complete 
|  27|0x0000000081b00000, 0x0000000081c00000, 0x0000000081c00000|100%| O|  |TAMS 0x0000000081c00000, 0x0000000081b00000| Untracked 
|  28|0x0000000081c00000, 0x0000000081d00000, 0x0000000081d00000|100%| O|  |TAMS 0x0000000081d00000, 0x0000000081c00000| Untracked 
|  29|0x0000000081d00000, 0x0000000081e00000, 0x0000000081e00000|100%| O|  |TAMS 0x0000000081e00000, 0x0000000081d00000| Untracked 
|  30|0x0000000081e00000, 0x0000000081f00000, 0x0000000081f00000|100%|HS|  |TAMS 0x0000000081f00000, 0x0000000081e00000| Complete 
|  31|0x0000000081f00000, 0x0000000082000000, 0x0000000082000000|100%|HS|  |TAMS 0x0000000082000000, 0x0000000081f00000| Complete 
|  32|0x0000000082000000, 0x0000000082100000, 0x0000000082100000|100%| O|  |TAMS 0x0000000082100000, 0x0000000082000000| Complete 
|  33|0x0000000082100000, 0x0000000082200000, 0x0000000082200000|100%| O|  |TAMS 0x0000000082200000, 0x0000000082100000| Untracked 
|  34|0x0000000082200000, 0x0000000082300000, 0x0000000082300000|100%| O|  |TAMS 0x0000000082300000, 0x0000000082200000| Untracked 
|  35|0x0000000082300000, 0x0000000082400000, 0x0000000082400000|100%| O|  |TAMS 0x0000000082400000, 0x0000000082300000| Untracked 
|  36|0x0000000082400000, 0x0000000082500000, 0x0000000082500000|100%| O|  |TAMS 0x0000000082500000, 0x0000000082400000| Untracked 
|  37|0x0000000082500000, 0x0000000082600000, 0x0000000082600000|100%| O|  |TAMS 0x0000000082600000, 0x0000000082500000| Untracked 
|  38|0x0000000082600000, 0x0000000082700000, 0x0000000082700000|100%| O|  |TAMS 0x0000000082700000, 0x0000000082600000| Untracked 
|  39|0x0000000082700000, 0x0000000082800000, 0x0000000082800000|100%| O|  |TAMS 0x0000000082800000, 0x0000000082700000| Untracked 
|  40|0x0000000082800000, 0x0000000082900000, 0x0000000082900000|100%| O|  |TAMS 0x0000000082900000, 0x0000000082800000| Untracked 
|  41|0x0000000082900000, 0x0000000082a00000, 0x0000000082a00000|100%| O|  |TAMS 0x0000000082a00000, 0x0000000082900000| Untracked 
|  42|0x0000000082a00000, 0x0000000082b00000, 0x0000000082b00000|100%| O|  |TAMS 0x0000000082b00000, 0x0000000082a00000| Untracked 
|  43|0x0000000082b00000, 0x0000000082c00000, 0x0000000082c00000|100%| O|  |TAMS 0x0000000082c00000, 0x0000000082b00000| Untracked 
|  44|0x0000000082c00000, 0x0000000082d00000, 0x0000000082d00000|100%| O|  |TAMS 0x0000000082d00000, 0x0000000082c00000| Untracked 
|  45|0x0000000082d00000, 0x0000000082e00000, 0x0000000082e00000|100%| O|  |TAMS 0x0000000082e00000, 0x0000000082d00000| Untracked 
|  46|0x0000000082e00000, 0x0000000082f00000, 0x0000000082f00000|100%| O|  |TAMS 0x0000000082f00000, 0x0000000082e00000| Untracked 
|  47|0x0000000082f00000, 0x0000000083000000, 0x0000000083000000|100%| O|  |TAMS 0x0000000083000000, 0x0000000082f00000| Untracked 
|  48|0x0000000083000000, 0x0000000083100000, 0x0000000083100000|100%| O|  |TAMS 0x0000000083100000, 0x0000000083000000| Untracked 
|  49|0x0000000083100000, 0x0000000083200000, 0x0000000083200000|100%| O|  |TAMS 0x0000000083200000, 0x0000000083100000| Untracked 
|  50|0x0000000083200000, 0x0000000083300000, 0x0000000083300000|100%| O|  |TAMS 0x0000000083300000, 0x0000000083200000| Untracked 
|  51|0x0000000083300000, 0x0000000083400000, 0x0000000083400000|100%| O|  |TAMS 0x0000000083400000, 0x0000000083300000| Untracked 
|  52|0x0000000083400000, 0x0000000083500000, 0x0000000083500000|100%| O|  |TAMS 0x0000000083500000, 0x0000000083400000| Untracked 
|  53|0x0000000083500000, 0x0000000083600000, 0x0000000083600000|100%| O|  |TAMS 0x0000000083600000, 0x0000000083500000| Untracked 
|  54|0x0000000083600000, 0x0000000083700000, 0x0000000083700000|100%| O|  |TAMS 0x0000000083700000, 0x0000000083600000| Untracked 
|  55|0x0000000083700000, 0x0000000083800000, 0x0000000083800000|100%| O|  |TAMS 0x0000000083800000, 0x0000000083700000| Untracked 
|  56|0x0000000083800000, 0x0000000083900000, 0x0000000083900000|100%| O|  |TAMS 0x0000000083900000, 0x0000000083800000| Untracked 
|  57|0x0000000083900000, 0x0000000083a00000, 0x0000000083a00000|100%| O|  |TAMS 0x0000000083a00000, 0x0000000083900000| Untracked 
|  58|0x0000000083a00000, 0x0000000083b00000, 0x0000000083b00000|100%| O|  |TAMS 0x0000000083b00000, 0x0000000083a00000| Untracked 
|  59|0x0000000083b00000, 0x0000000083c00000, 0x0000000083c00000|100%| O|  |TAMS 0x0000000083c00000, 0x0000000083b00000| Untracked 
|  60|0x0000000083c00000, 0x0000000083d00000, 0x0000000083d00000|100%| O|  |TAMS 0x0000000083d00000, 0x0000000083c00000| Untracked 
|  61|0x0000000083d00000, 0x0000000083e00000, 0x0000000083e00000|100%| O|  |TAMS 0x0000000083e00000, 0x0000000083d00000| Untracked 
|  62|0x0000000083e00000, 0x0000000083f00000, 0x0000000083f00000|100%| O|  |TAMS 0x0000000083f00000, 0x0000000083e00000| Untracked 
|  63|0x0000000083f00000, 0x0000000084000000, 0x0000000084000000|100%| O|  |TAMS 0x0000000084000000, 0x0000000083f00000| Untracked 
|  64|0x0000000084000000, 0x0000000084100000, 0x0000000084100000|100%| O|  |TAMS 0x0000000084100000, 0x0000000084000000| Untracked 
|  65|0x0000000084100000, 0x0000000084200000, 0x0000000084200000|100%| O|  |TAMS 0x0000000084200000, 0x0000000084100000| Untracked 
|  66|0x0000000084200000, 0x0000000084300000, 0x0000000084300000|100%| O|  |TAMS 0x0000000084300000, 0x0000000084200000| Untracked 
|  67|0x0000000084300000, 0x0000000084400000, 0x0000000084400000|100%| O|  |TAMS 0x0000000084400000, 0x0000000084300000| Untracked 
|  68|0x0000000084400000, 0x0000000084500000, 0x0000000084500000|100%| O|  |TAMS 0x0000000084500000, 0x0000000084400000| Untracked 
|  69|0x0000000084500000, 0x0000000084600000, 0x0000000084600000|100%| O|  |TAMS 0x0000000084600000, 0x0000000084500000| Untracked 
|  70|0x0000000084600000, 0x0000000084700000, 0x0000000084700000|100%| O|  |TAMS 0x0000000084700000, 0x0000000084600000| Untracked 
|  71|0x0000000084700000, 0x0000000084800000, 0x0000000084800000|100%| O|  |TAMS 0x0000000084800000, 0x0000000084700000| Untracked 
|  72|0x0000000084800000, 0x0000000084900000, 0x0000000084900000|100%| O|  |TAMS 0x0000000084900000, 0x0000000084800000| Untracked 
|  73|0x0000000084900000, 0x0000000084a00000, 0x0000000084a00000|100%| O|  |TAMS 0x0000000084a00000, 0x0000000084900000| Untracked 
|  74|0x0000000084a00000, 0x0000000084b00000, 0x0000000084b00000|100%| O|  |TAMS 0x0000000084b00000, 0x0000000084a00000| Untracked 
|  75|0x0000000084b00000, 0x0000000084c00000, 0x0000000084c00000|100%| O|  |TAMS 0x0000000084c00000, 0x0000000084b00000| Complete 
|  76|0x0000000084c00000, 0x0000000084d00000, 0x0000000084d00000|100%| O|  |TAMS 0x0000000084d00000, 0x0000000084c00000| Untracked 
|  77|0x0000000084d00000, 0x0000000084e00000, 0x0000000084e00000|100%| O|  |TAMS 0x0000000084e00000, 0x0000000084d00000| Untracked 
|  78|0x0000000084e00000, 0x0000000084f00000, 0x0000000084f00000|100%| O|  |TAMS 0x0000000084f00000, 0x0000000084e00000| Untracked 
|  79|0x0000000084f00000, 0x0000000085000000, 0x0000000085000000|100%| O|  |TAMS 0x0000000085000000, 0x0000000084f00000| Untracked 
|  80|0x0000000085000000, 0x0000000085100000, 0x0000000085100000|100%| O|  |TAMS 0x0000000085100000, 0x0000000085000000| Untracked 
|  81|0x0000000085100000, 0x0000000085200000, 0x0000000085200000|100%| O|  |TAMS 0x0000000085200000, 0x0000000085100000| Complete 
|  82|0x0000000085200000, 0x0000000085200000, 0x0000000085300000|  0%| F|  |TAMS 0x0000000085200000, 0x0000000085200000| Untracked 
|  83|0x0000000085300000, 0x0000000085400000, 0x0000000085400000|100%| O|  |TAMS 0x0000000085400000, 0x0000000085300000| Complete 
|  84|0x0000000085400000, 0x0000000085500000, 0x0000000085500000|100%| O|  |TAMS 0x0000000085500000, 0x0000000085400000| Complete 
|  85|0x0000000085500000, 0x0000000085600000, 0x0000000085600000|100%| O|  |TAMS 0x0000000085600000, 0x0000000085500000| Complete 
|  86|0x0000000085600000, 0x0000000085700000, 0x0000000085700000|100%| O|  |TAMS 0x0000000085700000, 0x0000000085600000| Complete 
|  87|0x0000000085700000, 0x0000000085800000, 0x0000000085800000|100%| O|  |TAMS 0x0000000085800000, 0x0000000085700000| Complete 
|  88|0x0000000085800000, 0x0000000085900000, 0x0000000085900000|100%| O|  |TAMS 0x0000000085900000, 0x0000000085800000| Complete 
|  89|0x0000000085900000, 0x0000000085a00000, 0x0000000085a00000|100%| O|  |TAMS 0x0000000085a00000, 0x0000000085900000| Complete 
|  90|0x0000000085a00000, 0x0000000085b00000, 0x0000000085b00000|100%| O|  |TAMS 0x0000000085b00000, 0x0000000085a00000| Complete 
|  91|0x0000000085b00000, 0x0000000085c00000, 0x0000000085c00000|100%| O|  |TAMS 0x0000000085c00000, 0x0000000085b00000| Complete 
|  92|0x0000000085c00000, 0x0000000085d00000, 0x0000000085d00000|100%| O|  |TAMS 0x0000000085d00000, 0x0000000085c00000| Complete 
|  93|0x0000000085d00000, 0x0000000085d00000, 0x0000000085e00000|  0%| F|  |TAMS 0x0000000085d00000, 0x0000000085d00000| Untracked 
|  94|0x0000000085e00000, 0x0000000085e00000, 0x0000000085f00000|  0%| F|  |TAMS 0x0000000085e00000, 0x0000000085e00000| Untracked 
|  95|0x0000000085f00000, 0x0000000086000000, 0x0000000086000000|100%| O|  |TAMS 0x0000000086000000, 0x0000000085f00000| Complete 
|  96|0x0000000086000000, 0x0000000086100000, 0x0000000086100000|100%| O|  |TAMS 0x0000000086100000, 0x0000000086000000| Untracked 
|  97|0x0000000086100000, 0x0000000086200000, 0x0000000086200000|100%| O|  |TAMS 0x0000000086200000, 0x0000000086100000| Complete 
|  98|0x0000000086200000, 0x0000000086300000, 0x0000000086300000|100%| O|  |TAMS 0x0000000086300000, 0x0000000086200000| Complete 
|  99|0x0000000086300000, 0x0000000086300000, 0x0000000086400000|  0%| F|  |TAMS 0x0000000086300000, 0x0000000086300000| Untracked 
| 100|0x0000000086400000, 0x0000000086500000, 0x0000000086500000|100%| O|  |TAMS 0x0000000086500000, 0x0000000086400000| Complete 
| 101|0x0000000086500000, 0x0000000086600000, 0x0000000086600000|100%| O|  |TAMS 0x0000000086600000, 0x0000000086500000| Complete 
| 102|0x0000000086600000, 0x0000000086700000, 0x0000000086700000|100%| O|  |TAMS 0x0000000086700000, 0x0000000086600000| Complete 
| 103|0x0000000086700000, 0x0000000086800000, 0x0000000086800000|100%| O|  |TAMS 0x0000000086800000, 0x0000000086700000| Complete 
| 104|0x0000000086800000, 0x0000000086900000, 0x0000000086900000|100%| O|  |TAMS 0x0000000086900000, 0x0000000086800000| Complete 
| 105|0x0000000086900000, 0x0000000086900000, 0x0000000086a00000|  0%| F|  |TAMS 0x0000000086900000, 0x0000000086900000| Untracked 
| 106|0x0000000086a00000, 0x0000000086a00000, 0x0000000086b00000|  0%| F|  |TAMS 0x0000000086a00000, 0x0000000086a00000| Untracked 
| 107|0x0000000086b00000, 0x0000000086b00000, 0x0000000086c00000|  0%| F|  |TAMS 0x0000000086b00000, 0x0000000086b00000| Untracked 
| 108|0x0000000086c00000, 0x0000000086d00000, 0x0000000086d00000|100%| O|  |TAMS 0x0000000086d00000, 0x0000000086c00000| Complete 
| 109|0x0000000086d00000, 0x0000000086d00000, 0x0000000086e00000|  0%| F|  |TAMS 0x0000000086d00000, 0x0000000086d00000| Untracked 
| 110|0x0000000086e00000, 0x0000000086e00000, 0x0000000086f00000|  0%| F|  |TAMS 0x0000000086e00000, 0x0000000086e00000| Untracked 
| 111|0x0000000086f00000, 0x0000000086f00000, 0x0000000087000000|  0%| F|  |TAMS 0x0000000086f00000, 0x0000000086f00000| Untracked 
| 112|0x0000000087000000, 0x0000000087000000, 0x0000000087100000|  0%| F|  |TAMS 0x0000000087000000, 0x0000000087000000| Untracked 
| 113|0x0000000087100000, 0x0000000087100000, 0x0000000087200000|  0%| F|  |TAMS 0x0000000087100000, 0x0000000087100000| Untracked 
| 114|0x0000000087200000, 0x0000000087300000, 0x0000000087300000|100%| O|  |TAMS 0x0000000087300000, 0x0000000087200000| Complete 
| 115|0x0000000087300000, 0x0000000087400000, 0x0000000087400000|100%| O|  |TAMS 0x0000000087400000, 0x0000000087300000| Complete 
| 116|0x0000000087400000, 0x0000000087500000, 0x0000000087500000|100%| O|  |TAMS 0x0000000087500000, 0x0000000087400000| Complete 
| 117|0x0000000087500000, 0x0000000087500000, 0x0000000087600000|  0%| F|  |TAMS 0x0000000087500000, 0x0000000087500000| Untracked 
| 118|0x0000000087600000, 0x0000000087600000, 0x0000000087700000|  0%| F|  |TAMS 0x0000000087600000, 0x0000000087600000| Untracked 
| 119|0x0000000087700000, 0x0000000087800000, 0x0000000087800000|100%| O|  |TAMS 0x0000000087800000, 0x0000000087700000| Complete 
| 120|0x0000000087800000, 0x0000000087900000, 0x0000000087900000|100%| O|  |TAMS 0x0000000087900000, 0x0000000087800000| Complete 
| 121|0x0000000087900000, 0x0000000087a00000, 0x0000000087a00000|100%| O|  |TAMS 0x0000000087a00000, 0x0000000087900000| Untracked 
| 122|0x0000000087a00000, 0x0000000087b00000, 0x0000000087b00000|100%| O|  |TAMS 0x0000000087b00000, 0x0000000087a00000| Complete 
| 123|0x0000000087b00000, 0x0000000087c00000, 0x0000000087c00000|100%| O|  |TAMS 0x0000000087c00000, 0x0000000087b00000| Untracked 
| 124|0x0000000087c00000, 0x0000000087d00000, 0x0000000087d00000|100%| O|  |TAMS 0x0000000087d00000, 0x0000000087c00000| Untracked 
| 125|0x0000000087d00000, 0x0000000087e00000, 0x0000000087e00000|100%| O|  |TAMS 0x0000000087e00000, 0x0000000087d00000| Untracked 
| 126|0x0000000087e00000, 0x0000000087f00000, 0x0000000087f00000|100%| O|  |TAMS 0x0000000087f00000, 0x0000000087e00000| Untracked 
| 127|0x0000000087f00000, 0x0000000088000000, 0x0000000088000000|100%| O|  |TAMS 0x0000000088000000, 0x0000000087f00000| Untracked 
| 128|0x0000000088000000, 0x0000000088100000, 0x0000000088100000|100%| O|  |TAMS 0x0000000088100000, 0x0000000088000000| Complete 
| 129|0x0000000088100000, 0x0000000088200000, 0x0000000088200000|100%| O|  |TAMS 0x0000000088200000, 0x0000000088100000| Complete 
| 130|0x0000000088200000, 0x0000000088300000, 0x0000000088300000|100%| O|  |TAMS 0x0000000088300000, 0x0000000088200000| Complete 
| 131|0x0000000088300000, 0x0000000088400000, 0x0000000088400000|100%| O|  |TAMS 0x0000000088400000, 0x0000000088300000| Complete 
| 132|0x0000000088400000, 0x0000000088500000, 0x0000000088500000|100%| O|  |TAMS 0x0000000088500000, 0x0000000088400000| Complete 
| 133|0x0000000088500000, 0x0000000088600000, 0x0000000088600000|100%| O|  |TAMS 0x0000000088600000, 0x0000000088500000| Untracked 
| 134|0x0000000088600000, 0x0000000088700000, 0x0000000088700000|100%| O|  |TAMS 0x0000000088700000, 0x0000000088600000| Untracked 
| 135|0x0000000088700000, 0x0000000088800000, 0x0000000088800000|100%| O|  |TAMS 0x0000000088800000, 0x0000000088700000| Complete 
| 136|0x0000000088800000, 0x0000000088900000, 0x0000000088900000|100%| O|  |TAMS 0x0000000088900000, 0x0000000088800000| Untracked 
| 137|0x0000000088900000, 0x0000000088a00000, 0x0000000088a00000|100%| O|  |TAMS 0x0000000088a00000, 0x0000000088900000| Untracked 
| 138|0x0000000088a00000, 0x0000000088b00000, 0x0000000088b00000|100%| O|  |TAMS 0x0000000088b00000, 0x0000000088a00000| Untracked 
| 139|0x0000000088b00000, 0x0000000088c00000, 0x0000000088c00000|100%| O|  |TAMS 0x0000000088c00000, 0x0000000088b00000| Untracked 
| 140|0x0000000088c00000, 0x0000000088d00000, 0x0000000088d00000|100%| O|  |TAMS 0x0000000088d00000, 0x0000000088c00000| Untracked 
| 141|0x0000000088d00000, 0x0000000088e00000, 0x0000000088e00000|100%| O|  |TAMS 0x0000000088e00000, 0x0000000088d00000| Untracked 
| 142|0x0000000088e00000, 0x0000000088f00000, 0x0000000088f00000|100%| O|  |TAMS 0x0000000088f00000, 0x0000000088e00000| Complete 
| 143|0x0000000088f00000, 0x0000000089000000, 0x0000000089000000|100%| O|  |TAMS 0x0000000089000000, 0x0000000088f00000| Complete 
| 144|0x0000000089000000, 0x0000000089000000, 0x0000000089100000|  0%| F|  |TAMS 0x0000000089000000, 0x0000000089000000| Untracked 
| 145|0x0000000089100000, 0x0000000089200000, 0x0000000089200000|100%| O|  |TAMS 0x0000000089200000, 0x0000000089100000| Untracked 
| 146|0x0000000089200000, 0x0000000089300000, 0x0000000089300000|100%| O|  |TAMS 0x0000000089300000, 0x0000000089200000| Untracked 
| 147|0x0000000089300000, 0x0000000089400000, 0x0000000089400000|100%| O|  |TAMS 0x0000000089400000, 0x0000000089300000| Untracked 
| 148|0x0000000089400000, 0x0000000089500000, 0x0000000089500000|100%| O|  |TAMS 0x0000000089500000, 0x0000000089400000| Complete 
| 149|0x0000000089500000, 0x0000000089500000, 0x0000000089600000|  0%| F|  |TAMS 0x0000000089500000, 0x0000000089500000| Untracked 
| 150|0x0000000089600000, 0x0000000089600000, 0x0000000089700000|  0%| F|  |TAMS 0x0000000089600000, 0x0000000089600000| Untracked 
| 151|0x0000000089700000, 0x0000000089700000, 0x0000000089800000|  0%| F|  |TAMS 0x0000000089700000, 0x0000000089700000| Untracked 
| 152|0x0000000089800000, 0x0000000089800000, 0x0000000089900000|  0%| F|  |TAMS 0x0000000089800000, 0x0000000089800000| Untracked 
| 153|0x0000000089900000, 0x0000000089a00000, 0x0000000089a00000|100%| O|  |TAMS 0x0000000089a00000, 0x0000000089900000| Complete 
| 154|0x0000000089a00000, 0x0000000089b00000, 0x0000000089b00000|100%| O|  |TAMS 0x0000000089b00000, 0x0000000089a00000| Complete 
| 155|0x0000000089b00000, 0x0000000089c00000, 0x0000000089c00000|100%| O|  |TAMS 0x0000000089c00000, 0x0000000089b00000| Untracked 
| 156|0x0000000089c00000, 0x0000000089d00000, 0x0000000089d00000|100%| O|  |TAMS 0x0000000089ca4200, 0x0000000089c00000| Untracked 
| 157|0x0000000089d00000, 0x0000000089e00000, 0x0000000089e00000|100%|HS|  |TAMS 0x0000000089e00000, 0x0000000089d00000| Complete 
| 158|0x0000000089e00000, 0x0000000089f00000, 0x0000000089f00000|100%|HC|  |TAMS 0x0000000089f00000, 0x0000000089e00000| Complete 
| 159|0x0000000089f00000, 0x000000008a000000, 0x000000008a000000|100%|HS|  |TAMS 0x000000008a000000, 0x0000000089f00000| Complete 
| 160|0x000000008a000000, 0x000000008a100000, 0x000000008a100000|100%|HC|  |TAMS 0x000000008a100000, 0x000000008a000000| Complete 
| 161|0x000000008a100000, 0x000000008a200000, 0x000000008a200000|100%|HS|  |TAMS 0x000000008a200000, 0x000000008a100000| Complete 
| 162|0x000000008a200000, 0x000000008a300000, 0x000000008a300000|100%|HC|  |TAMS 0x000000008a300000, 0x000000008a200000| Complete 
| 163|0x000000008a300000, 0x000000008a400000, 0x000000008a400000|100%| O|  |TAMS 0x000000008a400000, 0x000000008a300000| Complete 
| 164|0x000000008a400000, 0x000000008a400000, 0x000000008a500000|  0%| F|  |TAMS 0x000000008a400000, 0x000000008a400000| Untracked 
| 165|0x000000008a500000, 0x000000008a600000, 0x000000008a600000|100%| O|  |TAMS 0x000000008a600000, 0x000000008a500000| Complete 
| 166|0x000000008a600000, 0x000000008a600000, 0x000000008a700000|  0%| F|  |TAMS 0x000000008a600000, 0x000000008a600000| Untracked 
| 167|0x000000008a700000, 0x000000008a800000, 0x000000008a800000|100%| O|  |TAMS 0x000000008a800000, 0x000000008a700000| Complete 
| 168|0x000000008a800000, 0x000000008a800000, 0x000000008a900000|  0%| F|  |TAMS 0x000000008a800000, 0x000000008a800000| Untracked 
| 169|0x000000008a900000, 0x000000008aa00000, 0x000000008aa00000|100%|HS|  |TAMS 0x000000008aa00000, 0x000000008a900000| Complete 
| 170|0x000000008aa00000, 0x000000008ab00000, 0x000000008ab00000|100%|HC|  |TAMS 0x000000008ab00000, 0x000000008aa00000| Complete 
| 171|0x000000008ab00000, 0x000000008ac00000, 0x000000008ac00000|100%|HS|  |TAMS 0x000000008ac00000, 0x000000008ab00000| Complete 
| 172|0x000000008ac00000, 0x000000008ad00000, 0x000000008ad00000|100%|HC|  |TAMS 0x000000008ad00000, 0x000000008ac00000| Complete 
| 173|0x000000008ad00000, 0x000000008ae00000, 0x000000008ae00000|100%|HS|  |TAMS 0x000000008ae00000, 0x000000008ad00000| Complete 
| 174|0x000000008ae00000, 0x000000008af00000, 0x000000008af00000|100%|HC|  |TAMS 0x000000008af00000, 0x000000008ae00000| Complete 
| 175|0x000000008af00000, 0x000000008b000000, 0x000000008b000000|100%| O|  |TAMS 0x000000008af00000, 0x000000008af00000| Untracked 
| 176|0x000000008b000000, 0x000000008b100000, 0x000000008b100000|100%| O|  |TAMS 0x000000008b000000, 0x000000008b000000| Untracked 
| 177|0x000000008b100000, 0x000000008b190000, 0x000000008b200000| 56%| O|  |TAMS 0x000000008b100000, 0x000000008b100000| Untracked 
| 178|0x000000008b200000, 0x000000008b300000, 0x000000008b300000|100%|HS|  |TAMS 0x000000008b200000, 0x000000008b200000| Complete 
| 179|0x000000008b300000, 0x000000008b400000, 0x000000008b400000|100%|HC|  |TAMS 0x000000008b300000, 0x000000008b300000| Complete 
| 180|0x000000008b400000, 0x000000008b500000, 0x000000008b500000|100%|HS|  |TAMS 0x000000008b400000, 0x000000008b400000| Complete 
| 181|0x000000008b500000, 0x000000008b600000, 0x000000008b600000|100%|HC|  |TAMS 0x000000008b500000, 0x000000008b500000| Complete 
| 182|0x000000008b600000, 0x000000008b700000, 0x000000008b700000|100%|HS|  |TAMS 0x000000008b600000, 0x000000008b600000| Complete 
| 183|0x000000008b700000, 0x000000008b800000, 0x000000008b800000|100%|HC|  |TAMS 0x000000008b700000, 0x000000008b700000| Complete 
| 184|0x000000008b800000, 0x000000008b900000, 0x000000008b900000|100%|HS|  |TAMS 0x000000008b800000, 0x000000008b800000| Complete 
| 185|0x000000008b900000, 0x000000008ba00000, 0x000000008ba00000|100%|HC|  |TAMS 0x000000008b900000, 0x000000008b900000| Complete 
| 186|0x000000008ba00000, 0x000000008bb00000, 0x000000008bb00000|100%|HS|  |TAMS 0x000000008ba00000, 0x000000008ba00000| Complete 
| 187|0x000000008bb00000, 0x000000008bc00000, 0x000000008bc00000|100%|HC|  |TAMS 0x000000008bb00000, 0x000000008bb00000| Complete 
| 188|0x000000008bc00000, 0x000000008bd00000, 0x000000008bd00000|100%|HS|  |TAMS 0x000000008bc00000, 0x000000008bc00000| Complete 
| 189|0x000000008bd00000, 0x000000008be00000, 0x000000008be00000|100%|HC|  |TAMS 0x000000008bd00000, 0x000000008bd00000| Complete 
| 190|0x000000008be00000, 0x000000008bf00000, 0x000000008bf00000|100%|HS|  |TAMS 0x000000008be00000, 0x000000008be00000| Complete 
| 191|0x000000008bf00000, 0x000000008c000000, 0x000000008c000000|100%|HC|  |TAMS 0x000000008bf00000, 0x000000008bf00000| Complete 
| 192|0x000000008c000000, 0x000000008c100000, 0x000000008c100000|100%|HS|  |TAMS 0x000000008c000000, 0x000000008c000000| Complete 
| 193|0x000000008c100000, 0x000000008c200000, 0x000000008c200000|100%|HC|  |TAMS 0x000000008c100000, 0x000000008c100000| Complete 
| 194|0x000000008c200000, 0x000000008c300000, 0x000000008c300000|100%|HS|  |TAMS 0x000000008c200000, 0x000000008c200000| Complete 
| 195|0x000000008c300000, 0x000000008c400000, 0x000000008c400000|100%|HC|  |TAMS 0x000000008c300000, 0x000000008c300000| Complete 
| 196|0x000000008c400000, 0x000000008c500000, 0x000000008c500000|100%|HS|  |TAMS 0x000000008c400000, 0x000000008c400000| Complete 
| 197|0x000000008c500000, 0x000000008c600000, 0x000000008c600000|100%|HC|  |TAMS 0x000000008c500000, 0x000000008c500000| Complete 
| 198|0x000000008c600000, 0x000000008c700000, 0x000000008c700000|100%|HS|  |TAMS 0x000000008c600000, 0x000000008c600000| Complete 
| 199|0x000000008c700000, 0x000000008c800000, 0x000000008c800000|100%|HC|  |TAMS 0x000000008c700000, 0x000000008c700000| Complete 
| 200|0x000000008c800000, 0x000000008c900000, 0x000000008c900000|100%|HS|  |TAMS 0x000000008c800000, 0x000000008c800000| Complete 
| 201|0x000000008c900000, 0x000000008ca00000, 0x000000008ca00000|100%|HC|  |TAMS 0x000000008c900000, 0x000000008c900000| Complete 
| 202|0x000000008ca00000, 0x000000008cb00000, 0x000000008cb00000|100%|HS|  |TAMS 0x000000008ca00000, 0x000000008ca00000| Complete 
| 203|0x000000008cb00000, 0x000000008cb00000, 0x000000008cc00000|  0%| F|  |TAMS 0x000000008cb00000, 0x000000008cb00000| Untracked 
| 204|0x000000008cc00000, 0x000000008cc00000, 0x000000008cd00000|  0%| F|  |TAMS 0x000000008cc00000, 0x000000008cc00000| Untracked 
| 205|0x000000008cd00000, 0x000000008cd00000, 0x000000008ce00000|  0%| F|  |TAMS 0x000000008cd00000, 0x000000008cd00000| Untracked 
| 206|0x000000008ce00000, 0x000000008ce61a90, 0x000000008cf00000| 38%| S|CS|TAMS 0x000000008ce00000, 0x000000008ce00000| Complete 
| 207|0x000000008cf00000, 0x000000008d000000, 0x000000008d000000|100%| S|CS|TAMS 0x000000008cf00000, 0x000000008cf00000| Complete 
| 208|0x000000008d000000, 0x000000008d000000, 0x000000008d100000|  0%| F|  |TAMS 0x000000008d000000, 0x000000008d000000| Untracked 
| 209|0x000000008d100000, 0x000000008d100000, 0x000000008d200000|  0%| F|  |TAMS 0x000000008d100000, 0x000000008d100000| Untracked 
| 210|0x000000008d200000, 0x000000008d200000, 0x000000008d300000|  0%| F|  |TAMS 0x000000008d200000, 0x000000008d200000| Untracked 
| 211|0x000000008d300000, 0x000000008d300000, 0x000000008d400000|  0%| F|  |TAMS 0x000000008d300000, 0x000000008d300000| Untracked 
| 212|0x000000008d400000, 0x000000008d400000, 0x000000008d500000|  0%| F|  |TAMS 0x000000008d400000, 0x000000008d400000| Untracked 
| 213|0x000000008d500000, 0x000000008d500000, 0x000000008d600000|  0%| F|  |TAMS 0x000000008d500000, 0x000000008d500000| Untracked 
| 214|0x000000008d600000, 0x000000008d600000, 0x000000008d700000|  0%| F|  |TAMS 0x000000008d600000, 0x000000008d600000| Untracked 
| 215|0x000000008d700000, 0x000000008d700000, 0x000000008d800000|  0%| F|  |TAMS 0x000000008d700000, 0x000000008d700000| Untracked 
| 216|0x000000008d800000, 0x000000008d800000, 0x000000008d900000|  0%| F|  |TAMS 0x000000008d800000, 0x000000008d800000| Untracked 
| 217|0x000000008d900000, 0x000000008d900000, 0x000000008da00000|  0%| F|  |TAMS 0x000000008d900000, 0x000000008d900000| Untracked 
| 218|0x000000008da00000, 0x000000008da00000, 0x000000008db00000|  0%| F|  |TAMS 0x000000008da00000, 0x000000008da00000| Untracked 
| 219|0x000000008db00000, 0x000000008db00000, 0x000000008dc00000|  0%| F|  |TAMS 0x000000008db00000, 0x000000008db00000| Untracked 
| 220|0x000000008dc00000, 0x000000008dc00000, 0x000000008dd00000|  0%| F|  |TAMS 0x000000008dc00000, 0x000000008dc00000| Untracked 
| 221|0x000000008dd00000, 0x000000008dd00000, 0x000000008de00000|  0%| F|  |TAMS 0x000000008dd00000, 0x000000008dd00000| Untracked 
| 222|0x000000008de00000, 0x000000008de00000, 0x000000008df00000|  0%| F|  |TAMS 0x000000008de00000, 0x000000008de00000| Untracked 
| 223|0x000000008df00000, 0x000000008df00000, 0x000000008e000000|  0%| F|  |TAMS 0x000000008df00000, 0x000000008df00000| Untracked 
| 224|0x000000008e000000, 0x000000008e000000, 0x000000008e100000|  0%| F|  |TAMS 0x000000008e000000, 0x000000008e000000| Untracked 
| 225|0x000000008e100000, 0x000000008e100000, 0x000000008e200000|  0%| F|  |TAMS 0x000000008e100000, 0x000000008e100000| Untracked 
| 226|0x000000008e200000, 0x000000008e200000, 0x000000008e300000|  0%| F|  |TAMS 0x000000008e200000, 0x000000008e200000| Untracked 
| 227|0x000000008e300000, 0x000000008e300000, 0x000000008e400000|  0%| F|  |TAMS 0x000000008e300000, 0x000000008e300000| Untracked 
| 228|0x000000008e400000, 0x000000008e400000, 0x000000008e500000|  0%| F|  |TAMS 0x000000008e400000, 0x000000008e400000| Untracked 
| 229|0x000000008e500000, 0x000000008e500000, 0x000000008e600000|  0%| F|  |TAMS 0x000000008e500000, 0x000000008e500000| Untracked 
| 230|0x000000008e600000, 0x000000008e600000, 0x000000008e700000|  0%| F|  |TAMS 0x000000008e600000, 0x000000008e600000| Untracked 
| 231|0x000000008e700000, 0x000000008e700000, 0x000000008e800000|  0%| F|  |TAMS 0x000000008e700000, 0x000000008e700000| Untracked 
| 232|0x000000008e800000, 0x000000008e800000, 0x000000008e900000|  0%| F|  |TAMS 0x000000008e800000, 0x000000008e800000| Untracked 
| 233|0x000000008e900000, 0x000000008e900000, 0x000000008ea00000|  0%| F|  |TAMS 0x000000008e900000, 0x000000008e900000| Untracked 
| 234|0x000000008ea00000, 0x000000008ea00000, 0x000000008eb00000|  0%| F|  |TAMS 0x000000008ea00000, 0x000000008ea00000| Untracked 
| 235|0x000000008eb00000, 0x000000008eb00000, 0x000000008ec00000|  0%| F|  |TAMS 0x000000008eb00000, 0x000000008eb00000| Untracked 
| 236|0x000000008ec00000, 0x000000008ec00000, 0x000000008ed00000|  0%| F|  |TAMS 0x000000008ec00000, 0x000000008ec00000| Untracked 
| 237|0x000000008ed00000, 0x000000008ed00000, 0x000000008ee00000|  0%| F|  |TAMS 0x000000008ed00000, 0x000000008ed00000| Untracked 
| 238|0x000000008ee00000, 0x000000008ee00000, 0x000000008ef00000|  0%| F|  |TAMS 0x000000008ee00000, 0x000000008ee00000| Untracked 
| 239|0x000000008ef00000, 0x000000008ef00000, 0x000000008f000000|  0%| F|  |TAMS 0x000000008ef00000, 0x000000008ef00000| Untracked 
| 240|0x000000008f000000, 0x000000008f000000, 0x000000008f100000|  0%| F|  |TAMS 0x000000008f000000, 0x000000008f000000| Untracked 
| 241|0x000000008f100000, 0x000000008f100000, 0x000000008f200000|  0%| F|  |TAMS 0x000000008f100000, 0x000000008f100000| Untracked 
| 242|0x000000008f200000, 0x000000008f200000, 0x000000008f300000|  0%| F|  |TAMS 0x000000008f200000, 0x000000008f200000| Untracked 
| 243|0x000000008f300000, 0x000000008f300000, 0x000000008f400000|  0%| F|  |TAMS 0x000000008f300000, 0x000000008f300000| Untracked 
| 244|0x000000008f400000, 0x000000008f400000, 0x000000008f500000|  0%| F|  |TAMS 0x000000008f400000, 0x000000008f400000| Untracked 
| 245|0x000000008f500000, 0x000000008f500000, 0x000000008f600000|  0%| F|  |TAMS 0x000000008f500000, 0x000000008f500000| Untracked 
| 246|0x000000008f600000, 0x000000008f600000, 0x000000008f700000|  0%| F|  |TAMS 0x000000008f600000, 0x000000008f600000| Untracked 
| 247|0x000000008f700000, 0x000000008f700000, 0x000000008f800000|  0%| F|  |TAMS 0x000000008f700000, 0x000000008f700000| Untracked 
| 248|0x000000008f800000, 0x000000008f800000, 0x000000008f900000|  0%| F|  |TAMS 0x000000008f800000, 0x000000008f800000| Untracked 
| 249|0x000000008f900000, 0x000000008f900000, 0x000000008fa00000|  0%| F|  |TAMS 0x000000008f900000, 0x000000008f900000| Untracked 
| 250|0x000000008fa00000, 0x000000008fa00000, 0x000000008fb00000|  0%| F|  |TAMS 0x000000008fa00000, 0x000000008fa00000| Untracked 
| 251|0x000000008fb00000, 0x000000008fb00000, 0x000000008fc00000|  0%| F|  |TAMS 0x000000008fb00000, 0x000000008fb00000| Untracked 
| 252|0x000000008fc00000, 0x000000008fc00000, 0x000000008fd00000|  0%| F|  |TAMS 0x000000008fc00000, 0x000000008fc00000| Untracked 
| 253|0x000000008fd00000, 0x000000008fe00000, 0x000000008fe00000|100%| E|CS|TAMS 0x000000008fd00000, 0x000000008fd00000| Complete 
| 254|0x000000008fe00000, 0x000000008fe00000, 0x000000008ff00000|  0%| F|  |TAMS 0x000000008fe00000, 0x000000008fe00000| Untracked 
| 255|0x000000008ff00000, 0x000000008ff00000, 0x0000000090000000|  0%| F|  |TAMS 0x000000008ff00000, 0x000000008ff00000| Untracked 
| 256|0x0000000090000000, 0x0000000090000000, 0x0000000090100000|  0%| F|  |TAMS 0x0000000090000000, 0x0000000090000000| Untracked 
| 257|0x0000000090100000, 0x0000000090100000, 0x0000000090200000|  0%| F|  |TAMS 0x0000000090100000, 0x0000000090100000| Untracked 
| 258|0x0000000090200000, 0x0000000090200000, 0x0000000090300000|  0%| F|  |TAMS 0x0000000090200000, 0x0000000090200000| Untracked 
| 259|0x0000000090300000, 0x0000000090300000, 0x0000000090400000|  0%| F|  |TAMS 0x0000000090300000, 0x0000000090300000| Untracked 
| 260|0x0000000090400000, 0x0000000090400000, 0x0000000090500000|  0%| F|  |TAMS 0x0000000090400000, 0x0000000090400000| Untracked 
| 261|0x0000000090500000, 0x0000000090500000, 0x0000000090600000|  0%| F|  |TAMS 0x0000000090500000, 0x0000000090500000| Untracked 
| 262|0x0000000090600000, 0x0000000090600000, 0x0000000090700000|  0%| F|  |TAMS 0x0000000090600000, 0x0000000090600000| Untracked 
| 263|0x0000000090700000, 0x0000000090700000, 0x0000000090800000|  0%| F|  |TAMS 0x0000000090700000, 0x0000000090700000| Untracked 
| 264|0x0000000090800000, 0x0000000090800000, 0x0000000090900000|  0%| F|  |TAMS 0x0000000090800000, 0x0000000090800000| Untracked 
| 265|0x0000000090900000, 0x0000000090900000, 0x0000000090a00000|  0%| F|  |TAMS 0x0000000090900000, 0x0000000090900000| Untracked 
| 266|0x0000000090a00000, 0x0000000090a00000, 0x0000000090b00000|  0%| F|  |TAMS 0x0000000090a00000, 0x0000000090a00000| Untracked 
| 267|0x0000000090b00000, 0x0000000090b00000, 0x0000000090c00000|  0%| F|  |TAMS 0x0000000090b00000, 0x0000000090b00000| Untracked 
| 268|0x0000000090c00000, 0x0000000090c00000, 0x0000000090d00000|  0%| F|  |TAMS 0x0000000090c00000, 0x0000000090c00000| Untracked 
| 269|0x0000000090d00000, 0x0000000090d00000, 0x0000000090e00000|  0%| F|  |TAMS 0x0000000090d00000, 0x0000000090d00000| Untracked 
| 270|0x0000000090e00000, 0x0000000090e00000, 0x0000000090f00000|  0%| F|  |TAMS 0x0000000090e00000, 0x0000000090e00000| Untracked 
| 271|0x0000000090f00000, 0x0000000090f00000, 0x0000000091000000|  0%| F|  |TAMS 0x0000000090f00000, 0x0000000090f00000| Untracked 
| 272|0x0000000091000000, 0x0000000091000000, 0x0000000091100000|  0%| F|  |TAMS 0x0000000091000000, 0x0000000091000000| Untracked 
| 273|0x0000000091100000, 0x0000000091100000, 0x0000000091200000|  0%| F|  |TAMS 0x0000000091100000, 0x0000000091100000| Untracked 
| 274|0x0000000091200000, 0x0000000091200000, 0x0000000091300000|  0%| F|  |TAMS 0x0000000091200000, 0x0000000091200000| Untracked 
| 275|0x0000000091300000, 0x0000000091300000, 0x0000000091400000|  0%| F|  |TAMS 0x0000000091300000, 0x0000000091300000| Untracked 
| 276|0x0000000091400000, 0x0000000091400000, 0x0000000091500000|  0%| F|  |TAMS 0x0000000091400000, 0x0000000091400000| Untracked 
| 277|0x0000000091500000, 0x0000000091500000, 0x0000000091600000|  0%| F|  |TAMS 0x0000000091500000, 0x0000000091500000| Untracked 
| 278|0x0000000091600000, 0x0000000091600000, 0x0000000091700000|  0%| F|  |TAMS 0x0000000091600000, 0x0000000091600000| Untracked 
| 279|0x0000000091700000, 0x0000000091700000, 0x0000000091800000|  0%| F|  |TAMS 0x0000000091700000, 0x0000000091700000| Untracked 
| 280|0x0000000091800000, 0x0000000091800000, 0x0000000091900000|  0%| F|  |TAMS 0x0000000091800000, 0x0000000091800000| Untracked 
| 281|0x0000000091900000, 0x0000000091900000, 0x0000000091a00000|  0%| F|  |TAMS 0x0000000091900000, 0x0000000091900000| Untracked 
| 282|0x0000000091a00000, 0x0000000091a00000, 0x0000000091b00000|  0%| F|  |TAMS 0x0000000091a00000, 0x0000000091a00000| Untracked 
| 283|0x0000000091b00000, 0x0000000091b00000, 0x0000000091c00000|  0%| F|  |TAMS 0x0000000091b00000, 0x0000000091b00000| Untracked 
| 284|0x0000000091c00000, 0x0000000091c00000, 0x0000000091d00000|  0%| F|  |TAMS 0x0000000091c00000, 0x0000000091c00000| Untracked 
| 285|0x0000000091d00000, 0x0000000091d00000, 0x0000000091e00000|  0%| F|  |TAMS 0x0000000091d00000, 0x0000000091d00000| Untracked 
| 286|0x0000000091e00000, 0x0000000091e00000, 0x0000000091f00000|  0%| F|  |TAMS 0x0000000091e00000, 0x0000000091e00000| Untracked 
| 287|0x0000000091f00000, 0x0000000091f00000, 0x0000000092000000|  0%| F|  |TAMS 0x0000000091f00000, 0x0000000091f00000| Untracked 
| 288|0x0000000092000000, 0x0000000092000000, 0x0000000092100000|  0%| F|  |TAMS 0x0000000092000000, 0x0000000092000000| Untracked 
| 289|0x0000000092100000, 0x0000000092100000, 0x0000000092200000|  0%| F|  |TAMS 0x0000000092100000, 0x0000000092100000| Untracked 
| 290|0x0000000092200000, 0x0000000092200000, 0x0000000092300000|  0%| F|  |TAMS 0x0000000092200000, 0x0000000092200000| Untracked 
| 291|0x0000000092300000, 0x0000000092300000, 0x0000000092400000|  0%| F|  |TAMS 0x0000000092300000, 0x0000000092300000| Untracked 
| 292|0x0000000092400000, 0x0000000092400000, 0x0000000092500000|  0%| F|  |TAMS 0x0000000092400000, 0x0000000092400000| Untracked 
| 293|0x0000000092500000, 0x0000000092500000, 0x0000000092600000|  0%| F|  |TAMS 0x0000000092500000, 0x0000000092500000| Untracked 
| 294|0x0000000092600000, 0x0000000092600000, 0x0000000092700000|  0%| F|  |TAMS 0x0000000092600000, 0x0000000092600000| Untracked 
| 295|0x0000000092700000, 0x0000000092700000, 0x0000000092800000|  0%| F|  |TAMS 0x0000000092700000, 0x0000000092700000| Untracked 
| 296|0x0000000092800000, 0x0000000092800000, 0x0000000092900000|  0%| F|  |TAMS 0x0000000092800000, 0x0000000092800000| Untracked 
| 297|0x0000000092900000, 0x0000000092900000, 0x0000000092a00000|  0%| F|  |TAMS 0x0000000092900000, 0x0000000092900000| Untracked 
| 298|0x0000000092a00000, 0x0000000092a00000, 0x0000000092b00000|  0%| F|  |TAMS 0x0000000092a00000, 0x0000000092a00000| Untracked 
| 299|0x0000000092b00000, 0x0000000092b00000, 0x0000000092c00000|  0%| F|  |TAMS 0x0000000092b00000, 0x0000000092b00000| Untracked 
| 300|0x0000000092c00000, 0x0000000092c523f0, 0x0000000092d00000| 32%| E|  |TAMS 0x0000000092c00000, 0x0000000092c00000| Complete 
| 301|0x0000000092d00000, 0x0000000092e00000, 0x0000000092e00000|100%| E|CS|TAMS 0x0000000092d00000, 0x0000000092d00000| Complete 
| 302|0x0000000092e00000, 0x0000000092f00000, 0x0000000092f00000|100%| E|CS|TAMS 0x0000000092e00000, 0x0000000092e00000| Complete 
| 303|0x0000000092f00000, 0x0000000093000000, 0x0000000093000000|100%| E|CS|TAMS 0x0000000092f00000, 0x0000000092f00000| Complete 
| 304|0x0000000093000000, 0x0000000093100000, 0x0000000093100000|100%| E|CS|TAMS 0x0000000093000000, 0x0000000093000000| Complete 
| 305|0x0000000093100000, 0x0000000093200000, 0x0000000093200000|100%| E|CS|TAMS 0x0000000093100000, 0x0000000093100000| Complete 
| 306|0x0000000093200000, 0x0000000093300000, 0x0000000093300000|100%| E|CS|TAMS 0x0000000093200000, 0x0000000093200000| Complete 

Card table byte_map: [0x000002dcb1b30000,0x000002dcb1f30000] _byte_map_base: 0x000002dcb1730000

Marking Bits (Prev, Next): (CMBitMap*) 0x000002dc9d0779b0, (CMBitMap*) 0x000002dc9d077970
 Prev Bits: [0x000002dcb4330000, 0x000002dcb6330000)
 Next Bits: [0x000002dcb2330000, 0x000002dcb4330000)

Polling page: 0x000002dc9d0f0000

Metaspace:

Usage:
  Non-class:     96.03 MB used.
      Class:     14.19 MB used.
       Both:    110.22 MB used.

Virtual space:
  Non-class space:      104.00 MB reserved,      96.38 MB ( 93%) committed,  13 nodes.
      Class space:        1.00 GB reserved,      14.56 MB (  1%) committed,  1 nodes.
             Both:        1.10 GB reserved,     110.94 MB ( 10%) committed. 

Chunk freelists:
   Non-Class:  3.05 MB
       Class:  1.47 MB
        Both:  4.52 MB

MaxMetaspaceSize: unlimited
CompressedClassSpaceSize: 1.00 GB
Initial GC threshold: 21.00 MB
Current GC threshold: 184.94 MB
CDS: off
MetaspaceReclaimPolicy: balanced
 - commit_granule_bytes: 65536.
 - commit_granule_words: 8192.
 - virtual_space_node_default_size: 1048576.
 - enlarge_chunks_in_place: 1.
 - new_chunks_are_fully_committed: 0.
 - uncommit_free_chunks: 1.
 - use_allocation_guard: 0.
 - handle_deallocations: 1.


Internal statistics:

num_allocs_failed_limit: 9.
num_arena_births: 1266.
num_arena_deaths: 14.
num_vsnodes_births: 14.
num_vsnodes_deaths: 0.
num_space_committed: 1772.
num_space_uncommitted: 0.
num_chunks_returned_to_freelist: 29.
num_chunks_taken_from_freelist: 5474.
num_chunk_merges: 18.
num_chunk_splits: 3648.
num_chunks_enlarged: 2449.
num_purges: 2.
num_inconsistent_stats: 0.

CodeHeap 'non-profiled nmethods': size=120000Kb used=10134Kb max_used=10134Kb free=109865Kb
 bounds [0x000002dca97a0000, 0x000002dcaa190000, 0x000002dcb0cd0000]
CodeHeap 'profiled nmethods': size=120000Kb used=29210Kb max_used=29210Kb free=90789Kb
 bounds [0x000002dca1cd0000, 0x000002dca3960000, 0x000002dca9200000]
CodeHeap 'non-nmethods': size=5760Kb used=2416Kb max_used=2546Kb free=3343Kb
 bounds [0x000002dca9200000, 0x000002dca9490000, 0x000002dca97a0000]
 total_blobs=15681 nmethods=14727 adapters=866
 compilation: enabled
              stopped_count=0, restarted_count=0
 full_count=0

Compilation events (20 events):
Event: 157.799 Thread 0x000002dcb987d480 17956       3       org.gradle.internal.logging.console.StyledTextOutputBackedRenderer$OutputEventTextOutputImpl::doEndLine (17 bytes)
Event: 157.799 Thread 0x000002dcb987d480 nmethod 17956 0x000002dca394e110 code [0x000002dca394e2c0, 0x000002dca394e4a8]
Event: 157.799 Thread 0x000002dcb987d480 17955       3       java.text.DateFormatSymbols::copyMembers (160 bytes)
Event: 157.799 Thread 0x000002dcb987d480 nmethod 17955 0x000002dca394e590 code [0x000002dca394e840, 0x000002dca394f7a8]
Event: 157.799 Thread 0x000002dcb987d480 17957       3       java.text.NumberFormat::setMaximumIntegerDigits (29 bytes)
Event: 157.799 Thread 0x000002dcb987d480 nmethod 17957 0x000002dca394fb90 code [0x000002dca394fd20, 0x000002dca394ff18]
Event: 157.799 Thread 0x000002dcb987d480 17959       3       com.google.common.cache.LocalCache$Segment::initTable (51 bytes)
Event: 157.799 Thread 0x000002dcb987d480 nmethod 17959 0x000002dca3950010 code [0x000002dca39501c0, 0x000002dca3950518]
Event: 157.799 Thread 0x000002dcb987d480 17960       3       org.gradle.internal.service.DefaultServiceRegistry::addProvider (11 bytes)
Event: 157.799 Thread 0x000002dcb987d480 nmethod 17960 0x000002dca3950690 code [0x000002dca3950840, 0x000002dca39509d8]
Event: 157.801 Thread 0x000002dcb987d480 17963       3       org.gradle.internal.service.DefaultServiceRegistry$ConstructorService::getParameterTypes (8 bytes)
Event: 157.801 Thread 0x000002dcb987d480 nmethod 17963 0x000002dca3950a90 code [0x000002dca3950d40, 0x000002dca3951d38]
Event: 157.801 Thread 0x000002dcb987d480 17964   !   3       org.gradle.internal.service.DefaultServiceRegistry$ConstructorService::invokeMethod (70 bytes)
Event: 157.802 Thread 0x000002dcb987d480 nmethod 17964 0x000002dca3952210 code [0x000002dca39525c0, 0x000002dca3953f68]
Event: 157.802 Thread 0x000002dcb987d480 17965       3       org.gradle.internal.event.DefaultListenerManager$EventBroadcast::buildAllWithLogger (57 bytes)
Event: 157.803 Thread 0x000002dcb987d480 nmethod 17965 0x000002dca3954910 code [0x000002dca3954b60, 0x000002dca39557e8]
Event: 157.803 Thread 0x000002dcb987d480 17966       3       org.gradle.internal.service.DefaultServiceRegistry$ParentServices::getFactory (11 bytes)
Event: 157.803 Thread 0x000002dcb987d480 nmethod 17966 0x000002dca3955c10 code [0x000002dca3955dc0, 0x000002dca3955f88]
Event: 157.805 Thread 0x000002dcb987adc0 nmethod 17958 0x000002dca9f5b310 code [0x000002dca9f5b500, 0x000002dca9f5beb8]
Event: 157.805 Thread 0x000002dcb987adc0 17962       4       org.gradle.internal.service.DefaultServiceRegistry$ClassInspector::getDetailsForClass (50 bytes)

GC Heap History (20 events):
Event: 26.791 GC heap before
{Heap before GC invocations=50 (full 0):
 garbage-first heap   total 230400K, used 179597K [0x0000000080000000, 0x0000000100000000)
  region size 1024K, 74 young (75776K), 4 survivors (4096K)
 Metaspace       used 104637K, committed 105408K, reserved 1146880K
  class space    used 13730K, committed 14080K, reserved 1048576K
}
Event: 26.799 GC heap after
{Heap after GC invocations=51 (full 0):
 garbage-first heap   total 230400K, used 116991K [0x0000000080000000, 0x0000000100000000)
  region size 1024K, 10 young (10240K), 10 survivors (10240K)
 Metaspace       used 104637K, committed 105408K, reserved 1146880K
  class space    used 13730K, committed 14080K, reserved 1048576K
}
Event: 27.533 GC heap before
{Heap before GC invocations=51 (full 0):
 garbage-first heap   total 230400K, used 193791K [0x0000000080000000, 0x0000000100000000)
  region size 1024K, 61 young (62464K), 10 survivors (10240K)
 Metaspace       used 106825K, committed 107584K, reserved 1146880K
  class space    used 14012K, committed 14400K, reserved 1048576K
}
Event: 27.540 GC heap after
{Heap after GC invocations=52 (full 0):
 garbage-first heap   total 230400K, used 137955K [0x0000000080000000, 0x0000000100000000)
  region size 1024K, 5 young (5120K), 5 survivors (5120K)
 Metaspace       used 106825K, committed 107584K, reserved 1146880K
  class space    used 14012K, committed 14400K, reserved 1048576K
}
Event: 74.947 GC heap before
{Heap before GC invocations=52 (full 0):
 garbage-first heap   total 230400K, used 199395K [0x0000000080000000, 0x0000000100000000)
  region size 1024K, 55 young (56320K), 5 survivors (5120K)
 Metaspace       used 111638K, committed 112384K, reserved 1146880K
  class space    used 14448K, committed 14784K, reserved 1048576K
}
Event: 74.952 GC heap after
{Heap after GC invocations=53 (full 0):
 garbage-first heap   total 230400K, used 123768K [0x0000000080000000, 0x0000000100000000)
  region size 1024K, 4 young (4096K), 4 survivors (4096K)
 Metaspace       used 111638K, committed 112384K, reserved 1146880K
  class space    used 14448K, committed 14784K, reserved 1048576K
}
Event: 75.808 GC heap before
{Heap before GC invocations=53 (full 0):
 garbage-first heap   total 230400K, used 184184K [0x0000000080000000, 0x0000000100000000)
  region size 1024K, 62 young (63488K), 4 survivors (4096K)
 Metaspace       used 112195K, committed 112960K, reserved 1155072K
  class space    used 14504K, committed 14848K, reserved 1048576K
}
Event: 75.820 GC heap after
{Heap after GC invocations=54 (full 0):
 garbage-first heap   total 230400K, used 143190K [0x0000000080000000, 0x0000000100000000)
  region size 1024K, 8 young (8192K), 8 survivors (8192K)
 Metaspace       used 112195K, committed 112960K, reserved 1155072K
  class space    used 14504K, committed 14848K, reserved 1048576K
}
Event: 76.485 GC heap before
{Heap before GC invocations=54 (full 0):
 garbage-first heap   total 230400K, used 188246K [0x0000000080000000, 0x0000000100000000)
  region size 1024K, 45 young (46080K), 8 survivors (8192K)
 Metaspace       used 112255K, committed 112960K, reserved 1155072K
  class space    used 14505K, committed 14848K, reserved 1048576K
}
Event: 76.497 GC heap after
{Heap after GC invocations=55 (full 0):
 garbage-first heap   total 230400K, used 154624K [0x0000000080000000, 0x0000000100000000)
  region size 1024K, 6 young (6144K), 6 survivors (6144K)
 Metaspace       used 112255K, committed 112960K, reserved 1155072K
  class space    used 14505K, committed 14848K, reserved 1048576K
}
Event: 76.677 GC heap before
{Heap before GC invocations=55 (full 0):
 garbage-first heap   total 230400K, used 200704K [0x0000000080000000, 0x0000000100000000)
  region size 1024K, 35 young (35840K), 6 survivors (6144K)
 Metaspace       used 112510K, committed 113280K, reserved 1155072K
  class space    used 14521K, committed 14912K, reserved 1048576K
}
Event: 76.687 GC heap after
{Heap after GC invocations=56 (full 0):
 garbage-first heap   total 230400K, used 160768K [0x0000000080000000, 0x0000000100000000)
  region size 1024K, 5 young (5120K), 5 survivors (5120K)
 Metaspace       used 112510K, committed 113280K, reserved 1155072K
  class space    used 14521K, committed 14912K, reserved 1048576K
}
Event: 76.906 GC heap before
{Heap before GC invocations=56 (full 0):
 garbage-first heap   total 230400K, used 187392K [0x0000000080000000, 0x0000000100000000)
  region size 1024K, 32 young (32768K), 5 survivors (5120K)
 Metaspace       used 112565K, committed 113344K, reserved 1155072K
  class space    used 14522K, committed 14912K, reserved 1048576K
}
Event: 76.912 GC heap after
{Heap after GC invocations=57 (full 0):
 garbage-first heap   total 230400K, used 164864K [0x0000000080000000, 0x0000000100000000)
  region size 1024K, 4 young (4096K), 4 survivors (4096K)
 Metaspace       used 112565K, committed 113344K, reserved 1155072K
  class space    used 14522K, committed 14912K, reserved 1048576K
}
Event: 77.937 GC heap before
{Heap before GC invocations=57 (full 0):
 garbage-first heap   total 230400K, used 189440K [0x0000000080000000, 0x0000000100000000)
  region size 1024K, 29 young (29696K), 4 survivors (4096K)
 Metaspace       used 112675K, committed 113536K, reserved 1155072K
  class space    used 14523K, committed 14912K, reserved 1048576K
}
Event: 77.943 GC heap after
{Heap after GC invocations=58 (full 0):
 garbage-first heap   total 230400K, used 167881K [0x0000000080000000, 0x0000000100000000)
  region size 1024K, 4 young (4096K), 4 survivors (4096K)
 Metaspace       used 112675K, committed 113536K, reserved 1155072K
  class space    used 14523K, committed 14912K, reserved 1048576K
}
Event: 78.023 GC heap before
{Heap before GC invocations=58 (full 0):
 garbage-first heap   total 230400K, used 192457K [0x0000000080000000, 0x0000000100000000)
  region size 1024K, 28 young (28672K), 4 survivors (4096K)
 Metaspace       used 112707K, committed 113536K, reserved 1155072K
  class space    used 14523K, committed 14912K, reserved 1048576K
}
Event: 78.027 GC heap after
{Heap after GC invocations=59 (full 0):
 garbage-first heap   total 230400K, used 170640K [0x0000000080000000, 0x0000000100000000)
  region size 1024K, 4 young (4096K), 4 survivors (4096K)
 Metaspace       used 112707K, committed 113536K, reserved 1155072K
  class space    used 14523K, committed 14912K, reserved 1048576K
}
Event: 78.291 GC heap before
{Heap before GC invocations=59 (full 0):
 garbage-first heap   total 230400K, used 198288K [0x0000000080000000, 0x0000000100000000)
  region size 1024K, 21 young (21504K), 4 survivors (4096K)
 Metaspace       used 112793K, committed 113600K, reserved 1155072K
  class space    used 14529K, committed 14912K, reserved 1048576K
}
Event: 78.294 GC heap after
{Heap after GC invocations=60 (full 0):
 garbage-first heap   total 230400K, used 183238K [0x0000000080000000, 0x0000000100000000)
  region size 1024K, 2 young (2048K), 2 survivors (2048K)
 Metaspace       used 112793K, committed 113600K, reserved 1155072K
  class space    used 14529K, committed 14912K, reserved 1048576K
}

Dll operation events (2 events):
Event: 0.006 Loaded shared library C:\Program Files\Android\Android Studio\jbr\bin\java.dll
Event: 0.258 Loaded shared library C:\Program Files\Android\Android Studio\jbr\bin\verify.dll

Deoptimization events (20 events):
Event: 78.515 Thread 0x000002dcbc1008c0 Uncommon trap: trap_request=0xffffff45 fr.pc=0x000002dcaa0ec77c relative=0x000000000000015c
Event: 78.515 Thread 0x000002dcbc1008c0 Uncommon trap: reason=unstable_if action=reinterpret pc=0x000002dcaa0ec77c method=java.lang.ThreadLocal$ThreadLocalMap.getEntryAfterMiss(Ljava/lang/ThreadLocal;ILjava/lang/ThreadLocal$ThreadLocalMap$Entry;)Ljava/lang/ThreadLocal$ThreadLocalMap$Entry; @ 30
Event: 78.515 Thread 0x000002dcbc1008c0 DEOPT PACKING pc=0x000002dcaa0ec77c sp=0x000000ee897fc960
Event: 78.515 Thread 0x000002dcbc1008c0 DEOPT UNPACKING pc=0x000002dca92569a3 sp=0x000000ee897fc878 mode 2
Event: 78.517 Thread 0x000002dcbc1008c0 Uncommon trap: trap_request=0xffffffde fr.pc=0x000002dca9de1ef0 relative=0x0000000000000c90
Event: 78.517 Thread 0x000002dcbc1008c0 Uncommon trap: reason=class_check action=maybe_recompile pc=0x000002dca9de1ef0 method=java.util.HashMap.removeNode(ILjava/lang/Object;Ljava/lang/Object;ZZ)Ljava/util/HashMap$Node; @ 143 c2
Event: 78.517 Thread 0x000002dcbc1008c0 DEOPT PACKING pc=0x000002dca9de1ef0 sp=0x000000ee897fc560
Event: 78.517 Thread 0x000002dcbc1008c0 DEOPT UNPACKING pc=0x000002dca92569a3 sp=0x000000ee897fc4f8 mode 2
Event: 78.517 Thread 0x000002dcbc1008c0 Uncommon trap: trap_request=0xfffffff4 fr.pc=0x000002dcaa0df074 relative=0x0000000000000634
Event: 78.517 Thread 0x000002dcbc1008c0 Uncommon trap: reason=null_check action=make_not_entrant pc=0x000002dcaa0df074 method=java.lang.ThreadLocal$ThreadLocalMap.expungeStaleEntry(I)I @ 51 c2
Event: 78.517 Thread 0x000002dcbc1008c0 DEOPT PACKING pc=0x000002dcaa0df074 sp=0x000000ee897fc910
Event: 78.517 Thread 0x000002dcbc1008c0 DEOPT UNPACKING pc=0x000002dca92569a3 sp=0x000000ee897fc838 mode 2
Event: 78.554 Thread 0x000002dcb9b96550 Uncommon trap: trap_request=0xffffff45 fr.pc=0x000002dca9919e14 relative=0x0000000000000454
Event: 78.554 Thread 0x000002dcb9b96550 Uncommon trap: reason=unstable_if action=reinterpret pc=0x000002dca9919e14 method=com.esotericsoftware.kryo.io.Input.require(I)I @ 180 c2
Event: 78.554 Thread 0x000002dcb9b96550 DEOPT PACKING pc=0x000002dca9919e14 sp=0x000000ee875ff180
Event: 78.554 Thread 0x000002dcb9b96550 DEOPT UNPACKING pc=0x000002dca92569a3 sp=0x000000ee875ff0b8 mode 2
Event: 157.804 Thread 0x000002dcb9b96080 Uncommon trap: trap_request=0xffffffc6 fr.pc=0x000002dca99fffcc relative=0x00000000000007ec
Event: 157.804 Thread 0x000002dcb9b96080 Uncommon trap: reason=bimorphic_or_optimized_type_check action=maybe_recompile pc=0x000002dca99fffcc method=java.util.stream.MatchOps$MatchOp.evaluateSequential(Ljava/util/stream/PipelineHelper;Ljava/util/Spliterator;)Ljava/lang/Boolean; @ 14 c2
Event: 157.804 Thread 0x000002dcb9b96080 DEOPT PACKING pc=0x000002dca99fffcc sp=0x000000ee894fb740
Event: 157.804 Thread 0x000002dcb9b96080 DEOPT UNPACKING pc=0x000002dca92569a3 sp=0x000000ee894fb678 mode 2

Classes unloaded (7 events):
Event: 19.509 Thread 0x000002dcb981f920 Unloading class 0x0000000100ca1c00 'java/lang/invoke/LambdaForm$DMH+0x0000000100ca1c00'
Event: 19.509 Thread 0x000002dcb981f920 Unloading class 0x0000000100ca1800 'java/lang/invoke/LambdaForm$DMH+0x0000000100ca1800'
Event: 19.509 Thread 0x000002dcb981f920 Unloading class 0x0000000100ca1400 'java/lang/invoke/LambdaForm$DMH+0x0000000100ca1400'
Event: 19.509 Thread 0x000002dcb981f920 Unloading class 0x0000000100ca1000 'java/lang/invoke/LambdaForm$DMH+0x0000000100ca1000'
Event: 19.509 Thread 0x000002dcb981f920 Unloading class 0x0000000100ca0c00 'java/lang/invoke/LambdaForm$DMH+0x0000000100ca0c00'
Event: 19.509 Thread 0x000002dcb981f920 Unloading class 0x0000000100ca0800 'java/lang/invoke/LambdaForm$DMH+0x0000000100ca0800'
Event: 19.509 Thread 0x000002dcb981f920 Unloading class 0x0000000100ca0400 'java/lang/invoke/LambdaForm$DMH+0x0000000100ca0400'

Classes redefined (0 events):
No events

Internal exceptions (20 events):
Event: 76.576 Thread 0x000002dcc90c7dd0 Exception <a 'sun/nio/fs/WindowsException'{0x000000008d6305e0}> (0x000000008d6305e0) 
thrown [s\src\hotspot\share\prims\jni.cpp, line 517]
Event: 76.576 Thread 0x000002dcc90c7dd0 Exception <a 'sun/nio/fs/WindowsException'{0x000000008d6308d8}> (0x000000008d6308d8) 
thrown [s\src\hotspot\share\prims\jni.cpp, line 517]
Event: 76.576 Thread 0x000002dcc90c7dd0 Exception <a 'sun/nio/fs/WindowsException'{0x000000008d64b4e0}> (0x000000008d64b4e0) 
thrown [s\src\hotspot\share\prims\jni.cpp, line 517]
Event: 76.576 Thread 0x000002dcc90c7dd0 Exception <a 'sun/nio/fs/WindowsException'{0x000000008d653028}> (0x000000008d653028) 
thrown [s\src\hotspot\share\prims\jni.cpp, line 517]
Event: 76.646 Thread 0x000002dcc90c7900 Exception <a 'sun/nio/fs/WindowsException'{0x000000008ca2bf08}> (0x000000008ca2bf08) 
thrown [s\src\hotspot\share\prims\jni.cpp, line 517]
Event: 76.663 Thread 0x000002dcc6c22950 Exception <a 'sun/nio/fs/WindowsException'{0x000000008c73b698}> (0x000000008c73b698) 
thrown [s\src\hotspot\share\prims\jni.cpp, line 517]
Event: 76.753 Thread 0x000002dcc90c7dd0 Exception <a 'sun/nio/fs/WindowsException'{0x000000008d74be80}> (0x000000008d74be80) 
thrown [s\src\hotspot\share\prims\jni.cpp, line 517]
Event: 76.761 Thread 0x000002dcc90c7dd0 Exception <a 'sun/nio/fs/WindowsException'{0x000000008d60c778}> (0x000000008d60c778) 
thrown [s\src\hotspot\share\prims\jni.cpp, line 517]
Event: 77.050 Thread 0x000002dcc6c22480 Exception <a 'sun/nio/fs/WindowsException'{0x000000008ce6d820}> (0x000000008ce6d820) 
thrown [s\src\hotspot\share\prims\jni.cpp, line 517]
Event: 77.050 Thread 0x000002dcc6c22480 Exception <a 'sun/nio/fs/WindowsException'{0x000000008ce6db90}> (0x000000008ce6db90) 
thrown [s\src\hotspot\share\prims\jni.cpp, line 517]
Event: 77.051 Thread 0x000002dcc6c22480 Exception <a 'sun/nio/fs/WindowsException'{0x000000008ce6eae8}> (0x000000008ce6eae8) 
thrown [s\src\hotspot\share\prims\jni.cpp, line 517]
Event: 77.051 Thread 0x000002dcc6c22480 Exception <a 'sun/nio/fs/WindowsException'{0x000000008ce6ee48}> (0x000000008ce6ee48) 
thrown [s\src\hotspot\share\prims\jni.cpp, line 517]
Event: 77.997 Thread 0x000002dcc6c22480 Exception <a 'sun/nio/fs/WindowsException'{0x000000008cf45ac8}> (0x000000008cf45ac8) 
thrown [s\src\hotspot\share\prims\jni.cpp, line 517]
Event: 77.997 Thread 0x000002dcc6c22480 Exception <a 'sun/nio/fs/WindowsException'{0x000000008cf45e88}> (0x000000008cf45e88) 
thrown [s\src\hotspot\share\prims\jni.cpp, line 517]
Event: 78.476 Thread 0x000002dcbc1008c0 Implicit null exception at 0x000002dcaa0e19b9 to 0x000002dcaa0e1f1c
Event: 78.478 Thread 0x000002dcbc1008c0 Exception <a 'sun/nio/fs/WindowsException'{0x000000009321f168}> (0x000000009321f168) 
thrown [s\src\hotspot\share\prims\jni.cpp, line 517]
Event: 78.478 Thread 0x000002dcbc1008c0 Exception <a 'sun/nio/fs/WindowsException'{0x000000009321f4c8}> (0x000000009321f4c8) 
thrown [s\src\hotspot\share\prims\jni.cpp, line 517]
Event: 78.478 Thread 0x000002dcbc1008c0 Exception <a 'sun/nio/fs/WindowsException'{0x0000000093221308}> (0x0000000093221308) 
thrown [s\src\hotspot\share\prims\jni.cpp, line 517]
Event: 78.487 Thread 0x000002dcbbf0c080 Exception <a 'sun/nio/fs/WindowsException'{0x000000009326dcf8}> (0x000000009326dcf8) 
thrown [s\src\hotspot\share\prims\jni.cpp, line 517]
Event: 78.517 Thread 0x000002dcbc1008c0 Implicit null exception at 0x000002dcaa0deb90 to 0x000002dcaa0df050

VM Operations (20 events):
Event: 78.291 Executing VM operation: G1TryInitiateConcMark
Event: 78.294 Executing VM operation: G1TryInitiateConcMark done
Event: 78.414 Executing VM operation: G1Concurrent
Event: 78.427 Executing VM operation: G1Concurrent done
Event: 78.485 Executing VM operation: G1Concurrent
Event: 78.487 Executing VM operation: G1Concurrent done
Event: 80.499 Executing VM operation: Cleanup
Event: 80.499 Executing VM operation: Cleanup done
Event: 81.504 Executing VM operation: Cleanup
Event: 81.504 Executing VM operation: Cleanup done
Event: 91.576 Executing VM operation: Cleanup
Event: 91.576 Executing VM operation: Cleanup done
Event: 108.703 Executing VM operation: Cleanup
Event: 108.703 Executing VM operation: Cleanup done
Event: 131.892 Executing VM operation: Cleanup
Event: 131.892 Executing VM operation: Cleanup done
Event: 141.952 Executing VM operation: Cleanup
Event: 141.952 Executing VM operation: Cleanup done
Event: 151.019 Executing VM operation: Cleanup
Event: 151.019 Executing VM operation: Cleanup done

Events (20 events):
Event: 78.521 Thread 0x000002dcc3594160 Thread exited: 0x000002dcc3594160
Event: 78.533 Thread 0x000002dcbfa0f4b0 Thread exited: 0x000002dcbfa0f4b0
Event: 78.534 Thread 0x000002dcbfa0d7d0 Thread exited: 0x000002dcbfa0d7d0
Event: 78.548 Thread 0x000002dcb9b97890 Thread exited: 0x000002dcb9b97890
Event: 78.553 Thread 0x000002dcb9b973c0 Thread exited: 0x000002dcb9b973c0
Event: 78.556 Thread 0x000002dcb9b96550 Thread exited: 0x000002dcb9b96550
Event: 81.320 Thread 0x000002dcbcb8b730 Thread exited: 0x000002dcbcb8b730
Event: 81.321 Thread 0x000002dcbcb8ad10 Thread exited: 0x000002dcbcb8ad10
Event: 87.691 Thread 0x000002dcc3461530 Thread exited: 0x000002dcc3461530
Event: 138.343 Thread 0x000002dcc3592e20 Thread exited: 0x000002dcc3592e20
Event: 138.483 Thread 0x000002dcc6c22950 Thread exited: 0x000002dcc6c22950
Event: 138.559 Thread 0x000002dcbae33df0 Thread exited: 0x000002dcbae33df0
Event: 138.560 Thread 0x000002dcbc1008c0 Thread exited: 0x000002dcbc1008c0
Event: 157.790 Thread 0x000002dcc34c9ff0 Thread added: 0x000002dcc34c9ff0
Event: 157.791 Thread 0x000002dcb9b973c0 Thread added: 0x000002dcb9b973c0
Event: 157.793 Thread 0x000002dcb9b97890 Thread added: 0x000002dcb9b97890
Event: 157.794 Thread 0x000002dcb9b96080 Thread added: 0x000002dcb9b96080
Event: 157.797 Thread 0x000002dcc6c1fe00 Thread added: 0x000002dcc6c1fe00
Event: 157.797 Thread 0x000002dcc6c232f0 Thread added: 0x000002dcc6c232f0
Event: 157.798 Thread 0x000002dcc6c1f930 Thread added: 0x000002dcc6c1f930


Dynamic libraries:
0x00007ff6d4530000 - 0x00007ff6d453a000 	C:\Program Files\Android\Android Studio\jbr\bin\java.exe
0x00007ff9ede90000 - 0x00007ff9ee088000 	C:\WINDOWS\SYSTEM32\ntdll.dll
0x00007ff9ecf70000 - 0x00007ff9ed02f000 	C:\WINDOWS\System32\KERNEL32.DLL
0x00007ff9ebbc0000 - 0x00007ff9ebeb6000 	C:\WINDOWS\System32\KERNELBASE.dll
0x00007ff9eb570000 - 0x00007ff9eb670000 	C:\WINDOWS\System32\ucrtbase.dll
0x00007ff9d2910000 - 0x00007ff9d2927000 	C:\Program Files\Android\Android Studio\jbr\bin\jli.dll
0x00007ff9e4a90000 - 0x00007ff9e4aab000 	C:\Program Files\Android\Android Studio\jbr\bin\VCRUNTIME140.dll
0x00007ff9ed1d0000 - 0x00007ff9ed36d000 	C:\WINDOWS\System32\USER32.dll
0x00007ff9d6400000 - 0x00007ff9d669a000 	C:\WINDOWS\WinSxS\amd64_microsoft.windows.common-controls_6595b64144ccf1df_6.0.19041.1110_none_60b5254171f9507e\COMCTL32.dll
0x00007ff9eb540000 - 0x00007ff9eb562000 	C:\WINDOWS\System32\win32u.dll
0x00007ff9ed6c0000 - 0x00007ff9ed75e000 	C:\WINDOWS\System32\msvcrt.dll
0x00007ff9ed1a0000 - 0x00007ff9ed1cc000 	C:\WINDOWS\System32\GDI32.dll
0x00007ff9eb960000 - 0x00007ff9eba75000 	C:\WINDOWS\System32\gdi32full.dll
0x00007ff9eb890000 - 0x00007ff9eb92d000 	C:\WINDOWS\System32\msvcp_win.dll
0x00007ff9ebec0000 - 0x00007ff9ebef0000 	C:\WINDOWS\System32\IMM32.DLL
0x00007ff9e5620000 - 0x00007ff9e562c000 	C:\Program Files\Android\Android Studio\jbr\bin\vcruntime140_1.dll
0x00007ff9cd2c0000 - 0x00007ff9cd34d000 	C:\Program Files\Android\Android Studio\jbr\bin\msvcp140.dll
0x00007ff9ac510000 - 0x00007ff9ad17e000 	C:\Program Files\Android\Android Studio\jbr\bin\server\jvm.dll
0x00007ff9edaf0000 - 0x00007ff9edb9f000 	C:\WINDOWS\System32\ADVAPI32.dll
0x00007ff9ed100000 - 0x00007ff9ed19c000 	C:\WINDOWS\System32\sechost.dll
0x00007ff9ed530000 - 0x00007ff9ed656000 	C:\WINDOWS\System32\RPCRT4.dll
0x00007ff9d5450000 - 0x00007ff9d5477000 	C:\WINDOWS\SYSTEM32\WINMM.dll
0x00007ff9d5a80000 - 0x00007ff9d5a89000 	C:\WINDOWS\SYSTEM32\WSOCK32.dll
0x00007ff9e4450000 - 0x00007ff9e445a000 	C:\WINDOWS\SYSTEM32\VERSION.dll
0x00007ff9edbc0000 - 0x00007ff9edc2b000 	C:\WINDOWS\System32\WS2_32.dll
0x00007ff9e90b0000 - 0x00007ff9e90c2000 	C:\WINDOWS\SYSTEM32\kernel.appcore.dll
0x00007ff9d5400000 - 0x00007ff9d540a000 	C:\Program Files\Android\Android Studio\jbr\bin\jimage.dll
0x00007ff9e8c60000 - 0x00007ff9e8e44000 	C:\WINDOWS\SYSTEM32\DBGHELP.DLL
0x00007ff9d5f70000 - 0x00007ff9d5fa4000 	C:\WINDOWS\SYSTEM32\dbgcore.DLL
0x00007ff9eba80000 - 0x00007ff9ebb02000 	C:\WINDOWS\System32\bcryptPrimitives.dll
0x00007ff9d2970000 - 0x00007ff9d2995000 	C:\Program Files\Android\Android Studio\jbr\bin\java.dll
0x00007ff9d3ed0000 - 0x00007ff9d3ee8000 	C:\Program Files\Android\Android Studio\jbr\bin\zip.dll
0x00007ff9ec330000 - 0x00007ff9eca74000 	C:\WINDOWS\System32\SHELL32.dll
0x00007ff9ea2d0000 - 0x00007ff9eaa63000 	C:\WINDOWS\SYSTEM32\windows.storage.dll
0x00007ff9ebef0000 - 0x00007ff9ec244000 	C:\WINDOWS\System32\combase.dll
0x00007ff9eaf90000 - 0x00007ff9eafbe000 	C:\WINDOWS\SYSTEM32\Wldp.dll
0x00007ff9ed030000 - 0x00007ff9ed0dd000 	C:\WINDOWS\System32\SHCORE.dll
0x00007ff9ed960000 - 0x00007ff9ed9b5000 	C:\WINDOWS\System32\shlwapi.dll
0x00007ff9eb480000 - 0x00007ff9eb49f000 	C:\WINDOWS\SYSTEM32\profapi.dll
0x00007ff9d3300000 - 0x00007ff9d3319000 	C:\Program Files\Android\Android Studio\jbr\bin\net.dll
0x00007ff9e5970000 - 0x00007ff9e5a7a000 	C:\WINDOWS\SYSTEM32\WINHTTP.dll
0x00007ff9ea200000 - 0x00007ff9ea26a000 	C:\WINDOWS\system32\mswsock.dll
0x00007ff9d2930000 - 0x00007ff9d2946000 	C:\Program Files\Android\Android Studio\jbr\bin\nio.dll
0x00007ff9d53c0000 - 0x00007ff9d53d0000 	C:\Program Files\Android\Android Studio\jbr\bin\verify.dll
0x00007ff98eed0000 - 0x00007ff98eef7000 	D:\PRG\ANDROID\native\68d5fa5c4cc2d200863cafc0d521ce42e7d3e7ee720ec0a83991735586a16f82\windows-amd64\native-platform.dll
0x00007ff9c7cb0000 - 0x00007ff9c7df4000 	D:\PRG\ANDROID\native\e376f236ea51e6404a007f0833ffe2c6e607c4080706a723a18a27aeea778392\windows-amd64\native-platform-file-events.dll
0x00007ff9d3fc0000 - 0x00007ff9d3fc9000 	C:\Program Files\Android\Android Studio\jbr\bin\management.dll
0x00007ff9c5320000 - 0x00007ff9c532b000 	C:\Program Files\Android\Android Studio\jbr\bin\management_ext.dll
0x00007ff9ed370000 - 0x00007ff9ed378000 	C:\WINDOWS\System32\PSAPI.DLL
0x00007ff9eaee0000 - 0x00007ff9eaef8000 	C:\WINDOWS\SYSTEM32\CRYPTSP.dll
0x0000000052b90000 - 0x0000000052ba1000 	C:\Program Files\Common Files\Crypto Pro\AppCompat\cpadvai.dll
0x0000000052bb0000 - 0x0000000052bb7000 	C:\Program Files\Common Files\Crypto Pro\AppCompat\detoured.dll
0x00007ff9e9ab0000 - 0x00007ff9e9ae4000 	C:\WINDOWS\system32\rsaenh.dll
0x00007ff9eb930000 - 0x00007ff9eb957000 	C:\WINDOWS\System32\bcrypt.dll
0x00007ff9eb440000 - 0x00007ff9eb46e000 	C:\WINDOWS\SYSTEM32\USERENV.dll
0x00007ff9eaf00000 - 0x00007ff9eaf0c000 	C:\WINDOWS\SYSTEM32\CRYPTBASE.dll
0x00007ff9e9ea0000 - 0x00007ff9e9edc000 	C:\WINDOWS\SYSTEM32\IPHLPAPI.DLL
0x00007ff9ed0f0000 - 0x00007ff9ed0f8000 	C:\WINDOWS\System32\NSI.dll
0x00007ff9e4fc0000 - 0x00007ff9e4fd7000 	C:\WINDOWS\SYSTEM32\dhcpcsvc6.DLL
0x00007ff9e49d0000 - 0x00007ff9e49ed000 	C:\WINDOWS\SYSTEM32\dhcpcsvc.DLL
0x00007ff9e9ee0000 - 0x00007ff9e9faa000 	C:\WINDOWS\SYSTEM32\DNSAPI.dll
0x00007ff9c5310000 - 0x00007ff9c5317000 	C:\WINDOWS\system32\wshunix.dll
0x00007ff9e9bf0000 - 0x00007ff9e9c23000 	C:\WINDOWS\SYSTEM32\ntmarta.dll

dbghelp: loaded successfully - version: 4.0.5 - missing functions: none
symbol engine: initialized successfully - sym options: 0x614 - pdb path: .;C:\Program Files\Android\Android Studio\jbr\bin;C:\WINDOWS\SYSTEM32;C:\WINDOWS\WinSxS\amd64_microsoft.windows.common-controls_6595b64144ccf1df_6.0.19041.1110_none_60b5254171f9507e;C:\Program Files\Android\Android Studio\jbr\bin\server;D:\PRG\ANDROID\native\68d5fa5c4cc2d200863cafc0d521ce42e7d3e7ee720ec0a83991735586a16f82\windows-amd64;D:\PRG\ANDROID\native\e376f236ea51e6404a007f0833ffe2c6e607c4080706a723a18a27aeea778392\windows-amd64;C:\Program Files\Common Files\Crypto Pro\AppCompat

VM Arguments:
jvm_args: --add-opens=java.base/java.util=ALL-UNNAMED --add-opens=java.base/java.lang=ALL-UNNAMED --add-opens=java.base/java.lang.invoke=ALL-UNNAMED --add-opens=java.prefs/java.util.prefs=ALL-UNNAMED --add-opens=java.base/java.nio.charset=ALL-UNNAMED --add-opens=java.base/java.net=ALL-UNNAMED --add-opens=java.base/java.util.concurrent.atomic=ALL-UNNAMED -Xmx2048m -Dfile.encoding=UTF-8 -Duser.country=RU -Duser.language=ru -Duser.variant 
java_command: org.gradle.launcher.daemon.bootstrap.GradleDaemon 8.0
java_class_path (initial): D:\PRG\ANDROID\wrapper\dists\gradle-8.0-bin\ca5e32bp14vu59qr306oxotwh\gradle-8.0\lib\gradle-launcher-8.0.jar
Launcher Type: SUN_STANDARD

[Global flags]
     intx CICompilerCount                          = 4                                         {product} {ergonomic}
     uint ConcGCThreads                            = 2                                         {product} {ergonomic}
     uint G1ConcRefinementThreads                  = 8                                         {product} {ergonomic}
   size_t G1HeapRegionSize                         = 1048576                                   {product} {ergonomic}
    uintx GCDrainStackTargetSize                   = 64                                        {product} {ergonomic}
   size_t InitialHeapSize                          = 266338304                                 {product} {ergonomic}
   size_t MarkStackSize                            = 4194304                                   {product} {ergonomic}
   size_t MaxHeapSize                              = 2147483648                                {product} {command line}
   size_t MaxNewSize                               = 1287651328                                {product} {ergonomic}
   size_t MinHeapDeltaBytes                        = 1048576                                   {product} {ergonomic}
   size_t MinHeapSize                              = 8388608                                   {product} {ergonomic}
    uintx NonNMethodCodeHeapSize                   = 5839372                                {pd product} {ergonomic}
    uintx NonProfiledCodeHeapSize                  = 122909434                              {pd product} {ergonomic}
    uintx ProfiledCodeHeapSize                     = 122909434                              {pd product} {ergonomic}
    uintx ReservedCodeCacheSize                    = 251658240                              {pd product} {ergonomic}
     bool SegmentedCodeCache                       = true                                      {product} {ergonomic}
   size_t SoftMaxHeapSize                          = 2147483648                             {manageable} {ergonomic}
     bool UseCompressedClassPointers               = true                           {product lp64_product} {ergonomic}
     bool UseCompressedOops                        = true                           {product lp64_product} {ergonomic}
     bool UseG1GC                                  = true                                      {product} {ergonomic}
     bool UseLargePagesIndividualAllocation        = false                                  {pd product} {ergonomic}

Logging:
Log output configuration:
 #0: stdout all=warning uptime,level,tags
 #1: stderr all=off uptime,level,tags

Environment Variables:
JAVA_HOME=C:\jdk-17.0.2+8
PATH=C:\Program Files\Common Files\Oracle\Java\javapath;C:\Windows\system32;C:\Windows;C:\Windows\System32\Wbem;C:\Windows\System32\WindowsPowerShell\v1.0\;C:\Windows\System32\OpenSSH\;C:\Program Files\7-Zip;C:\Program Files (x86)\NVIDIA Corporation\PhysX\Common;C:\jdk-17.0.2+8\bin;C:\Program Files\Git\cmd;C:\WINDOWS\system32;C:\WINDOWS;C:\WINDOWS\System32\Wbem;C:\WINDOWS\System32\WindowsPowerShell\v1.0\;C:\WINDOWS\System32\OpenSSH\;C:\Program Files\OpenVPN\bin;C:\Users\monahovvv\AppData\Local\Microsoft\WindowsApps;C:\Program Files\JetBrains\IntelliJ IDEA Community Edition 2022.2\bin;;C:\Users\monahovvv\AppData\Local\GitHubDesktop\bin;
USERNAME=monahovvv
OS=Windows_NT
PROCESSOR_IDENTIFIER=Intel64 Family 6 Model 158 Stepping 10, GenuineIntel
TMP=D:\Temp
TEMP=D:\Temp


JNI global refs:
JNI global refs: 27, weak refs: 0

JNI global refs memory usage: 843, weak refs: 841


---------------  S Y S T E M  ---------------

OS:
 Windows 10 , 64 bit Build 19041 (10.0.19041.3031)
OS uptime: 0 days 0:48 hours

CPU: total 8 (initial active 8) (4 cores per cpu, 2 threads per core) family 6 model 158 stepping 10 microcode 0xec, cx8, cmov, fxsr, ht, mmx, 3dnowpref, sse, sse2, sse3, ssse3, sse4.1, sse4.2, popcnt, lzcnt, tsc, tscinvbit, avx, avx2, aes, erms, clmul, bmi1, bmi2, adx, fma, vzeroupper, clflush, clflushopt

Memory: 4k page, system-wide physical 16228M (1676M free)
TotalPageFile size 18128M (AvailPageFile size 0M)
current process WorkingSet (physical memory assigned to process): 506M, peak: 558M
current process commit charge ("private bytes"): 617M, peak: 680M

vm_info: OpenJDK 64-Bit Server VM (17.0.6+0-b2043.56-10027231) for windows-amd64 JRE (17.0.6+0-b2043.56-10027231), built on Apr 28 2023 00:43:19 by "androidbuild" with MS VC++ 16.10 / 16.11 (VS2019)

END.
