#
# There is insufficient memory for the Java Runtime Environment to continue.
# Native memory allocation (malloc) failed to allocate 1236176 bytes for Chunk::new
# Possible reasons:
#   The system is out of physical RAM or swap space
#   The process is running with CompressedOops enabled, and the Java Heap may be blocking the growth of the native heap
# Possible solutions:
#   Reduce memory load on the system
#   Increase physical memory or swap space
#   Check if swap backing store is full
#   Decrease Java heap size (-Xmx/-Xms)
#   Decrease number of Java threads
#   Decrease Java thread stack sizes (-Xss)
#   Set larger code cache with -XX:ReservedCodeCacheSize=
#   JVM is running with Unscaled Compressed Oops mode in which the Java heap is
#     placed in the first 4GB address space. The Java Heap base address is the
#     maximum limit for the native heap growth. Please use -XX:HeapBaseMinAddress
#     to set the Java Heap base and to place the Java Heap above 4GB virtual address.
# This output file may be truncated or incomplete.
#
#  Out of Memory Error (arena.cpp:189), pid=14960, tid=12844
#
# JRE version: OpenJDK Runtime Environment (17.0.6) (build 17.0.6+0-b2043.56-10027231)
# Java VM: OpenJDK 64-Bit Server VM (17.0.6+0-b2043.56-10027231, mixed mode, tiered, compressed oops, compressed class ptrs, g1 gc, windows-amd64)
# No core dump will be written. Minidumps are not enabled by default on client versions of Windows
#

---------------  S U M M A R Y ------------

Command Line: --add-opens=java.base/java.util=ALL-UNNAMED --add-opens=java.base/java.lang=ALL-UNNAMED --add-opens=java.base/java.lang.invoke=ALL-UNNAMED --add-opens=java.prefs/java.util.prefs=ALL-UNNAMED --add-opens=java.base/java.nio.charset=ALL-UNNAMED --add-opens=java.base/java.net=ALL-UNNAMED --add-opens=java.base/java.util.concurrent.atomic=ALL-UNNAMED -Xmx2048m -Dfile.encoding=UTF-8 -Duser.country=RU -Duser.language=ru -Duser.variant org.gradle.launcher.daemon.bootstrap.GradleDaemon 8.0

Host: Intel(R) Core(TM) i5-9300H CPU @ 2.40GHz, 8 cores, 15G,  Windows 10 , 64 bit Build 19041 (10.0.19041.3031)
Time: Fri Jan 12 15:24:09 2024 RTZ 2 (s 10 , 64 bit Build 19041 (10.0.19041.3031) elapsed time: 110.513547 seconds (0d 0h 1m 50s)

---------------  T H R E A D  ---------------

Current thread (0x000001cf81d14df0):  JavaThread "C2 CompilerThread1" daemon [_thread_in_native, id=12844, stack(0x0000008350900000,0x0000008350a00000)]


Current CompileTask:
C2: 110513 12380   !   4       org.gradle.internal.service.DefaultServiceRegistry$ManagedObjectServiceProvider::getInstance (47 bytes)

Stack: [0x0000008350900000,0x0000008350a00000]
Native frames: (J=compiled Java code, j=interpreted, Vv=VM code, C=native code)
V  [jvm.dll+0x683c9a]
V  [jvm.dll+0x8427a4]
V  [jvm.dll+0x843f9e]
V  [jvm.dll+0x844603]
V  [jvm.dll+0x249b75]
V  [jvm.dll+0xabcac]
V  [jvm.dll+0xac27c]
V  [jvm.dll+0x368802]
V  [jvm.dll+0x1bced2]
V  [jvm.dll+0x21c359]
V  [jvm.dll+0x21b621]
V  [jvm.dll+0x1a4fdd]
V  [jvm.dll+0x22b098]
V  [jvm.dll+0x229159]
V  [jvm.dll+0x7f81ec]
V  [jvm.dll+0x7f274a]
V  [jvm.dll+0x682ad5]
C  [ucrtbase.dll+0x21bb2]
C  [KERNEL32.DLL+0x17614]
C  [ntdll.dll+0x526f1]


---------------  P R O C E S S  ---------------

Threads class SMR info:
_java_thread_list=0x000001cf84b2e080, length=133, elements={
0x000001cfe35391b0, 0x000001cffdc4d250, 0x000001cffdc4efe0, 0x000001cffdc66f80,
0x000001cffdc67740, 0x000001cffdc82000, 0x000001cffdc828c0, 0x000001cffdc83180,
0x000001cffdc83c20, 0x000001cffdc88630, 0x000001cffde21780, 0x000001cffde23cc0,
0x000001cfff1760c0, 0x000001cffe37a620, 0x000001cf81988030, 0x000001cffee3a8e0,
0x000001cffee3c0f0, 0x000001cffee3b280, 0x000001cffee3adb0, 0x000001cffee3c5c0,
0x000001cffee395a0, 0x000001cf8277d590, 0x000001cf82777a20, 0x000001cf82777080,
0x000001cf8277c720, 0x000001cf8277b3e0, 0x000001cf82777ef0, 0x000001cf8277d0c0,
0x000001cf80ee9590, 0x000001cf80eed420, 0x000001cf80ee9a60, 0x000001cf80eeddc0,
0x000001cf80eea400, 0x000001cf872d9f30, 0x000001cf872d8580, 0x000001cf8772fba0,
0x000001cf855d66d0, 0x000001cf875a6c40, 0x000001cf87b8c4f0, 0x000001cf82778d60,
0x000001cf87b8ce90, 0x000001cf87b8d830, 0x000001cf87b8d360, 0x000001cf8277c250,
0x000001cf827783c0, 0x000001cf81d14df0, 0x000001cf81d134a0, 0x000001cf82777550,
0x000001cf8277cbf0, 0x000001cf8277da60, 0x000001cf8277b8b0, 0x000001cf8277df30,
0x000001cf82779230, 0x000001cf8277e400, 0x000001cf8277aa40, 0x000001cf8277af10,
0x000001cf8277a0a0, 0x000001cf82779bd0, 0x000001cf82778890, 0x000001cf87b8c9c0,
0x000001cf834d0ad0, 0x000001cf834d0600, 0x000001cf834d1940, 0x000001cf834cfc60,
0x000001cf834d1e10, 0x000001cf834cf2c0, 0x000001cf834d0130, 0x000001cf834d22e0,
0x000001cf834d2c80, 0x000001cf834d0fa0, 0x000001cf834d1470, 0x000001cf834cf790,
0x000001cf834d27b0, 0x000001cf8220d6e0, 0x000001cf8220e080, 0x000001cf8220e550,
0x000001cf8220fd60, 0x000001cf8220dbb0, 0x000001cf82210230, 0x000001cf8220ea20,
0x000001cf8220eef0, 0x000001cf8220c870, 0x000001cf8220f3c0, 0x000001cf872da8d0,
0x000001cf81b48960, 0x000001cf81b48e30, 0x000001cf81b49300, 0x000001cf875a7f80,
0x000001cf875a7110, 0x000001cf875a7ab0, 0x000001cf81b47af0, 0x000001cf81b47fc0,
0x000001cf81b48490, 0x000001cf87f49d90, 0x000001cf87f47be0, 0x000001cf8220cd40,
0x000001cf8220f890, 0x000001cf8220d210, 0x000001cf87bd6260, 0x000001cf87bd58c0,
0x000001cf82102d10, 0x000001cf82104ec0, 0x000001cf82104050, 0x000001cf821031e0,
0x000001cf82104520, 0x000001cf82103b80, 0x000001cf821036b0, 0x000001cf82105860,
0x000001cf821049f0, 0x000001cf82105d30, 0x000001cf82102370, 0x000001cf87f4a260,
0x000001cf82102840, 0x000001cf87f4a730, 0x000001cf87f4ac00, 0x000001cf87f47710,
0x000001cf87f480b0, 0x000001cf87f48a50, 0x000001cf87f47240, 0x000001cf87f48580,
0x000001cf87f48f20, 0x000001cf87f493f0, 0x000001cf87ea1d60, 0x000001cf87ea0ef0,
0x000001cf87ea0a20, 0x000001cf87ea0080, 0x000001cf87ea1890, 0x000001cf87e9fbb0,
0x000001cf87e9e870, 0x000001cf87e9f6e0, 0x000001cf87ea13c0, 0x000001cf87e9e3a0,
0x000001cf87ea0550
}

Java Threads: ( => current thread )
  0x000001cfe35391b0 JavaThread "main" [_thread_blocked, id=13600, stack(0x000000834e800000,0x000000834e900000)]
  0x000001cffdc4d250 JavaThread "Reference Handler" daemon [_thread_blocked, id=10388, stack(0x000000834ef00000,0x000000834f000000)]
  0x000001cffdc4efe0 JavaThread "Finalizer" daemon [_thread_blocked, id=13496, stack(0x000000834f000000,0x000000834f100000)]
  0x000001cffdc66f80 JavaThread "Signal Dispatcher" daemon [_thread_blocked, id=12744, stack(0x000000834f100000,0x000000834f200000)]
  0x000001cffdc67740 JavaThread "Attach Listener" daemon [_thread_blocked, id=11392, stack(0x000000834f200000,0x000000834f300000)]
  0x000001cffdc82000 JavaThread "Service Thread" daemon [_thread_blocked, id=6024, stack(0x000000834f300000,0x000000834f400000)]
  0x000001cffdc828c0 JavaThread "Monitor Deflation Thread" daemon [_thread_blocked, id=5948, stack(0x000000834f400000,0x000000834f500000)]
  0x000001cffdc83180 JavaThread "C2 CompilerThread0" daemon [_thread_in_native, id=8776, stack(0x000000834f500000,0x000000834f600000)]
  0x000001cffdc83c20 JavaThread "C1 CompilerThread0" daemon [_thread_in_native, id=2264, stack(0x000000834f600000,0x000000834f700000)]
  0x000001cffdc88630 JavaThread "Sweeper thread" daemon [_thread_blocked, id=3480, stack(0x000000834f700000,0x000000834f800000)]
  0x000001cffde21780 JavaThread "Common-Cleaner" daemon [_thread_blocked, id=9636, stack(0x000000834f800000,0x000000834f900000)]
  0x000001cffde23cc0 JavaThread "Notification Thread" daemon [_thread_blocked, id=6636, stack(0x000000834f900000,0x000000834fa00000)]
  0x000001cfff1760c0 JavaThread "Daemon health stats" [_thread_blocked, id=15248, stack(0x0000008350200000,0x0000008350300000)]
  0x000001cffe37a620 JavaThread "Incoming local TCP Connector on port 61458" [_thread_in_native, id=4200, stack(0x000000834fc00000,0x000000834fd00000)]
  0x000001cf81988030 JavaThread "Daemon periodic checks" [_thread_blocked, id=14388, stack(0x0000008350300000,0x0000008350400000)]
  0x000001cffee3a8e0 JavaThread "Cache worker for journal cache (D:\PRG\ANDROID\caches\journal-1)" [_thread_blocked, id=6980, stack(0x0000008350e00000,0x0000008350f00000)]
  0x000001cffee3c0f0 JavaThread "File lock request listener" [_thread_in_native, id=16316, stack(0x0000008350f00000,0x0000008351000000)]
  0x000001cffee3b280 JavaThread "Cache worker for file hash cache (D:\PRG\ANDROID\caches\8.0\fileHashes)" [_thread_blocked, id=9712, stack(0x0000008351000000,0x0000008351100000)]
  0x000001cffee3adb0 JavaThread "File watcher server" daemon [_thread_in_native, id=12616, stack(0x0000008351200000,0x0000008351300000)]
  0x000001cffee3c5c0 JavaThread "File watcher consumer" daemon [_thread_blocked, id=11104, stack(0x0000008351300000,0x0000008351400000)]
  0x000001cffee395a0 JavaThread "Cache worker for file content cache (D:\PRG\ANDROID\caches\8.0\fileContent)" [_thread_blocked, id=13536, stack(0x0000008351600000,0x0000008351700000)]
  0x000001cf8277d590 JavaThread "Cache worker for execution history cache (D:\PRG\ANDROID\caches\8.0\executionHistory)" [_thread_blocked, id=8928, stack(0x0000008351900000,0x0000008351a00000)]
  0x000001cf82777a20 JavaThread "jar transforms" [_thread_blocked, id=744, stack(0x0000008351a00000,0x0000008351b00000)]
  0x000001cf82777080 JavaThread "jar transforms Thread 2" [_thread_blocked, id=5380, stack(0x0000008351b00000,0x0000008351c00000)]
  0x000001cf8277c720 JavaThread "Cache worker for kotlin-dsl (D:\PRG\ANDROID\caches\8.0\kotlin-dsl)" [_thread_blocked, id=15056, stack(0x0000008351d00000,0x0000008351e00000)]
  0x000001cf8277b3e0 JavaThread "jar transforms Thread 3" [_thread_blocked, id=14512, stack(0x0000008351e00000,0x0000008351f00000)]
  0x000001cf82777ef0 JavaThread "jar transforms Thread 4" [_thread_blocked, id=9236, stack(0x0000008351f00000,0x0000008352000000)]
  0x000001cf8277d0c0 JavaThread "jar transforms Thread 5" [_thread_blocked, id=5800, stack(0x0000008352200000,0x0000008352300000)]
  0x000001cf80ee9590 JavaThread "jar transforms Thread 6" [_thread_blocked, id=15384, stack(0x0000008357300000,0x0000008357400000)]
  0x000001cf80eed420 JavaThread "jar transforms Thread 7" [_thread_blocked, id=6968, stack(0x0000008357400000,0x0000008357500000)]
  0x000001cf80ee9a60 JavaThread "jar transforms Thread 8" [_thread_blocked, id=16192, stack(0x0000008357500000,0x0000008357600000)]
  0x000001cf80eeddc0 JavaThread "Memory manager" [_thread_blocked, id=5288, stack(0x0000008357700000,0x0000008357800000)]
  0x000001cf80eea400 JavaThread "pool-3-thread-1" [_thread_blocked, id=8536, stack(0x0000008357800000,0x0000008357900000)]
  0x000001cf872d9f30 JavaThread "ForkJoinPool.commonPool-worker-2" daemon [_thread_blocked, id=12076, stack(0x0000008358500000,0x0000008358600000)]
  0x000001cf872d8580 JavaThread "ForkJoinPool.commonPool-worker-3" daemon [_thread_blocked, id=15624, stack(0x0000008358600000,0x0000008358700000)]
  0x000001cf8772fba0 JavaThread "ForkJoinPool.commonPool-worker-4" daemon [_thread_blocked, id=13900, stack(0x0000008358700000,0x0000008358800000)]
  0x000001cf855d66d0 JavaThread "ForkJoinPool.commonPool-worker-5" daemon [_thread_blocked, id=1936, stack(0x0000008358800000,0x0000008358900000)]
  0x000001cf875a6c40 JavaThread "ForkJoinPool.commonPool-worker-6" daemon [_thread_blocked, id=14408, stack(0x0000008358900000,0x0000008358a00000)]
  0x000001cf87b8c4f0 JavaThread "ForkJoinPool.commonPool-worker-7" daemon [_thread_blocked, id=13628, stack(0x0000008358a00000,0x0000008358b00000)]
  0x000001cf82778d60 JavaThread "Daemon Thread 2" [_thread_blocked, id=3432, stack(0x000000834e500000,0x000000834e600000)]
  0x000001cf87b8ce90 JavaThread "Handler for socket connection from /127.0.0.1:61458 to /127.0.0.1:61507" [_thread_in_native, id=13708, stack(0x000000834e600000,0x000000834e700000)]
  0x000001cf87b8d830 JavaThread "Cancel handler" [_thread_blocked, id=2788, stack(0x000000834e700000,0x000000834e800000)]
  0x000001cf87b8d360 JavaThread "Daemon worker Thread 2" [_thread_in_vm, id=9336, stack(0x0000008350400000,0x0000008350500000)]
  0x000001cf8277c250 JavaThread "Asynchronous log dispatcher for DefaultDaemonConnection: socket connection from /127.0.0.1:61458 to /127.0.0.1:61507" [_thread_blocked, id=13840, stack(0x0000008350600000,0x0000008350700000)]
  0x000001cf827783c0 JavaThread "Stdin handler" [_thread_blocked, id=7532, stack(0x0000008350700000,0x0000008350800000)]
=>0x000001cf81d14df0 JavaThread "C2 CompilerThread1" daemon [_thread_in_native, id=12844, stack(0x0000008350900000,0x0000008350a00000)]
  0x000001cf81d134a0 JavaThread "C2 CompilerThread2" daemon [_thread_in_native, id=12468, stack(0x0000008350a00000,0x0000008350b00000)]
  0x000001cf82777550 JavaThread "Cache worker for checksums cache (D:\PRG\ANDROID\GameMemoria\.gradle\8.0\checksums)" [_thread_blocked, id=2812, stack(0x0000008351100000,0x0000008351200000)]
  0x000001cf8277cbf0 JavaThread "Cache worker for cache directory md-rule (D:\PRG\ANDROID\caches\8.0\md-rule)" [_thread_blocked, id=13760, stack(0x0000008351400000,0x0000008351500000)]
  0x000001cf8277da60 JavaThread "Cache worker for file hash cache (D:\PRG\ANDROID\GameMemoria\.gradle\8.0\fileHashes)" [_thread_blocked, id=1912, stack(0x0000008351500000,0x0000008351600000)]
  0x000001cf8277b8b0 JavaThread "Cache worker for cache directory md-supplier (D:\PRG\ANDROID\caches\8.0\md-supplier)" [_thread_blocked, id=11012, stack(0x0000008351700000,0x0000008351800000)]
  0x000001cf8277df30 JavaThread "Cache worker for dependencies-accessors (D:\PRG\ANDROID\GameMemoria\.gradle\8.0\dependencies-accessors)" [_thread_blocked, id=9060, stack(0x0000008351800000,0x0000008351900000)]
  0x000001cf82779230 JavaThread "Cache worker for Build Output Cleanup Cache (D:\PRG\ANDROID\GameMemoria\.gradle\buildOutputCleanup)" [_thread_blocked, id=12516, stack(0x0000008352000000,0x0000008352100000)]
  0x000001cf8277e400 JavaThread "Unconstrained build operations" [_thread_blocked, id=11340, stack(0x0000008352100000,0x0000008352200000)]
  0x000001cf8277aa40 JavaThread "Unconstrained build operations Thread 2" [_thread_blocked, id=2600, stack(0x0000008352300000,0x0000008352400000)]
  0x000001cf8277af10 JavaThread "Unconstrained build operations Thread 3" [_thread_blocked, id=11724, stack(0x0000008352400000,0x0000008352500000)]
  0x000001cf8277a0a0 JavaThread "Unconstrained build operations Thread 4" [_thread_blocked, id=16004, stack(0x0000008352500000,0x0000008352600000)]
  0x000001cf82779bd0 JavaThread "Unconstrained build operations Thread 5" [_thread_blocked, id=15660, stack(0x0000008352600000,0x0000008352700000)]
  0x000001cf82778890 JavaThread "Unconstrained build operations Thread 6" [_thread_blocked, id=3524, stack(0x0000008352700000,0x0000008352800000)]
  0x000001cf87b8c9c0 JavaThread "Unconstrained build operations Thread 7" [_thread_blocked, id=3748, stack(0x0000008352800000,0x0000008352900000)]
  0x000001cf834d0ad0 JavaThread "Unconstrained build operations Thread 8" [_thread_blocked, id=5736, stack(0x0000008352900000,0x0000008352a00000)]
  0x000001cf834d0600 JavaThread "Unconstrained build operations Thread 9" [_thread_blocked, id=2320, stack(0x0000008352a00000,0x0000008352b00000)]
  0x000001cf834d1940 JavaThread "Unconstrained build operations Thread 10" [_thread_blocked, id=14688, stack(0x0000008352b00000,0x0000008352c00000)]
  0x000001cf834cfc60 JavaThread "Unconstrained build operations Thread 11" [_thread_blocked, id=12072, stack(0x0000008352c00000,0x0000008352d00000)]
  0x000001cf834d1e10 JavaThread "Unconstrained build operations Thread 12" [_thread_blocked, id=8916, stack(0x0000008352d00000,0x0000008352e00000)]
  0x000001cf834cf2c0 JavaThread "Unconstrained build operations Thread 13" [_thread_blocked, id=9444, stack(0x0000008352e00000,0x0000008352f00000)]
  0x000001cf834d0130 JavaThread "Unconstrained build operations Thread 14" [_thread_blocked, id=13832, stack(0x0000008352f00000,0x0000008353000000)]
  0x000001cf834d22e0 JavaThread "Unconstrained build operations Thread 15" [_thread_blocked, id=2296, stack(0x0000008353000000,0x0000008353100000)]
  0x000001cf834d2c80 JavaThread "Unconstrained build operations Thread 16" [_thread_blocked, id=11968, stack(0x0000008353100000,0x0000008353200000)]
  0x000001cf834d0fa0 JavaThread "Unconstrained build operations Thread 17" [_thread_blocked, id=556, stack(0x0000008353200000,0x0000008353300000)]
  0x000001cf834d1470 JavaThread "Unconstrained build operations Thread 18" [_thread_blocked, id=284, stack(0x0000008353300000,0x0000008353400000)]
  0x000001cf834cf790 JavaThread "Unconstrained build operations Thread 19" [_thread_blocked, id=3696, stack(0x0000008353400000,0x0000008353500000)]
  0x000001cf834d27b0 JavaThread "Unconstrained build operations Thread 20" [_thread_blocked, id=16076, stack(0x0000008353500000,0x0000008353600000)]
  0x000001cf8220d6e0 JavaThread "Unconstrained build operations Thread 21" [_thread_blocked, id=15800, stack(0x0000008353600000,0x0000008353700000)]
  0x000001cf8220e080 JavaThread "Unconstrained build operations Thread 22" [_thread_blocked, id=6404, stack(0x0000008353700000,0x0000008353800000)]
  0x000001cf8220e550 JavaThread "Unconstrained build operations Thread 23" [_thread_blocked, id=3692, stack(0x0000008353800000,0x0000008353900000)]
  0x000001cf8220fd60 JavaThread "Unconstrained build operations Thread 24" [_thread_blocked, id=14876, stack(0x0000008353900000,0x0000008353a00000)]
  0x000001cf8220dbb0 JavaThread "Unconstrained build operations Thread 25" [_thread_blocked, id=9064, stack(0x0000008353a00000,0x0000008353b00000)]
  0x000001cf82210230 JavaThread "Unconstrained build operations Thread 26" [_thread_blocked, id=13624, stack(0x0000008353b00000,0x0000008353c00000)]
  0x000001cf8220ea20 JavaThread "Unconstrained build operations Thread 27" [_thread_blocked, id=15736, stack(0x0000008353c00000,0x0000008353d00000)]
  0x000001cf8220eef0 JavaThread "Unconstrained build operations Thread 28" [_thread_blocked, id=11440, stack(0x0000008353d00000,0x0000008353e00000)]
  0x000001cf8220c870 JavaThread "Unconstrained build operations Thread 29" [_thread_blocked, id=10440, stack(0x0000008353e00000,0x0000008353f00000)]
  0x000001cf8220f3c0 JavaThread "Unconstrained build operations Thread 30" [_thread_blocked, id=2172, stack(0x0000008353f00000,0x0000008354000000)]
  0x000001cf872da8d0 JavaThread "Unconstrained build operations Thread 31" [_thread_blocked, id=9764, stack(0x0000008354000000,0x0000008354100000)]
  0x000001cf81b48960 JavaThread "Unconstrained build operations Thread 32" [_thread_blocked, id=13488, stack(0x0000008354100000,0x0000008354200000)]
  0x000001cf81b48e30 JavaThread "Unconstrained build operations Thread 33" [_thread_blocked, id=3892, stack(0x0000008354200000,0x0000008354300000)]
  0x000001cf81b49300 JavaThread "Unconstrained build operations Thread 34" [_thread_blocked, id=14072, stack(0x0000008354300000,0x0000008354400000)]
  0x000001cf875a7f80 JavaThread "Unconstrained build operations Thread 35" [_thread_blocked, id=11776, stack(0x0000008354400000,0x0000008354500000)]
  0x000001cf875a7110 JavaThread "Unconstrained build operations Thread 36" [_thread_blocked, id=11940, stack(0x0000008354500000,0x0000008354600000)]
  0x000001cf875a7ab0 JavaThread "Unconstrained build operations Thread 37" [_thread_blocked, id=4240, stack(0x0000008354600000,0x0000008354700000)]
  0x000001cf81b47af0 JavaThread "Unconstrained build operations Thread 38" [_thread_blocked, id=11084, stack(0x0000008354700000,0x0000008354800000)]
  0x000001cf81b47fc0 JavaThread "Unconstrained build operations Thread 39" [_thread_blocked, id=15172, stack(0x0000008354800000,0x0000008354900000)]
  0x000001cf81b48490 JavaThread "Unconstrained build operations Thread 40" [_thread_blocked, id=11280, stack(0x0000008354900000,0x0000008354a00000)]
  0x000001cf87f49d90 JavaThread "Unconstrained build operations Thread 41" [_thread_blocked, id=4948, stack(0x0000008354a00000,0x0000008354b00000)]
  0x000001cf87f47be0 JavaThread "Unconstrained build operations Thread 42" [_thread_blocked, id=13108, stack(0x0000008354b00000,0x0000008354c00000)]
  0x000001cf8220cd40 JavaThread "Unconstrained build operations Thread 43" [_thread_blocked, id=12892, stack(0x0000008354c00000,0x0000008354d00000)]
  0x000001cf8220f890 JavaThread "Unconstrained build operations Thread 44" [_thread_blocked, id=15668, stack(0x0000008354d00000,0x0000008354e00000)]
  0x000001cf8220d210 JavaThread "Unconstrained build operations Thread 45" [_thread_blocked, id=9640, stack(0x0000008354e00000,0x0000008354f00000)]
  0x000001cf87bd6260 JavaThread "Unconstrained build operations Thread 46" [_thread_blocked, id=4400, stack(0x0000008354f00000,0x0000008355000000)]
  0x000001cf87bd58c0 JavaThread "Unconstrained build operations Thread 47" [_thread_blocked, id=16144, stack(0x0000008355000000,0x0000008355100000)]
  0x000001cf82102d10 JavaThread "Unconstrained build operations Thread 48" [_thread_blocked, id=5920, stack(0x0000008355100000,0x0000008355200000)]
  0x000001cf82104ec0 JavaThread "Unconstrained build operations Thread 49" [_thread_blocked, id=14680, stack(0x0000008355200000,0x0000008355300000)]
  0x000001cf82104050 JavaThread "Unconstrained build operations Thread 50" [_thread_blocked, id=8384, stack(0x0000008355300000,0x0000008355400000)]
  0x000001cf821031e0 JavaThread "Unconstrained build operations Thread 51" [_thread_blocked, id=11784, stack(0x0000008355400000,0x0000008355500000)]
  0x000001cf82104520 JavaThread "Unconstrained build operations Thread 52" [_thread_blocked, id=14812, stack(0x0000008355500000,0x0000008355600000)]
  0x000001cf82103b80 JavaThread "Unconstrained build operations Thread 53" [_thread_blocked, id=11224, stack(0x0000008355600000,0x0000008355700000)]
  0x000001cf821036b0 JavaThread "Unconstrained build operations Thread 54" [_thread_blocked, id=4340, stack(0x0000008355700000,0x0000008355800000)]
  0x000001cf82105860 JavaThread "Unconstrained build operations Thread 55" [_thread_blocked, id=9220, stack(0x0000008355800000,0x0000008355900000)]
  0x000001cf821049f0 JavaThread "Unconstrained build operations Thread 56" [_thread_blocked, id=3688, stack(0x0000008355900000,0x0000008355a00000)]
  0x000001cf82105d30 JavaThread "Unconstrained build operations Thread 57" [_thread_blocked, id=2872, stack(0x0000008355a00000,0x0000008355b00000)]
  0x000001cf82102370 JavaThread "Unconstrained build operations Thread 58" [_thread_blocked, id=15696, stack(0x0000008355b00000,0x0000008355c00000)]
  0x000001cf87f4a260 JavaThread "Unconstrained build operations Thread 59" [_thread_blocked, id=13240, stack(0x0000008355c00000,0x0000008355d00000)]
  0x000001cf82102840 JavaThread "Unconstrained build operations Thread 60" [_thread_blocked, id=12312, stack(0x0000008355d00000,0x0000008355e00000)]
  0x000001cf87f4a730 JavaThread "Unconstrained build operations Thread 61" [_thread_blocked, id=2124, stack(0x0000008355e00000,0x0000008355f00000)]
  0x000001cf87f4ac00 JavaThread "Unconstrained build operations Thread 62" [_thread_blocked, id=11060, stack(0x0000008355f00000,0x0000008356000000)]
  0x000001cf87f47710 JavaThread "Unconstrained build operations Thread 63" [_thread_blocked, id=10068, stack(0x0000008356000000,0x0000008356100000)]
  0x000001cf87f480b0 JavaThread "Unconstrained build operations Thread 64" [_thread_blocked, id=3164, stack(0x0000008356100000,0x0000008356200000)]
  0x000001cf87f48a50 JavaThread "Unconstrained build operations Thread 65" [_thread_blocked, id=5492, stack(0x0000008356200000,0x0000008356300000)]
  0x000001cf87f47240 JavaThread "Unconstrained build operations Thread 66" [_thread_blocked, id=14932, stack(0x0000008356300000,0x0000008356400000)]
  0x000001cf87f48580 JavaThread "Unconstrained build operations Thread 67" [_thread_blocked, id=9528, stack(0x0000008356400000,0x0000008356500000)]
  0x000001cf87f48f20 JavaThread "Unconstrained build operations Thread 68" [_thread_blocked, id=15428, stack(0x0000008356500000,0x0000008356600000)]
  0x000001cf87f493f0 JavaThread "Unconstrained build operations Thread 69" [_thread_blocked, id=4648, stack(0x0000008356600000,0x0000008356700000)]
  0x000001cf87ea1d60 JavaThread "Unconstrained build operations Thread 70" [_thread_blocked, id=14300, stack(0x0000008356700000,0x0000008356800000)]
  0x000001cf87ea0ef0 JavaThread "Unconstrained build operations Thread 71" [_thread_blocked, id=15724, stack(0x0000008356800000,0x0000008356900000)]
  0x000001cf87ea0a20 JavaThread "Unconstrained build operations Thread 72" [_thread_blocked, id=3108, stack(0x0000008356900000,0x0000008356a00000)]
  0x000001cf87ea0080 JavaThread "Unconstrained build operations Thread 73" [_thread_blocked, id=3540, stack(0x0000008356a00000,0x0000008356b00000)]
  0x000001cf87ea1890 JavaThread "Unconstrained build operations Thread 74" [_thread_blocked, id=13176, stack(0x0000008356b00000,0x0000008356c00000)]
  0x000001cf87e9fbb0 JavaThread "Unconstrained build operations Thread 75" [_thread_blocked, id=7804, stack(0x0000008356c00000,0x0000008356d00000)]
  0x000001cf87e9e870 JavaThread "Unconstrained build operations Thread 76" [_thread_blocked, id=14564, stack(0x0000008356d00000,0x0000008356e00000)]
  0x000001cf87e9f6e0 JavaThread "Unconstrained build operations Thread 77" [_thread_blocked, id=5252, stack(0x0000008356e00000,0x0000008356f00000)]
  0x000001cf87ea13c0 JavaThread "Unconstrained build operations Thread 78" [_thread_blocked, id=5648, stack(0x0000008356f00000,0x0000008357000000)]
  0x000001cf87e9e3a0 JavaThread "Unconstrained build operations Thread 79" [_thread_blocked, id=14788, stack(0x0000008357000000,0x0000008357100000)]
  0x000001cf87ea0550 JavaThread "Unconstrained build operations Thread 80" [_thread_blocked, id=5832, stack(0x0000008357100000,0x0000008357200000)]

Other Threads:
  0x000001cffd3b7790 VMThread "VM Thread" [stack: 0x000000834ee00000,0x000000834ef00000] [id=11188]
  0x000001cfe35b2a50 WatcherThread [stack: 0x000000834fa00000,0x000000834fb00000] [id=14404]
  0x000001cfe35964e0 GCTaskThread "GC Thread#0" [stack: 0x000000834e900000,0x000000834ea00000] [id=8584]
  0x000001cffe5abfe0 GCTaskThread "GC Thread#1" [stack: 0x000000834fd00000,0x000000834fe00000] [id=12580]
  0x000001cffe5ac290 GCTaskThread "GC Thread#2" [stack: 0x000000834fe00000,0x000000834ff00000] [id=7968]
  0x000001cffe5aba80 GCTaskThread "GC Thread#3" [stack: 0x000000834ff00000,0x0000008350000000] [id=1512]
  0x000001cffe5ab520 GCTaskThread "GC Thread#4" [stack: 0x0000008350000000,0x0000008350100000] [id=13804]
  0x000001cffe5ab7d0 GCTaskThread "GC Thread#5" [stack: 0x0000008350100000,0x0000008350200000] [id=3180]
  0x000001cffe5aad10 GCTaskThread "GC Thread#6" [stack: 0x0000008350b00000,0x0000008350c00000] [id=15500]
  0x000001cffe5ab270 GCTaskThread "GC Thread#7" [stack: 0x0000008350c00000,0x0000008350d00000] [id=10896]
  0x000001cfe35a7420 ConcurrentGCThread "G1 Main Marker" [stack: 0x000000834ea00000,0x000000834eb00000] [id=6816]
  0x000001cfe35a7e30 ConcurrentGCThread "G1 Conc#0" [stack: 0x000000834eb00000,0x000000834ec00000] [id=14252]
  0x000001cf80e63520 ConcurrentGCThread "G1 Conc#1" [stack: 0x0000008350d00000,0x0000008350e00000] [id=13396]
  0x000001cfe360e290 ConcurrentGCThread "G1 Refine#0" [stack: 0x000000834ec00000,0x000000834ed00000] [id=13688]
  0x000001cf817c7cf0 ConcurrentGCThread "G1 Refine#1" [stack: 0x0000008351c00000,0x0000008351d00000] [id=12968]
  0x000001cfe360ecb0 ConcurrentGCThread "G1 Service" [stack: 0x000000834ed00000,0x000000834ee00000] [id=13732]

Threads with active compile tasks:
C2 CompilerThread0   110552 12475       4       org.gradle.api.internal.artifacts.DefaultModuleIdentifier::<init> (34 bytes)
C1 CompilerThread0   110552 12663       3       org.gradle.internal.logging.text.AbstractLineChoppingStyledTextOutput$SeenFromEol::add (18 bytes)
C2 CompilerThread1   110552 12380   !   4       org.gradle.internal.service.DefaultServiceRegistry$ManagedObjectServiceProvider::getInstance (47 bytes)
C2 CompilerThread2   110552 12379       4       org.gradle.internal.service.DefaultServiceRegistry$SingletonService::get (5 bytes)

VM state: not at safepoint (normal execution)

VM Mutex/Monitor currently owned by a thread: None

OutOfMemory and StackOverflow Exception counts:
StackOverflowErrors=6
LinkageErrors=165

Heap address: 0x0000000080000000, size: 2048 MB, Compressed Oops mode: 32-bit

CDS archive(s) not mapped
Compressed class space mapped at: 0x0000000100000000-0x0000000140000000, reserved size: 1073741824
Narrow klass base: 0x0000000000000000, Narrow klass shift: 3, Narrow klass range: 0x140000000

GC Precious Log:
 CPUs: 8 total, 8 available
 Memory: 16228M
 Large Page Support: Disabled
 NUMA Support: Disabled
 Compressed Oops: Enabled (32-bit)
 Heap Region Size: 1M
 Heap Min Capacity: 8M
 Heap Initial Capacity: 254M
 Heap Max Capacity: 2G
 Pre-touch: Disabled
 Parallel Workers: 8
 Concurrent Workers: 2
 Concurrent Refinement Workers: 8
 Periodic GC: Disabled

Heap:
 garbage-first heap   total 267264K, used 165355K [0x0000000080000000, 0x0000000100000000)
  region size 1024K, 71 young (72704K), 14 survivors (14336K)
 Metaspace       used 102435K, committed 103168K, reserved 1138688K
  class space    used 13638K, committed 14016K, reserved 1048576K

Heap Regions: E=young(eden), S=young(survivor), O=old, HS=humongous(starts), HC=humongous(continues), CS=collection set, F=free, OA=open archive, CA=closed archive, TAMS=top-at-mark-start (previous, next)
|   0|0x0000000080000000, 0x0000000080100000, 0x0000000080100000|100%|HS|  |TAMS 0x0000000080100000, 0x0000000080100000| Complete 
|   1|0x0000000080100000, 0x0000000080200000, 0x0000000080200000|100%|HC|  |TAMS 0x0000000080200000, 0x0000000080200000| Complete 
|   2|0x0000000080200000, 0x0000000080300000, 0x0000000080300000|100%|HC|  |TAMS 0x0000000080300000, 0x0000000080300000| Complete 
|   3|0x0000000080300000, 0x0000000080400000, 0x0000000080400000|100%|HC|  |TAMS 0x0000000080400000, 0x0000000080400000| Complete 
|   4|0x0000000080400000, 0x0000000080500000, 0x0000000080500000|100%| O|  |TAMS 0x0000000080500000, 0x0000000080500000| Untracked 
|   5|0x0000000080500000, 0x0000000080600000, 0x0000000080600000|100%| O|  |TAMS 0x0000000080600000, 0x0000000080600000| Untracked 
|   6|0x0000000080600000, 0x0000000080700000, 0x0000000080700000|100%| O|  |TAMS 0x0000000080700000, 0x0000000080700000| Untracked 
|   7|0x0000000080700000, 0x0000000080800000, 0x0000000080800000|100%| O|  |TAMS 0x0000000080800000, 0x0000000080800000| Untracked 
|   8|0x0000000080800000, 0x0000000080900000, 0x0000000080900000|100%| O|  |TAMS 0x0000000080900000, 0x0000000080900000| Untracked 
|   9|0x0000000080900000, 0x0000000080a00000, 0x0000000080a00000|100%| O|  |TAMS 0x0000000080a00000, 0x0000000080a00000| Untracked 
|  10|0x0000000080a00000, 0x0000000080b00000, 0x0000000080b00000|100%| O|  |TAMS 0x0000000080b00000, 0x0000000080b00000| Untracked 
|  11|0x0000000080b00000, 0x0000000080c00000, 0x0000000080c00000|100%| O|  |TAMS 0x0000000080b00000, 0x0000000080c00000| Untracked 
|  12|0x0000000080c00000, 0x0000000080d00000, 0x0000000080d00000|100%| O|  |TAMS 0x0000000080d00000, 0x0000000080d00000| Untracked 
|  13|0x0000000080d00000, 0x0000000080e00000, 0x0000000080e00000|100%| O|  |TAMS 0x0000000080e00000, 0x0000000080e00000| Untracked 
|  14|0x0000000080e00000, 0x0000000080f00000, 0x0000000080f00000|100%| O|  |TAMS 0x0000000080f00000, 0x0000000080f00000| Untracked 
|  15|0x0000000080f00000, 0x0000000081000000, 0x0000000081000000|100%| O|  |TAMS 0x0000000081000000, 0x0000000081000000| Untracked 
|  16|0x0000000081000000, 0x0000000081100000, 0x0000000081100000|100%| O|  |TAMS 0x0000000081100000, 0x0000000081100000| Untracked 
|  17|0x0000000081100000, 0x0000000081200000, 0x0000000081200000|100%| O|  |TAMS 0x0000000081200000, 0x0000000081200000| Untracked 
|  18|0x0000000081200000, 0x0000000081300000, 0x0000000081300000|100%| O|  |TAMS 0x0000000081300000, 0x0000000081300000| Untracked 
|  19|0x0000000081300000, 0x0000000081400000, 0x0000000081400000|100%| O|  |TAMS 0x0000000081400000, 0x0000000081400000| Untracked 
|  20|0x0000000081400000, 0x0000000081500000, 0x0000000081500000|100%| O|  |TAMS 0x0000000081500000, 0x0000000081500000| Untracked 
|  21|0x0000000081500000, 0x0000000081600000, 0x0000000081600000|100%| O|  |TAMS 0x0000000081600000, 0x0000000081600000| Untracked 
|  22|0x0000000081600000, 0x0000000081700000, 0x0000000081700000|100%| O|  |TAMS 0x0000000081700000, 0x0000000081700000| Untracked 
|  23|0x0000000081700000, 0x0000000081800000, 0x0000000081800000|100%| O|  |TAMS 0x0000000081800000, 0x0000000081800000| Untracked 
|  24|0x0000000081800000, 0x0000000081900000, 0x0000000081900000|100%| O|  |TAMS 0x0000000081900000, 0x0000000081900000| Untracked 
|  25|0x0000000081900000, 0x0000000081a00000, 0x0000000081a00000|100%| O|  |TAMS 0x0000000081a00000, 0x0000000081a00000| Untracked 
|  26|0x0000000081a00000, 0x0000000081b00000, 0x0000000081b00000|100%| O|  |TAMS 0x0000000081b00000, 0x0000000081b00000| Untracked 
|  27|0x0000000081b00000, 0x0000000081c00000, 0x0000000081c00000|100%| O|  |TAMS 0x0000000081c00000, 0x0000000081c00000| Untracked 
|  28|0x0000000081c00000, 0x0000000081d00000, 0x0000000081d00000|100%| O|  |TAMS 0x0000000081d00000, 0x0000000081d00000| Untracked 
|  29|0x0000000081d00000, 0x0000000081e00000, 0x0000000081e00000|100%| O|  |TAMS 0x0000000081e00000, 0x0000000081e00000| Untracked 
|  30|0x0000000081e00000, 0x0000000081f00000, 0x0000000081f00000|100%| O|  |TAMS 0x0000000081f00000, 0x0000000081f00000| Untracked 
|  31|0x0000000081f00000, 0x0000000082000000, 0x0000000082000000|100%| O|  |TAMS 0x0000000082000000, 0x0000000082000000| Untracked 
|  32|0x0000000082000000, 0x0000000082100000, 0x0000000082100000|100%|HS|  |TAMS 0x0000000082100000, 0x0000000082100000| Complete 
|  33|0x0000000082100000, 0x0000000082200000, 0x0000000082200000|100%|HS|  |TAMS 0x0000000082200000, 0x0000000082200000| Complete 
|  34|0x0000000082200000, 0x0000000082300000, 0x0000000082300000|100%|HS|  |TAMS 0x0000000082300000, 0x0000000082300000| Complete 
|  35|0x0000000082300000, 0x0000000082400000, 0x0000000082400000|100%| O|  |TAMS 0x0000000082400000, 0x0000000082400000| Untracked 
|  36|0x0000000082400000, 0x0000000082500000, 0x0000000082500000|100%| O|  |TAMS 0x0000000082500000, 0x0000000082500000| Untracked 
|  37|0x0000000082500000, 0x0000000082600000, 0x0000000082600000|100%| O|  |TAMS 0x0000000082600000, 0x0000000082600000| Untracked 
|  38|0x0000000082600000, 0x0000000082700000, 0x0000000082700000|100%| O|  |TAMS 0x0000000082700000, 0x0000000082700000| Untracked 
|  39|0x0000000082700000, 0x0000000082800000, 0x0000000082800000|100%| O|  |TAMS 0x0000000082800000, 0x0000000082800000| Untracked 
|  40|0x0000000082800000, 0x0000000082900000, 0x0000000082900000|100%| O|  |TAMS 0x0000000082900000, 0x0000000082900000| Untracked 
|  41|0x0000000082900000, 0x0000000082a00000, 0x0000000082a00000|100%| O|  |TAMS 0x0000000082a00000, 0x0000000082a00000| Untracked 
|  42|0x0000000082a00000, 0x0000000082b00000, 0x0000000082b00000|100%| O|  |TAMS 0x0000000082b00000, 0x0000000082b00000| Untracked 
|  43|0x0000000082b00000, 0x0000000082c00000, 0x0000000082c00000|100%| O|  |TAMS 0x0000000082c00000, 0x0000000082c00000| Untracked 
|  44|0x0000000082c00000, 0x0000000082d00000, 0x0000000082d00000|100%| O|  |TAMS 0x0000000082d00000, 0x0000000082d00000| Untracked 
|  45|0x0000000082d00000, 0x0000000082e00000, 0x0000000082e00000|100%| O|  |TAMS 0x0000000082e00000, 0x0000000082e00000| Untracked 
|  46|0x0000000082e00000, 0x0000000082f00000, 0x0000000082f00000|100%| O|  |TAMS 0x0000000082f00000, 0x0000000082f00000| Untracked 
|  47|0x0000000082f00000, 0x0000000083000000, 0x0000000083000000|100%| O|  |TAMS 0x0000000083000000, 0x0000000083000000| Untracked 
|  48|0x0000000083000000, 0x0000000083100000, 0x0000000083100000|100%| O|  |TAMS 0x0000000083100000, 0x0000000083100000| Untracked 
|  49|0x0000000083100000, 0x0000000083200000, 0x0000000083200000|100%| O|  |TAMS 0x0000000083200000, 0x0000000083200000| Untracked 
|  50|0x0000000083200000, 0x0000000083253e00, 0x0000000083300000| 32%| O|  |TAMS 0x0000000083200000, 0x0000000083200000| Untracked 
|  51|0x0000000083300000, 0x0000000083400000, 0x0000000083400000|100%| O|  |TAMS 0x0000000083400000, 0x0000000083400000| Untracked 
|  52|0x0000000083400000, 0x0000000083500000, 0x0000000083500000|100%| O|  |TAMS 0x0000000083500000, 0x0000000083500000| Untracked 
|  53|0x0000000083500000, 0x0000000083600000, 0x0000000083600000|100%| O|  |TAMS 0x0000000083600000, 0x0000000083600000| Untracked 
|  54|0x0000000083600000, 0x0000000083700000, 0x0000000083700000|100%| O|  |TAMS 0x0000000083700000, 0x0000000083700000| Untracked 
|  55|0x0000000083700000, 0x0000000083800000, 0x0000000083800000|100%| O|  |TAMS 0x0000000083800000, 0x0000000083800000| Untracked 
|  56|0x0000000083800000, 0x0000000083900000, 0x0000000083900000|100%| O|  |TAMS 0x0000000083900000, 0x0000000083900000| Untracked 
|  57|0x0000000083900000, 0x0000000083a00000, 0x0000000083a00000|100%| O|  |TAMS 0x0000000083a00000, 0x0000000083a00000| Untracked 
|  58|0x0000000083a00000, 0x0000000083b00000, 0x0000000083b00000|100%| O|  |TAMS 0x0000000083b00000, 0x0000000083b00000| Untracked 
|  59|0x0000000083b00000, 0x0000000083c00000, 0x0000000083c00000|100%| O|  |TAMS 0x0000000083c00000, 0x0000000083c00000| Untracked 
|  60|0x0000000083c00000, 0x0000000083d00000, 0x0000000083d00000|100%| O|  |TAMS 0x0000000083d00000, 0x0000000083d00000| Untracked 
|  61|0x0000000083d00000, 0x0000000083e00000, 0x0000000083e00000|100%| O|  |TAMS 0x0000000083e00000, 0x0000000083e00000| Untracked 
|  62|0x0000000083e00000, 0x0000000083f00000, 0x0000000083f00000|100%| O|  |TAMS 0x0000000083f00000, 0x0000000083f00000| Untracked 
|  63|0x0000000083f00000, 0x0000000084000000, 0x0000000084000000|100%| O|  |TAMS 0x0000000084000000, 0x0000000084000000| Untracked 
|  64|0x0000000084000000, 0x0000000084100000, 0x0000000084100000|100%| O|  |TAMS 0x0000000084100000, 0x0000000084100000| Untracked 
|  65|0x0000000084100000, 0x0000000084200000, 0x0000000084200000|100%| O|  |TAMS 0x0000000084200000, 0x0000000084200000| Untracked 
|  66|0x0000000084200000, 0x0000000084300000, 0x0000000084300000|100%| O|  |TAMS 0x0000000084300000, 0x0000000084300000| Untracked 
|  67|0x0000000084300000, 0x0000000084400000, 0x0000000084400000|100%| O|  |TAMS 0x0000000084400000, 0x0000000084400000| Untracked 
|  68|0x0000000084400000, 0x0000000084500000, 0x0000000084500000|100%| O|  |TAMS 0x0000000084500000, 0x0000000084500000| Untracked 
|  69|0x0000000084500000, 0x0000000084600000, 0x0000000084600000|100%| O|  |TAMS 0x0000000084600000, 0x0000000084600000| Untracked 
|  70|0x0000000084600000, 0x0000000084700000, 0x0000000084700000|100%| O|  |TAMS 0x0000000084700000, 0x0000000084700000| Untracked 
|  71|0x0000000084700000, 0x0000000084800000, 0x0000000084800000|100%| O|  |TAMS 0x0000000084800000, 0x0000000084800000| Untracked 
|  72|0x0000000084800000, 0x0000000084900000, 0x0000000084900000|100%| O|  |TAMS 0x0000000084889000, 0x0000000084900000| Untracked 
|  73|0x0000000084900000, 0x0000000084a00000, 0x0000000084a00000|100%| O|  |TAMS 0x0000000084900000, 0x0000000084a00000| Untracked 
|  74|0x0000000084a00000, 0x0000000084b00000, 0x0000000084b00000|100%| O|  |TAMS 0x0000000084a00000, 0x0000000084b00000| Untracked 
|  75|0x0000000084b00000, 0x0000000084c00000, 0x0000000084c00000|100%| O|  |TAMS 0x0000000084b00000, 0x0000000084c00000| Untracked 
|  76|0x0000000084c00000, 0x0000000084d00000, 0x0000000084d00000|100%| O|  |TAMS 0x0000000084c00000, 0x0000000084cc6800| Untracked 
|  77|0x0000000084d00000, 0x0000000084e00000, 0x0000000084e00000|100%|HS|  |TAMS 0x0000000084d00000, 0x0000000084d00000| Complete 
|  78|0x0000000084e00000, 0x0000000084f00000, 0x0000000084f00000|100%|HC|  |TAMS 0x0000000084e00000, 0x0000000084e00000| Complete 
|  79|0x0000000084f00000, 0x0000000085000000, 0x0000000085000000|100%|HS|  |TAMS 0x0000000084f00000, 0x0000000084f00000| Complete 
|  80|0x0000000085000000, 0x0000000085000000, 0x0000000085100000|  0%| F|  |TAMS 0x0000000085000000, 0x0000000085000000| Untracked 
|  81|0x0000000085100000, 0x0000000085100000, 0x0000000085200000|  0%| F|  |TAMS 0x0000000085100000, 0x0000000085100000| Untracked 
|  82|0x0000000085200000, 0x0000000085200000, 0x0000000085300000|  0%| F|  |TAMS 0x0000000085200000, 0x0000000085200000| Untracked 
|  83|0x0000000085300000, 0x0000000085300000, 0x0000000085400000|  0%| F|  |TAMS 0x0000000085300000, 0x0000000085300000| Untracked 
|  84|0x0000000085400000, 0x0000000085400000, 0x0000000085500000|  0%| F|  |TAMS 0x0000000085400000, 0x0000000085400000| Untracked 
|  85|0x0000000085500000, 0x0000000085500000, 0x0000000085600000|  0%| F|  |TAMS 0x0000000085500000, 0x0000000085500000| Untracked 
|  86|0x0000000085600000, 0x0000000085600000, 0x0000000085700000|  0%| F|  |TAMS 0x0000000085600000, 0x0000000085600000| Untracked 
|  87|0x0000000085700000, 0x0000000085700000, 0x0000000085800000|  0%| F|  |TAMS 0x0000000085700000, 0x0000000085700000| Untracked 
|  88|0x0000000085800000, 0x0000000085800000, 0x0000000085900000|  0%| F|  |TAMS 0x0000000085800000, 0x0000000085800000| Untracked 
|  89|0x0000000085900000, 0x0000000085900000, 0x0000000085a00000|  0%| F|  |TAMS 0x0000000085900000, 0x0000000085900000| Untracked 
|  90|0x0000000085a00000, 0x0000000085a00000, 0x0000000085b00000|  0%| F|  |TAMS 0x0000000085a00000, 0x0000000085a00000| Untracked 
|  91|0x0000000085b00000, 0x0000000085b00000, 0x0000000085c00000|  0%| F|  |TAMS 0x0000000085b00000, 0x0000000085b00000| Untracked 
|  92|0x0000000085c00000, 0x0000000085c00000, 0x0000000085d00000|  0%| F|  |TAMS 0x0000000085c00000, 0x0000000085c00000| Untracked 
|  93|0x0000000085d00000, 0x0000000085d00000, 0x0000000085e00000|  0%| F|  |TAMS 0x0000000085d00000, 0x0000000085d00000| Untracked 
|  94|0x0000000085e00000, 0x0000000085e00000, 0x0000000085f00000|  0%| F|  |TAMS 0x0000000085e00000, 0x0000000085e00000| Untracked 
|  95|0x0000000085f00000, 0x0000000085f00000, 0x0000000086000000|  0%| F|  |TAMS 0x0000000085f00000, 0x0000000085f00000| Untracked 
|  96|0x0000000086000000, 0x0000000086000000, 0x0000000086100000|  0%| F|  |TAMS 0x0000000086000000, 0x0000000086000000| Untracked 
|  97|0x0000000086100000, 0x0000000086100000, 0x0000000086200000|  0%| F|  |TAMS 0x0000000086100000, 0x0000000086100000| Untracked 
|  98|0x0000000086200000, 0x0000000086200000, 0x0000000086300000|  0%| F|  |TAMS 0x0000000086200000, 0x0000000086200000| Untracked 
|  99|0x0000000086300000, 0x0000000086300000, 0x0000000086400000|  0%| F|  |TAMS 0x0000000086300000, 0x0000000086300000| Untracked 
| 100|0x0000000086400000, 0x0000000086400000, 0x0000000086500000|  0%| F|  |TAMS 0x0000000086400000, 0x0000000086400000| Untracked 
| 101|0x0000000086500000, 0x0000000086500000, 0x0000000086600000|  0%| F|  |TAMS 0x0000000086500000, 0x0000000086500000| Untracked 
| 102|0x0000000086600000, 0x0000000086600000, 0x0000000086700000|  0%| F|  |TAMS 0x0000000086600000, 0x0000000086600000| Untracked 
| 103|0x0000000086700000, 0x0000000086700000, 0x0000000086800000|  0%| F|  |TAMS 0x0000000086700000, 0x0000000086700000| Untracked 
| 104|0x0000000086800000, 0x0000000086800000, 0x0000000086900000|  0%| F|  |TAMS 0x0000000086800000, 0x0000000086800000| Untracked 
| 105|0x0000000086900000, 0x0000000086a00000, 0x0000000086a00000|100%|HS|  |TAMS 0x0000000086900000, 0x0000000086a00000| Complete 
| 106|0x0000000086a00000, 0x0000000086b00000, 0x0000000086b00000|100%|HC|  |TAMS 0x0000000086a00000, 0x0000000086b00000| Complete 
| 107|0x0000000086b00000, 0x0000000086c00000, 0x0000000086c00000|100%|HS|  |TAMS 0x0000000086b00000, 0x0000000086c00000| Complete 
| 108|0x0000000086c00000, 0x0000000086d00000, 0x0000000086d00000|100%|HC|  |TAMS 0x0000000086c00000, 0x0000000086d00000| Complete 
| 109|0x0000000086d00000, 0x0000000086e00000, 0x0000000086e00000|100%|HS|  |TAMS 0x0000000086d00000, 0x0000000086e00000| Complete 
| 110|0x0000000086e00000, 0x0000000086f00000, 0x0000000086f00000|100%|HC|  |TAMS 0x0000000086e00000, 0x0000000086f00000| Complete 
| 111|0x0000000086f00000, 0x0000000087000000, 0x0000000087000000|100%|HS|  |TAMS 0x0000000086f00000, 0x0000000087000000| Complete 
| 112|0x0000000087000000, 0x0000000087100000, 0x0000000087100000|100%|HC|  |TAMS 0x0000000087000000, 0x0000000087100000| Complete 
| 113|0x0000000087100000, 0x0000000087200000, 0x0000000087200000|100%|HS|  |TAMS 0x0000000087100000, 0x0000000087200000| Complete 
| 114|0x0000000087200000, 0x0000000087300000, 0x0000000087300000|100%|HC|  |TAMS 0x0000000087200000, 0x0000000087300000| Complete 
| 115|0x0000000087300000, 0x0000000087400000, 0x0000000087400000|100%|HS|  |TAMS 0x0000000087300000, 0x0000000087400000| Complete 
| 116|0x0000000087400000, 0x0000000087500000, 0x0000000087500000|100%|HC|  |TAMS 0x0000000087400000, 0x0000000087500000| Complete 
| 117|0x0000000087500000, 0x0000000087600000, 0x0000000087600000|100%|HS|  |TAMS 0x0000000087500000, 0x0000000087600000| Complete 
| 118|0x0000000087600000, 0x0000000087700000, 0x0000000087700000|100%|HC|  |TAMS 0x0000000087600000, 0x0000000087700000| Complete 
| 119|0x0000000087700000, 0x0000000087700000, 0x0000000087800000|  0%| F|  |TAMS 0x0000000087700000, 0x0000000087700000| Untracked 
| 120|0x0000000087800000, 0x0000000087800000, 0x0000000087900000|  0%| F|  |TAMS 0x0000000087800000, 0x0000000087800000| Untracked 
| 121|0x0000000087900000, 0x0000000087900000, 0x0000000087a00000|  0%| F|  |TAMS 0x0000000087900000, 0x0000000087900000| Untracked 
| 122|0x0000000087a00000, 0x0000000087a00000, 0x0000000087b00000|  0%| F|  |TAMS 0x0000000087a00000, 0x0000000087a00000| Untracked 
| 123|0x0000000087b00000, 0x0000000087b00000, 0x0000000087c00000|  0%| F|  |TAMS 0x0000000087b00000, 0x0000000087b00000| Untracked 
| 124|0x0000000087c00000, 0x0000000087c00000, 0x0000000087d00000|  0%| F|  |TAMS 0x0000000087c00000, 0x0000000087c00000| Untracked 
| 125|0x0000000087d00000, 0x0000000087d00000, 0x0000000087e00000|  0%| F|  |TAMS 0x0000000087d00000, 0x0000000087d00000| Untracked 
| 126|0x0000000087e00000, 0x0000000087e00000, 0x0000000087f00000|  0%| F|  |TAMS 0x0000000087e00000, 0x0000000087e00000| Untracked 
| 127|0x0000000087f00000, 0x0000000087f00000, 0x0000000088000000|  0%| F|  |TAMS 0x0000000087f00000, 0x0000000087f00000| Untracked 
| 128|0x0000000088000000, 0x0000000088000000, 0x0000000088100000|  0%| F|  |TAMS 0x0000000088000000, 0x0000000088000000| Untracked 
| 129|0x0000000088100000, 0x0000000088100000, 0x0000000088200000|  0%| F|  |TAMS 0x0000000088100000, 0x0000000088100000| Untracked 
| 130|0x0000000088200000, 0x0000000088200000, 0x0000000088300000|  0%| F|  |TAMS 0x0000000088200000, 0x0000000088200000| Untracked 
| 131|0x0000000088300000, 0x0000000088300000, 0x0000000088400000|  0%| F|  |TAMS 0x0000000088300000, 0x0000000088300000| Untracked 
| 132|0x0000000088400000, 0x0000000088400000, 0x0000000088500000|  0%| F|  |TAMS 0x0000000088400000, 0x0000000088400000| Untracked 
| 133|0x0000000088500000, 0x0000000088500000, 0x0000000088600000|  0%| F|  |TAMS 0x0000000088500000, 0x0000000088500000| Untracked 
| 134|0x0000000088600000, 0x0000000088600000, 0x0000000088700000|  0%| F|  |TAMS 0x0000000088600000, 0x0000000088600000| Untracked 
| 135|0x0000000088700000, 0x0000000088700000, 0x0000000088800000|  0%| F|  |TAMS 0x0000000088700000, 0x0000000088700000| Untracked 
| 136|0x0000000088800000, 0x0000000088800000, 0x0000000088900000|  0%| F|  |TAMS 0x0000000088800000, 0x0000000088800000| Untracked 
| 137|0x0000000088900000, 0x0000000088900000, 0x0000000088a00000|  0%| F|  |TAMS 0x0000000088900000, 0x0000000088900000| Untracked 
| 138|0x0000000088a00000, 0x0000000088a00000, 0x0000000088b00000|  0%| F|  |TAMS 0x0000000088a00000, 0x0000000088a00000| Untracked 
| 139|0x0000000088b00000, 0x0000000088b00000, 0x0000000088c00000|  0%| F|  |TAMS 0x0000000088b00000, 0x0000000088b00000| Untracked 
| 140|0x0000000088c00000, 0x0000000088c00000, 0x0000000088d00000|  0%| F|  |TAMS 0x0000000088c00000, 0x0000000088c00000| Untracked 
| 141|0x0000000088d00000, 0x0000000088d00000, 0x0000000088e00000|  0%| F|  |TAMS 0x0000000088d00000, 0x0000000088d00000| Untracked 
| 142|0x0000000088e00000, 0x0000000088e00000, 0x0000000088f00000|  0%| F|  |TAMS 0x0000000088e00000, 0x0000000088e00000| Untracked 
| 143|0x0000000088f00000, 0x0000000088f00000, 0x0000000089000000|  0%| F|  |TAMS 0x0000000088f00000, 0x0000000088f00000| Untracked 
| 144|0x0000000089000000, 0x0000000089000000, 0x0000000089100000|  0%| F|  |TAMS 0x0000000089000000, 0x0000000089000000| Untracked 
| 145|0x0000000089100000, 0x0000000089100000, 0x0000000089200000|  0%| F|  |TAMS 0x0000000089100000, 0x0000000089100000| Untracked 
| 146|0x0000000089200000, 0x0000000089200000, 0x0000000089300000|  0%| F|  |TAMS 0x0000000089200000, 0x0000000089200000| Untracked 
| 147|0x0000000089300000, 0x0000000089300000, 0x0000000089400000|  0%| F|  |TAMS 0x0000000089300000, 0x0000000089300000| Untracked 
| 148|0x0000000089400000, 0x0000000089400000, 0x0000000089500000|  0%| F|  |TAMS 0x0000000089400000, 0x0000000089400000| Untracked 
| 149|0x0000000089500000, 0x0000000089500000, 0x0000000089600000|  0%| F|  |TAMS 0x0000000089500000, 0x0000000089500000| Untracked 
| 150|0x0000000089600000, 0x0000000089600000, 0x0000000089700000|  0%| F|  |TAMS 0x0000000089600000, 0x0000000089600000| Untracked 
| 151|0x0000000089700000, 0x0000000089700000, 0x0000000089800000|  0%| F|  |TAMS 0x0000000089700000, 0x0000000089700000| Untracked 
| 152|0x0000000089800000, 0x0000000089800000, 0x0000000089900000|  0%| F|  |TAMS 0x0000000089800000, 0x0000000089800000| Untracked 
| 153|0x0000000089900000, 0x0000000089900000, 0x0000000089a00000|  0%| F|  |TAMS 0x0000000089900000, 0x0000000089900000| Untracked 
| 154|0x0000000089a00000, 0x0000000089a00000, 0x0000000089b00000|  0%| F|  |TAMS 0x0000000089a00000, 0x0000000089a00000| Untracked 
| 155|0x0000000089b00000, 0x0000000089b00000, 0x0000000089c00000|  0%| F|  |TAMS 0x0000000089b00000, 0x0000000089b00000| Untracked 
| 156|0x0000000089c00000, 0x0000000089c00000, 0x0000000089d00000|  0%| F|  |TAMS 0x0000000089c00000, 0x0000000089c00000| Untracked 
| 157|0x0000000089d00000, 0x0000000089d00000, 0x0000000089e00000|  0%| F|  |TAMS 0x0000000089d00000, 0x0000000089d00000| Untracked 
| 158|0x0000000089e00000, 0x0000000089e00000, 0x0000000089f00000|  0%| F|  |TAMS 0x0000000089e00000, 0x0000000089e00000| Untracked 
| 159|0x0000000089f00000, 0x0000000089f00000, 0x000000008a000000|  0%| F|  |TAMS 0x0000000089f00000, 0x0000000089f00000| Untracked 
| 160|0x000000008a000000, 0x000000008a000000, 0x000000008a100000|  0%| F|  |TAMS 0x000000008a000000, 0x000000008a000000| Untracked 
| 161|0x000000008a100000, 0x000000008a100000, 0x000000008a200000|  0%| F|  |TAMS 0x000000008a100000, 0x000000008a100000| Untracked 
| 162|0x000000008a200000, 0x000000008a200000, 0x000000008a300000|  0%| F|  |TAMS 0x000000008a200000, 0x000000008a200000| Untracked 
| 163|0x000000008a300000, 0x000000008a300000, 0x000000008a400000|  0%| F|  |TAMS 0x000000008a300000, 0x000000008a300000| Untracked 
| 164|0x000000008a400000, 0x000000008a400000, 0x000000008a500000|  0%| F|  |TAMS 0x000000008a400000, 0x000000008a400000| Untracked 
| 165|0x000000008a500000, 0x000000008a500000, 0x000000008a600000|  0%| F|  |TAMS 0x000000008a500000, 0x000000008a500000| Untracked 
| 166|0x000000008a600000, 0x000000008a600000, 0x000000008a700000|  0%| F|  |TAMS 0x000000008a600000, 0x000000008a600000| Untracked 
| 167|0x000000008a700000, 0x000000008a700000, 0x000000008a800000|  0%| F|  |TAMS 0x000000008a700000, 0x000000008a700000| Untracked 
| 168|0x000000008a800000, 0x000000008a800000, 0x000000008a900000|  0%| F|  |TAMS 0x000000008a800000, 0x000000008a800000| Untracked 
| 169|0x000000008a900000, 0x000000008a900000, 0x000000008aa00000|  0%| F|  |TAMS 0x000000008a900000, 0x000000008a900000| Untracked 
| 170|0x000000008aa00000, 0x000000008aa00000, 0x000000008ab00000|  0%| F|  |TAMS 0x000000008aa00000, 0x000000008aa00000| Untracked 
| 171|0x000000008ab00000, 0x000000008ab00000, 0x000000008ac00000|  0%| F|  |TAMS 0x000000008ab00000, 0x000000008ab00000| Untracked 
| 172|0x000000008ac00000, 0x000000008ac00000, 0x000000008ad00000|  0%| F|  |TAMS 0x000000008ac00000, 0x000000008ac00000| Untracked 
| 173|0x000000008ad00000, 0x000000008ad00000, 0x000000008ae00000|  0%| F|  |TAMS 0x000000008ad00000, 0x000000008ad00000| Untracked 
| 174|0x000000008ae00000, 0x000000008ae00000, 0x000000008af00000|  0%| F|  |TAMS 0x000000008ae00000, 0x000000008ae00000| Untracked 
| 175|0x000000008af00000, 0x000000008af00000, 0x000000008b000000|  0%| F|  |TAMS 0x000000008af00000, 0x000000008af00000| Untracked 
| 176|0x000000008b000000, 0x000000008b000000, 0x000000008b100000|  0%| F|  |TAMS 0x000000008b000000, 0x000000008b000000| Untracked 
| 177|0x000000008b100000, 0x000000008b100000, 0x000000008b200000|  0%| F|  |TAMS 0x000000008b100000, 0x000000008b100000| Untracked 
| 178|0x000000008b200000, 0x000000008b226fa0, 0x000000008b300000| 15%| S|CS|TAMS 0x000000008b200000, 0x000000008b200000| Complete 
| 179|0x000000008b300000, 0x000000008b400000, 0x000000008b400000|100%| S|CS|TAMS 0x000000008b300000, 0x000000008b300000| Complete 
| 180|0x000000008b400000, 0x000000008b500000, 0x000000008b500000|100%| S|CS|TAMS 0x000000008b400000, 0x000000008b400000| Complete 
| 181|0x000000008b500000, 0x000000008b600000, 0x000000008b600000|100%| S|CS|TAMS 0x000000008b500000, 0x000000008b500000| Complete 
| 182|0x000000008b600000, 0x000000008b700000, 0x000000008b700000|100%| S|CS|TAMS 0x000000008b600000, 0x000000008b600000| Complete 
| 183|0x000000008b700000, 0x000000008b800000, 0x000000008b800000|100%| S|CS|TAMS 0x000000008b700000, 0x000000008b700000| Complete 
| 184|0x000000008b800000, 0x000000008b900000, 0x000000008b900000|100%| S|CS|TAMS 0x000000008b800000, 0x000000008b800000| Complete 
| 185|0x000000008b900000, 0x000000008ba00000, 0x000000008ba00000|100%| S|CS|TAMS 0x000000008b900000, 0x000000008b900000| Complete 
| 186|0x000000008ba00000, 0x000000008bb00000, 0x000000008bb00000|100%| S|CS|TAMS 0x000000008ba00000, 0x000000008ba00000| Complete 
| 187|0x000000008bb00000, 0x000000008bc00000, 0x000000008bc00000|100%| S|CS|TAMS 0x000000008bb00000, 0x000000008bb00000| Complete 
| 188|0x000000008bc00000, 0x000000008bd00000, 0x000000008bd00000|100%| S|CS|TAMS 0x000000008bc00000, 0x000000008bc00000| Complete 
| 189|0x000000008bd00000, 0x000000008be00000, 0x000000008be00000|100%| S|CS|TAMS 0x000000008bd00000, 0x000000008bd00000| Complete 
| 190|0x000000008be00000, 0x000000008bf00000, 0x000000008bf00000|100%| S|CS|TAMS 0x000000008be00000, 0x000000008be00000| Complete 
| 191|0x000000008bf00000, 0x000000008c000000, 0x000000008c000000|100%| S|CS|TAMS 0x000000008bf00000, 0x000000008bf00000| Complete 
| 192|0x000000008c000000, 0x000000008c000000, 0x000000008c100000|  0%| F|  |TAMS 0x000000008c000000, 0x000000008c000000| Untracked 
| 193|0x000000008c100000, 0x000000008c100000, 0x000000008c200000|  0%| F|  |TAMS 0x000000008c100000, 0x000000008c100000| Untracked 
| 194|0x000000008c200000, 0x000000008c200000, 0x000000008c300000|  0%| F|  |TAMS 0x000000008c200000, 0x000000008c200000| Untracked 
| 195|0x000000008c300000, 0x000000008c300000, 0x000000008c400000|  0%| F|  |TAMS 0x000000008c300000, 0x000000008c300000| Untracked 
| 196|0x000000008c400000, 0x000000008c400000, 0x000000008c500000|  0%| F|  |TAMS 0x000000008c400000, 0x000000008c400000| Untracked 
| 197|0x000000008c500000, 0x000000008c500000, 0x000000008c600000|  0%| F|  |TAMS 0x000000008c500000, 0x000000008c500000| Untracked 
| 198|0x000000008c600000, 0x000000008c600000, 0x000000008c700000|  0%| F|  |TAMS 0x000000008c600000, 0x000000008c600000| Untracked 
| 199|0x000000008c700000, 0x000000008c700000, 0x000000008c800000|  0%| F|  |TAMS 0x000000008c700000, 0x000000008c700000| Untracked 
| 200|0x000000008c800000, 0x000000008c800000, 0x000000008c900000|  0%| F|  |TAMS 0x000000008c800000, 0x000000008c800000| Untracked 
| 201|0x000000008c900000, 0x000000008c900000, 0x000000008ca00000|  0%| F|  |TAMS 0x000000008c900000, 0x000000008c900000| Untracked 
| 202|0x000000008ca00000, 0x000000008ca00000, 0x000000008cb00000|  0%| F|  |TAMS 0x000000008ca00000, 0x000000008ca00000| Untracked 
| 203|0x000000008cb00000, 0x000000008cb00000, 0x000000008cc00000|  0%| F|  |TAMS 0x000000008cb00000, 0x000000008cb00000| Untracked 
| 204|0x000000008cc00000, 0x000000008cc4ff30, 0x000000008cd00000| 31%| E|  |TAMS 0x000000008cc00000, 0x000000008cc00000| Complete 
| 205|0x000000008cd00000, 0x000000008ce00000, 0x000000008ce00000|100%| E|CS|TAMS 0x000000008cd00000, 0x000000008cd00000| Complete 
| 206|0x000000008ce00000, 0x000000008cf00000, 0x000000008cf00000|100%| E|CS|TAMS 0x000000008ce00000, 0x000000008ce00000| Complete 
| 207|0x000000008cf00000, 0x000000008d000000, 0x000000008d000000|100%| E|CS|TAMS 0x000000008cf00000, 0x000000008cf00000| Complete 
| 208|0x000000008d000000, 0x000000008d100000, 0x000000008d100000|100%| E|CS|TAMS 0x000000008d000000, 0x000000008d000000| Complete 
| 209|0x000000008d100000, 0x000000008d200000, 0x000000008d200000|100%| E|CS|TAMS 0x000000008d100000, 0x000000008d100000| Complete 
| 210|0x000000008d200000, 0x000000008d300000, 0x000000008d300000|100%| E|CS|TAMS 0x000000008d200000, 0x000000008d200000| Complete 
| 211|0x000000008d300000, 0x000000008d400000, 0x000000008d400000|100%| E|CS|TAMS 0x000000008d300000, 0x000000008d300000| Complete 
| 212|0x000000008d400000, 0x000000008d500000, 0x000000008d500000|100%| E|CS|TAMS 0x000000008d400000, 0x000000008d400000| Complete 
| 213|0x000000008d500000, 0x000000008d600000, 0x000000008d600000|100%| E|CS|TAMS 0x000000008d500000, 0x000000008d500000| Complete 
| 214|0x000000008d600000, 0x000000008d700000, 0x000000008d700000|100%| E|CS|TAMS 0x000000008d600000, 0x000000008d600000| Complete 
| 215|0x000000008d700000, 0x000000008d800000, 0x000000008d800000|100%| E|CS|TAMS 0x000000008d700000, 0x000000008d700000| Complete 
| 216|0x000000008d800000, 0x000000008d900000, 0x000000008d900000|100%| E|CS|TAMS 0x000000008d800000, 0x000000008d800000| Complete 
| 217|0x000000008d900000, 0x000000008da00000, 0x000000008da00000|100%| E|CS|TAMS 0x000000008d900000, 0x000000008d900000| Complete 
| 218|0x000000008da00000, 0x000000008db00000, 0x000000008db00000|100%| E|CS|TAMS 0x000000008da00000, 0x000000008da00000| Complete 
| 219|0x000000008db00000, 0x000000008dc00000, 0x000000008dc00000|100%| E|CS|TAMS 0x000000008db00000, 0x000000008db00000| Complete 
| 220|0x000000008dc00000, 0x000000008dd00000, 0x000000008dd00000|100%| E|CS|TAMS 0x000000008dc00000, 0x000000008dc00000| Complete 
| 221|0x000000008dd00000, 0x000000008de00000, 0x000000008de00000|100%| E|CS|TAMS 0x000000008dd00000, 0x000000008dd00000| Complete 
| 222|0x000000008de00000, 0x000000008df00000, 0x000000008df00000|100%| E|CS|TAMS 0x000000008de00000, 0x000000008de00000| Complete 
| 223|0x000000008df00000, 0x000000008e000000, 0x000000008e000000|100%| E|CS|TAMS 0x000000008df00000, 0x000000008df00000| Complete 
| 224|0x000000008e000000, 0x000000008e100000, 0x000000008e100000|100%| E|CS|TAMS 0x000000008e000000, 0x000000008e000000| Complete 
| 225|0x000000008e100000, 0x000000008e200000, 0x000000008e200000|100%| E|CS|TAMS 0x000000008e100000, 0x000000008e100000| Complete 
| 226|0x000000008e200000, 0x000000008e300000, 0x000000008e300000|100%| E|CS|TAMS 0x000000008e200000, 0x000000008e200000| Complete 
| 227|0x000000008e300000, 0x000000008e400000, 0x000000008e400000|100%| E|CS|TAMS 0x000000008e300000, 0x000000008e300000| Complete 
| 228|0x000000008e400000, 0x000000008e500000, 0x000000008e500000|100%| E|CS|TAMS 0x000000008e400000, 0x000000008e400000| Complete 
| 229|0x000000008e500000, 0x000000008e600000, 0x000000008e600000|100%| E|CS|TAMS 0x000000008e500000, 0x000000008e500000| Complete 
| 230|0x000000008e600000, 0x000000008e700000, 0x000000008e700000|100%| E|CS|TAMS 0x000000008e600000, 0x000000008e600000| Complete 
| 231|0x000000008e700000, 0x000000008e800000, 0x000000008e800000|100%| E|CS|TAMS 0x000000008e700000, 0x000000008e700000| Complete 
| 232|0x000000008e800000, 0x000000008e900000, 0x000000008e900000|100%| E|CS|TAMS 0x000000008e800000, 0x000000008e800000| Complete 
| 233|0x000000008e900000, 0x000000008ea00000, 0x000000008ea00000|100%| E|CS|TAMS 0x000000008e900000, 0x000000008e900000| Complete 
| 234|0x000000008ea00000, 0x000000008eb00000, 0x000000008eb00000|100%| E|CS|TAMS 0x000000008ea00000, 0x000000008ea00000| Complete 
| 235|0x000000008eb00000, 0x000000008ec00000, 0x000000008ec00000|100%| E|CS|TAMS 0x000000008eb00000, 0x000000008eb00000| Complete 
| 236|0x000000008ec00000, 0x000000008ed00000, 0x000000008ed00000|100%| E|CS|TAMS 0x000000008ec00000, 0x000000008ec00000| Complete 
| 237|0x000000008ed00000, 0x000000008ee00000, 0x000000008ee00000|100%| E|  |TAMS 0x000000008ed00000, 0x000000008ed00000| Complete 
| 238|0x000000008ee00000, 0x000000008ef00000, 0x000000008ef00000|100%| E|CS|TAMS 0x000000008ee00000, 0x000000008ee00000| Complete 
| 239|0x000000008ef00000, 0x000000008f000000, 0x000000008f000000|100%| E|CS|TAMS 0x000000008ef00000, 0x000000008ef00000| Complete 
| 240|0x000000008f000000, 0x000000008f100000, 0x000000008f100000|100%| E|CS|TAMS 0x000000008f000000, 0x000000008f000000| Complete 
| 241|0x000000008f100000, 0x000000008f200000, 0x000000008f200000|100%| E|CS|TAMS 0x000000008f100000, 0x000000008f100000| Complete 
| 242|0x000000008f200000, 0x000000008f300000, 0x000000008f300000|100%| E|CS|TAMS 0x000000008f200000, 0x000000008f200000| Complete 
| 243|0x000000008f300000, 0x000000008f400000, 0x000000008f400000|100%| E|CS|TAMS 0x000000008f300000, 0x000000008f300000| Complete 
| 244|0x000000008f400000, 0x000000008f500000, 0x000000008f500000|100%| E|CS|TAMS 0x000000008f400000, 0x000000008f400000| Complete 
| 245|0x000000008f500000, 0x000000008f600000, 0x000000008f600000|100%| E|CS|TAMS 0x000000008f500000, 0x000000008f500000| Complete 
| 246|0x000000008f600000, 0x000000008f700000, 0x000000008f700000|100%| E|CS|TAMS 0x000000008f600000, 0x000000008f600000| Complete 
| 247|0x000000008f700000, 0x000000008f800000, 0x000000008f800000|100%| E|CS|TAMS 0x000000008f700000, 0x000000008f700000| Complete 
| 248|0x000000008f800000, 0x000000008f900000, 0x000000008f900000|100%| E|CS|TAMS 0x000000008f800000, 0x000000008f800000| Complete 
| 249|0x000000008f900000, 0x000000008fa00000, 0x000000008fa00000|100%| E|CS|TAMS 0x000000008f900000, 0x000000008f900000| Complete 
| 250|0x000000008fa00000, 0x000000008fb00000, 0x000000008fb00000|100%| E|CS|TAMS 0x000000008fa00000, 0x000000008fa00000| Complete 
| 251|0x000000008fb00000, 0x000000008fc00000, 0x000000008fc00000|100%| E|CS|TAMS 0x000000008fb00000, 0x000000008fb00000| Complete 
| 252|0x000000008fc00000, 0x000000008fd00000, 0x000000008fd00000|100%| E|CS|TAMS 0x000000008fc00000, 0x000000008fc00000| Complete 
| 253|0x000000008fd00000, 0x000000008fe00000, 0x000000008fe00000|100%| E|CS|TAMS 0x000000008fd00000, 0x000000008fd00000| Complete 
| 254|0x000000008fe00000, 0x000000008ff00000, 0x000000008ff00000|100%| E|CS|TAMS 0x000000008fe00000, 0x000000008fe00000| Complete 
| 255|0x000000008ff00000, 0x0000000090000000, 0x0000000090000000|100%| E|CS|TAMS 0x000000008ff00000, 0x000000008ff00000| Complete 
| 256|0x0000000090000000, 0x0000000090100000, 0x0000000090100000|100%| E|CS|TAMS 0x0000000090000000, 0x0000000090000000| Complete 
| 257|0x0000000090100000, 0x0000000090200000, 0x0000000090200000|100%| E|CS|TAMS 0x0000000090100000, 0x0000000090100000| Complete 
| 258|0x0000000090200000, 0x0000000090300000, 0x0000000090300000|100%| E|CS|TAMS 0x0000000090200000, 0x0000000090200000| Complete 
| 259|0x0000000090300000, 0x0000000090400000, 0x0000000090400000|100%| E|CS|TAMS 0x0000000090300000, 0x0000000090300000| Complete 
| 260|0x0000000090400000, 0x0000000090500000, 0x0000000090500000|100%| E|CS|TAMS 0x0000000090400000, 0x0000000090400000| Complete 

Card table byte_map: [0x000001cff6140000,0x000001cff6540000] _byte_map_base: 0x000001cff5d40000

Marking Bits (Prev, Next): (CMBitMap*) 0x000001cfe3596b30, (CMBitMap*) 0x000001cfe3596af0
 Prev Bits: [0x000001cff8940000, 0x000001cffa940000)
 Next Bits: [0x000001cff6940000, 0x000001cff8940000)

Polling page: 0x000001cfe1470000

Metaspace:

Usage:
  Non-class:     86.73 MB used.
      Class:     13.32 MB used.
       Both:    100.04 MB used.

Virtual space:
  Non-class space:       88.00 MB reserved,      87.06 MB ( 99%) committed,  11 nodes.
      Class space:        1.00 GB reserved,      13.69 MB (  1%) committed,  1 nodes.
             Both:        1.09 GB reserved,     100.75 MB (  9%) committed. 

Chunk freelists:
   Non-Class:  0 bytes
       Class:  2.16 MB
        Both:  2.16 MB

MaxMetaspaceSize: unlimited
CompressedClassSpaceSize: 1.00 GB
Initial GC threshold: 21.00 MB
Current GC threshold: 149.69 MB
CDS: off
MetaspaceReclaimPolicy: balanced
 - commit_granule_bytes: 65536.
 - commit_granule_words: 8192.
 - virtual_space_node_default_size: 1048576.
 - enlarge_chunks_in_place: 1.
 - new_chunks_are_fully_committed: 0.
 - uncommit_free_chunks: 1.
 - use_allocation_guard: 0.
 - handle_deallocations: 1.


Internal statistics:

num_allocs_failed_limit: 9.
num_arena_births: 1106.
num_arena_deaths: 0.
num_vsnodes_births: 12.
num_vsnodes_deaths: 0.
num_space_committed: 1610.
num_space_uncommitted: 0.
num_chunks_returned_to_freelist: 9.
num_chunks_taken_from_freelist: 4854.
num_chunk_merges: 9.
num_chunk_splits: 3238.
num_chunks_enlarged: 2190.
num_purges: 0.
num_inconsistent_stats: 0.

CodeHeap 'non-profiled nmethods': size=120000Kb used=6302Kb max_used=6302Kb free=113697Kb
 bounds [0x000001cfee4e0000, 0x000001cfeeb10000, 0x000001cff5a10000]
CodeHeap 'profiled nmethods': size=120000Kb used=21532Kb max_used=21532Kb free=98467Kb
 bounds [0x000001cfe6a10000, 0x000001cfe7f20000, 0x000001cfedf40000]
CodeHeap 'non-nmethods': size=5760Kb used=2398Kb max_used=2524Kb free=3361Kb
 bounds [0x000001cfedf40000, 0x000001cfee1d0000, 0x000001cfee4e0000]
 total_blobs=12050 nmethods=11114 adapters=848
 compilation: enabled
              stopped_count=0, restarted_count=0
 full_count=0

Compilation events (20 events):
Event: 110.498 Thread 0x000001cffdc83180 12576       4       com.google.common.collect.RegularImmutableMap::checkNoConflictInKeyBucket (119 bytes)
Event: 110.499 Thread 0x000001cffdc83c20 nmethod 12601 0x000001cfe7ee8610 code [0x000001cfe7ee8a00, 0x000001cfe7eea278]
Event: 110.500 Thread 0x000001cffdc83180 nmethod 12576 0x000001cfeeb00990 code [0x000001cfeeb00b20, 0x000001cfeeb00c38]
Event: 110.500 Thread 0x000001cffdc83180 12496       4       java.util.LinkedList::listIterator (15 bytes)
Event: 110.500 Thread 0x000001cffdc83c20 12603       2       org.gradle.internal.operations.DefaultBuildOperationListenerManager$ProgressShieldingBuildOperationListener::finished (26 bytes)
Event: 110.501 Thread 0x000001cffdc83c20 nmethod 12603 0x000001cfe7eeab10 code [0x000001cfe7eeacc0, 0x000001cfe7eeae38]
Event: 110.501 Thread 0x000001cffdc83c20 12604   !   3       java.util.concurrent.ThreadPoolExecutor::addWorker (289 bytes)
Event: 110.503 Thread 0x000001cffdc83c20 nmethod 12604 0x000001cfe7eeaf10 code [0x000001cfe7eeb2e0, 0x000001cfe7eed3a8]
Event: 110.503 Thread 0x000001cffdc83c20 12605   !   3       com.google.common.cache.LocalCache$Segment::runLockedCleanup (39 bytes)
Event: 110.504 Thread 0x000001cffdc83c20 nmethod 12605 0x000001cfe7eee190 code [0x000001cfe7eee400, 0x000001cfe7eeeef8]
Event: 110.504 Thread 0x000001cffdc83c20 12606       3       java.nio.file.Path::resolve (21 bytes)
Event: 110.504 Thread 0x000001cffdc83c20 nmethod 12606 0x000001cfe7eef390 code [0x000001cfe7eef560, 0x000001cfe7eef948]
Event: 110.506 Thread 0x000001cffdc83180 nmethod 12496 0x000001cfeeb00d90 code [0x000001cfeeb00f20, 0x000001cfeeb011d8]
Event: 110.506 Thread 0x000001cffdc83180 12509       4       java.util.AbstractSequentialList::iterator (5 bytes)
Event: 110.506 Thread 0x000001cffdc83c20 12608       3       com.esotericsoftware.kryo.io.Output::writeByte (36 bytes)
Event: 110.506 Thread 0x000001cffdc83c20 nmethod 12608 0x000001cfe7eefa90 code [0x000001cfe7eefc40, 0x000001cfe7eefe28]
Event: 110.507 Thread 0x000001cffdc83c20 12609       3       org.gradle.internal.serialize.kryo.KryoBackedEncoder::writeNullableString (9 bytes)
Event: 110.507 Thread 0x000001cffdc83c20 nmethod 12609 0x000001cfe7eeff10 code [0x000001cfe7ef00c0, 0x000001cfe7ef0228]
Event: 110.510 Thread 0x000001cffdc83180 nmethod 12509 0x000001cfeeb01410 code [0x000001cfeeb015a0, 0x000001cfeeb01818]
Event: 110.510 Thread 0x000001cffdc83180 12607       4       java.util.concurrent.locks.ReentrantLock$NonfairSync::tryAcquire (27 bytes)

GC Heap History (20 events):
Event: 9.456 GC heap before
{Heap before GC invocations=28 (full 0):
 garbage-first heap   total 125952K, used 96263K [0x0000000080000000, 0x0000000100000000)
  region size 1024K, 43 young (44032K), 5 survivors (5120K)
 Metaspace       used 82305K, committed 82944K, reserved 1122304K
  class space    used 11141K, committed 11456K, reserved 1048576K
}
Event: 9.462 GC heap after
{Heap after GC invocations=29 (full 0):
 garbage-first heap   total 125952K, used 60653K [0x0000000080000000, 0x0000000100000000)
  region size 1024K, 5 young (5120K), 5 survivors (5120K)
 Metaspace       used 82305K, committed 82944K, reserved 1122304K
  class space    used 11141K, committed 11456K, reserved 1048576K
}
Event: 10.052 GC heap before
{Heap before GC invocations=29 (full 0):
 garbage-first heap   total 125952K, used 98541K [0x0000000080000000, 0x0000000100000000)
  region size 1024K, 42 young (43008K), 5 survivors (5120K)
 Metaspace       used 86438K, committed 87040K, reserved 1130496K
  class space    used 11782K, committed 12032K, reserved 1048576K
}
Event: 10.057 GC heap after
{Heap after GC invocations=30 (full 0):
 garbage-first heap   total 125952K, used 63220K [0x0000000080000000, 0x0000000100000000)
  region size 1024K, 6 young (6144K), 6 survivors (6144K)
 Metaspace       used 86438K, committed 87040K, reserved 1130496K
  class space    used 11782K, committed 12032K, reserved 1048576K
}
Event: 10.571 GC heap before
{Heap before GC invocations=30 (full 0):
 garbage-first heap   total 125952K, used 100084K [0x0000000080000000, 0x0000000100000000)
  region size 1024K, 42 young (43008K), 6 survivors (6144K)
 Metaspace       used 89381K, committed 90048K, reserved 1130496K
  class space    used 12147K, committed 12480K, reserved 1048576K
}
Event: 10.580 GC heap after
{Heap after GC invocations=31 (full 0):
 garbage-first heap   total 125952K, used 67104K [0x0000000080000000, 0x0000000100000000)
  region size 1024K, 6 young (6144K), 6 survivors (6144K)
 Metaspace       used 89381K, committed 90048K, reserved 1130496K
  class space    used 12147K, committed 12480K, reserved 1048576K
}
Event: 10.883 GC heap before
{Heap before GC invocations=32 (full 0):
 garbage-first heap   total 125952K, used 100896K [0x0000000080000000, 0x0000000100000000)
  region size 1024K, 39 young (39936K), 6 survivors (6144K)
 Metaspace       used 89704K, committed 90304K, reserved 1130496K
  class space    used 12165K, committed 12480K, reserved 1048576K
}
Event: 10.892 GC heap after
{Heap after GC invocations=33 (full 0):
 garbage-first heap   total 125952K, used 72936K [0x0000000080000000, 0x0000000100000000)
  region size 1024K, 5 young (5120K), 5 survivors (5120K)
 Metaspace       used 89704K, committed 90304K, reserved 1130496K
  class space    used 12165K, committed 12480K, reserved 1048576K
}
Event: 10.908 GC heap before
{Heap before GC invocations=33 (full 0):
 garbage-first heap   total 125952K, used 73960K [0x0000000080000000, 0x0000000100000000)
  region size 1024K, 6 young (6144K), 5 survivors (5120K)
 Metaspace       used 89786K, committed 90368K, reserved 1130496K
  class space    used 12174K, committed 12480K, reserved 1048576K
}
Event: 10.914 GC heap after
{Heap after GC invocations=34 (full 0):
 garbage-first heap   total 125952K, used 74276K [0x0000000080000000, 0x0000000100000000)
  region size 1024K, 1 young (1024K), 1 survivors (1024K)
 Metaspace       used 89786K, committed 90368K, reserved 1130496K
  class space    used 12174K, committed 12480K, reserved 1048576K
}
Event: 11.008 GC heap before
{Heap before GC invocations=34 (full 0):
 garbage-first heap   total 125952K, used 81444K [0x0000000080000000, 0x0000000100000000)
  region size 1024K, 9 young (9216K), 1 survivors (1024K)
 Metaspace       used 90395K, committed 91008K, reserved 1130496K
  class space    used 12235K, committed 12544K, reserved 1048576K
}
Event: 11.009 GC heap after
{Heap after GC invocations=35 (full 0):
 garbage-first heap   total 125952K, used 76480K [0x0000000080000000, 0x0000000100000000)
  region size 1024K, 4 young (4096K), 4 survivors (4096K)
 Metaspace       used 90395K, committed 91008K, reserved 1130496K
  class space    used 12235K, committed 12544K, reserved 1048576K
}
Event: 11.358 GC heap before
{Heap before GC invocations=36 (full 0):
 garbage-first heap   total 138240K, used 100032K [0x0000000080000000, 0x0000000100000000)
  region size 1024K, 26 young (26624K), 4 survivors (4096K)
 Metaspace       used 92906K, committed 93568K, reserved 1130496K
  class space    used 12609K, committed 12928K, reserved 1048576K
}
Event: 11.363 GC heap after
{Heap after GC invocations=37 (full 0):
 garbage-first heap   total 138240K, used 78192K [0x0000000080000000, 0x0000000100000000)
  region size 1024K, 3 young (3072K), 3 survivors (3072K)
 Metaspace       used 92906K, committed 93568K, reserved 1130496K
  class space    used 12609K, committed 12928K, reserved 1048576K
}
Event: 11.382 GC heap before
{Heap before GC invocations=37 (full 0):
 garbage-first heap   total 138240K, used 81264K [0x0000000080000000, 0x0000000100000000)
  region size 1024K, 6 young (6144K), 3 survivors (3072K)
 Metaspace       used 92989K, committed 93632K, reserved 1130496K
  class space    used 12636K, committed 12928K, reserved 1048576K
}
Event: 11.388 GC heap after
{Heap after GC invocations=38 (full 0):
 garbage-first heap   total 267264K, used 78501K [0x0000000080000000, 0x0000000100000000)
  region size 1024K, 1 young (1024K), 1 survivors (1024K)
 Metaspace       used 92989K, committed 93632K, reserved 1130496K
  class space    used 12636K, committed 12928K, reserved 1048576K
}
Event: 12.330 GC heap before
{Heap before GC invocations=38 (full 0):
 garbage-first heap   total 267264K, used 191141K [0x0000000080000000, 0x0000000100000000)
  region size 1024K, 112 young (114688K), 1 survivors (1024K)
 Metaspace       used 94172K, committed 94912K, reserved 1138688K
  class space    used 12738K, committed 13056K, reserved 1048576K
}
Event: 12.338 GC heap after
{Heap after GC invocations=39 (full 0):
 garbage-first heap   total 267264K, used 85750K [0x0000000080000000, 0x0000000100000000)
  region size 1024K, 8 young (8192K), 8 survivors (8192K)
 Metaspace       used 94172K, committed 94912K, reserved 1138688K
  class space    used 12738K, committed 13056K, reserved 1048576K
}
Event: 13.879 GC heap before
{Heap before GC invocations=39 (full 0):
 garbage-first heap   total 267264K, used 197366K [0x0000000080000000, 0x0000000100000000)
  region size 1024K, 77 young (78848K), 8 survivors (8192K)
 Metaspace       used 97343K, committed 98048K, reserved 1138688K
  class space    used 13156K, committed 13504K, reserved 1048576K
}
Event: 13.888 GC heap after
{Heap after GC invocations=40 (full 0):
 garbage-first heap   total 267264K, used 105963K [0x0000000080000000, 0x0000000100000000)
  region size 1024K, 14 young (14336K), 14 survivors (14336K)
 Metaspace       used 97343K, committed 98048K, reserved 1138688K
  class space    used 13156K, committed 13504K, reserved 1048576K
}

Dll operation events (2 events):
Event: 0.006 Loaded shared library C:\Program Files\Android\Android Studio\jbr\bin\java.dll
Event: 0.269 Loaded shared library C:\Program Files\Android\Android Studio\jbr\bin\verify.dll

Deoptimization events (20 events):
Event: 110.317 Thread 0x000001cf87b8d360 DEOPT PACKING pc=0x000001cfee547330 sp=0x00000083504f9290
Event: 110.317 Thread 0x000001cf87b8d360 DEOPT UNPACKING pc=0x000001cfedf969a3 sp=0x00000083504f9228 mode 2
Event: 110.324 Thread 0x000001cf87b8d360 DEOPT PACKING pc=0x000001cfe72b0951 sp=0x00000083504f9000
Event: 110.324 Thread 0x000001cf87b8d360 DEOPT UNPACKING pc=0x000001cfedf97143 sp=0x00000083504f84f8 mode 0
Event: 110.324 Thread 0x000001cf87b8d360 DEOPT PACKING pc=0x000001cfe72b0951 sp=0x00000083504f9000
Event: 110.324 Thread 0x000001cf87b8d360 DEOPT UNPACKING pc=0x000001cfedf97143 sp=0x00000083504f84f8 mode 0
Event: 110.326 Thread 0x000001cf87b8d360 DEOPT PACKING pc=0x000001cfe72b0951 sp=0x00000083504f9000
Event: 110.326 Thread 0x000001cf87b8d360 DEOPT UNPACKING pc=0x000001cfedf97143 sp=0x00000083504f84f8 mode 0
Event: 110.326 Thread 0x000001cf87b8d360 DEOPT PACKING pc=0x000001cfe72b0951 sp=0x00000083504f8db0
Event: 110.326 Thread 0x000001cf87b8d360 DEOPT UNPACKING pc=0x000001cfedf97143 sp=0x00000083504f82a8 mode 0
Event: 110.327 Thread 0x000001cf87b8d360 DEOPT PACKING pc=0x000001cfe72b0951 sp=0x00000083504f8db0
Event: 110.327 Thread 0x000001cf87b8d360 DEOPT UNPACKING pc=0x000001cfedf97143 sp=0x00000083504f82a8 mode 0
Event: 110.330 Thread 0x000001cf87b8d360 Uncommon trap: trap_request=0xffffff45 fr.pc=0x000001cfee9143d4 relative=0x0000000000000b94
Event: 110.330 Thread 0x000001cf87b8d360 Uncommon trap: reason=unstable_if action=reinterpret pc=0x000001cfee9143d4 method=com.google.common.cache.LocalCache$Segment.drainReferenceQueues()V @ 21 c2
Event: 110.330 Thread 0x000001cf87b8d360 DEOPT PACKING pc=0x000001cfee9143d4 sp=0x00000083504face0
Event: 110.330 Thread 0x000001cf87b8d360 DEOPT UNPACKING pc=0x000001cfedf969a3 sp=0x00000083504fac60 mode 2
Event: 110.378 Thread 0x000001cf87b8d360 Uncommon trap: trap_request=0xffffff76 fr.pc=0x000001cfeeaf8908 relative=0x00000000000003c8
Event: 110.379 Thread 0x000001cf87b8d360 Uncommon trap: reason=predicate action=maybe_recompile pc=0x000001cfeeaf8908 method=java.util.AbstractCollection.toArray([Ljava/lang/Object;)[Ljava/lang/Object; @ 43 c2
Event: 110.379 Thread 0x000001cf87b8d360 DEOPT PACKING pc=0x000001cfeeaf8908 sp=0x00000083504f7af0
Event: 110.379 Thread 0x000001cf87b8d360 DEOPT UNPACKING pc=0x000001cfedf969a3 sp=0x00000083504f7a88 mode 2

Classes unloaded (0 events):
No events

Classes redefined (0 events):
No events

Internal exceptions (20 events):
Event: 13.422 Thread 0x000001cf875a8450 Exception <a 'java/lang/NoSuchMethodError'{0x000000008c627080}: 'java.lang.Object java.lang.invoke.DirectMethodHandle$Holder.newInvokeSpecial(java.lang.Object, java.lang.Object, java.lang.Object, java.lang.Object, java.lang.Object, java.lang.Object, java.lang.Object, int)'> (0x000000008c627080) 
thrown [s\src\hotspot\share\interpreter\linkResolver.cpp, line 771]
Event: 13.423 Thread 0x000001cf875a8450 Exception <a 'java/lang/NoSuchMethodError'{0x000000008c62c8d8}: 'java.lang.Object java.lang.invoke.DirectMethodHandle$Holder.invokeSpecial(java.lang.Object, java.lang.Object, java.lang.Object, java.lang.Object, java.lang.Object, java.lang.Object, java.lang.Object, java.lang.Object, int)'> (0x000000008c62c8d8) 
thrown [s\src\hotspot\share\interpreter\linkResolver.cpp, line 771]
Event: 13.423 Thread 0x000001cf875a8450 Exception <a 'java/lang/NoSuchMethodError'{0x000000008c631600}: 'java.lang.Object java.lang.invoke.Invokers$Holder.linkToTargetMethod(java.lang.Object, java.lang.Object, java.lang.Object, java.lang.Object, java.lang.Object, java.lang.Object, int, java.lang.Object)'> (0x000000008c631600) 
thrown [s\src\hotspot\share\interpreter\linkResolver.cpp, line 771]
Event: 13.423 Thread 0x000001cf875a8450 Implicit null exception at 0x000001cfeea66817 to 0x000001cfeea66978
Event: 13.511 Thread 0x000001cf875a8450 Exception <a 'sun/nio/fs/WindowsException'{0x000000008c45ae98}> (0x000000008c45ae98) 
thrown [s\src\hotspot\share\prims\jni.cpp, line 517]
Event: 13.511 Thread 0x000001cf875a8450 Exception <a 'sun/nio/fs/WindowsException'{0x000000008c45b188}> (0x000000008c45b188) 
thrown [s\src\hotspot\share\prims\jni.cpp, line 517]
Event: 13.521 Thread 0x000001cf8772fba0 Implicit null exception at 0x000001cfee831680 to 0x000001cfee831838
Event: 13.521 Thread 0x000001cf87bd6260 Implicit null exception at 0x000001cfee831680 to 0x000001cfee831838
Event: 13.521 Thread 0x000001cf872d8580 Implicit null exception at 0x000001cfee831680 to 0x000001cfee831838
Event: 13.521 Thread 0x000001cf872d9f30 Implicit null exception at 0x000001cfee831680 to 0x000001cfee831838
Event: 13.695 Thread 0x000001cf875a8450 Exception <a 'java/lang/NoSuchMethodError'{0x000000008c2f1048}: 'java.lang.Object java.lang.invoke.Invokers$Holder.invoke_MT(java.lang.Object, java.lang.Object, java.lang.Object)'> (0x000000008c2f1048) 
thrown [s\src\hotspot\share\interpreter\linkResolver.cpp, line 771]
Event: 13.918 Thread 0x000001cf875a8450 Exception <a 'java/lang/NoSuchMethodError'{0x000000009039d140}: 'java.lang.Object java.lang.invoke.DirectMethodHandle$Holder.invokeVirtual(java.lang.Object, java.lang.Object, int)'> (0x000000009039d140) 
thrown [s\src\hotspot\share\interpreter\linkResolver.cpp, line 771]
Event: 13.920 Thread 0x000001cf875a8450 Implicit null exception at 0x000001cfee6c8f4b to 0x000001cfee6c8f70
Event: 13.935 Thread 0x000001cf875a8450 Exception <a 'java/lang/NoSuchMethodError'{0x0000000090267ee0}: 'void java.lang.invoke.DirectMethodHandle$Holder.invokeStatic(java.lang.Object, java.lang.Object, java.lang.Object, int)'> (0x0000000090267ee0) 
thrown [s\src\hotspot\share\interpreter\linkResolver.cpp, line 771]
Event: 14.097 Thread 0x000001cf81b09570 Exception <a 'sun/nio/fs/WindowsException'{0x000000008ff6dfc0}> (0x000000008ff6dfc0) 
thrown [s\src\hotspot\share\prims\jni.cpp, line 517]
Event: 14.097 Thread 0x000001cf81b09570 Exception <a 'sun/nio/fs/WindowsException'{0x000000008ff6e320}> (0x000000008ff6e320) 
thrown [s\src\hotspot\share\prims\jni.cpp, line 517]
Event: 14.097 Thread 0x000001cf81b09570 Exception <a 'sun/nio/fs/WindowsException'{0x000000008ff701a8}> (0x000000008ff701a8) 
thrown [s\src\hotspot\share\prims\jni.cpp, line 517]
Event: 14.168 Thread 0x000001cf81859940 Exception <a 'sun/nio/fs/WindowsException'{0x000000008fd01528}> (0x000000008fd01528) 
thrown [s\src\hotspot\share\prims\jni.cpp, line 517]
Event: 21.460 Thread 0x000001cf81988030 Implicit null exception at 0x000001cfee5ccef5 to 0x000001cfee5cd514
Event: 21.460 Thread 0x000001cf81988030 Implicit null exception at 0x000001cfee8e9472 to 0x000001cfee8e9ba4

VM Operations (20 events):
Event: 55.787 Executing VM operation: Cleanup
Event: 55.787 Executing VM operation: Cleanup done
Event: 61.835 Executing VM operation: Cleanup
Event: 61.835 Executing VM operation: Cleanup done
Event: 64.862 Executing VM operation: Cleanup
Event: 64.862 Executing VM operation: Cleanup done
Event: 66.880 Executing VM operation: Cleanup
Event: 66.880 Executing VM operation: Cleanup done
Event: 71.922 Executing VM operation: Cleanup
Event: 71.922 Executing VM operation: Cleanup done
Event: 74.950 Executing VM operation: Cleanup
Event: 74.950 Executing VM operation: Cleanup done
Event: 102.151 Executing VM operation: Cleanup
Event: 102.151 Executing VM operation: Cleanup done
Event: 108.199 Executing VM operation: Cleanup
Event: 108.199 Executing VM operation: Cleanup done
Event: 110.217 Executing VM operation: Cleanup
Event: 110.217 Executing VM operation: Cleanup done
Event: 110.441 Executing VM operation: ICBufferFull
Event: 110.441 Executing VM operation: ICBufferFull done

Events (20 events):
Event: 110.504 Thread 0x000001cf82104050 Thread added: 0x000001cf82104050
Event: 110.504 Thread 0x000001cf821031e0 Thread added: 0x000001cf821031e0
Event: 110.504 Thread 0x000001cf82104520 Thread added: 0x000001cf82104520
Event: 110.505 Thread 0x000001cf82103b80 Thread added: 0x000001cf82103b80
Event: 110.505 Thread 0x000001cf821036b0 Thread added: 0x000001cf821036b0
Event: 110.505 Thread 0x000001cf82105860 Thread added: 0x000001cf82105860
Event: 110.505 Thread 0x000001cf821049f0 Thread added: 0x000001cf821049f0
Event: 110.505 Thread 0x000001cf82105d30 Thread added: 0x000001cf82105d30
Event: 110.505 Thread 0x000001cf82102370 Thread added: 0x000001cf82102370
Event: 110.507 Thread 0x000001cf87f4a260 Thread added: 0x000001cf87f4a260
Event: 110.508 Thread 0x000001cf82102840 Thread added: 0x000001cf82102840
Event: 110.509 Thread 0x000001cf87f4a730 Thread added: 0x000001cf87f4a730
Event: 110.509 Thread 0x000001cf87f4ac00 Thread added: 0x000001cf87f4ac00
Event: 110.509 Thread 0x000001cf87f47710 Thread added: 0x000001cf87f47710
Event: 110.509 Thread 0x000001cf87f480b0 Thread added: 0x000001cf87f480b0
Event: 110.510 Thread 0x000001cf87f48a50 Thread added: 0x000001cf87f48a50
Event: 110.510 Thread 0x000001cf87f47240 Thread added: 0x000001cf87f47240
Event: 110.510 Thread 0x000001cf87f48580 Thread added: 0x000001cf87f48580
Event: 110.510 Thread 0x000001cf87f48f20 Thread added: 0x000001cf87f48f20
Event: 110.510 Thread 0x000001cf87f493f0 Thread added: 0x000001cf87f493f0


Dynamic libraries:
0x00007ff66c1d0000 - 0x00007ff66c1da000 	C:\Program Files\Android\Android Studio\jbr\bin\java.exe
0x00007ff86f9f0000 - 0x00007ff86fbe8000 	C:\WINDOWS\SYSTEM32\ntdll.dll
0x00007ff86f170000 - 0x00007ff86f22f000 	C:\WINDOWS\System32\KERNEL32.DLL
0x00007ff86d230000 - 0x00007ff86d526000 	C:\WINDOWS\System32\KERNELBASE.dll
0x00007ff86d870000 - 0x00007ff86d970000 	C:\WINDOWS\System32\ucrtbase.dll
0x00007ff854fe0000 - 0x00007ff854ff7000 	C:\Program Files\Android\Android Studio\jbr\bin\jli.dll
0x00007ff86eec0000 - 0x00007ff86f05d000 	C:\WINDOWS\System32\USER32.dll
0x00007ff867bf0000 - 0x00007ff867c0b000 	C:\Program Files\Android\Android Studio\jbr\bin\VCRUNTIME140.dll
0x00007ff86d770000 - 0x00007ff86d792000 	C:\WINDOWS\System32\win32u.dll
0x00007ff857260000 - 0x00007ff8574fa000 	C:\WINDOWS\WinSxS\amd64_microsoft.windows.common-controls_6595b64144ccf1df_6.0.19041.1110_none_60b5254171f9507e\COMCTL32.dll
0x00007ff86ed10000 - 0x00007ff86ed3c000 	C:\WINDOWS\System32\GDI32.dll
0x00007ff86f060000 - 0x00007ff86f0fe000 	C:\WINDOWS\System32\msvcrt.dll
0x00007ff86d0a0000 - 0x00007ff86d1b5000 	C:\WINDOWS\System32\gdi32full.dll
0x00007ff86d7d0000 - 0x00007ff86d86d000 	C:\WINDOWS\System32\msvcp_win.dll
0x00007ff86de20000 - 0x00007ff86de50000 	C:\WINDOWS\System32\IMM32.DLL
0x00007ff867be0000 - 0x00007ff867bec000 	C:\Program Files\Android\Android Studio\jbr\bin\vcruntime140_1.dll
0x00007ff84e930000 - 0x00007ff84e9bd000 	C:\Program Files\Android\Android Studio\jbr\bin\msvcp140.dll
0x00007ff81ace0000 - 0x00007ff81b94e000 	C:\Program Files\Android\Android Studio\jbr\bin\server\jvm.dll
0x00007ff86e770000 - 0x00007ff86e81f000 	C:\WINDOWS\System32\ADVAPI32.dll
0x00007ff86e6d0000 - 0x00007ff86e76c000 	C:\WINDOWS\System32\sechost.dll
0x00007ff86ebe0000 - 0x00007ff86ed06000 	C:\WINDOWS\System32\RPCRT4.dll
0x00007ff867b50000 - 0x00007ff867b59000 	C:\WINDOWS\SYSTEM32\WSOCK32.dll
0x00007ff856700000 - 0x00007ff856727000 	C:\WINDOWS\SYSTEM32\WINMM.dll
0x00007ff865840000 - 0x00007ff86584a000 	C:\WINDOWS\SYSTEM32\VERSION.dll
0x00007ff86e530000 - 0x00007ff86e59b000 	C:\WINDOWS\System32\WS2_32.dll
0x00007ff86ac10000 - 0x00007ff86ac22000 	C:\WINDOWS\SYSTEM32\kernel.appcore.dll
0x00007ff867b40000 - 0x00007ff867b4a000 	C:\Program Files\Android\Android Studio\jbr\bin\jimage.dll
0x00007ff86a7c0000 - 0x00007ff86a9a4000 	C:\WINDOWS\SYSTEM32\DBGHELP.DLL
0x00007ff855420000 - 0x00007ff855454000 	C:\WINDOWS\SYSTEM32\dbgcore.DLL
0x00007ff86d6e0000 - 0x00007ff86d762000 	C:\WINDOWS\System32\bcryptPrimitives.dll
0x00007ff8617b0000 - 0x00007ff8617d5000 	C:\Program Files\Android\Android Studio\jbr\bin\java.dll
0x00007ff8670a0000 - 0x00007ff8670b8000 	C:\Program Files\Android\Android Studio\jbr\bin\zip.dll
0x00007ff86f230000 - 0x00007ff86f974000 	C:\WINDOWS\System32\SHELL32.dll
0x00007ff86be30000 - 0x00007ff86c5c3000 	C:\WINDOWS\SYSTEM32\windows.storage.dll
0x00007ff86e880000 - 0x00007ff86ebd4000 	C:\WINDOWS\System32\combase.dll
0x00007ff86caf0000 - 0x00007ff86cb1e000 	C:\WINDOWS\SYSTEM32\Wldp.dll
0x00007ff86ee10000 - 0x00007ff86eebd000 	C:\WINDOWS\System32\SHCORE.dll
0x00007ff86dd50000 - 0x00007ff86dda5000 	C:\WINDOWS\System32\shlwapi.dll
0x00007ff86cfe0000 - 0x00007ff86cfff000 	C:\WINDOWS\SYSTEM32\profapi.dll
0x00007ff866130000 - 0x00007ff866149000 	C:\Program Files\Android\Android Studio\jbr\bin\net.dll
0x00007ff867580000 - 0x00007ff86768a000 	C:\WINDOWS\SYSTEM32\WINHTTP.dll
0x00007ff86bd60000 - 0x00007ff86bdca000 	C:\WINDOWS\system32\mswsock.dll
0x00007ff85fba0000 - 0x00007ff85fbb6000 	C:\Program Files\Android\Android Studio\jbr\bin\nio.dll
0x00007ff866810000 - 0x00007ff866820000 	C:\Program Files\Android\Android Studio\jbr\bin\verify.dll
0x00007ff8428d0000 - 0x00007ff8428f7000 	D:\PRG\ANDROID\native\68d5fa5c4cc2d200863cafc0d521ce42e7d3e7ee720ec0a83991735586a16f82\windows-amd64\native-platform.dll
0x00007ff824a30000 - 0x00007ff824b74000 	D:\PRG\ANDROID\native\e376f236ea51e6404a007f0833ffe2c6e607c4080706a723a18a27aeea778392\windows-amd64\native-platform-file-events.dll
0x00007ff8667f0000 - 0x00007ff8667f9000 	C:\Program Files\Android\Android Studio\jbr\bin\management.dll
0x00007ff861190000 - 0x00007ff86119b000 	C:\Program Files\Android\Android Studio\jbr\bin\management_ext.dll
0x00007ff86db00000 - 0x00007ff86db08000 	C:\WINDOWS\System32\PSAPI.DLL
0x00007ff86ca40000 - 0x00007ff86ca58000 	C:\WINDOWS\SYSTEM32\CRYPTSP.dll
0x000000006be90000 - 0x000000006bea1000 	C:\Program Files\Common Files\Crypto Pro\AppCompat\cpadvai.dll
0x000000006beb0000 - 0x000000006beb7000 	C:\Program Files\Common Files\Crypto Pro\AppCompat\detoured.dll
0x00007ff86b610000 - 0x00007ff86b644000 	C:\WINDOWS\system32\rsaenh.dll
0x00007ff86d7a0000 - 0x00007ff86d7c7000 	C:\WINDOWS\System32\bcrypt.dll
0x00007ff86cfa0000 - 0x00007ff86cfce000 	C:\WINDOWS\SYSTEM32\USERENV.dll
0x00007ff86ca60000 - 0x00007ff86ca6c000 	C:\WINDOWS\SYSTEM32\CRYPTBASE.dll
0x00007ff86ba00000 - 0x00007ff86ba3c000 	C:\WINDOWS\SYSTEM32\IPHLPAPI.DLL
0x00007ff86f160000 - 0x00007ff86f168000 	C:\WINDOWS\System32\NSI.dll
0x00007ff866f90000 - 0x00007ff866fa7000 	C:\WINDOWS\SYSTEM32\dhcpcsvc6.DLL
0x00007ff866f70000 - 0x00007ff866f8d000 	C:\WINDOWS\SYSTEM32\dhcpcsvc.DLL
0x00007ff86ba40000 - 0x00007ff86bb0a000 	C:\WINDOWS\SYSTEM32\DNSAPI.dll
0x00007ff85fb90000 - 0x00007ff85fb97000 	C:\WINDOWS\system32\wshunix.dll

dbghelp: loaded successfully - version: 4.0.5 - missing functions: none
symbol engine: initialized successfully - sym options: 0x614 - pdb path: .;C:\Program Files\Android\Android Studio\jbr\bin;C:\WINDOWS\SYSTEM32;C:\WINDOWS\WinSxS\amd64_microsoft.windows.common-controls_6595b64144ccf1df_6.0.19041.1110_none_60b5254171f9507e;C:\Program Files\Android\Android Studio\jbr\bin\server;D:\PRG\ANDROID\native\68d5fa5c4cc2d200863cafc0d521ce42e7d3e7ee720ec0a83991735586a16f82\windows-amd64;D:\PRG\ANDROID\native\e376f236ea51e6404a007f0833ffe2c6e607c4080706a723a18a27aeea778392\windows-amd64;C:\Program Files\Common Files\Crypto Pro\AppCompat

VM Arguments:
jvm_args: --add-opens=java.base/java.util=ALL-UNNAMED --add-opens=java.base/java.lang=ALL-UNNAMED --add-opens=java.base/java.lang.invoke=ALL-UNNAMED --add-opens=java.prefs/java.util.prefs=ALL-UNNAMED --add-opens=java.base/java.nio.charset=ALL-UNNAMED --add-opens=java.base/java.net=ALL-UNNAMED --add-opens=java.base/java.util.concurrent.atomic=ALL-UNNAMED -Xmx2048m -Dfile.encoding=UTF-8 -Duser.country=RU -Duser.language=ru -Duser.variant 
java_command: org.gradle.launcher.daemon.bootstrap.GradleDaemon 8.0
java_class_path (initial): D:\PRG\ANDROID\wrapper\dists\gradle-8.0-bin\ca5e32bp14vu59qr306oxotwh\gradle-8.0\lib\gradle-launcher-8.0.jar
Launcher Type: SUN_STANDARD

[Global flags]
     intx CICompilerCount                          = 4                                         {product} {ergonomic}
     uint ConcGCThreads                            = 2                                         {product} {ergonomic}
     uint G1ConcRefinementThreads                  = 8                                         {product} {ergonomic}
   size_t G1HeapRegionSize                         = 1048576                                   {product} {ergonomic}
    uintx GCDrainStackTargetSize                   = 64                                        {product} {ergonomic}
   size_t InitialHeapSize                          = 266338304                                 {product} {ergonomic}
   size_t MarkStackSize                            = 4194304                                   {product} {ergonomic}
   size_t MaxHeapSize                              = 2147483648                                {product} {command line}
   size_t MaxNewSize                               = 1287651328                                {product} {ergonomic}
   size_t MinHeapDeltaBytes                        = 1048576                                   {product} {ergonomic}
   size_t MinHeapSize                              = 8388608                                   {product} {ergonomic}
    uintx NonNMethodCodeHeapSize                   = 5839372                                {pd product} {ergonomic}
    uintx NonProfiledCodeHeapSize                  = 122909434                              {pd product} {ergonomic}
    uintx ProfiledCodeHeapSize                     = 122909434                              {pd product} {ergonomic}
    uintx ReservedCodeCacheSize                    = 251658240                              {pd product} {ergonomic}
     bool SegmentedCodeCache                       = true                                      {product} {ergonomic}
   size_t SoftMaxHeapSize                          = 2147483648                             {manageable} {ergonomic}
     bool UseCompressedClassPointers               = true                           {product lp64_product} {ergonomic}
     bool UseCompressedOops                        = true                           {product lp64_product} {ergonomic}
     bool UseG1GC                                  = true                                      {product} {ergonomic}
     bool UseLargePagesIndividualAllocation        = false                                  {pd product} {ergonomic}

Logging:
Log output configuration:
 #0: stdout all=warning uptime,level,tags
 #1: stderr all=off uptime,level,tags

Environment Variables:
JAVA_HOME=C:\jdk-17.0.2+8
PATH=C:\Program Files\Common Files\Oracle\Java\javapath;C:\Windows\system32;C:\Windows;C:\Windows\System32\Wbem;C:\Windows\System32\WindowsPowerShell\v1.0\;C:\Windows\System32\OpenSSH\;C:\Program Files\7-Zip;C:\Program Files (x86)\NVIDIA Corporation\PhysX\Common;C:\jdk-17.0.2+8\bin;C:\Program Files\Git\cmd;C:\WINDOWS\system32;C:\WINDOWS;C:\WINDOWS\System32\Wbem;C:\WINDOWS\System32\WindowsPowerShell\v1.0\;C:\WINDOWS\System32\OpenSSH\;C:\Program Files\OpenVPN\bin;C:\Users\monahovvv\AppData\Local\Microsoft\WindowsApps;C:\Program Files\JetBrains\IntelliJ IDEA Community Edition 2022.2\bin;;C:\Users\monahovvv\AppData\Local\GitHubDesktop\bin;
USERNAME=monahovvv
OS=Windows_NT
PROCESSOR_IDENTIFIER=Intel64 Family 6 Model 158 Stepping 10, GenuineIntel
TMP=D:\Temp
TEMP=D:\Temp


JNI global refs:
JNI global refs: 29, weak refs: 9

JNI global refs memory usage: 843, weak refs: 841


---------------  S Y S T E M  ---------------

OS:
 Windows 10 , 64 bit Build 19041 (10.0.19041.3031)
OS uptime: 0 days 7:22 hours

CPU: total 8 (initial active 8) (4 cores per cpu, 2 threads per core) family 6 model 158 stepping 10 microcode 0xec, cx8, cmov, fxsr, ht, mmx, 3dnowpref, sse, sse2, sse3, ssse3, sse4.1, sse4.2, popcnt, lzcnt, tsc, tscinvbit, avx, avx2, aes, erms, clmul, bmi1, bmi2, adx, fma, vzeroupper, clflush, clflushopt

Memory: 4k page, system-wide physical 16228M (2007M free)
TotalPageFile size 18128M (AvailPageFile size 2M)
current process WorkingSet (physical memory assigned to process): 521M, peak: 532M
current process commit charge ("private bytes"): 579M, peak: 592M

vm_info: OpenJDK 64-Bit Server VM (17.0.6+0-b2043.56-10027231) for windows-amd64 JRE (17.0.6+0-b2043.56-10027231), built on Apr 28 2023 00:43:19 by "androidbuild" with MS VC++ 16.10 / 16.11 (VS2019)

END.
