#
# There is insufficient memory for the Java Runtime Environment to continue.
# Native memory allocation (mmap) failed to map 56623104 bytes for G1 virtual space
# Possible reasons:
#   The system is out of physical RAM or swap space
#   The process is running with CompressedOops enabled, and the Java Heap may be blocking the growth of the native heap
# Possible solutions:
#   Reduce memory load on the system
#   Increase physical memory or swap space
#   Check if swap backing store is full
#   Decrease Java heap size (-Xmx/-Xms)
#   Decrease number of Java threads
#   Decrease Java thread stack sizes (-Xss)
#   Set larger code cache with -XX:ReservedCodeCacheSize=
#   JVM is running with Unscaled Compressed Oops mode in which the Java heap is
#     placed in the first 4GB address space. The Java Heap base address is the
#     maximum limit for the native heap growth. Please use -XX:HeapBaseMinAddress
#     to set the Java Heap base and to place the Java Heap above 4GB virtual address.
# This output file may be truncated or incomplete.
#
#  Out of Memory Error (os_windows.cpp:3769), pid=7724, tid=13956
#
# JRE version: OpenJDK Runtime Environment (17.0.6) (build 17.0.6+0-b2043.56-10027231)
# Java VM: OpenJDK 64-Bit Server VM (17.0.6+0-b2043.56-10027231, mixed mode, tiered, compressed oops, compressed class ptrs, g1 gc, windows-amd64)
# No core dump will be written. Minidumps are not enabled by default on client versions of Windows
#

---------------  S U M M A R Y ------------

Command Line: --add-opens=java.base/java.util=ALL-UNNAMED --add-opens=java.base/java.lang=ALL-UNNAMED --add-opens=java.base/java.lang.invoke=ALL-UNNAMED --add-opens=java.prefs/java.util.prefs=ALL-UNNAMED --add-opens=java.base/java.nio.charset=ALL-UNNAMED --add-opens=java.base/java.net=ALL-UNNAMED --add-opens=java.base/java.util.concurrent.atomic=ALL-UNNAMED -Xmx2048m -Dfile.encoding=UTF-8 -Duser.country=RU -Duser.language=ru -Duser.variant org.gradle.launcher.daemon.bootstrap.GradleDaemon 8.0

Host: Intel(R) Core(TM) i5-9300H CPU @ 2.40GHz, 8 cores, 15G,  Windows 10 , 64 bit Build 19041 (10.0.19041.3031)
Time: Tue Jan 16 13:42:15 2024 RTZ 2 (s 10 , 64 bit Build 19041 (10.0.19041.3031) elapsed time: 9.721313 seconds (0d 0h 0m 9s)

---------------  T H R E A D  ---------------

Current thread (0x0000021bd7778bc0):  VMThread "VM Thread" [stack: 0x0000003ed5a00000,0x0000003ed5b00000] [id=13956]

Stack: [0x0000003ed5a00000,0x0000003ed5b00000]
Native frames: (J=compiled Java code, j=interpreted, Vv=VM code, C=native code)
V  [jvm.dll+0x683c9a]
V  [jvm.dll+0x8427a4]
V  [jvm.dll+0x843f9e]
V  [jvm.dll+0x844603]
V  [jvm.dll+0x249b75]
V  [jvm.dll+0x680b69]
V  [jvm.dll+0x67505a]
V  [jvm.dll+0x309acb]
V  [jvm.dll+0x310f86]
V  [jvm.dll+0x3608ee]
V  [jvm.dll+0x360b1f]
V  [jvm.dll+0x2dfbf8]
V  [jvm.dll+0x2ddec4]
V  [jvm.dll+0x2dd4cc]
V  [jvm.dll+0x321f3b]
V  [jvm.dll+0x848ccb]
V  [jvm.dll+0x849a04]
V  [jvm.dll+0x849f1d]
V  [jvm.dll+0x84a2f4]
V  [jvm.dll+0x84a3c0]
V  [jvm.dll+0x7f274a]
V  [jvm.dll+0x682ad5]
C  [ucrtbase.dll+0x21bb2]
C  [KERNEL32.DLL+0x17614]
C  [ntdll.dll+0x526f1]

VM_Operation (0x0000003edecf8660): G1CollectForAllocation, mode: safepoint, requested by thread 0x0000021bdb40f060


---------------  P R O C E S S  ---------------

Threads class SMR info:
_java_thread_list=0x0000021bd8c66c80, length=139, elements={
0x0000021bbd8f7310, 0x0000021bd804e610, 0x0000021bd80503a0, 0x0000021bd803c050,
0x0000021bd777e370, 0x0000021bd8062fd0, 0x0000021bd8063c90, 0x0000021bd8064880,
0x0000021bd8065180, 0x0000021bd8065e80, 0x0000021bd81fe7e0, 0x0000021bd821a960,
0x0000021bd83fa010, 0x0000021bdadd2b30, 0x0000021bdaf7aa40, 0x0000021bda918b00,
0x0000021bdad14030, 0x0000021bdad14500, 0x0000021bd9bc6870, 0x0000021bdb42ee80,
0x0000021bdac47830, 0x0000021bd94be690, 0x0000021bd94bc4e0, 0x0000021bd94bdcf0,
0x0000021bd94bc010, 0x0000021bd94bc9b0, 0x0000021bd94bf030, 0x0000021bd94bce80,
0x0000021bd94bf9d0, 0x0000021bd94beb60, 0x0000021bd94bf500, 0x0000021bd94bd350,
0x0000021bd94bd820, 0x0000021bd94be1c0, 0x0000021bdbc22f60, 0x0000021bdbc1fa70,
0x0000021bdbc1ec00, 0x0000021bdbc24c40, 0x0000021bdbc20db0, 0x0000021bdbc1ff40,
0x0000021bdbc21750, 0x0000021bdbc20410, 0x0000021bdbc208e0, 0x0000021bdbc23900,
0x0000021bdbc25110, 0x0000021bdbc21c20, 0x0000021bdbc21280, 0x0000021bdbc23dd0,
0x0000021bdbc220f0, 0x0000021bdbc1d8c0, 0x0000021bdbc1f0d0, 0x0000021bdbc225c0,
0x0000021bdbc22a90, 0x0000021bdbc24770, 0x0000021bdbc1dd90, 0x0000021bdbc1e260,
0x0000021bdf46c730, 0x0000021bdf46a0b0, 0x0000021bdf46cc00, 0x0000021bdf46a580,
0x0000021bdf46d5a0, 0x0000021bdf46c260, 0x0000021bdf46d0d0, 0x0000021bdf469be0,
0x0000021bdf467560, 0x0000021bdf46da70, 0x0000021bdf46df40, 0x0000021bdf467f00,
0x0000021bdf46e410, 0x0000021bdf46aa50, 0x0000021bdf467090, 0x0000021bdf469710,
0x0000021bdf468d70, 0x0000021bdf46b8c0, 0x0000021bdf46bd90, 0x0000021bdf46af20,
0x0000021bdf46e8e0, 0x0000021bdf467a30, 0x0000021bdf4683d0, 0x0000021bdf4688a0,
0x0000021bdf469240, 0x0000021bdf46b3f0, 0x0000021bdf417980, 0x0000021bdf417e50,
0x0000021bdf41b810, 0x0000021bdf416fe0, 0x0000021bdf419190, 0x0000021bdf419660,
0x0000021bdf419b30, 0x0000021bdf41a4d0, 0x0000021bdf41bce0, 0x0000021bdf41a000,
0x0000021bdf41b340, 0x0000021bdf418cc0, 0x0000021bdf41a9a0, 0x0000021bdf41cb50,
0x0000021bdf41c1b0, 0x0000021bdf41d020, 0x0000021bdf41d4f0, 0x0000021bdf418320,
0x0000021bdf41ae70, 0x0000021bdf4187f0, 0x0000021bdf41d9c0, 0x0000021bdf41c680,
0x0000021bdf41de90, 0x0000021bdf416b10, 0x0000021bdf416640, 0x0000021bdf4174b0,
0x0000021bde06af00, 0x0000021bde067540, 0x0000021bde067ee0, 0x0000021bde067070,
0x0000021bde06bd70, 0x0000021bde06d0b0, 0x0000021bde0696f0, 0x0000021bde06b3d0,
0x0000021bde06df20, 0x0000021bde06a090, 0x0000021bde06c710, 0x0000021bde069220,
0x0000021bde06c240, 0x0000021bde0683b0, 0x0000021bdc3f40c0, 0x0000021bde06cbe0,
0x0000021bde06b8a0, 0x0000021bde06d580, 0x0000021bde06da50, 0x0000021bde068880,
0x0000021bdb40c9e0, 0x0000021bdb40f530, 0x0000021bdb40e1f0, 0x0000021bdb40c510,
0x0000021bdb40d850, 0x0000021bdb40ceb0, 0x0000021bdb410870, 0x0000021bdb40e6c0,
0x0000021bdb40f060, 0x0000021bdb4094f0, 0x0000021bdb40dd20
}

Java Threads: ( => current thread )
  0x0000021bbd8f7310 JavaThread "main" [_thread_blocked, id=12396, stack(0x0000003ed5400000,0x0000003ed5500000)]
  0x0000021bd804e610 JavaThread "Reference Handler" daemon [_thread_blocked, id=5128, stack(0x0000003ed5b00000,0x0000003ed5c00000)]
  0x0000021bd80503a0 JavaThread "Finalizer" daemon [_thread_blocked, id=11764, stack(0x0000003ed5c00000,0x0000003ed5d00000)]
  0x0000021bd803c050 JavaThread "Signal Dispatcher" daemon [_thread_blocked, id=11132, stack(0x0000003ed5d00000,0x0000003ed5e00000)]
  0x0000021bd777e370 JavaThread "Attach Listener" daemon [_thread_blocked, id=2004, stack(0x0000003ed5e00000,0x0000003ed5f00000)]
  0x0000021bd8062fd0 JavaThread "Service Thread" daemon [_thread_blocked, id=14272, stack(0x0000003ed5f00000,0x0000003ed6000000)]
  0x0000021bd8063c90 JavaThread "Monitor Deflation Thread" daemon [_thread_blocked, id=11908, stack(0x0000003ed6000000,0x0000003ed6100000)]
  0x0000021bd8064880 JavaThread "C2 CompilerThread0" daemon [_thread_in_native, id=3536, stack(0x0000003ed6100000,0x0000003ed6200000)]
  0x0000021bd8065180 JavaThread "C1 CompilerThread0" daemon [_thread_blocked, id=6308, stack(0x0000003ed6200000,0x0000003ed6300000)]
  0x0000021bd8065e80 JavaThread "Sweeper thread" daemon [_thread_blocked, id=13248, stack(0x0000003ed6300000,0x0000003ed6400000)]
  0x0000021bd81fe7e0 JavaThread "Common-Cleaner" daemon [_thread_blocked, id=11268, stack(0x0000003ed6400000,0x0000003ed6500000)]
  0x0000021bd821a960 JavaThread "Notification Thread" daemon [_thread_blocked, id=13756, stack(0x0000003ed6500000,0x0000003ed6600000)]
  0x0000021bd83fa010 JavaThread "C2 CompilerThread1" daemon [_thread_blocked, id=3672, stack(0x0000003ed6700000,0x0000003ed6800000)]
  0x0000021bdadd2b30 JavaThread "Daemon health stats" [_thread_blocked, id=15620, stack(0x0000003ed6e00000,0x0000003ed6f00000)]
  0x0000021bdaf7aa40 JavaThread "Incoming local TCP Connector on port 53724" [_thread_in_native, id=15796, stack(0x0000003ed6f00000,0x0000003ed7000000)]
  0x0000021bda918b00 JavaThread "Daemon periodic checks" [_thread_blocked, id=1532, stack(0x0000003ed7000000,0x0000003ed7100000)]
  0x0000021bdad14030 JavaThread "Daemon" [_thread_blocked, id=9944, stack(0x0000003ed7100000,0x0000003ed7200000)]
  0x0000021bdad14500 JavaThread "Handler for socket connection from /127.0.0.1:53724 to /127.0.0.1:53725" [_thread_in_native, id=15924, stack(0x0000003ed7200000,0x0000003ed7300000)]
  0x0000021bd9bc6870 JavaThread "Cancel handler" [_thread_blocked, id=9244, stack(0x0000003ed7300000,0x0000003ed7400000)]
  0x0000021bdb42ee80 JavaThread "Daemon worker" [_thread_blocked, id=11792, stack(0x0000003ed7400000,0x0000003ed7500000)]
  0x0000021bdac47830 JavaThread "Asynchronous log dispatcher for DefaultDaemonConnection: socket connection from /127.0.0.1:53724 to /127.0.0.1:53725" [_thread_blocked, id=12340, stack(0x0000003ed7500000,0x0000003ed7600000)]
  0x0000021bd94be690 JavaThread "Stdin handler" [_thread_blocked, id=936, stack(0x0000003ed7600000,0x0000003ed7700000)]
  0x0000021bd94bc4e0 JavaThread "Daemon client event forwarder" [_thread_blocked, id=11356, stack(0x0000003ed7700000,0x0000003ed7800000)]
  0x0000021bd94bdcf0 JavaThread "Cache worker for journal cache (D:\PRG\ANDROID\caches\journal-1)" [_thread_blocked, id=3768, stack(0x0000003ed7b00000,0x0000003ed7c00000)]
  0x0000021bd94bc010 JavaThread "File lock request listener" [_thread_in_native, id=13836, stack(0x0000003ed7c00000,0x0000003ed7d00000)]
  0x0000021bd94bc9b0 JavaThread "Cache worker for file hash cache (D:\PRG\ANDROID\caches\8.0\fileHashes)" [_thread_blocked, id=14656, stack(0x0000003ed7d00000,0x0000003ed7e00000)]
  0x0000021bd94bf030 JavaThread "File watcher server" daemon [_thread_blocked, id=8504, stack(0x0000003ed7e00000,0x0000003ed7f00000)]
  0x0000021bd94bce80 JavaThread "File watcher consumer" daemon [_thread_blocked, id=14376, stack(0x0000003ed7f00000,0x0000003ed8000000)]
  0x0000021bd94bf9d0 JavaThread "Cache worker for checksums cache (D:\PRG\ANDROID\GameMemoria\.gradle\8.0\checksums)" [_thread_blocked, id=6004, stack(0x0000003ed8000000,0x0000003ed8100000)]
  0x0000021bd94beb60 JavaThread "Cache worker for cache directory md-rule (D:\PRG\ANDROID\caches\8.0\md-rule)" [_thread_blocked, id=9212, stack(0x0000003ed8100000,0x0000003ed8200000)]
  0x0000021bd94bf500 JavaThread "Cache worker for file content cache (D:\PRG\ANDROID\caches\8.0\fileContent)" [_thread_blocked, id=2976, stack(0x0000003ed8200000,0x0000003ed8300000)]
  0x0000021bd94bd350 JavaThread "Cache worker for file hash cache (D:\PRG\ANDROID\GameMemoria\.gradle\8.0\fileHashes)" [_thread_blocked, id=1160, stack(0x0000003ed8300000,0x0000003ed8400000)]
  0x0000021bd94bd820 JavaThread "Cache worker for cache directory md-supplier (D:\PRG\ANDROID\caches\8.0\md-supplier)" [_thread_blocked, id=12796, stack(0x0000003ed8400000,0x0000003ed8500000)]
  0x0000021bd94be1c0 JavaThread "Cache worker for execution history cache (D:\PRG\ANDROID\caches\8.0\executionHistory)" [_thread_blocked, id=7768, stack(0x0000003ed8500000,0x0000003ed8600000)]
  0x0000021bdbc22f60 JavaThread "jar transforms" [_thread_blocked, id=14520, stack(0x0000003ed8600000,0x0000003ed8700000)]
  0x0000021bdbc1fa70 JavaThread "jar transforms Thread 2" [_thread_blocked, id=14916, stack(0x0000003ed8700000,0x0000003ed8800000)]
  0x0000021bdbc1ec00 JavaThread "Cache worker for kotlin-dsl (D:\PRG\ANDROID\caches\8.0\kotlin-dsl)" [_thread_blocked, id=14792, stack(0x0000003ed8900000,0x0000003ed8a00000)]
  0x0000021bdbc24c40 JavaThread "jar transforms Thread 3" [_thread_blocked, id=16352, stack(0x0000003ed8a00000,0x0000003ed8b00000)]
  0x0000021bdbc20db0 JavaThread "jar transforms Thread 4" [_thread_blocked, id=13752, stack(0x0000003ed8b00000,0x0000003ed8c00000)]
  0x0000021bdbc1ff40 JavaThread "Cache worker for dependencies-accessors (D:\PRG\ANDROID\GameMemoria\.gradle\8.0\dependencies-accessors)" [_thread_blocked, id=15268, stack(0x0000003ed8c00000,0x0000003ed8d00000)]
  0x0000021bdbc21750 JavaThread "Cache worker for Build Output Cleanup Cache (D:\PRG\ANDROID\GameMemoria\.gradle\buildOutputCleanup)" [_thread_blocked, id=2456, stack(0x0000003ed8d00000,0x0000003ed8e00000)]
  0x0000021bdbc20410 JavaThread "jar transforms Thread 5" [_thread_blocked, id=3720, stack(0x0000003ed8e00000,0x0000003ed8f00000)]
  0x0000021bdbc208e0 JavaThread "Unconstrained build operations" [_thread_blocked, id=13328, stack(0x0000003ed6800000,0x0000003ed6900000)]
  0x0000021bdbc23900 JavaThread "Unconstrained build operations Thread 2" [_thread_blocked, id=8040, stack(0x0000003ed8f00000,0x0000003ed9000000)]
  0x0000021bdbc25110 JavaThread "Unconstrained build operations Thread 3" [_thread_blocked, id=8148, stack(0x0000003ed9000000,0x0000003ed9100000)]
  0x0000021bdbc21c20 JavaThread "Unconstrained build operations Thread 4" [_thread_blocked, id=88, stack(0x0000003ed9100000,0x0000003ed9200000)]
  0x0000021bdbc21280 JavaThread "Unconstrained build operations Thread 5" [_thread_blocked, id=8224, stack(0x0000003ed9200000,0x0000003ed9300000)]
  0x0000021bdbc23dd0 JavaThread "Unconstrained build operations Thread 6" [_thread_blocked, id=6720, stack(0x0000003ed9300000,0x0000003ed9400000)]
  0x0000021bdbc220f0 JavaThread "Unconstrained build operations Thread 7" [_thread_blocked, id=4548, stack(0x0000003ed9400000,0x0000003ed9500000)]
  0x0000021bdbc1d8c0 JavaThread "Unconstrained build operations Thread 8" [_thread_blocked, id=11800, stack(0x0000003ed9500000,0x0000003ed9600000)]
  0x0000021bdbc1f0d0 JavaThread "Unconstrained build operations Thread 9" [_thread_blocked, id=13272, stack(0x0000003ed9600000,0x0000003ed9700000)]
  0x0000021bdbc225c0 JavaThread "Unconstrained build operations Thread 10" [_thread_blocked, id=14896, stack(0x0000003ed9700000,0x0000003ed9800000)]
  0x0000021bdbc22a90 JavaThread "Unconstrained build operations Thread 11" [_thread_blocked, id=7272, stack(0x0000003ed9800000,0x0000003ed9900000)]
  0x0000021bdbc24770 JavaThread "Unconstrained build operations Thread 12" [_thread_blocked, id=13236, stack(0x0000003ed9900000,0x0000003ed9a00000)]
  0x0000021bdbc1dd90 JavaThread "Unconstrained build operations Thread 13" [_thread_blocked, id=12436, stack(0x0000003ed9a00000,0x0000003ed9b00000)]
  0x0000021bdbc1e260 JavaThread "Unconstrained build operations Thread 14" [_thread_blocked, id=12016, stack(0x0000003ed9b00000,0x0000003ed9c00000)]
  0x0000021bdf46c730 JavaThread "Unconstrained build operations Thread 15" [_thread_blocked, id=11112, stack(0x0000003ed9c00000,0x0000003ed9d00000)]
  0x0000021bdf46a0b0 JavaThread "Unconstrained build operations Thread 16" [_thread_blocked, id=8488, stack(0x0000003ed9d00000,0x0000003ed9e00000)]
  0x0000021bdf46cc00 JavaThread "Unconstrained build operations Thread 17" [_thread_blocked, id=2052, stack(0x0000003ed9e00000,0x0000003ed9f00000)]
  0x0000021bdf46a580 JavaThread "Unconstrained build operations Thread 18" [_thread_blocked, id=9280, stack(0x0000003ed9f00000,0x0000003eda000000)]
  0x0000021bdf46d5a0 JavaThread "Unconstrained build operations Thread 19" [_thread_blocked, id=7808, stack(0x0000003eda000000,0x0000003eda100000)]
  0x0000021bdf46c260 JavaThread "Unconstrained build operations Thread 20" [_thread_blocked, id=6748, stack(0x0000003eda100000,0x0000003eda200000)]
  0x0000021bdf46d0d0 JavaThread "Unconstrained build operations Thread 21" [_thread_blocked, id=16152, stack(0x0000003eda200000,0x0000003eda300000)]
  0x0000021bdf469be0 JavaThread "Unconstrained build operations Thread 22" [_thread_blocked, id=6624, stack(0x0000003eda300000,0x0000003eda400000)]
  0x0000021bdf467560 JavaThread "Unconstrained build operations Thread 23" [_thread_blocked, id=11152, stack(0x0000003eda400000,0x0000003eda500000)]
  0x0000021bdf46da70 JavaThread "Unconstrained build operations Thread 24" [_thread_blocked, id=15608, stack(0x0000003eda500000,0x0000003eda600000)]
  0x0000021bdf46df40 JavaThread "Unconstrained build operations Thread 25" [_thread_blocked, id=12612, stack(0x0000003eda600000,0x0000003eda700000)]
  0x0000021bdf467f00 JavaThread "Unconstrained build operations Thread 26" [_thread_blocked, id=3732, stack(0x0000003eda700000,0x0000003eda800000)]
  0x0000021bdf46e410 JavaThread "Unconstrained build operations Thread 27" [_thread_blocked, id=6544, stack(0x0000003eda800000,0x0000003eda900000)]
  0x0000021bdf46aa50 JavaThread "Unconstrained build operations Thread 28" [_thread_blocked, id=8160, stack(0x0000003eda900000,0x0000003edaa00000)]
  0x0000021bdf467090 JavaThread "Unconstrained build operations Thread 29" [_thread_blocked, id=3556, stack(0x0000003edaa00000,0x0000003edab00000)]
  0x0000021bdf469710 JavaThread "Unconstrained build operations Thread 30" [_thread_blocked, id=15948, stack(0x0000003edab00000,0x0000003edac00000)]
  0x0000021bdf468d70 JavaThread "Unconstrained build operations Thread 31" [_thread_blocked, id=12208, stack(0x0000003edac00000,0x0000003edad00000)]
  0x0000021bdf46b8c0 JavaThread "Unconstrained build operations Thread 32" [_thread_blocked, id=7556, stack(0x0000003edad00000,0x0000003edae00000)]
  0x0000021bdf46bd90 JavaThread "Unconstrained build operations Thread 33" [_thread_blocked, id=9096, stack(0x0000003edae00000,0x0000003edaf00000)]
  0x0000021bdf46af20 JavaThread "Unconstrained build operations Thread 34" [_thread_blocked, id=12036, stack(0x0000003edaf00000,0x0000003edb000000)]
  0x0000021bdf46e8e0 JavaThread "Unconstrained build operations Thread 35" [_thread_blocked, id=8100, stack(0x0000003edb000000,0x0000003edb100000)]
  0x0000021bdf467a30 JavaThread "Unconstrained build operations Thread 36" [_thread_blocked, id=16264, stack(0x0000003edb100000,0x0000003edb200000)]
  0x0000021bdf4683d0 JavaThread "Unconstrained build operations Thread 37" [_thread_blocked, id=16312, stack(0x0000003edb200000,0x0000003edb300000)]
  0x0000021bdf4688a0 JavaThread "Unconstrained build operations Thread 38" [_thread_blocked, id=12552, stack(0x0000003edb300000,0x0000003edb400000)]
  0x0000021bdf469240 JavaThread "Unconstrained build operations Thread 39" [_thread_blocked, id=4116, stack(0x0000003edb400000,0x0000003edb500000)]
  0x0000021bdf46b3f0 JavaThread "Unconstrained build operations Thread 40" [_thread_blocked, id=2692, stack(0x0000003edb500000,0x0000003edb600000)]
  0x0000021bdf417980 JavaThread "Unconstrained build operations Thread 41" [_thread_blocked, id=11000, stack(0x0000003edb600000,0x0000003edb700000)]
  0x0000021bdf417e50 JavaThread "Unconstrained build operations Thread 42" [_thread_blocked, id=10288, stack(0x0000003edb700000,0x0000003edb800000)]
  0x0000021bdf41b810 JavaThread "Unconstrained build operations Thread 43" [_thread_blocked, id=1076, stack(0x0000003edb800000,0x0000003edb900000)]
  0x0000021bdf416fe0 JavaThread "Unconstrained build operations Thread 44" [_thread_blocked, id=10952, stack(0x0000003edb900000,0x0000003edba00000)]
  0x0000021bdf419190 JavaThread "Unconstrained build operations Thread 45" [_thread_blocked, id=4632, stack(0x0000003edba00000,0x0000003edbb00000)]
  0x0000021bdf419660 JavaThread "Unconstrained build operations Thread 46" [_thread_blocked, id=13636, stack(0x0000003edbb00000,0x0000003edbc00000)]
  0x0000021bdf419b30 JavaThread "Unconstrained build operations Thread 47" [_thread_blocked, id=9160, stack(0x0000003edbc00000,0x0000003edbd00000)]
  0x0000021bdf41a4d0 JavaThread "Unconstrained build operations Thread 48" [_thread_blocked, id=13152, stack(0x0000003edbd00000,0x0000003edbe00000)]
  0x0000021bdf41bce0 JavaThread "Unconstrained build operations Thread 49" [_thread_blocked, id=4880, stack(0x0000003edbe00000,0x0000003edbf00000)]
  0x0000021bdf41a000 JavaThread "Unconstrained build operations Thread 50" [_thread_blocked, id=8200, stack(0x0000003edbf00000,0x0000003edc000000)]
  0x0000021bdf41b340 JavaThread "Unconstrained build operations Thread 51" [_thread_blocked, id=10692, stack(0x0000003edc000000,0x0000003edc100000)]
  0x0000021bdf418cc0 JavaThread "Unconstrained build operations Thread 52" [_thread_blocked, id=12252, stack(0x0000003edc100000,0x0000003edc200000)]
  0x0000021bdf41a9a0 JavaThread "Unconstrained build operations Thread 53" [_thread_blocked, id=1544, stack(0x0000003edc200000,0x0000003edc300000)]
  0x0000021bdf41cb50 JavaThread "Unconstrained build operations Thread 54" [_thread_blocked, id=2024, stack(0x0000003edc300000,0x0000003edc400000)]
  0x0000021bdf41c1b0 JavaThread "Unconstrained build operations Thread 55" [_thread_blocked, id=1796, stack(0x0000003edc400000,0x0000003edc500000)]
  0x0000021bdf41d020 JavaThread "Unconstrained build operations Thread 56" [_thread_blocked, id=5416, stack(0x0000003edc500000,0x0000003edc600000)]
  0x0000021bdf41d4f0 JavaThread "Unconstrained build operations Thread 57" [_thread_blocked, id=8600, stack(0x0000003edc600000,0x0000003edc700000)]
  0x0000021bdf418320 JavaThread "Unconstrained build operations Thread 58" [_thread_blocked, id=3420, stack(0x0000003edc700000,0x0000003edc800000)]
  0x0000021bdf41ae70 JavaThread "Unconstrained build operations Thread 59" [_thread_blocked, id=3608, stack(0x0000003edc800000,0x0000003edc900000)]
  0x0000021bdf4187f0 JavaThread "Unconstrained build operations Thread 60" [_thread_blocked, id=15164, stack(0x0000003edc900000,0x0000003edca00000)]
  0x0000021bdf41d9c0 JavaThread "Unconstrained build operations Thread 61" [_thread_blocked, id=16272, stack(0x0000003edca00000,0x0000003edcb00000)]
  0x0000021bdf41c680 JavaThread "Unconstrained build operations Thread 62" [_thread_blocked, id=5688, stack(0x0000003edcb00000,0x0000003edcc00000)]
  0x0000021bdf41de90 JavaThread "Unconstrained build operations Thread 63" [_thread_blocked, id=11848, stack(0x0000003edcc00000,0x0000003edcd00000)]
  0x0000021bdf416b10 JavaThread "Unconstrained build operations Thread 64" [_thread_blocked, id=5192, stack(0x0000003edcd00000,0x0000003edce00000)]
  0x0000021bdf416640 JavaThread "Unconstrained build operations Thread 65" [_thread_blocked, id=13724, stack(0x0000003edce00000,0x0000003edcf00000)]
  0x0000021bdf4174b0 JavaThread "Unconstrained build operations Thread 66" [_thread_blocked, id=8740, stack(0x0000003edcf00000,0x0000003edd000000)]
  0x0000021bde06af00 JavaThread "Unconstrained build operations Thread 67" [_thread_blocked, id=15388, stack(0x0000003edd000000,0x0000003edd100000)]
  0x0000021bde067540 JavaThread "Unconstrained build operations Thread 68" [_thread_blocked, id=9720, stack(0x0000003edd100000,0x0000003edd200000)]
  0x0000021bde067ee0 JavaThread "Unconstrained build operations Thread 69" [_thread_blocked, id=14080, stack(0x0000003edd200000,0x0000003edd300000)]
  0x0000021bde067070 JavaThread "Unconstrained build operations Thread 70" [_thread_blocked, id=1344, stack(0x0000003edd300000,0x0000003edd400000)]
  0x0000021bde06bd70 JavaThread "Unconstrained build operations Thread 71" [_thread_blocked, id=2432, stack(0x0000003edd400000,0x0000003edd500000)]
  0x0000021bde06d0b0 JavaThread "Unconstrained build operations Thread 72" [_thread_blocked, id=10700, stack(0x0000003edd500000,0x0000003edd600000)]
  0x0000021bde0696f0 JavaThread "Unconstrained build operations Thread 73" [_thread_blocked, id=15304, stack(0x0000003edd600000,0x0000003edd700000)]
  0x0000021bde06b3d0 JavaThread "Unconstrained build operations Thread 74" [_thread_blocked, id=8560, stack(0x0000003edd700000,0x0000003edd800000)]
  0x0000021bde06df20 JavaThread "Unconstrained build operations Thread 75" [_thread_blocked, id=5072, stack(0x0000003edd800000,0x0000003edd900000)]
  0x0000021bde06a090 JavaThread "Unconstrained build operations Thread 76" [_thread_blocked, id=3636, stack(0x0000003edd900000,0x0000003edda00000)]
  0x0000021bde06c710 JavaThread "Unconstrained build operations Thread 77" [_thread_blocked, id=11956, stack(0x0000003edda00000,0x0000003eddb00000)]
  0x0000021bde069220 JavaThread "Unconstrained build operations Thread 78" [_thread_blocked, id=14728, stack(0x0000003eddb00000,0x0000003eddc00000)]
  0x0000021bde06c240 JavaThread "Unconstrained build operations Thread 79" [_thread_blocked, id=7752, stack(0x0000003eddc00000,0x0000003eddd00000)]
  0x0000021bde0683b0 JavaThread "Unconstrained build operations Thread 80" [_thread_blocked, id=8844, stack(0x0000003eddd00000,0x0000003edde00000)]
  0x0000021bdc3f40c0 JavaThread "C2 CompilerThread2" daemon [_thread_blocked, id=14876, stack(0x0000003edde00000,0x0000003eddf00000)]
  0x0000021bde06cbe0 JavaThread "jar transforms Thread 6" [_thread_blocked, id=13820, stack(0x0000003eddf00000,0x0000003ede000000)]
  0x0000021bde06b8a0 JavaThread "jar transforms Thread 7" [_thread_blocked, id=7048, stack(0x0000003ede000000,0x0000003ede100000)]
  0x0000021bde06d580 JavaThread "jar transforms Thread 8" [_thread_blocked, id=5356, stack(0x0000003ede100000,0x0000003ede200000)]
  0x0000021bde06da50 JavaThread "build event listener" [_thread_blocked, id=4884, stack(0x0000003ede200000,0x0000003ede300000)]
  0x0000021bde068880 JavaThread "Memory manager" [_thread_blocked, id=1492, stack(0x0000003ede300000,0x0000003ede400000)]
  0x0000021bdb40c9e0 JavaThread "pool-3-thread-1" [_thread_blocked, id=9436, stack(0x0000003ede400000,0x0000003ede500000)]
  0x0000021bdb40f530 JavaThread "build event listener" [_thread_blocked, id=10852, stack(0x0000003ede500000,0x0000003ede600000)]
  0x0000021bdb40e1f0 JavaThread "included builds" [_thread_blocked, id=14996, stack(0x0000003ede600000,0x0000003ede700000)]
  0x0000021bdb40c510 JavaThread "Execution worker" [_thread_blocked, id=15316, stack(0x0000003ede700000,0x0000003ede800000)]
  0x0000021bdb40d850 JavaThread "Execution worker Thread 2" [_thread_blocked, id=14152, stack(0x0000003ede800000,0x0000003ede900000)]
  0x0000021bdb40ceb0 JavaThread "Execution worker Thread 3" [_thread_blocked, id=6816, stack(0x0000003ede900000,0x0000003edea00000)]
  0x0000021bdb410870 JavaThread "Execution worker Thread 4" [_thread_blocked, id=14396, stack(0x0000003edea00000,0x0000003edeb00000)]
  0x0000021bdb40e6c0 JavaThread "Execution worker Thread 5" [_thread_blocked, id=2124, stack(0x0000003edeb00000,0x0000003edec00000)]
  0x0000021bdb40f060 JavaThread "Execution worker Thread 6" [_thread_blocked, id=16008, stack(0x0000003edec00000,0x0000003eded00000)]
  0x0000021bdb4094f0 JavaThread "Execution worker Thread 7" [_thread_blocked, id=14928, stack(0x0000003eded00000,0x0000003edee00000)]
  0x0000021bdb40dd20 JavaThread "Cache worker for execution history cache (D:\PRG\ANDROID\GameMemoria\.gradle\8.0\executionHistory)" [_thread_blocked, id=14800, stack(0x0000003edee00000,0x0000003edef00000)]

Other Threads:
=>0x0000021bd7778bc0 VMThread "VM Thread" [stack: 0x0000003ed5a00000,0x0000003ed5b00000] [id=13956]
  0x0000021bbd984590 WatcherThread [stack: 0x0000003ed6600000,0x0000003ed6700000] [id=11020]
  0x0000021bbd956560 GCTaskThread "GC Thread#0" [stack: 0x0000003ed5500000,0x0000003ed5600000] [id=2032]
  0x0000021bd8c53360 GCTaskThread "GC Thread#1" [stack: 0x0000003ed6900000,0x0000003ed6a00000] [id=3728]
  0x0000021bd8c530b0 GCTaskThread "GC Thread#2" [stack: 0x0000003ed6a00000,0x0000003ed6b00000] [id=8820]
  0x0000021bd8c53b70 GCTaskThread "GC Thread#3" [stack: 0x0000003ed6b00000,0x0000003ed6c00000] [id=456]
  0x0000021bd8c54630 GCTaskThread "GC Thread#4" [stack: 0x0000003ed6c00000,0x0000003ed6d00000] [id=2760]
  0x0000021bd8c548e0 GCTaskThread "GC Thread#5" [stack: 0x0000003ed6d00000,0x0000003ed6e00000] [id=14672]
  0x0000021bd8c54b90 GCTaskThread "GC Thread#6" [stack: 0x0000003ed7800000,0x0000003ed7900000] [id=13600]
  0x0000021bd8c540d0 GCTaskThread "GC Thread#7" [stack: 0x0000003ed7900000,0x0000003ed7a00000] [id=4064]
  0x0000021bbd9673b0 ConcurrentGCThread "G1 Main Marker" [stack: 0x0000003ed5600000,0x0000003ed5700000] [id=11568]
  0x0000021bbd967cd0 ConcurrentGCThread "G1 Conc#0" [stack: 0x0000003ed5700000,0x0000003ed5800000] [id=10988]
  0x0000021bdb024e00 ConcurrentGCThread "G1 Conc#1" [stack: 0x0000003ed7a00000,0x0000003ed7b00000] [id=15108]
  0x0000021bbd9cea80 ConcurrentGCThread "G1 Refine#0" [stack: 0x0000003ed5800000,0x0000003ed5900000] [id=12780]
  0x0000021bdc373540 ConcurrentGCThread "G1 Refine#1" [stack: 0x0000003ed8800000,0x0000003ed8900000] [id=2320]
  0x0000021bdc23e950 ConcurrentGCThread "G1 Refine#2" [stack: 0x0000003edef00000,0x0000003edf000000] [id=14224]
  0x0000021bdc23f4d0 ConcurrentGCThread "G1 Refine#3" [stack: 0x0000003edf000000,0x0000003edf100000] [id=4388]
  0x0000021bd75fa590 ConcurrentGCThread "G1 Service" [stack: 0x0000003ed5900000,0x0000003ed5a00000] [id=14264]

Threads with active compile tasks:
C2 CompilerThread0     9747 10862       4       org.apache.xerces.dom.CoreDocumentImpl::undeferChildren (149 bytes)
C2 CompilerThread1     9747 10903       4       java.util.HashMap::removeNode (291 bytes)
C2 CompilerThread2     9747 10949       4       com.google.gson.stream.JsonReader::nextQuotedValue (271 bytes)

VM state: at safepoint (normal execution)

VM Mutex/Monitor currently owned by a thread:  ([mutex/lock_event])
[0x0000021bbd8f20c0] Threads_lock - owner thread: 0x0000021bd7778bc0
[0x0000021bbd8f1e80] Heap_lock - owner thread: 0x0000021bdb40f060

Heap address: 0x0000000080000000, size: 2048 MB, Compressed Oops mode: 32-bit

CDS archive(s) not mapped
Compressed class space mapped at: 0x0000000100000000-0x0000000140000000, reserved size: 1073741824
Narrow klass base: 0x0000000000000000, Narrow klass shift: 3, Narrow klass range: 0x140000000

GC Precious Log:
 CPUs: 8 total, 8 available
 Memory: 16228M
 Large Page Support: Disabled
 NUMA Support: Disabled
 Compressed Oops: Enabled (32-bit)
 Heap Region Size: 1M
 Heap Min Capacity: 8M
 Heap Initial Capacity: 254M
 Heap Max Capacity: 2G
 Pre-touch: Disabled
 Parallel Workers: 8
 Concurrent Workers: 2
 Concurrent Refinement Workers: 8
 Periodic GC: Disabled

Heap:
 garbage-first heap   total 260096K, used 107879K [0x0000000080000000, 0x0000000100000000)
  region size 1024K, 1 young (1024K), 1 survivors (1024K)
 Metaspace       used 96807K, committed 97600K, reserved 1138688K
  class space    used 13134K, committed 13504K, reserved 1048576K

Heap Regions: E=young(eden), S=young(survivor), O=old, HS=humongous(starts), HC=humongous(continues), CS=collection set, F=free, OA=open archive, CA=closed archive, TAMS=top-at-mark-start (previous, next)
|   0|0x0000000080000000, 0x0000000080100000, 0x0000000080100000|100%|HS|  |TAMS 0x0000000080100000, 0x0000000080000000| Complete 
|   1|0x0000000080100000, 0x0000000080200000, 0x0000000080200000|100%|HC|  |TAMS 0x0000000080200000, 0x0000000080100000| Complete 
|   2|0x0000000080200000, 0x0000000080300000, 0x0000000080300000|100%|HC|  |TAMS 0x0000000080300000, 0x0000000080200000| Complete 
|   3|0x0000000080300000, 0x0000000080400000, 0x0000000080400000|100%|HC|  |TAMS 0x0000000080400000, 0x0000000080300000| Complete 
|   4|0x0000000080400000, 0x0000000080500000, 0x0000000080500000|100%| O|  |TAMS 0x0000000080500000, 0x0000000080400000| Untracked 
|   5|0x0000000080500000, 0x0000000080600000, 0x0000000080600000|100%| O|  |TAMS 0x0000000080600000, 0x0000000080500000| Untracked 
|   6|0x0000000080600000, 0x0000000080700000, 0x0000000080700000|100%| O|  |TAMS 0x0000000080700000, 0x0000000080600000| Untracked 
|   7|0x0000000080700000, 0x0000000080800000, 0x0000000080800000|100%| O|  |TAMS 0x0000000080800000, 0x0000000080700000| Untracked 
|   8|0x0000000080800000, 0x0000000080900000, 0x0000000080900000|100%| O|  |TAMS 0x0000000080900000, 0x0000000080800000| Untracked 
|   9|0x0000000080900000, 0x0000000080a00000, 0x0000000080a00000|100%| O|  |TAMS 0x0000000080a00000, 0x0000000080900000| Untracked 
|  10|0x0000000080a00000, 0x0000000080b00000, 0x0000000080b00000|100%| O|  |TAMS 0x0000000080b00000, 0x0000000080a00000| Untracked 
|  11|0x0000000080b00000, 0x0000000080b00000, 0x0000000080c00000|  0%| F|  |TAMS 0x0000000080b00000, 0x0000000080b00000| Untracked 
|  12|0x0000000080c00000, 0x0000000080d00000, 0x0000000080d00000|100%| O|  |TAMS 0x0000000080d00000, 0x0000000080c00000| Untracked 
|  13|0x0000000080d00000, 0x0000000080e00000, 0x0000000080e00000|100%| O|  |TAMS 0x0000000080e00000, 0x0000000080d00000| Untracked 
|  14|0x0000000080e00000, 0x0000000080f00000, 0x0000000080f00000|100%| O|  |TAMS 0x0000000080f00000, 0x0000000080e00000| Untracked 
|  15|0x0000000080f00000, 0x0000000081000000, 0x0000000081000000|100%| O|  |TAMS 0x0000000081000000, 0x0000000080f00000| Untracked 
|  16|0x0000000081000000, 0x0000000081100000, 0x0000000081100000|100%| O|  |TAMS 0x0000000081100000, 0x0000000081000000| Untracked 
|  17|0x0000000081100000, 0x0000000081200000, 0x0000000081200000|100%| O|  |TAMS 0x0000000081200000, 0x0000000081100000| Untracked 
|  18|0x0000000081200000, 0x0000000081300000, 0x0000000081300000|100%| O|  |TAMS 0x0000000081300000, 0x0000000081200000| Untracked 
|  19|0x0000000081300000, 0x0000000081400000, 0x0000000081400000|100%| O|  |TAMS 0x0000000081400000, 0x0000000081300000| Untracked 
|  20|0x0000000081400000, 0x0000000081500000, 0x0000000081500000|100%| O|  |TAMS 0x0000000081500000, 0x0000000081400000| Untracked 
|  21|0x0000000081500000, 0x0000000081600000, 0x0000000081600000|100%| O|  |TAMS 0x0000000081600000, 0x0000000081500000| Untracked 
|  22|0x0000000081600000, 0x0000000081700000, 0x0000000081700000|100%| O|  |TAMS 0x0000000081700000, 0x0000000081600000| Untracked 
|  23|0x0000000081700000, 0x0000000081800000, 0x0000000081800000|100%| O|  |TAMS 0x0000000081700000, 0x0000000081700000| Untracked 
|  24|0x0000000081800000, 0x0000000081900000, 0x0000000081900000|100%| O|  |TAMS 0x0000000081900000, 0x0000000081800000| Untracked 
|  25|0x0000000081900000, 0x0000000081a00000, 0x0000000081a00000|100%| O|  |TAMS 0x0000000081a00000, 0x0000000081900000| Untracked 
|  26|0x0000000081a00000, 0x0000000081b00000, 0x0000000081b00000|100%| O|  |TAMS 0x0000000081b00000, 0x0000000081a00000| Untracked 
|  27|0x0000000081b00000, 0x0000000081c00000, 0x0000000081c00000|100%| O|  |TAMS 0x0000000081c00000, 0x0000000081b00000| Untracked 
|  28|0x0000000081c00000, 0x0000000081d00000, 0x0000000081d00000|100%| O|  |TAMS 0x0000000081d00000, 0x0000000081c00000| Untracked 
|  29|0x0000000081d00000, 0x0000000081e00000, 0x0000000081e00000|100%| O|  |TAMS 0x0000000081e00000, 0x0000000081d00000| Untracked 
|  30|0x0000000081e00000, 0x0000000081f00000, 0x0000000081f00000|100%| O|  |TAMS 0x0000000081f00000, 0x0000000081e00000| Untracked 
|  31|0x0000000081f00000, 0x0000000082000000, 0x0000000082000000|100%|HS|  |TAMS 0x0000000082000000, 0x0000000081f00000| Complete 
|  32|0x0000000082000000, 0x0000000082100000, 0x0000000082100000|100%|HS|  |TAMS 0x0000000082100000, 0x0000000082000000| Complete 
|  33|0x0000000082100000, 0x0000000082200000, 0x0000000082200000|100%|HS|  |TAMS 0x0000000082200000, 0x0000000082100000| Complete 
|  34|0x0000000082200000, 0x0000000082300000, 0x0000000082300000|100%| O|  |TAMS 0x0000000082300000, 0x0000000082200000| Untracked 
|  35|0x0000000082300000, 0x0000000082400000, 0x0000000082400000|100%| O|  |TAMS 0x0000000082400000, 0x0000000082300000| Untracked 
|  36|0x0000000082400000, 0x0000000082500000, 0x0000000082500000|100%| O|  |TAMS 0x0000000082500000, 0x0000000082400000| Untracked 
|  37|0x0000000082500000, 0x0000000082600000, 0x0000000082600000|100%| O|  |TAMS 0x0000000082600000, 0x0000000082500000| Untracked 
|  38|0x0000000082600000, 0x0000000082700000, 0x0000000082700000|100%| O|  |TAMS 0x0000000082700000, 0x0000000082600000| Untracked 
|  39|0x0000000082700000, 0x0000000082800000, 0x0000000082800000|100%| O|  |TAMS 0x0000000082800000, 0x0000000082700000| Untracked 
|  40|0x0000000082800000, 0x0000000082900000, 0x0000000082900000|100%| O|  |TAMS 0x0000000082900000, 0x0000000082800000| Untracked 
|  41|0x0000000082900000, 0x0000000082a00000, 0x0000000082a00000|100%| O|  |TAMS 0x0000000082a00000, 0x0000000082900000| Untracked 
|  42|0x0000000082a00000, 0x0000000082b00000, 0x0000000082b00000|100%| O|  |TAMS 0x0000000082b00000, 0x0000000082a00000| Untracked 
|  43|0x0000000082b00000, 0x0000000082c00000, 0x0000000082c00000|100%| O|  |TAMS 0x0000000082c00000, 0x0000000082b00000| Untracked 
|  44|0x0000000082c00000, 0x0000000082d00000, 0x0000000082d00000|100%| O|  |TAMS 0x0000000082d00000, 0x0000000082c00000| Untracked 
|  45|0x0000000082d00000, 0x0000000082e00000, 0x0000000082e00000|100%| O|  |TAMS 0x0000000082e00000, 0x0000000082d00000| Untracked 
|  46|0x0000000082e00000, 0x0000000082f00000, 0x0000000082f00000|100%| O|  |TAMS 0x0000000082f00000, 0x0000000082e00000| Untracked 
|  47|0x0000000082f00000, 0x0000000083000000, 0x0000000083000000|100%| O|  |TAMS 0x0000000083000000, 0x0000000082f00000| Untracked 
|  48|0x0000000083000000, 0x0000000083100000, 0x0000000083100000|100%| O|  |TAMS 0x0000000083100000, 0x0000000083000000| Untracked 
|  49|0x0000000083100000, 0x0000000083200000, 0x0000000083200000|100%| O|  |TAMS 0x0000000083200000, 0x0000000083100000| Untracked 
|  50|0x0000000083200000, 0x0000000083300000, 0x0000000083300000|100%| O|  |TAMS 0x0000000083300000, 0x0000000083200000| Untracked 
|  51|0x0000000083300000, 0x0000000083400000, 0x0000000083400000|100%| O|  |TAMS 0x0000000083400000, 0x0000000083300000| Untracked 
|  52|0x0000000083400000, 0x0000000083500000, 0x0000000083500000|100%| O|  |TAMS 0x0000000083500000, 0x0000000083400000| Untracked 
|  53|0x0000000083500000, 0x0000000083600000, 0x0000000083600000|100%| O|  |TAMS 0x0000000083600000, 0x0000000083500000| Untracked 
|  54|0x0000000083600000, 0x0000000083700000, 0x0000000083700000|100%| O|  |TAMS 0x0000000083700000, 0x0000000083600000| Untracked 
|  55|0x0000000083700000, 0x0000000083800000, 0x0000000083800000|100%| O|  |TAMS 0x0000000083800000, 0x0000000083700000| Untracked 
|  56|0x0000000083800000, 0x0000000083900000, 0x0000000083900000|100%| O|  |TAMS 0x0000000083900000, 0x0000000083800000| Untracked 
|  57|0x0000000083900000, 0x0000000083a00000, 0x0000000083a00000|100%| O|  |TAMS 0x0000000083a00000, 0x0000000083900000| Untracked 
|  58|0x0000000083a00000, 0x0000000083b00000, 0x0000000083b00000|100%| O|  |TAMS 0x0000000083b00000, 0x0000000083a00000| Untracked 
|  59|0x0000000083b00000, 0x0000000083c00000, 0x0000000083c00000|100%| O|  |TAMS 0x0000000083c00000, 0x0000000083b00000| Untracked 
|  60|0x0000000083c00000, 0x0000000083d00000, 0x0000000083d00000|100%| O|  |TAMS 0x0000000083d00000, 0x0000000083c00000| Untracked 
|  61|0x0000000083d00000, 0x0000000083e00000, 0x0000000083e00000|100%| O|  |TAMS 0x0000000083e00000, 0x0000000083d00000| Untracked 
|  62|0x0000000083e00000, 0x0000000083f00000, 0x0000000083f00000|100%| O|  |TAMS 0x0000000083f00000, 0x0000000083e00000| Untracked 
|  63|0x0000000083f00000, 0x0000000084000000, 0x0000000084000000|100%| O|  |TAMS 0x0000000084000000, 0x0000000083f00000| Untracked 
|  64|0x0000000084000000, 0x0000000084100000, 0x0000000084100000|100%| O|  |TAMS 0x0000000084100000, 0x0000000084000000| Untracked 
|  65|0x0000000084100000, 0x0000000084200000, 0x0000000084200000|100%| O|  |TAMS 0x0000000084200000, 0x0000000084100000| Untracked 
|  66|0x0000000084200000, 0x0000000084300000, 0x0000000084300000|100%| O|  |TAMS 0x0000000084300000, 0x0000000084200000| Untracked 
|  67|0x0000000084300000, 0x0000000084400000, 0x0000000084400000|100%| O|  |TAMS 0x0000000084400000, 0x0000000084300000| Untracked 
|  68|0x0000000084400000, 0x0000000084500000, 0x0000000084500000|100%| O|  |TAMS 0x0000000084500000, 0x0000000084400000| Untracked 
|  69|0x0000000084500000, 0x0000000084600000, 0x0000000084600000|100%| O|  |TAMS 0x0000000084600000, 0x0000000084500000| Untracked 
|  70|0x0000000084600000, 0x0000000084700000, 0x0000000084700000|100%| O|  |TAMS 0x0000000084700000, 0x0000000084600000| Untracked 
|  71|0x0000000084700000, 0x0000000084800000, 0x0000000084800000|100%| O|  |TAMS 0x0000000084800000, 0x0000000084700000| Untracked 
|  72|0x0000000084800000, 0x0000000084900000, 0x0000000084900000|100%| O|  |TAMS 0x0000000084900000, 0x0000000084800000| Untracked 
|  73|0x0000000084900000, 0x0000000084a00000, 0x0000000084a00000|100%| O|  |TAMS 0x0000000084a00000, 0x0000000084900000| Untracked 
|  74|0x0000000084a00000, 0x0000000084b00000, 0x0000000084b00000|100%| O|  |TAMS 0x0000000084b00000, 0x0000000084a00000| Untracked 
|  75|0x0000000084b00000, 0x0000000084c00000, 0x0000000084c00000|100%| O|  |TAMS 0x0000000084c00000, 0x0000000084b00000| Untracked 
|  76|0x0000000084c00000, 0x0000000084d00000, 0x0000000084d00000|100%| O|  |TAMS 0x0000000084d00000, 0x0000000084c00000| Untracked 
|  77|0x0000000084d00000, 0x0000000084e00000, 0x0000000084e00000|100%| O|  |TAMS 0x0000000084e00000, 0x0000000084d00000| Untracked 
|  78|0x0000000084e00000, 0x0000000084f00000, 0x0000000084f00000|100%| O|  |TAMS 0x0000000084f00000, 0x0000000084e00000| Untracked 
|  79|0x0000000084f00000, 0x0000000085000000, 0x0000000085000000|100%| O|  |TAMS 0x0000000085000000, 0x0000000084f00000| Untracked 
|  80|0x0000000085000000, 0x0000000085100000, 0x0000000085100000|100%| O|  |TAMS 0x0000000085100000, 0x0000000085000000| Untracked 
|  81|0x0000000085100000, 0x0000000085200000, 0x0000000085200000|100%| O|  |TAMS 0x0000000085200000, 0x0000000085100000| Untracked 
|  82|0x0000000085200000, 0x0000000085300000, 0x0000000085300000|100%| O|  |TAMS 0x0000000085300000, 0x0000000085200000| Untracked 
|  83|0x0000000085300000, 0x0000000085400000, 0x0000000085400000|100%| O|  |TAMS 0x0000000085400000, 0x0000000085300000| Untracked 
|  84|0x0000000085400000, 0x0000000085500000, 0x0000000085500000|100%| O|  |TAMS 0x0000000085500000, 0x0000000085400000| Untracked 
|  85|0x0000000085500000, 0x0000000085600000, 0x0000000085600000|100%| O|  |TAMS 0x0000000085600000, 0x0000000085500000| Untracked 
|  86|0x0000000085600000, 0x0000000085700000, 0x0000000085700000|100%| O|  |TAMS 0x0000000085700000, 0x0000000085600000| Untracked 
|  87|0x0000000085700000, 0x0000000085800000, 0x0000000085800000|100%| O|  |TAMS 0x0000000085800000, 0x0000000085700000| Untracked 
|  88|0x0000000085800000, 0x0000000085900000, 0x0000000085900000|100%| O|  |TAMS 0x0000000085818400, 0x0000000085800000| Untracked 
|  89|0x0000000085900000, 0x0000000085a00000, 0x0000000085a00000|100%| O|  |TAMS 0x0000000085900000, 0x0000000085900000| Untracked 
|  90|0x0000000085a00000, 0x0000000085b00000, 0x0000000085b00000|100%| O|  |TAMS 0x0000000085a00000, 0x0000000085a00000| Untracked 
|  91|0x0000000085b00000, 0x0000000085c00000, 0x0000000085c00000|100%| O|  |TAMS 0x0000000085b00000, 0x0000000085b00000| Untracked 
|  92|0x0000000085c00000, 0x0000000085d00000, 0x0000000085d00000|100%| O|  |TAMS 0x0000000085c00000, 0x0000000085c00000| Untracked 
|  93|0x0000000085d00000, 0x0000000085e00000, 0x0000000085e00000|100%| O|  |TAMS 0x0000000085d00000, 0x0000000085d00000| Untracked 
|  94|0x0000000085e00000, 0x0000000085f00000, 0x0000000085f00000|100%| O|  |TAMS 0x0000000085e00000, 0x0000000085e00000| Untracked 
|  95|0x0000000085f00000, 0x0000000086000000, 0x0000000086000000|100%| O|  |TAMS 0x0000000085f00000, 0x0000000085f00000| Untracked 
|  96|0x0000000086000000, 0x0000000086100000, 0x0000000086100000|100%| O|  |TAMS 0x0000000086000000, 0x0000000086000000| Untracked 
|  97|0x0000000086100000, 0x0000000086200000, 0x0000000086200000|100%| O|  |TAMS 0x0000000086100000, 0x0000000086100000| Untracked 
|  98|0x0000000086200000, 0x000000008625ae00, 0x0000000086300000| 35%| O|  |TAMS 0x0000000086200000, 0x0000000086200000| Untracked 
|  99|0x0000000086300000, 0x0000000086300000, 0x0000000086400000|  0%| F|  |TAMS 0x0000000086300000, 0x0000000086300000| Untracked 
| 100|0x0000000086400000, 0x0000000086500000, 0x0000000086500000|100%|HS|  |TAMS 0x0000000086400000, 0x0000000086400000| Complete 
| 101|0x0000000086500000, 0x0000000086600000, 0x0000000086600000|100%|HC|  |TAMS 0x0000000086500000, 0x0000000086500000| Complete 
| 102|0x0000000086600000, 0x0000000086600000, 0x0000000086700000|  0%| F|  |TAMS 0x0000000086600000, 0x0000000086600000| Untracked 
| 103|0x0000000086700000, 0x0000000086700000, 0x0000000086800000|  0%| F|  |TAMS 0x0000000086700000, 0x0000000086700000| Untracked 
| 104|0x0000000086800000, 0x0000000086900000, 0x0000000086900000|100%| O|  |TAMS 0x0000000086800000, 0x0000000086800000| Untracked 
| 105|0x0000000086900000, 0x0000000086a00000, 0x0000000086a00000|100%| O|  |TAMS 0x0000000086900000, 0x0000000086900000| Untracked 
| 106|0x0000000086a00000, 0x0000000086b00000, 0x0000000086b00000|100%| O|  |TAMS 0x0000000086a00000, 0x0000000086a00000| Untracked 
| 107|0x0000000086b00000, 0x0000000086c00000, 0x0000000086c00000|100%| O|  |TAMS 0x0000000086b00000, 0x0000000086b00000| Untracked 
| 108|0x0000000086c00000, 0x0000000086d00000, 0x0000000086d00000|100%| O|  |TAMS 0x0000000086c00000, 0x0000000086c00000| Untracked 
| 109|0x0000000086d00000, 0x0000000086d00000, 0x0000000086e00000|  0%| F|  |TAMS 0x0000000086d00000, 0x0000000086d00000| Untracked 
| 110|0x0000000086e00000, 0x0000000086e00000, 0x0000000086f00000|  0%| F|  |TAMS 0x0000000086e00000, 0x0000000086e00000| Untracked 
| 111|0x0000000086f00000, 0x0000000086f00000, 0x0000000087000000|  0%| F|  |TAMS 0x0000000086f00000, 0x0000000086f00000| Untracked 
| 112|0x0000000087000000, 0x0000000087000000, 0x0000000087100000|  0%| F|  |TAMS 0x0000000087000000, 0x0000000087000000| Untracked 
| 113|0x0000000087100000, 0x0000000087100000, 0x0000000087200000|  0%| F|  |TAMS 0x0000000087100000, 0x0000000087100000| Untracked 
| 114|0x0000000087200000, 0x0000000087200000, 0x0000000087300000|  0%| F|  |TAMS 0x0000000087200000, 0x0000000087200000| Untracked 
| 115|0x0000000087300000, 0x0000000087300000, 0x0000000087400000|  0%| F|  |TAMS 0x0000000087300000, 0x0000000087300000| Untracked 
| 116|0x0000000087400000, 0x0000000087400000, 0x0000000087500000|  0%| F|  |TAMS 0x0000000087400000, 0x0000000087400000| Untracked 
| 117|0x0000000087500000, 0x0000000087500000, 0x0000000087600000|  0%| F|  |TAMS 0x0000000087500000, 0x0000000087500000| Untracked 
| 118|0x0000000087600000, 0x0000000087600000, 0x0000000087700000|  0%| F|  |TAMS 0x0000000087600000, 0x0000000087600000| Untracked 
| 119|0x0000000087700000, 0x0000000087700000, 0x0000000087800000|  0%| F|  |TAMS 0x0000000087700000, 0x0000000087700000| Untracked 
| 120|0x0000000087800000, 0x0000000087800000, 0x0000000087900000|  0%| F|  |TAMS 0x0000000087800000, 0x0000000087800000| Untracked 
| 121|0x0000000087900000, 0x0000000087900000, 0x0000000087a00000|  0%| F|  |TAMS 0x0000000087900000, 0x0000000087900000| Untracked 
| 122|0x0000000087a00000, 0x0000000087a00000, 0x0000000087b00000|  0%| F|  |TAMS 0x0000000087a00000, 0x0000000087a00000| Untracked 
| 123|0x0000000087b00000, 0x0000000087b00000, 0x0000000087c00000|  0%| F|  |TAMS 0x0000000087b00000, 0x0000000087b00000| Untracked 
| 124|0x0000000087c00000, 0x0000000087c00000, 0x0000000087d00000|  0%| F|  |TAMS 0x0000000087c00000, 0x0000000087c00000| Untracked 
| 125|0x0000000087d00000, 0x0000000087d00000, 0x0000000087e00000|  0%| F|  |TAMS 0x0000000087d00000, 0x0000000087d00000| Untracked 
| 126|0x0000000087e00000, 0x0000000087e00000, 0x0000000087f00000|  0%| F|  |TAMS 0x0000000087e00000, 0x0000000087e00000| Untracked 
| 127|0x0000000087f00000, 0x0000000087f00000, 0x0000000088000000|  0%| F|  |TAMS 0x0000000087f00000, 0x0000000087f00000| Untracked 
| 128|0x0000000088000000, 0x0000000088000000, 0x0000000088100000|  0%| F|  |TAMS 0x0000000088000000, 0x0000000088000000| Untracked 
| 129|0x0000000088100000, 0x0000000088100000, 0x0000000088200000|  0%| F|  |TAMS 0x0000000088100000, 0x0000000088100000| Untracked 
| 130|0x0000000088200000, 0x0000000088200000, 0x0000000088300000|  0%| F|  |TAMS 0x0000000088200000, 0x0000000088200000| Untracked 
| 131|0x0000000088300000, 0x0000000088300000, 0x0000000088400000|  0%| F|  |TAMS 0x0000000088300000, 0x0000000088300000| Untracked 
| 132|0x0000000088400000, 0x0000000088400000, 0x0000000088500000|  0%| F|  |TAMS 0x0000000088400000, 0x0000000088400000| Untracked 
| 133|0x0000000088500000, 0x0000000088500000, 0x0000000088600000|  0%| F|  |TAMS 0x0000000088500000, 0x0000000088500000| Untracked 
| 134|0x0000000088600000, 0x0000000088600000, 0x0000000088700000|  0%| F|  |TAMS 0x0000000088600000, 0x0000000088600000| Untracked 
| 135|0x0000000088700000, 0x0000000088700000, 0x0000000088800000|  0%| F|  |TAMS 0x0000000088700000, 0x0000000088700000| Untracked 
| 136|0x0000000088800000, 0x0000000088800000, 0x0000000088900000|  0%| F|  |TAMS 0x0000000088800000, 0x0000000088800000| Untracked 
| 137|0x0000000088900000, 0x0000000088900000, 0x0000000088a00000|  0%| F|  |TAMS 0x0000000088900000, 0x0000000088900000| Untracked 
| 138|0x0000000088a00000, 0x0000000088a00000, 0x0000000088b00000|  0%| F|  |TAMS 0x0000000088a00000, 0x0000000088a00000| Untracked 
| 139|0x0000000088b00000, 0x0000000088b00000, 0x0000000088c00000|  0%| F|  |TAMS 0x0000000088b00000, 0x0000000088b00000| Untracked 
| 140|0x0000000088c00000, 0x0000000088c00000, 0x0000000088d00000|  0%| F|  |TAMS 0x0000000088c00000, 0x0000000088c00000| Untracked 
| 141|0x0000000088d00000, 0x0000000088d00000, 0x0000000088e00000|  0%| F|  |TAMS 0x0000000088d00000, 0x0000000088d00000| Untracked 
| 142|0x0000000088e00000, 0x0000000088e00000, 0x0000000088f00000|  0%| F|  |TAMS 0x0000000088e00000, 0x0000000088e00000| Untracked 
| 143|0x0000000088f00000, 0x0000000088f00000, 0x0000000089000000|  0%| F|  |TAMS 0x0000000088f00000, 0x0000000088f00000| Untracked 
| 144|0x0000000089000000, 0x0000000089000000, 0x0000000089100000|  0%| F|  |TAMS 0x0000000089000000, 0x0000000089000000| Untracked 
| 145|0x0000000089100000, 0x0000000089100000, 0x0000000089200000|  0%| F|  |TAMS 0x0000000089100000, 0x0000000089100000| Untracked 
| 146|0x0000000089200000, 0x0000000089200000, 0x0000000089300000|  0%| F|  |TAMS 0x0000000089200000, 0x0000000089200000| Untracked 
| 147|0x0000000089300000, 0x0000000089300000, 0x0000000089400000|  0%| F|  |TAMS 0x0000000089300000, 0x0000000089300000| Untracked 
| 148|0x0000000089400000, 0x0000000089400000, 0x0000000089500000|  0%| F|  |TAMS 0x0000000089400000, 0x0000000089400000| Untracked 
| 149|0x0000000089500000, 0x0000000089500000, 0x0000000089600000|  0%| F|  |TAMS 0x0000000089500000, 0x0000000089500000| Untracked 
| 150|0x0000000089600000, 0x0000000089600000, 0x0000000089700000|  0%| F|  |TAMS 0x0000000089600000, 0x0000000089600000| Untracked 
| 151|0x0000000089700000, 0x0000000089700000, 0x0000000089800000|  0%| F|  |TAMS 0x0000000089700000, 0x0000000089700000| Untracked 
| 152|0x0000000089800000, 0x0000000089800000, 0x0000000089900000|  0%| F|  |TAMS 0x0000000089800000, 0x0000000089800000| Untracked 
| 153|0x0000000089900000, 0x0000000089900000, 0x0000000089a00000|  0%| F|  |TAMS 0x0000000089900000, 0x0000000089900000| Untracked 
| 154|0x0000000089a00000, 0x0000000089a00000, 0x0000000089b00000|  0%| F|  |TAMS 0x0000000089a00000, 0x0000000089a00000| Untracked 
| 155|0x0000000089b00000, 0x0000000089b00000, 0x0000000089c00000|  0%| F|  |TAMS 0x0000000089b00000, 0x0000000089b00000| Untracked 
| 156|0x0000000089c00000, 0x0000000089c00000, 0x0000000089d00000|  0%| F|  |TAMS 0x0000000089c00000, 0x0000000089c00000| Untracked 
| 157|0x0000000089d00000, 0x0000000089d00000, 0x0000000089e00000|  0%| F|  |TAMS 0x0000000089d00000, 0x0000000089d00000| Untracked 
| 158|0x0000000089e00000, 0x0000000089e00000, 0x0000000089f00000|  0%| F|  |TAMS 0x0000000089e00000, 0x0000000089e00000| Untracked 
| 159|0x0000000089f00000, 0x0000000089f00000, 0x000000008a000000|  0%| F|  |TAMS 0x0000000089f00000, 0x0000000089f00000| Untracked 
| 160|0x000000008a000000, 0x000000008a000000, 0x000000008a100000|  0%| F|  |TAMS 0x000000008a000000, 0x000000008a000000| Untracked 
| 161|0x000000008a100000, 0x000000008a100000, 0x000000008a200000|  0%| F|  |TAMS 0x000000008a100000, 0x000000008a100000| Untracked 
| 162|0x000000008a200000, 0x000000008a200000, 0x000000008a300000|  0%| F|  |TAMS 0x000000008a200000, 0x000000008a200000| Untracked 
| 163|0x000000008a300000, 0x000000008a300000, 0x000000008a400000|  0%| F|  |TAMS 0x000000008a300000, 0x000000008a300000| Untracked 
| 164|0x000000008a400000, 0x000000008a400000, 0x000000008a500000|  0%| F|  |TAMS 0x000000008a400000, 0x000000008a400000| Untracked 
| 165|0x000000008a500000, 0x000000008a500000, 0x000000008a600000|  0%| F|  |TAMS 0x000000008a500000, 0x000000008a500000| Untracked 
| 166|0x000000008a600000, 0x000000008a600000, 0x000000008a700000|  0%| F|  |TAMS 0x000000008a600000, 0x000000008a600000| Untracked 
| 167|0x000000008a700000, 0x000000008a700000, 0x000000008a800000|  0%| F|  |TAMS 0x000000008a700000, 0x000000008a700000| Untracked 
| 168|0x000000008a800000, 0x000000008a800000, 0x000000008a900000|  0%| F|  |TAMS 0x000000008a800000, 0x000000008a800000| Untracked 
| 169|0x000000008a900000, 0x000000008a900000, 0x000000008aa00000|  0%| F|  |TAMS 0x000000008a900000, 0x000000008a900000| Untracked 
| 170|0x000000008aa00000, 0x000000008aa00000, 0x000000008ab00000|  0%| F|  |TAMS 0x000000008aa00000, 0x000000008aa00000| Untracked 
| 171|0x000000008ab00000, 0x000000008ab00000, 0x000000008ac00000|  0%| F|  |TAMS 0x000000008ab00000, 0x000000008ab00000| Untracked 
| 172|0x000000008ac00000, 0x000000008ac00000, 0x000000008ad00000|  0%| F|  |TAMS 0x000000008ac00000, 0x000000008ac00000| Untracked 
| 173|0x000000008ad00000, 0x000000008ad00000, 0x000000008ae00000|  0%| F|  |TAMS 0x000000008ad00000, 0x000000008ad00000| Untracked 
| 174|0x000000008ae00000, 0x000000008ae00000, 0x000000008af00000|  0%| F|  |TAMS 0x000000008ae00000, 0x000000008ae00000| Untracked 
| 175|0x000000008af00000, 0x000000008af00000, 0x000000008b000000|  0%| F|  |TAMS 0x000000008af00000, 0x000000008af00000| Untracked 
| 176|0x000000008b000000, 0x000000008b000000, 0x000000008b100000|  0%| F|  |TAMS 0x000000008b000000, 0x000000008b000000| Untracked 
| 177|0x000000008b100000, 0x000000008b100000, 0x000000008b200000|  0%| F|  |TAMS 0x000000008b100000, 0x000000008b100000| Untracked 
| 178|0x000000008b200000, 0x000000008b200000, 0x000000008b300000|  0%| F|  |TAMS 0x000000008b200000, 0x000000008b200000| Untracked 
| 179|0x000000008b300000, 0x000000008b300000, 0x000000008b400000|  0%| F|  |TAMS 0x000000008b300000, 0x000000008b300000| Untracked 
| 180|0x000000008b400000, 0x000000008b400000, 0x000000008b500000|  0%| F|  |TAMS 0x000000008b400000, 0x000000008b400000| Untracked 
| 181|0x000000008b500000, 0x000000008b500000, 0x000000008b600000|  0%| F|  |TAMS 0x000000008b500000, 0x000000008b500000| Untracked 
| 182|0x000000008b600000, 0x000000008b600000, 0x000000008b700000|  0%| F|  |TAMS 0x000000008b600000, 0x000000008b600000| Untracked 
| 183|0x000000008b700000, 0x000000008b700000, 0x000000008b800000|  0%| F|  |TAMS 0x000000008b700000, 0x000000008b700000| Untracked 
| 184|0x000000008b800000, 0x000000008b800000, 0x000000008b900000|  0%| F|  |TAMS 0x000000008b800000, 0x000000008b800000| Untracked 
| 185|0x000000008b900000, 0x000000008b900000, 0x000000008ba00000|  0%| F|  |TAMS 0x000000008b900000, 0x000000008b900000| Untracked 
| 186|0x000000008ba00000, 0x000000008ba00000, 0x000000008bb00000|  0%| F|  |TAMS 0x000000008ba00000, 0x000000008ba00000| Untracked 
| 187|0x000000008bb00000, 0x000000008bb00000, 0x000000008bc00000|  0%| F|  |TAMS 0x000000008bb00000, 0x000000008bb00000| Untracked 
| 188|0x000000008bc00000, 0x000000008bc00000, 0x000000008bd00000|  0%| F|  |TAMS 0x000000008bc00000, 0x000000008bc00000| Untracked 
| 189|0x000000008bd00000, 0x000000008bd00000, 0x000000008be00000|  0%| F|  |TAMS 0x000000008bd00000, 0x000000008bd00000| Untracked 
| 190|0x000000008be00000, 0x000000008be00000, 0x000000008bf00000|  0%| F|  |TAMS 0x000000008be00000, 0x000000008be00000| Untracked 
| 191|0x000000008bf00000, 0x000000008bf00000, 0x000000008c000000|  0%| F|  |TAMS 0x000000008bf00000, 0x000000008bf00000| Untracked 
| 192|0x000000008c000000, 0x000000008c000000, 0x000000008c100000|  0%| F|  |TAMS 0x000000008c000000, 0x000000008c000000| Untracked 
| 193|0x000000008c100000, 0x000000008c100000, 0x000000008c200000|  0%| F|  |TAMS 0x000000008c100000, 0x000000008c100000| Untracked 
| 194|0x000000008c200000, 0x000000008c200000, 0x000000008c300000|  0%| F|  |TAMS 0x000000008c200000, 0x000000008c200000| Untracked 
| 195|0x000000008c300000, 0x000000008c300000, 0x000000008c400000|  0%| F|  |TAMS 0x000000008c300000, 0x000000008c300000| Untracked 
| 196|0x000000008c400000, 0x000000008c400000, 0x000000008c500000|  0%| F|  |TAMS 0x000000008c400000, 0x000000008c400000| Untracked 
| 197|0x000000008c500000, 0x000000008c500000, 0x000000008c600000|  0%| F|  |TAMS 0x000000008c500000, 0x000000008c500000| Untracked 
| 198|0x000000008c600000, 0x000000008c600000, 0x000000008c700000|  0%| F|  |TAMS 0x000000008c600000, 0x000000008c600000| Untracked 
| 199|0x000000008c700000, 0x000000008c700000, 0x000000008c800000|  0%| F|  |TAMS 0x000000008c700000, 0x000000008c700000| Untracked 
| 200|0x000000008c800000, 0x000000008c800000, 0x000000008c900000|  0%| F|  |TAMS 0x000000008c800000, 0x000000008c800000| Untracked 
| 201|0x000000008c900000, 0x000000008c900000, 0x000000008ca00000|  0%| F|  |TAMS 0x000000008c900000, 0x000000008c900000| Untracked 
| 202|0x000000008ca00000, 0x000000008ca00000, 0x000000008cb00000|  0%| F|  |TAMS 0x000000008ca00000, 0x000000008ca00000| Untracked 
| 203|0x000000008cb00000, 0x000000008cb00000, 0x000000008cc00000|  0%| F|  |TAMS 0x000000008cb00000, 0x000000008cb00000| Untracked 
| 204|0x000000008cc00000, 0x000000008cc00000, 0x000000008cd00000|  0%| F|  |TAMS 0x000000008cc00000, 0x000000008cc00000| Untracked 
| 205|0x000000008cd00000, 0x000000008cd00000, 0x000000008ce00000|  0%| F|  |TAMS 0x000000008cd00000, 0x000000008cd00000| Untracked 
| 206|0x000000008ce00000, 0x000000008ce00000, 0x000000008cf00000|  0%| F|  |TAMS 0x000000008ce00000, 0x000000008ce00000| Untracked 
| 207|0x000000008cf00000, 0x000000008cffefe8, 0x000000008d000000| 99%| S|CS|TAMS 0x000000008cf00000, 0x000000008cf00000| Complete 
| 208|0x000000008d000000, 0x000000008d000000, 0x000000008d100000|  0%| F|  |TAMS 0x000000008d000000, 0x000000008d000000| Untracked 
| 209|0x000000008d100000, 0x000000008d100000, 0x000000008d200000|  0%| F|  |TAMS 0x000000008d100000, 0x000000008d100000| Untracked 
| 210|0x000000008d200000, 0x000000008d200000, 0x000000008d300000|  0%| F|  |TAMS 0x000000008d200000, 0x000000008d200000| Untracked 
| 211|0x000000008d300000, 0x000000008d300000, 0x000000008d400000|  0%| F|  |TAMS 0x000000008d300000, 0x000000008d300000| Untracked 
| 212|0x000000008d400000, 0x000000008d400000, 0x000000008d500000|  0%| F|  |TAMS 0x000000008d400000, 0x000000008d400000| Untracked 
| 213|0x000000008d500000, 0x000000008d500000, 0x000000008d600000|  0%| F|  |TAMS 0x000000008d500000, 0x000000008d500000| Untracked 
| 214|0x000000008d600000, 0x000000008d600000, 0x000000008d700000|  0%| F|  |TAMS 0x000000008d600000, 0x000000008d600000| Untracked 
| 215|0x000000008d700000, 0x000000008d700000, 0x000000008d800000|  0%| F|  |TAMS 0x000000008d700000, 0x000000008d700000| Untracked 
| 216|0x000000008d800000, 0x000000008d800000, 0x000000008d900000|  0%| F|  |TAMS 0x000000008d800000, 0x000000008d800000| Untracked 
| 217|0x000000008d900000, 0x000000008d900000, 0x000000008da00000|  0%| F|  |TAMS 0x000000008d900000, 0x000000008d900000| Untracked 
| 218|0x000000008da00000, 0x000000008da00000, 0x000000008db00000|  0%| F|  |TAMS 0x000000008da00000, 0x000000008da00000| Untracked 
| 219|0x000000008db00000, 0x000000008db00000, 0x000000008dc00000|  0%| F|  |TAMS 0x000000008db00000, 0x000000008db00000| Untracked 
| 220|0x000000008dc00000, 0x000000008dc00000, 0x000000008dd00000|  0%| F|  |TAMS 0x000000008dc00000, 0x000000008dc00000| Untracked 
| 221|0x000000008dd00000, 0x000000008dd00000, 0x000000008de00000|  0%| F|  |TAMS 0x000000008dd00000, 0x000000008dd00000| Untracked 
| 222|0x000000008de00000, 0x000000008de00000, 0x000000008df00000|  0%| F|  |TAMS 0x000000008de00000, 0x000000008de00000| Untracked 
| 223|0x000000008df00000, 0x000000008df00000, 0x000000008e000000|  0%| F|  |TAMS 0x000000008df00000, 0x000000008df00000| Untracked 
| 224|0x000000008e000000, 0x000000008e000000, 0x000000008e100000|  0%| F|  |TAMS 0x000000008e000000, 0x000000008e000000| Untracked 
| 225|0x000000008e100000, 0x000000008e100000, 0x000000008e200000|  0%| F|  |TAMS 0x000000008e100000, 0x000000008e100000| Untracked 
| 226|0x000000008e200000, 0x000000008e200000, 0x000000008e300000|  0%| F|  |TAMS 0x000000008e200000, 0x000000008e200000| Untracked 
| 227|0x000000008e300000, 0x000000008e300000, 0x000000008e400000|  0%| F|  |TAMS 0x000000008e300000, 0x000000008e300000| Untracked 
| 228|0x000000008e400000, 0x000000008e400000, 0x000000008e500000|  0%| F|  |TAMS 0x000000008e400000, 0x000000008e400000| Untracked 
| 229|0x000000008e500000, 0x000000008e500000, 0x000000008e600000|  0%| F|  |TAMS 0x000000008e500000, 0x000000008e500000| Untracked 
| 230|0x000000008e600000, 0x000000008e600000, 0x000000008e700000|  0%| F|  |TAMS 0x000000008e600000, 0x000000008e600000| Untracked 
| 231|0x000000008e700000, 0x000000008e700000, 0x000000008e800000|  0%| F|  |TAMS 0x000000008e700000, 0x000000008e700000| Untracked 
| 232|0x000000008e800000, 0x000000008e800000, 0x000000008e900000|  0%| F|  |TAMS 0x000000008e800000, 0x000000008e800000| Untracked 
| 233|0x000000008e900000, 0x000000008e900000, 0x000000008ea00000|  0%| F|  |TAMS 0x000000008e900000, 0x000000008e900000| Untracked 
| 234|0x000000008ea00000, 0x000000008ea00000, 0x000000008eb00000|  0%| F|  |TAMS 0x000000008ea00000, 0x000000008ea00000| Untracked 
| 235|0x000000008eb00000, 0x000000008eb00000, 0x000000008ec00000|  0%| F|  |TAMS 0x000000008eb00000, 0x000000008eb00000| Untracked 
| 236|0x000000008ec00000, 0x000000008ec00000, 0x000000008ed00000|  0%| F|  |TAMS 0x000000008ec00000, 0x000000008ec00000| Untracked 
| 237|0x000000008ed00000, 0x000000008ed00000, 0x000000008ee00000|  0%| F|  |TAMS 0x000000008ed00000, 0x000000008ed00000| Untracked 
| 238|0x000000008ee00000, 0x000000008ee00000, 0x000000008ef00000|  0%| F|  |TAMS 0x000000008ee00000, 0x000000008ee00000| Untracked 
| 239|0x000000008ef00000, 0x000000008ef00000, 0x000000008f000000|  0%| F|  |TAMS 0x000000008ef00000, 0x000000008ef00000| Untracked 
| 240|0x000000008f000000, 0x000000008f000000, 0x000000008f100000|  0%| F|  |TAMS 0x000000008f000000, 0x000000008f000000| Untracked 
| 241|0x000000008f100000, 0x000000008f100000, 0x000000008f200000|  0%| F|  |TAMS 0x000000008f100000, 0x000000008f100000| Untracked 
| 242|0x000000008f200000, 0x000000008f200000, 0x000000008f300000|  0%| F|  |TAMS 0x000000008f200000, 0x000000008f200000| Untracked 
| 243|0x000000008f300000, 0x000000008f300000, 0x000000008f400000|  0%| F|  |TAMS 0x000000008f300000, 0x000000008f300000| Untracked 
| 244|0x000000008f400000, 0x000000008f400000, 0x000000008f500000|  0%| F|  |TAMS 0x000000008f400000, 0x000000008f400000| Untracked 
| 245|0x000000008f500000, 0x000000008f500000, 0x000000008f600000|  0%| F|  |TAMS 0x000000008f500000, 0x000000008f500000| Untracked 
| 246|0x000000008f600000, 0x000000008f600000, 0x000000008f700000|  0%| F|  |TAMS 0x000000008f600000, 0x000000008f600000| Untracked 
| 247|0x000000008f700000, 0x000000008f700000, 0x000000008f800000|  0%| F|  |TAMS 0x000000008f700000, 0x000000008f700000| Untracked 
| 248|0x000000008f800000, 0x000000008f800000, 0x000000008f900000|  0%| F|  |TAMS 0x000000008f800000, 0x000000008f800000| Untracked 
| 249|0x000000008f900000, 0x000000008f900000, 0x000000008fa00000|  0%| F|  |TAMS 0x000000008f900000, 0x000000008f900000| Untracked 
| 250|0x000000008fa00000, 0x000000008fa00000, 0x000000008fb00000|  0%| F|  |TAMS 0x000000008fa00000, 0x000000008fa00000| Untracked 
| 251|0x000000008fb00000, 0x000000008fb00000, 0x000000008fc00000|  0%| F|  |TAMS 0x000000008fb00000, 0x000000008fb00000| Untracked 
| 252|0x000000008fc00000, 0x000000008fc00000, 0x000000008fd00000|  0%| F|  |TAMS 0x000000008fc00000, 0x000000008fc00000| Untracked 
| 253|0x000000008fd00000, 0x000000008fd00000, 0x000000008fe00000|  0%| F|  |TAMS 0x000000008fd00000, 0x000000008fd00000| Untracked 

Card table byte_map: [0x0000021bd0500000,0x0000021bd0900000] _byte_map_base: 0x0000021bd0100000

Marking Bits (Prev, Next): (CMBitMap*) 0x0000021bbd956ac0, (CMBitMap*) 0x0000021bbd956a80
 Prev Bits: [0x0000021bd2d00000, 0x0000021bd4d00000)
 Next Bits: [0x0000021bd0d00000, 0x0000021bd2d00000)

Polling page: 0x0000021bbb8a0000

Metaspace:

Usage:
  Non-class:     81.71 MB used.
      Class:     12.83 MB used.
       Both:     94.54 MB used.

Virtual space:
  Non-class space:       88.00 MB reserved,      82.12 MB ( 93%) committed,  11 nodes.
      Class space:        1.00 GB reserved,      13.19 MB (  1%) committed,  1 nodes.
             Both:        1.09 GB reserved,      95.31 MB (  9%) committed. 

Chunk freelists:
   Non-Class:  1.56 MB
       Class:  2.79 MB
        Both:  4.35 MB

MaxMetaspaceSize: unlimited
CompressedClassSpaceSize: 1.00 GB
Initial GC threshold: 21.00 MB
Current GC threshold: 158.88 MB
CDS: off
MetaspaceReclaimPolicy: balanced
 - commit_granule_bytes: 65536.
 - commit_granule_words: 8192.
 - virtual_space_node_default_size: 1048576.
 - enlarge_chunks_in_place: 1.
 - new_chunks_are_fully_committed: 0.
 - uncommit_free_chunks: 1.
 - use_allocation_guard: 0.
 - handle_deallocations: 1.


Internal statistics:

num_allocs_failed_limit: 6.
num_arena_births: 1000.
num_arena_deaths: 14.
num_vsnodes_births: 12.
num_vsnodes_deaths: 0.
num_space_committed: 1524.
num_space_uncommitted: 0.
num_chunks_returned_to_freelist: 26.
num_chunks_taken_from_freelist: 4495.
num_chunk_merges: 15.
num_chunk_splits: 3029.
num_chunks_enlarged: 2075.
num_purges: 2.
num_inconsistent_stats: 0.

CodeHeap 'non-profiled nmethods': size=120000Kb used=5444Kb max_used=5713Kb free=114556Kb
 bounds [0x0000021bc88a0000, 0x0000021bc8e40000, 0x0000021bcfdd0000]
CodeHeap 'profiled nmethods': size=120000Kb used=17563Kb max_used=18408Kb free=102436Kb
 bounds [0x0000021bc0dd0000, 0x0000021bc1fd0000, 0x0000021bc8300000]
CodeHeap 'non-nmethods': size=5760Kb used=2393Kb max_used=2479Kb free=3366Kb
 bounds [0x0000021bc8300000, 0x0000021bc8580000, 0x0000021bc88a0000]
 total_blobs=10223 nmethods=9296 adapters=839
 compilation: enabled
              stopped_count=0, restarted_count=0
 full_count=0

Compilation events (20 events):
Event: 9.658 Thread 0x0000021bdc3f40c0 nmethod 10945 0x0000021bc8ce9990 code [0x0000021bc8ce9b20, 0x0000021bc8ce9e18]
Event: 9.658 Thread 0x0000021bdc3f40c0 10949       4       com.google.gson.stream.JsonReader::nextQuotedValue (271 bytes)
Event: 9.659 Thread 0x0000021bd8065180 10950       2       java.lang.Integer::parseInt (264 bytes)
Event: 9.661 Thread 0x0000021bd8065180 nmethod 10950 0x0000021bc11d6b10 code [0x0000021bc11d6e20, 0x0000021bc11d7a58]
Event: 9.663 Thread 0x0000021bd8065180 10951 %     3       java.lang.Integer::parseInt @ 175 (264 bytes)
Event: 9.666 Thread 0x0000021bd8065180 nmethod 10951% 0x0000021bc11aaa90 code [0x0000021bc11aaf20, 0x0000021bc11acf98]
Event: 9.666 Thread 0x0000021bd8065180 10952       3       java.lang.Integer::parseInt (264 bytes)
Event: 9.666 Thread 0x0000021bd83fa010 nmethod 10535 0x0000021bc8b81e10 code [0x0000021bc8b82380, 0x0000021bc8b8a020]
Event: 9.666 Thread 0x0000021bd83fa010 10897       4       com.android.utils.XmlUtils::toXmlTextValue (65 bytes)
Event: 9.667 Thread 0x0000021bd8065180 nmethod 10952 0x0000021bc12d5910 code [0x0000021bc12d5da0, 0x0000021bc12d7cb8]
Event: 9.674 Thread 0x0000021bd83fa010 nmethod 10897 0x0000021bc8df9390 code [0x0000021bc8df9520, 0x0000021bc8df98b8]
Event: 9.674 Thread 0x0000021bd83fa010 10899       4       com.android.utils.XmlUtils::toXmlAttributeValue (89 bytes)
Event: 9.683 Thread 0x0000021bd83fa010 nmethod 10899 0x0000021bc8df8790 code [0x0000021bc8df8940, 0x0000021bc8df90b8]
Event: 9.683 Thread 0x0000021bd83fa010 10953       4       java.lang.Integer::parseInt (264 bytes)
Event: 9.694 Thread 0x0000021bd83fa010 nmethod 10953 0x0000021bc8a7ee10 code [0x0000021bc8a7efe0, 0x0000021bc8a7f928]
Event: 9.694 Thread 0x0000021bd83fa010 10909 %     4       java.lang.StringUTF16::getChars @ 16 (42 bytes)
Event: 9.706 Thread 0x0000021bd83fa010 nmethod 10909% 0x0000021bc8a8fe10 code [0x0000021bc8a8ffa0, 0x0000021bc8a902f8]
Event: 9.706 Thread 0x0000021bd83fa010 10954       4       java.util.Iterator::forEachRemaining (30 bytes)
Event: 9.709 Thread 0x0000021bd83fa010 nmethod 10954 0x0000021bc8a7e710 code [0x0000021bc8a7e8c0, 0x0000021bc8a7eaf8]
Event: 9.709 Thread 0x0000021bd83fa010 10903       4       java.util.HashMap::removeNode (291 bytes)

GC Heap History (20 events):
Event: 7.595 GC heap after
{Heap after GC invocations=33 (full 0):
 garbage-first heap   total 107520K, used 63556K [0x0000000080000000, 0x0000000100000000)
  region size 1024K, 4 young (4096K), 4 survivors (4096K)
 Metaspace       used 87780K, committed 88384K, reserved 1130496K
  class space    used 11945K, committed 12224K, reserved 1048576K
}
Event: 7.830 GC heap before
{Heap before GC invocations=34 (full 0):
 garbage-first heap   total 114688K, used 88132K [0x0000000080000000, 0x0000000100000000)
  region size 1024K, 28 young (28672K), 4 survivors (4096K)
 Metaspace       used 89170K, committed 89792K, reserved 1130496K
  class space    used 12133K, committed 12416K, reserved 1048576K
}
Event: 7.836 GC heap after
{Heap after GC invocations=35 (full 0):
 garbage-first heap   total 114688K, used 65599K [0x0000000080000000, 0x0000000100000000)
  region size 1024K, 4 young (4096K), 4 survivors (4096K)
 Metaspace       used 89170K, committed 89792K, reserved 1130496K
  class space    used 12133K, committed 12416K, reserved 1048576K
}
Event: 8.011 GC heap before
{Heap before GC invocations=35 (full 0):
 garbage-first heap   total 114688K, used 94271K [0x0000000080000000, 0x0000000100000000)
  region size 1024K, 32 young (32768K), 4 survivors (4096K)
 Metaspace       used 89342K, committed 90048K, reserved 1130496K
  class space    used 12145K, committed 12480K, reserved 1048576K
}
Event: 8.018 GC heap after
{Heap after GC invocations=36 (full 0):
 garbage-first heap   total 138240K, used 70605K [0x0000000080000000, 0x0000000100000000)
  region size 1024K, 4 young (4096K), 4 survivors (4096K)
 Metaspace       used 89342K, committed 90048K, reserved 1130496K
  class space    used 12145K, committed 12480K, reserved 1048576K
}
Event: 8.217 GC heap before
{Heap before GC invocations=37 (full 0):
 garbage-first heap   total 138240K, used 90061K [0x0000000080000000, 0x0000000100000000)
  region size 1024K, 25 young (25600K), 4 survivors (4096K)
 Metaspace       used 90333K, committed 91008K, reserved 1130496K
  class space    used 12231K, committed 12544K, reserved 1048576K
}
Event: 8.223 GC heap after
{Heap after GC invocations=38 (full 0):
 garbage-first heap   total 138240K, used 76087K [0x0000000080000000, 0x0000000100000000)
  region size 1024K, 5 young (5120K), 5 survivors (5120K)
 Metaspace       used 90333K, committed 91008K, reserved 1130496K
  class space    used 12231K, committed 12544K, reserved 1048576K
}
Event: 8.541 GC heap before
{Heap before GC invocations=39 (full 0):
 garbage-first heap   total 138240K, used 108855K [0x0000000080000000, 0x0000000100000000)
  region size 1024K, 37 young (37888K), 5 survivors (5120K)
 Metaspace       used 92946K, committed 93568K, reserved 1130496K
  class space    used 12648K, committed 12928K, reserved 1048576K
}
Event: 8.547 GC heap after
{Heap after GC invocations=40 (full 0):
 garbage-first heap   total 138240K, used 79189K [0x0000000080000000, 0x0000000100000000)
  region size 1024K, 4 young (4096K), 4 survivors (4096K)
 Metaspace       used 92946K, committed 93568K, reserved 1130496K
  class space    used 12648K, committed 12928K, reserved 1048576K
}
Event: 8.721 GC heap before
{Heap before GC invocations=40 (full 0):
 garbage-first heap   total 138240K, used 108885K [0x0000000080000000, 0x0000000100000000)
  region size 1024K, 34 young (34816K), 4 survivors (4096K)
 Metaspace       used 93151K, committed 93824K, reserved 1130496K
  class space    used 12661K, committed 12992K, reserved 1048576K
}
Event: 8.725 GC heap after
{Heap after GC invocations=41 (full 0):
 garbage-first heap   total 138240K, used 81468K [0x0000000080000000, 0x0000000100000000)
  region size 1024K, 3 young (3072K), 3 survivors (3072K)
 Metaspace       used 93151K, committed 93824K, reserved 1130496K
  class space    used 12661K, committed 12992K, reserved 1048576K
}
Event: 9.161 GC heap before
{Heap before GC invocations=42 (full 0):
 garbage-first heap   total 150528K, used 113212K [0x0000000080000000, 0x0000000100000000)
  region size 1024K, 33 young (33792K), 3 survivors (3072K)
 Metaspace       used 95442K, committed 96128K, reserved 1138688K
  class space    used 12987K, committed 13312K, reserved 1048576K
}
Event: 9.165 GC heap after
{Heap after GC invocations=43 (full 0):
 garbage-first heap   total 150528K, used 89139K [0x0000000080000000, 0x0000000100000000)
  region size 1024K, 5 young (5120K), 5 survivors (5120K)
 Metaspace       used 95442K, committed 96128K, reserved 1138688K
  class space    used 12987K, committed 13312K, reserved 1048576K
}
Event: 9.197 GC heap before
{Heap before GC invocations=43 (full 0):
 garbage-first heap   total 150528K, used 91187K [0x0000000080000000, 0x0000000100000000)
  region size 1024K, 7 young (7168K), 5 survivors (5120K)
 Metaspace       used 95877K, committed 96512K, reserved 1138688K
  class space    used 13048K, committed 13376K, reserved 1048576K
}
Event: 9.201 GC heap after
{Heap after GC invocations=44 (full 0):
 garbage-first heap   total 150528K, used 89547K [0x0000000080000000, 0x0000000100000000)
  region size 1024K, 1 young (1024K), 1 survivors (1024K)
 Metaspace       used 95877K, committed 96512K, reserved 1138688K
  class space    used 13048K, committed 13376K, reserved 1048576K
}
Event: 9.495 GC heap before
{Heap before GC invocations=44 (full 0):
 garbage-first heap   total 150528K, used 118219K [0x0000000080000000, 0x0000000100000000)
  region size 1024K, 29 young (29696K), 1 survivors (1024K)
 Metaspace       used 96700K, committed 97472K, reserved 1138688K
  class space    used 13125K, committed 13504K, reserved 1048576K
}
Event: 9.507 GC heap after
{Heap after GC invocations=45 (full 0):
 garbage-first heap   total 150528K, used 102005K [0x0000000080000000, 0x0000000100000000)
  region size 1024K, 4 young (4096K), 4 survivors (4096K)
 Metaspace       used 96700K, committed 97472K, reserved 1138688K
  class space    used 13125K, committed 13504K, reserved 1048576K
}
Event: 9.698 GC heap before
{Heap before GC invocations=46 (full 0):
 garbage-first heap   total 191488K, used 127605K [0x0000000080000000, 0x0000000100000000)
  region size 1024K, 22 young (22528K), 4 survivors (4096K)
 Metaspace       used 96807K, committed 97600K, reserved 1138688K
  class space    used 13134K, committed 13504K, reserved 1048576K
}
Event: 9.703 GC heap after
{Heap after GC invocations=47 (full 0):
 garbage-first heap   total 191488K, used 107431K [0x0000000080000000, 0x0000000100000000)
  region size 1024K, 3 young (3072K), 3 survivors (3072K)
 Metaspace       used 96807K, committed 97600K, reserved 1138688K
  class space    used 13134K, committed 13504K, reserved 1048576K
}
Event: 9.715 GC heap before
{Heap before GC invocations=47 (full 0):
 garbage-first heap   total 191488K, used 112551K [0x0000000080000000, 0x0000000100000000)
  region size 1024K, 9 young (9216K), 3 survivors (3072K)
 Metaspace       used 96807K, committed 97600K, reserved 1138688K
  class space    used 13134K, committed 13504K, reserved 1048576K
}

Dll operation events (2 events):
Event: 0.005 Loaded shared library C:\Program Files\Android\Android Studio\jbr\bin\java.dll
Event: 0.215 Loaded shared library C:\Program Files\Android\Android Studio\jbr\bin\verify.dll

Deoptimization events (20 events):
Event: 9.575 Thread 0x0000021bdb40f060 Uncommon trap: trap_request=0xffffff45 fr.pc=0x0000021bc88b2904 relative=0x0000000000000264
Event: 9.575 Thread 0x0000021bdb40f060 Uncommon trap: reason=unstable_if action=reinterpret pc=0x0000021bc88b2904 method=java.lang.String.getChars(II[CI)V @ 23 c2
Event: 9.575 Thread 0x0000021bdb40f060 DEOPT PACKING pc=0x0000021bc88b2904 sp=0x0000003edecfa300
Event: 9.575 Thread 0x0000021bdb40f060 DEOPT UNPACKING pc=0x0000021bc83569a3 sp=0x0000003edecfa2c0 mode 2
Event: 9.581 Thread 0x0000021bdb40f060 Uncommon trap: trap_request=0xffffff45 fr.pc=0x0000021bc896ee10 relative=0x0000000000000390
Event: 9.581 Thread 0x0000021bdb40f060 Uncommon trap: reason=unstable_if action=reinterpret pc=0x0000021bc896ee10 method=java.lang.StringCoding.implEncodeAsciiArray([CI[BII)I @ 23 c2
Event: 9.581 Thread 0x0000021bdb40f060 DEOPT PACKING pc=0x0000021bc896ee10 sp=0x0000003edecf9f10
Event: 9.581 Thread 0x0000021bdb40f060 DEOPT UNPACKING pc=0x0000021bc83569a3 sp=0x0000003edecf9e90 mode 2
Event: 9.582 Thread 0x0000021bdb40f060 DEOPT PACKING pc=0x0000021bc12ebb4c sp=0x0000003edecf9f20
Event: 9.582 Thread 0x0000021bdb40f060 DEOPT UNPACKING pc=0x0000021bc8357143 sp=0x0000003edecf9390 mode 0
Event: 9.590 Thread 0x0000021bdb40f060 Uncommon trap: trap_request=0xffffff45 fr.pc=0x0000021bc8c43698 relative=0x0000000000001758
Event: 9.590 Thread 0x0000021bdb40f060 Uncommon trap: reason=unstable_if action=reinterpret pc=0x0000021bc8c43698 method=com.google.gson.stream.JsonReader.nextQuotedValue(C)Ljava/lang/String; @ 96 c2
Event: 9.590 Thread 0x0000021bdb40f060 DEOPT PACKING pc=0x0000021bc8c43698 sp=0x0000003edecf9d50
Event: 9.590 Thread 0x0000021bdb40f060 DEOPT UNPACKING pc=0x0000021bc83569a3 sp=0x0000003edecf9d48 mode 2
Event: 9.659 Thread 0x0000021bdb40f060 Uncommon trap: trap_request=0xffffff45 fr.pc=0x0000021bc892123c relative=0x00000000000006dc
Event: 9.659 Thread 0x0000021bdb40f060 Uncommon trap: reason=unstable_if action=reinterpret pc=0x0000021bc892123c method=java.lang.Integer.parseInt(Ljava/lang/String;I)I @ 119 c2
Event: 9.659 Thread 0x0000021bdb40f060 DEOPT PACKING pc=0x0000021bc892123c sp=0x0000003edecf9ad0
Event: 9.659 Thread 0x0000021bdb40f060 DEOPT UNPACKING pc=0x0000021bc83569a3 sp=0x0000003edecf9a38 mode 2
Event: 9.667 Thread 0x0000021bdb40f060 DEOPT PACKING pc=0x0000021bc11d77ab sp=0x0000003edecf9a00
Event: 9.667 Thread 0x0000021bdb40f060 DEOPT UNPACKING pc=0x0000021bc8357143 sp=0x0000003edecf8f38 mode 0

Classes unloaded (7 events):
Event: 9.591 Thread 0x0000021bd7778bc0 Unloading class 0x0000000100cb1c00 'java/lang/invoke/LambdaForm$DMH+0x0000000100cb1c00'
Event: 9.591 Thread 0x0000021bd7778bc0 Unloading class 0x0000000100cb1800 'java/lang/invoke/LambdaForm$DMH+0x0000000100cb1800'
Event: 9.591 Thread 0x0000021bd7778bc0 Unloading class 0x0000000100cb1400 'java/lang/invoke/LambdaForm$DMH+0x0000000100cb1400'
Event: 9.591 Thread 0x0000021bd7778bc0 Unloading class 0x0000000100cb1000 'java/lang/invoke/LambdaForm$DMH+0x0000000100cb1000'
Event: 9.591 Thread 0x0000021bd7778bc0 Unloading class 0x0000000100cb0c00 'java/lang/invoke/LambdaForm$DMH+0x0000000100cb0c00'
Event: 9.591 Thread 0x0000021bd7778bc0 Unloading class 0x0000000100cb0800 'java/lang/invoke/LambdaForm$DMH+0x0000000100cb0800'
Event: 9.591 Thread 0x0000021bd7778bc0 Unloading class 0x0000000100cb0400 'java/lang/invoke/LambdaForm$DMH+0x0000000100cb0400'

Classes redefined (0 events):
No events

Internal exceptions (20 events):
Event: 8.369 Thread 0x0000021bde06da50 Exception <a 'java/lang/NoSuchMethodError'{0x0000000087dac0b0}: static Lcom/android/buildanalyzer/common/AndroidGradlePluginAttributionData$TaskInfo;.<clinit>()V> (0x0000000087dac0b0) 
thrown [s\src\hotspot\share\prims\jni.cpp, line 1108]
Event: 8.370 Thread 0x0000021bde06da50 Exception <a 'java/lang/NoSuchMethodError'{0x0000000087db9f38}: static Lcom/android/buildanalyzer/common/AndroidGradlePluginAttributionData$TaskCategoryInfo;.<clinit>()V> (0x0000000087db9f38) 
thrown [s\src\hotspot\share\prims\jni.cpp, line 1108]
Event: 8.471 Thread 0x0000021bdb40ceb0 Exception <a 'java/lang/NoSuchMethodError'{0x000000008751e158}: 'void java.lang.invoke.DirectMethodHandle$Holder.invokeStatic(java.lang.Object, java.lang.Object, java.lang.Object, java.lang.Object, int, java.lang.Object, java.lang.Object)'> (0x000000008751e158) 
thrown [s\src\hotspot\share\interpreter\linkResolver.cpp, line 771]
Event: 8.478 Thread 0x0000021bde0683b0 Implicit null exception at 0x0000021bc8daf460 to 0x0000021bc8daf4ec
Event: 8.490 Thread 0x0000021bdbc21c20 Exception <a 'java/lang/NoSuchMethodError'{0x0000000086cb3370}: 'java.lang.Object java.lang.invoke.DirectMethodHandle$Holder.invokeSpecialIFC(java.lang.Object, java.lang.Object, java.lang.Object)'> (0x0000000086cb3370) 
thrown [s\src\hotspot\share\interpreter\linkResolver.cpp, line 771]
Event: 8.490 Thread 0x0000021bde0683b0 Exception <a 'java/lang/NoSuchMethodError'{0x0000000086ca10a0}: 'java.lang.Object java.lang.invoke.DirectMethodHandle$Holder.invokeSpecialIFC(java.lang.Object, java.lang.Object, java.lang.Object)'> (0x0000000086ca10a0) 
thrown [s\src\hotspot\share\interpreter\linkResolver.cpp, line 771]
Event: 8.490 Thread 0x0000021bdf467090 Exception <a 'java/lang/NoSuchMethodError'{0x0000000086caa628}: 'java.lang.Object java.lang.invoke.DirectMethodHandle$Holder.invokeSpecialIFC(java.lang.Object, java.lang.Object, java.lang.Object)'> (0x0000000086caa628) 
thrown [s\src\hotspot\share\interpreter\linkResolver.cpp, line 771]
Event: 8.490 Thread 0x0000021bde06c240 Exception <a 'java/lang/NoSuchMethodError'{0x0000000086c97b48}: 'java.lang.Object java.lang.invoke.DirectMethodHandle$Holder.invokeSpecialIFC(java.lang.Object, java.lang.Object, java.lang.Object)'> (0x0000000086c97b48) 
thrown [s\src\hotspot\share\interpreter\linkResolver.cpp, line 771]
Event: 8.490 Thread 0x0000021bdf4174b0 Exception <a 'java/lang/NoSuchMethodError'{0x0000000086c525c8}: 'java.lang.Object java.lang.invoke.DirectMethodHandle$Holder.invokeSpecialIFC(java.lang.Object, java.lang.Object, java.lang.Object)'> (0x0000000086c525c8) 
thrown [s\src\hotspot\share\interpreter\linkResolver.cpp, line 771]
Event: 8.490 Thread 0x0000021bdb40ceb0 Exception <a 'java/lang/NoSuchMethodError'{0x0000000086c6d930}: 'java.lang.Object java.lang.invoke.DirectMethodHandle$Holder.invokeSpecialIFC(java.lang.Object, java.lang.Object, java.lang.Object)'> (0x0000000086c6d930) 
thrown [s\src\hotspot\share\interpreter\linkResolver.cpp, line 771]
Event: 8.490 Thread 0x0000021bde06af00 Exception <a 'java/lang/NoSuchMethodError'{0x0000000086c62e90}: 'java.lang.Object java.lang.invoke.DirectMethodHandle$Holder.invokeSpecialIFC(java.lang.Object, java.lang.Object, java.lang.Object)'> (0x0000000086c62e90) 
thrown [s\src\hotspot\share\interpreter\linkResolver.cpp, line 771]
Event: 8.491 Thread 0x0000021bde06bd70 Exception <a 'java/lang/NoSuchMethodError'{0x0000000086c5a300}: 'java.lang.Object java.lang.invoke.DirectMethodHandle$Holder.invokeSpecialIFC(java.lang.Object, java.lang.Object, java.lang.Object)'> (0x0000000086c5a300) 
thrown [s\src\hotspot\share\interpreter\linkResolver.cpp, line 771]
Event: 8.649 Thread 0x0000021bdf41de90 Exception <a 'java/lang/NoSuchMethodError'{0x0000000087cc2e10}: 'void java.lang.invoke.DirectMethodHandle$Holder.invokeVirtual(java.lang.Object, java.lang.Object)'> (0x0000000087cc2e10) 
thrown [s\src\hotspot\share\interpreter\linkResolver.cpp, line 771]
Event: 8.826 Thread 0x0000021bdb40d850 Exception <a 'sun/nio/fs/WindowsException'{0x000000008cea8d80}> (0x000000008cea8d80) 
thrown [s\src\hotspot\share\prims\jni.cpp, line 517]
Event: 8.827 Thread 0x0000021bdb40d850 Exception <a 'sun/nio/fs/WindowsException'{0x000000008cea90d0}> (0x000000008cea90d0) 
thrown [s\src\hotspot\share\prims\jni.cpp, line 517]
Event: 8.854 Thread 0x0000021bd94bc4e0 Exception <a 'java/lang/NoSuchMethodError'{0x00000000889d8ed0}: static [Ljava/lang/Object;.<clinit>()V> (0x00000000889d8ed0) 
thrown [s\src\hotspot\share\prims\jni.cpp, line 1108]
Event: 9.425 Thread 0x0000021bdb40f060 Exception <a 'sun/nio/fs/WindowsException'{0x0000000087ac9e30}> (0x0000000087ac9e30) 
thrown [s\src\hotspot\share\prims\jni.cpp, line 517]
Event: 9.425 Thread 0x0000021bdb40f060 Exception <a 'sun/nio/fs/WindowsException'{0x0000000087aca220}> (0x0000000087aca220) 
thrown [s\src\hotspot\share\prims\jni.cpp, line 517]
Event: 9.425 Thread 0x0000021bdb40f060 Exception <a 'sun/nio/fs/WindowsException'{0x0000000087acbf40}> (0x0000000087acbf40) 
thrown [s\src\hotspot\share\prims\jni.cpp, line 517]
Event: 9.425 Thread 0x0000021bdb40f060 Exception <a 'sun/nio/fs/WindowsException'{0x0000000087acc2f0}> (0x0000000087acc2f0) 
thrown [s\src\hotspot\share\prims\jni.cpp, line 517]

VM Operations (20 events):
Event: 9.293 Executing VM operation: HandshakeAllThreads done
Event: 9.299 Executing VM operation: HandshakeAllThreads
Event: 9.299 Executing VM operation: HandshakeAllThreads done
Event: 9.300 Executing VM operation: HandshakeAllThreads
Event: 9.300 Executing VM operation: HandshakeAllThreads done
Event: 9.371 Executing VM operation: HandshakeAllThreads
Event: 9.371 Executing VM operation: HandshakeAllThreads done
Event: 9.433 Executing VM operation: HandshakeAllThreads
Event: 9.433 Executing VM operation: HandshakeAllThreads done
Event: 9.447 Executing VM operation: ICBufferFull
Event: 9.447 Executing VM operation: ICBufferFull done
Event: 9.495 Executing VM operation: G1CollectForAllocation
Event: 9.507 Executing VM operation: G1CollectForAllocation done
Event: 9.590 Executing VM operation: G1Concurrent
Event: 9.599 Executing VM operation: G1Concurrent done
Event: 9.642 Executing VM operation: G1Concurrent
Event: 9.657 Executing VM operation: G1Concurrent done
Event: 9.697 Executing VM operation: G1CollectForAllocation
Event: 9.703 Executing VM operation: G1CollectForAllocation done
Event: 9.715 Executing VM operation: G1CollectForAllocation

Events (20 events):
Event: 9.340 loading class org/xml/sax/DocumentHandler
Event: 9.340 loading class org/xml/sax/DocumentHandler done
Event: 9.358 loading class java/util/concurrent/ConcurrentLinkedDeque
Event: 9.358 loading class java/util/concurrent/ConcurrentLinkedDeque done
Event: 9.358 loading class java/util/concurrent/ConcurrentLinkedDeque$Node
Event: 9.358 loading class java/util/concurrent/ConcurrentLinkedDeque$Node done
Event: 9.424 loading class java/nio/file/Files$2
Event: 9.424 loading class java/nio/file/Files$2 done
Event: 9.434 loading class org/w3c/dom/DOMImplementation
Event: 9.434 loading class org/w3c/dom/DOMImplementation done
Event: 9.435 loading class org/w3c/dom/ls/DOMImplementationLS
Event: 9.435 loading class org/w3c/dom/ls/DOMImplementationLS done
Event: 9.435 loading class org/w3c/dom/ls/LSSerializer
Event: 9.435 loading class org/w3c/dom/ls/LSSerializer done
Event: 9.436 loading class org/w3c/dom/ls/LSParser
Event: 9.436 loading class org/w3c/dom/ls/LSParser done
Event: 9.436 loading class org/w3c/dom/ls/LSInput
Event: 9.436 loading class org/w3c/dom/ls/LSInput done
Event: 9.436 loading class org/w3c/dom/ls/LSOutput
Event: 9.436 loading class org/w3c/dom/ls/LSOutput done


Dynamic libraries:
0x00007ff6d4530000 - 0x00007ff6d453a000 	C:\Program Files\Android\Android Studio\jbr\bin\java.exe
0x00007ff9ede90000 - 0x00007ff9ee088000 	C:\WINDOWS\SYSTEM32\ntdll.dll
0x00007ff9ecf70000 - 0x00007ff9ed02f000 	C:\WINDOWS\System32\KERNEL32.DLL
0x00007ff9ebbc0000 - 0x00007ff9ebeb6000 	C:\WINDOWS\System32\KERNELBASE.dll
0x00007ff9eb570000 - 0x00007ff9eb670000 	C:\WINDOWS\System32\ucrtbase.dll
0x00007ff9d2910000 - 0x00007ff9d2927000 	C:\Program Files\Android\Android Studio\jbr\bin\jli.dll
0x00007ff9e4e40000 - 0x00007ff9e4e5b000 	C:\Program Files\Android\Android Studio\jbr\bin\VCRUNTIME140.dll
0x00007ff9ed1d0000 - 0x00007ff9ed36d000 	C:\WINDOWS\System32\USER32.dll
0x00007ff9d6400000 - 0x00007ff9d669a000 	C:\WINDOWS\WinSxS\amd64_microsoft.windows.common-controls_6595b64144ccf1df_6.0.19041.1110_none_60b5254171f9507e\COMCTL32.dll
0x00007ff9eb540000 - 0x00007ff9eb562000 	C:\WINDOWS\System32\win32u.dll
0x00007ff9ed6c0000 - 0x00007ff9ed75e000 	C:\WINDOWS\System32\msvcrt.dll
0x00007ff9ed1a0000 - 0x00007ff9ed1cc000 	C:\WINDOWS\System32\GDI32.dll
0x00007ff9eb960000 - 0x00007ff9eba75000 	C:\WINDOWS\System32\gdi32full.dll
0x00007ff9eb890000 - 0x00007ff9eb92d000 	C:\WINDOWS\System32\msvcp_win.dll
0x00007ff9ebec0000 - 0x00007ff9ebef0000 	C:\WINDOWS\System32\IMM32.DLL
0x00007ff9e5620000 - 0x00007ff9e562c000 	C:\Program Files\Android\Android Studio\jbr\bin\vcruntime140_1.dll
0x00007ff9cd2c0000 - 0x00007ff9cd34d000 	C:\Program Files\Android\Android Studio\jbr\bin\msvcp140.dll
0x00007ff9ac510000 - 0x00007ff9ad17e000 	C:\Program Files\Android\Android Studio\jbr\bin\server\jvm.dll
0x00007ff9edaf0000 - 0x00007ff9edb9f000 	C:\WINDOWS\System32\ADVAPI32.dll
0x00007ff9ed100000 - 0x00007ff9ed19c000 	C:\WINDOWS\System32\sechost.dll
0x00007ff9ed530000 - 0x00007ff9ed656000 	C:\WINDOWS\System32\RPCRT4.dll
0x00007ff9d5a80000 - 0x00007ff9d5a89000 	C:\WINDOWS\SYSTEM32\WSOCK32.dll
0x00007ff9d5450000 - 0x00007ff9d5477000 	C:\WINDOWS\SYSTEM32\WINMM.dll
0x00007ff9e4450000 - 0x00007ff9e445a000 	C:\WINDOWS\SYSTEM32\VERSION.dll
0x00007ff9edbc0000 - 0x00007ff9edc2b000 	C:\WINDOWS\System32\WS2_32.dll
0x00007ff9e90b0000 - 0x00007ff9e90c2000 	C:\WINDOWS\SYSTEM32\kernel.appcore.dll
0x00007ff9d5400000 - 0x00007ff9d540a000 	C:\Program Files\Android\Android Studio\jbr\bin\jimage.dll
0x00007ff9e8c60000 - 0x00007ff9e8e44000 	C:\WINDOWS\SYSTEM32\DBGHELP.DLL
0x00007ff9d5f70000 - 0x00007ff9d5fa4000 	C:\WINDOWS\SYSTEM32\dbgcore.DLL
0x00007ff9eba80000 - 0x00007ff9ebb02000 	C:\WINDOWS\System32\bcryptPrimitives.dll
0x00007ff9d2970000 - 0x00007ff9d2995000 	C:\Program Files\Android\Android Studio\jbr\bin\java.dll
0x00007ff9d3ed0000 - 0x00007ff9d3ee8000 	C:\Program Files\Android\Android Studio\jbr\bin\zip.dll
0x00007ff9ec330000 - 0x00007ff9eca74000 	C:\WINDOWS\System32\SHELL32.dll
0x00007ff9ea2d0000 - 0x00007ff9eaa63000 	C:\WINDOWS\SYSTEM32\windows.storage.dll
0x00007ff9ebef0000 - 0x00007ff9ec244000 	C:\WINDOWS\System32\combase.dll
0x00007ff9eaf90000 - 0x00007ff9eafbe000 	C:\WINDOWS\SYSTEM32\Wldp.dll
0x00007ff9ed030000 - 0x00007ff9ed0dd000 	C:\WINDOWS\System32\SHCORE.dll
0x00007ff9ed960000 - 0x00007ff9ed9b5000 	C:\WINDOWS\System32\shlwapi.dll
0x00007ff9eb480000 - 0x00007ff9eb49f000 	C:\WINDOWS\SYSTEM32\profapi.dll
0x00007ff9d3300000 - 0x00007ff9d3319000 	C:\Program Files\Android\Android Studio\jbr\bin\net.dll
0x00007ff9e5970000 - 0x00007ff9e5a7a000 	C:\WINDOWS\SYSTEM32\WINHTTP.dll
0x00007ff9ea200000 - 0x00007ff9ea26a000 	C:\WINDOWS\system32\mswsock.dll
0x00007ff9d2930000 - 0x00007ff9d2946000 	C:\Program Files\Android\Android Studio\jbr\bin\nio.dll
0x00007ff9d53c0000 - 0x00007ff9d53d0000 	C:\Program Files\Android\Android Studio\jbr\bin\verify.dll
0x00007ff98eed0000 - 0x00007ff98eef7000 	D:\PRG\ANDROID\native\68d5fa5c4cc2d200863cafc0d521ce42e7d3e7ee720ec0a83991735586a16f82\windows-amd64\native-platform.dll
0x00007ff9c7cb0000 - 0x00007ff9c7df4000 	D:\PRG\ANDROID\native\e376f236ea51e6404a007f0833ffe2c6e607c4080706a723a18a27aeea778392\windows-amd64\native-platform-file-events.dll
0x00007ff9d3fc0000 - 0x00007ff9d3fc9000 	C:\Program Files\Android\Android Studio\jbr\bin\management.dll
0x00007ff9c5320000 - 0x00007ff9c532b000 	C:\Program Files\Android\Android Studio\jbr\bin\management_ext.dll
0x00007ff9ed370000 - 0x00007ff9ed378000 	C:\WINDOWS\System32\PSAPI.DLL
0x00007ff9eaee0000 - 0x00007ff9eaef8000 	C:\WINDOWS\SYSTEM32\CRYPTSP.dll
0x0000000052b90000 - 0x0000000052ba1000 	C:\Program Files\Common Files\Crypto Pro\AppCompat\cpadvai.dll
0x0000000052bb0000 - 0x0000000052bb7000 	C:\Program Files\Common Files\Crypto Pro\AppCompat\detoured.dll
0x00007ff9e9ab0000 - 0x00007ff9e9ae4000 	C:\WINDOWS\system32\rsaenh.dll
0x00007ff9eb930000 - 0x00007ff9eb957000 	C:\WINDOWS\System32\bcrypt.dll
0x00007ff9eb440000 - 0x00007ff9eb46e000 	C:\WINDOWS\SYSTEM32\USERENV.dll
0x00007ff9eaf00000 - 0x00007ff9eaf0c000 	C:\WINDOWS\SYSTEM32\CRYPTBASE.dll
0x00007ff9e9ea0000 - 0x00007ff9e9edc000 	C:\WINDOWS\SYSTEM32\IPHLPAPI.DLL
0x00007ff9ed0f0000 - 0x00007ff9ed0f8000 	C:\WINDOWS\System32\NSI.dll
0x00007ff9e4fc0000 - 0x00007ff9e4fd7000 	C:\WINDOWS\SYSTEM32\dhcpcsvc6.DLL
0x00007ff9e49d0000 - 0x00007ff9e49ed000 	C:\WINDOWS\SYSTEM32\dhcpcsvc.DLL
0x00007ff9e9ee0000 - 0x00007ff9e9faa000 	C:\WINDOWS\SYSTEM32\DNSAPI.dll
0x00007ff9c5310000 - 0x00007ff9c5317000 	C:\WINDOWS\system32\wshunix.dll

dbghelp: loaded successfully - version: 4.0.5 - missing functions: none
symbol engine: initialized successfully - sym options: 0x614 - pdb path: .;C:\Program Files\Android\Android Studio\jbr\bin;C:\WINDOWS\SYSTEM32;C:\WINDOWS\WinSxS\amd64_microsoft.windows.common-controls_6595b64144ccf1df_6.0.19041.1110_none_60b5254171f9507e;C:\Program Files\Android\Android Studio\jbr\bin\server;D:\PRG\ANDROID\native\68d5fa5c4cc2d200863cafc0d521ce42e7d3e7ee720ec0a83991735586a16f82\windows-amd64;D:\PRG\ANDROID\native\e376f236ea51e6404a007f0833ffe2c6e607c4080706a723a18a27aeea778392\windows-amd64;C:\Program Files\Common Files\Crypto Pro\AppCompat

VM Arguments:
jvm_args: --add-opens=java.base/java.util=ALL-UNNAMED --add-opens=java.base/java.lang=ALL-UNNAMED --add-opens=java.base/java.lang.invoke=ALL-UNNAMED --add-opens=java.prefs/java.util.prefs=ALL-UNNAMED --add-opens=java.base/java.nio.charset=ALL-UNNAMED --add-opens=java.base/java.net=ALL-UNNAMED --add-opens=java.base/java.util.concurrent.atomic=ALL-UNNAMED -Xmx2048m -Dfile.encoding=UTF-8 -Duser.country=RU -Duser.language=ru -Duser.variant 
java_command: org.gradle.launcher.daemon.bootstrap.GradleDaemon 8.0
java_class_path (initial): D:\PRG\ANDROID\wrapper\dists\gradle-8.0-bin\ca5e32bp14vu59qr306oxotwh\gradle-8.0\lib\gradle-launcher-8.0.jar
Launcher Type: SUN_STANDARD

[Global flags]
     intx CICompilerCount                          = 4                                         {product} {ergonomic}
     uint ConcGCThreads                            = 2                                         {product} {ergonomic}
     uint G1ConcRefinementThreads                  = 8                                         {product} {ergonomic}
   size_t G1HeapRegionSize                         = 1048576                                   {product} {ergonomic}
    uintx GCDrainStackTargetSize                   = 64                                        {product} {ergonomic}
   size_t InitialHeapSize                          = 266338304                                 {product} {ergonomic}
   size_t MarkStackSize                            = 4194304                                   {product} {ergonomic}
   size_t MaxHeapSize                              = 2147483648                                {product} {command line}
   size_t MaxNewSize                               = 1287651328                                {product} {ergonomic}
   size_t MinHeapDeltaBytes                        = 1048576                                   {product} {ergonomic}
   size_t MinHeapSize                              = 8388608                                   {product} {ergonomic}
    uintx NonNMethodCodeHeapSize                   = 5839372                                {pd product} {ergonomic}
    uintx NonProfiledCodeHeapSize                  = 122909434                              {pd product} {ergonomic}
    uintx ProfiledCodeHeapSize                     = 122909434                              {pd product} {ergonomic}
    uintx ReservedCodeCacheSize                    = 251658240                              {pd product} {ergonomic}
     bool SegmentedCodeCache                       = true                                      {product} {ergonomic}
   size_t SoftMaxHeapSize                          = 2147483648                             {manageable} {ergonomic}
     bool UseCompressedClassPointers               = true                           {product lp64_product} {ergonomic}
     bool UseCompressedOops                        = true                           {product lp64_product} {ergonomic}
     bool UseG1GC                                  = true                                      {product} {ergonomic}
     bool UseLargePagesIndividualAllocation        = false                                  {pd product} {ergonomic}

Logging:
Log output configuration:
 #0: stdout all=warning uptime,level,tags
 #1: stderr all=off uptime,level,tags

Environment Variables:
JAVA_HOME=C:\jdk-17.0.2+8
PATH=C:\Program Files\Common Files\Oracle\Java\javapath;C:\Windows\system32;C:\Windows;C:\Windows\System32\Wbem;C:\Windows\System32\WindowsPowerShell\v1.0\;C:\Windows\System32\OpenSSH\;C:\Program Files\7-Zip;C:\Program Files (x86)\NVIDIA Corporation\PhysX\Common;C:\jdk-17.0.2+8\bin;C:\Program Files\Git\cmd;C:\WINDOWS\system32;C:\WINDOWS;C:\WINDOWS\System32\Wbem;C:\WINDOWS\System32\WindowsPowerShell\v1.0\;C:\WINDOWS\System32\OpenSSH\;C:\Program Files\OpenVPN\bin;C:\Users\monahovvv\AppData\Local\Microsoft\WindowsApps;C:\Program Files\JetBrains\IntelliJ IDEA Community Edition 2022.2\bin;;C:\Users\monahovvv\AppData\Local\GitHubDesktop\bin;
USERNAME=monahovvv
OS=Windows_NT
PROCESSOR_IDENTIFIER=Intel64 Family 6 Model 158 Stepping 10, GenuineIntel
TMP=D:\Temp
TEMP=D:\Temp


JNI global refs:
JNI global refs: 28, weak refs: 29

JNI global refs memory usage: 843, weak refs: 841


---------------  S Y S T E M  ---------------

OS:
 Windows 10 , 64 bit Build 19041 (10.0.19041.3031)
OS uptime: 0 days 0:49 hours

CPU: total 8 (initial active 8) (4 cores per cpu, 2 threads per core) family 6 model 158 stepping 10 microcode 0xec, cx8, cmov, fxsr, ht, mmx, 3dnowpref, sse, sse2, sse3, ssse3, sse4.1, sse4.2, popcnt, lzcnt, tsc, tscinvbit, avx, avx2, aes, erms, clmul, bmi1, bmi2, adx, fma, vzeroupper, clflush, clflushopt

Memory: 4k page, system-wide physical 16228M (1711M free)
TotalPageFile size 18128M (AvailPageFile size 16M)
current process WorkingSet (physical memory assigned to process): 442M, peak: 442M
current process commit charge ("private bytes"): 575M, peak: 629M

vm_info: OpenJDK 64-Bit Server VM (17.0.6+0-b2043.56-10027231) for windows-amd64 JRE (17.0.6+0-b2043.56-10027231), built on Apr 28 2023 00:43:19 by "androidbuild" with MS VC++ 16.10 / 16.11 (VS2019)

END.
