#
# There is insufficient memory for the Java Runtime Environment to continue.
# Native memory allocation (mmap) failed to map 266338304 bytes for G1 virtual space
# Possible reasons:
#   The system is out of physical RAM or swap space
#   The process is running with CompressedOops enabled, and the Java Heap may be blocking the growth of the native heap
# Possible solutions:
#   Reduce memory load on the system
#   Increase physical memory or swap space
#   Check if swap backing store is full
#   Decrease Java heap size (-Xmx/-Xms)
#   Decrease number of Java threads
#   Decrease Java thread stack sizes (-Xss)
#   Set larger code cache with -XX:ReservedCodeCacheSize=
#   JVM is running with Zero Based Compressed Oops mode in which the Java heap is
#     placed in the first 32GB address space. The Java Heap base address is the
#     maximum limit for the native heap growth. Please use -XX:HeapBaseMinAddress
#     to set the Java Heap base and to place the Java Heap above 32GB virtual address.
# This output file may be truncated or incomplete.
#
#  Out of Memory Error (os_windows.cpp:3769), pid=3912, tid=13508
#
# JRE version:  (17.0.6) (build )
# Java VM: OpenJDK 64-Bit Server VM (17.0.6+0-b2043.56-10027231, mixed mode, sharing, tiered, compressed oops, compressed class ptrs, g1 gc, windows-amd64)
# No core dump will be written. Minidumps are not enabled by default on client versions of Windows
#

---------------  S U M M A R Y ------------

Command Line: git4idea.http.GitAskPassApp Username for 'https://github.com': 

Host: Intel(R) Core(TM) i5-9300H CPU @ 2.40GHz, 8 cores, 15G,  Windows 10 , 64 bit Build 19041 (10.0.19041.3031)
Time: Mon Dec 25 16:45:32 2023 RTZ 2 (s 10 , 64 bit Build 19041 (10.0.19041.3031) elapsed time: 0.060074 seconds (0d 0h 0m 0s)

---------------  T H R E A D  ---------------

Current thread (0x00000181d670b970):  JavaThread "Unknown thread" [_thread_in_vm, id=13508, stack(0x000000077c800000,0x000000077c900000)]

Stack: [0x000000077c800000,0x000000077c900000]
Native frames: (J=compiled Java code, j=interpreted, Vv=VM code, C=native code)
V  [jvm.dll+0x683c9a]
V  [jvm.dll+0x8427a4]
V  [jvm.dll+0x843f9e]
V  [jvm.dll+0x844603]
V  [jvm.dll+0x249b75]
V  [jvm.dll+0x680b69]
V  [jvm.dll+0x67505a]
V  [jvm.dll+0x309acb]
V  [jvm.dll+0x310f86]
V  [jvm.dll+0x3608ee]
V  [jvm.dll+0x360b1f]
V  [jvm.dll+0x2dfbf8]
V  [jvm.dll+0x2e0b64]
V  [jvm.dll+0x814091]
V  [jvm.dll+0x36e6a1]
V  [jvm.dll+0x7f35cc]
V  [jvm.dll+0x3f0e8f]
V  [jvm.dll+0x3f29d1]
C  [jli.dll+0x526b]
C  [ucrtbase.dll+0x21bb2]
C  [KERNEL32.DLL+0x17614]
C  [ntdll.dll+0x526f1]


---------------  P R O C E S S  ---------------

Threads class SMR info:
_java_thread_list=0x00007fffc57fc058, length=0, elements={
}

Java Threads: ( => current thread )

Other Threads:
  0x00000181d67786b0 GCTaskThread "GC Thread#0" [stack: 0x000000077c900000,0x000000077ca00000] [id=16344]
  0x00000181d6789380 ConcurrentGCThread "G1 Main Marker" [stack: 0x000000077ca00000,0x000000077cb00000] [id=13988]
  0x00000181d6789d90 ConcurrentGCThread "G1 Conc#0" [stack: 0x000000077cb00000,0x000000077cc00000] [id=12120]

[error occurred during error reporting (printing all threads), id 0xc0000005, EXCEPTION_ACCESS_VIOLATION (0xc0000005) at pc=0x00007fffc4fb0797]

VM state: not at safepoint (not fully initialized)

VM Mutex/Monitor currently owned by a thread:  ([mutex/lock_event])
[0x00000181d6706a80] Heap_lock - owner thread: 0x00000181d670b970

Heap address: 0x00000004d6e00000, size: 4058 MB, Compressed Oops mode: Zero based, Oop shift amount: 3

CDS archive(s) mapped at: [0x0000000000000000-0x0000000000000000-0x0000000000000000), size 0, SharedBaseAddress: 0x0000000800000000, ArchiveRelocationMode: 0.
Narrow klass base: 0x0000000000000000, Narrow klass shift: 0, Narrow klass range: 0x0

GC Precious Log:
<Empty>

Heap:
 garbage-first heap   total 0K, used 0K [0x00000004d6e00000, 0x00000005d4800000)
  region size 2048K, 0 young (0K), 0 survivors (0K)

[error occurred during error reporting (printing heap information), id 0xc0000005, EXCEPTION_ACCESS_VIOLATION (0xc0000005) at pc=0x00007fffc539da89]

GC Heap History (0 events):
No events

Dll operation events (1 events):
Event: 0.005 Loaded shared library C:\Program Files\Android\Android Studio\jbr\bin\java.dll

Deoptimization events (0 events):
No events

Classes unloaded (0 events):
No events

Classes redefined (0 events):
No events

Internal exceptions (0 events):
No events

VM Operations (0 events):
No events

Events (0 events):
No events


Dynamic libraries:
0x00007ff75cc60000 - 0x00007ff75cc6a000 	C:\Program Files\Android\Android Studio\jbr\bin\java.exe
0x00007ff806430000 - 0x00007ff806628000 	C:\WINDOWS\SYSTEM32\ntdll.dll
0x00007ff804a70000 - 0x00007ff804b2f000 	C:\WINDOWS\System32\KERNEL32.DLL
0x00007ff804080000 - 0x00007ff804376000 	C:\WINDOWS\System32\KERNELBASE.dll
0x00007ff803d90000 - 0x00007ff803e90000 	C:\WINDOWS\System32\ucrtbase.dll
0x00007ffffa650000 - 0x00007ffffa667000 	C:\Program Files\Android\Android Studio\jbr\bin\jli.dll
0x00007fffeb130000 - 0x00007fffeb14b000 	C:\Program Files\Android\Android Studio\jbr\bin\VCRUNTIME140.dll
0x00007ff8046a0000 - 0x00007ff80483d000 	C:\WINDOWS\System32\USER32.dll
0x00007fffee890000 - 0x00007fffeeb2a000 	C:\WINDOWS\WinSxS\amd64_microsoft.windows.common-controls_6595b64144ccf1df_6.0.19041.1110_none_60b5254171f9507e\COMCTL32.dll
0x00007ff803d60000 - 0x00007ff803d82000 	C:\WINDOWS\System32\win32u.dll
0x00007ff8049d0000 - 0x00007ff804a6e000 	C:\WINDOWS\System32\msvcrt.dll
0x00007ff804b30000 - 0x00007ff804b5c000 	C:\WINDOWS\System32\GDI32.dll
0x00007ff803bf0000 - 0x00007ff803d05000 	C:\WINDOWS\System32\gdi32full.dll
0x00007ff803ae0000 - 0x00007ff803b7d000 	C:\WINDOWS\System32\msvcp_win.dll
0x00007ff804980000 - 0x00007ff8049b0000 	C:\WINDOWS\System32\IMM32.DLL
0x00007fffeb100000 - 0x00007fffeb10c000 	C:\Program Files\Android\Android Studio\jbr\bin\vcruntime140_1.dll
0x00007fffd2ca0000 - 0x00007fffd2d2d000 	C:\Program Files\Android\Android Studio\jbr\bin\msvcp140.dll
0x00007fffc4cc0000 - 0x00007fffc592e000 	C:\Program Files\Android\Android Studio\jbr\bin\server\jvm.dll
0x00007ff805700000 - 0x00007ff8057af000 	C:\WINDOWS\System32\ADVAPI32.dll
0x00007ff805660000 - 0x00007ff8056fc000 	C:\WINDOWS\System32\sechost.dll
0x00007ff8060e0000 - 0x00007ff806206000 	C:\WINDOWS\System32\RPCRT4.dll
0x00007ffffeb70000 - 0x00007ffffeb79000 	C:\WINDOWS\SYSTEM32\WSOCK32.dll
0x00007fffedc10000 - 0x00007fffedc37000 	C:\WINDOWS\SYSTEM32\WINMM.dll
0x00007ffffc760000 - 0x00007ffffc76a000 	C:\WINDOWS\SYSTEM32\VERSION.dll
0x00007ff805380000 - 0x00007ff8053eb000 	C:\WINDOWS\System32\WS2_32.dll
0x00007ff801650000 - 0x00007ff801662000 	C:\WINDOWS\SYSTEM32\kernel.appcore.dll
0x00007ffffeb20000 - 0x00007ffffeb2a000 	C:\Program Files\Android\Android Studio\jbr\bin\jimage.dll
0x00007ff801350000 - 0x00007ff801534000 	C:\WINDOWS\SYSTEM32\DBGHELP.DLL
0x00007fffed840000 - 0x00007fffed874000 	C:\WINDOWS\SYSTEM32\dbgcore.DLL
0x00007ff803e90000 - 0x00007ff803f12000 	C:\WINDOWS\System32\bcryptPrimitives.dll
0x00007ffffd3c0000 - 0x00007ffffd3e5000 	C:\Program Files\Android\Android Studio\jbr\bin\java.dll

dbghelp: loaded successfully - version: 4.0.5 - missing functions: none
symbol engine: initialized successfully - sym options: 0x614 - pdb path: .;C:\Program Files\Android\Android Studio\jbr\bin;C:\WINDOWS\SYSTEM32;C:\WINDOWS\WinSxS\amd64_microsoft.windows.common-controls_6595b64144ccf1df_6.0.19041.1110_none_60b5254171f9507e;C:\Program Files\Android\Android Studio\jbr\bin\server

VM Arguments:
java_command: git4idea.http.GitAskPassApp Username for 'https://github.com': 
java_class_path (initial): C:/Program Files/Android/Android Studio/plugins/vcs-git/lib/git4idea-rt.jar;C:/Program Files/Android/Android Studio/lib/externalProcess-rt.jar;C:/Program Files/Android/Android Studio/lib/app.jar;C:/Program Files/Android/Android Studio/lib/3rd-party-rt.jar
Launcher Type: SUN_STANDARD

[Global flags]
     intx CICompilerCount                          = 4                                         {product} {ergonomic}
     uint ConcGCThreads                            = 2                                         {product} {ergonomic}
     uint G1ConcRefinementThreads                  = 8                                         {product} {ergonomic}
   size_t G1HeapRegionSize                         = 2097152                                   {product} {ergonomic}
    uintx GCDrainStackTargetSize                   = 64                                        {product} {ergonomic}
   size_t InitialHeapSize                          = 266338304                                 {product} {ergonomic}
   size_t MarkStackSize                            = 4194304                                   {product} {ergonomic}
   size_t MaxHeapSize                              = 4255121408                                {product} {ergonomic}
   size_t MinHeapDeltaBytes                        = 2097152                                   {product} {ergonomic}
   size_t MinHeapSize                              = 8388608                                   {product} {ergonomic}
    uintx NonNMethodCodeHeapSize                   = 5839372                                {pd product} {ergonomic}
    uintx NonProfiledCodeHeapSize                  = 122909434                              {pd product} {ergonomic}
    uintx ProfiledCodeHeapSize                     = 122909434                              {pd product} {ergonomic}
    uintx ReservedCodeCacheSize                    = 251658240                              {pd product} {ergonomic}
     bool SegmentedCodeCache                       = true                                      {product} {ergonomic}
   size_t SoftMaxHeapSize                          = 4255121408                             {manageable} {ergonomic}
     bool UseCompressedClassPointers               = true                           {product lp64_product} {ergonomic}
     bool UseCompressedOops                        = true                           {product lp64_product} {ergonomic}
     bool UseG1GC                                  = true                                      {product} {ergonomic}
     bool UseLargePagesIndividualAllocation        = false                                  {pd product} {ergonomic}

Logging:
Log output configuration:
 #0: stdout all=warning uptime,level,tags
 #1: stderr all=off uptime,level,tags

Environment Variables:
JAVA_HOME=C:\jdk-17.0.2+8
PATH=C:\Program Files\Git\mingw64\libexec\git-core;C:\Program Files\Git\mingw64\libexec\git-core;C:\Program Files\Git\mingw64\bin;C:\Program Files\Git\usr\bin;C:\Users\monahovvv\bin;C:\Program Files\Common Files\Oracle\Java\javapath;C:\Windows\system32;C:\Windows;C:\Windows\System32\Wbem;C:\Windows\System32\WindowsPowerShell\v1.0;C:\Windows\System32\OpenSSH;C:\Program Files\7-Zip;C:\Program Files (x86)\NVIDIA Corporation\PhysX\Common;C:\jdk-17.0.2+8\bin;C:\Program Files\Git\cmd;C:\WINDOWS\system32;C:\WINDOWS;C:\WINDOWS\System32\Wbem;C:\WINDOWS\System32\WindowsPowerShell\v1.0;C:\WINDOWS\System32\OpenSSH;C:\Program Files\OpenVPN\bin;C:\Users\monahovvv\AppData\Local\Microsoft\WindowsApps;C:\Program Files\JetBrains\IntelliJ IDEA Community Edition 2022.2\bin;C:\Users\monahovvv\AppData\Local\GitHubDesktop\bin
USERNAME=monahovvv
DISPLAY=:0.0
LC_ALL=en_US.UTF-8
TERM=xterm-256color
TMPDIR=D:\Temp
OS=Windows_NT
PROCESSOR_IDENTIFIER=Intel64 Family 6 Model 158 Stepping 10, GenuineIntel
TMP=D:\Temp
TEMP=D:\Temp


JNI global refs:

[error occurred during error reporting (JNI global references), id 0xc0000005, EXCEPTION_ACCESS_VIOLATION (0xc0000005) at pc=0x00007fffc4d77a10]


---------------  S Y S T E M  ---------------

OS:
 Windows 10 , 64 bit Build 19041 (10.0.19041.3031)
OS uptime: 0 days 4:38 hours

CPU: total 8 (initial active 8) (4 cores per cpu, 2 threads per core) family 6 model 158 stepping 10 microcode 0xec, cx8, cmov, fxsr, ht, mmx, 3dnowpref, sse, sse2, sse3, ssse3, sse4.1, sse4.2, popcnt, lzcnt, tsc, tscinvbit, avx, avx2, aes, erms, clmul, bmi1, bmi2, adx, fma, vzeroupper, clflush, clflushopt

Memory: 4k page, system-wide physical 16228M (2077M free)
TotalPageFile size 18128M (AvailPageFile size 76M)
current process WorkingSet (physical memory assigned to process): 10M, peak: 10M
current process commit charge ("private bytes"): 60M, peak: 314M

vm_info: OpenJDK 64-Bit Server VM (17.0.6+0-b2043.56-10027231) for windows-amd64 JRE (17.0.6+0-b2043.56-10027231), built on Apr 28 2023 00:43:19 by "androidbuild" with MS VC++ 16.10 / 16.11 (VS2019)

END.
