#
# There is insufficient memory for the Java Runtime Environment to continue.
# Native memory allocation (mmap) failed to map 65536 bytes for Failed to commit metaspace.
# Possible reasons:
#   The system is out of physical RAM or swap space
#   The process is running with CompressedOops enabled, and the Java Heap may be blocking the growth of the native heap
# Possible solutions:
#   Reduce memory load on the system
#   Increase physical memory or swap space
#   Check if swap backing store is full
#   Decrease Java heap size (-Xmx/-Xms)
#   Decrease number of Java threads
#   Decrease Java thread stack sizes (-Xss)
#   Set larger code cache with -XX:ReservedCodeCacheSize=
#   JVM is running with Unscaled Compressed Oops mode in which the Java heap is
#     placed in the first 4GB address space. The Java Heap base address is the
#     maximum limit for the native heap growth. Please use -XX:HeapBaseMinAddress
#     to set the Java Heap base and to place the Java Heap above 4GB virtual address.
# This output file may be truncated or incomplete.
#
#  Out of Memory Error (virtualSpaceNode.cpp:110), pid=14092, tid=11216
#
# JRE version: OpenJDK Runtime Environment (17.0.6) (build 17.0.6+0-b2043.56-10027231)
# Java VM: OpenJDK 64-Bit Server VM (17.0.6+0-b2043.56-10027231, mixed mode, tiered, compressed oops, compressed class ptrs, g1 gc, windows-amd64)
# No core dump will be written. Minidumps are not enabled by default on client versions of Windows
#

---------------  S U M M A R Y ------------

Command Line: --add-opens=java.base/java.util=ALL-UNNAMED --add-opens=java.base/java.lang=ALL-UNNAMED --add-opens=java.base/java.lang.invoke=ALL-UNNAMED --add-opens=java.prefs/java.util.prefs=ALL-UNNAMED --add-opens=java.base/java.nio.charset=ALL-UNNAMED --add-opens=java.base/java.net=ALL-UNNAMED --add-opens=java.base/java.util.concurrent.atomic=ALL-UNNAMED -Xmx2048m -Dfile.encoding=UTF-8 -Duser.country=RU -Duser.language=ru -Duser.variant org.gradle.launcher.daemon.bootstrap.GradleDaemon 8.0

Host: Intel(R) Core(TM) i5-9300H CPU @ 2.40GHz, 8 cores, 15G,  Windows 10 , 64 bit Build 19041 (10.0.19041.3031)
Time: Tue Jan 16 13:43:33 2024 RTZ 2 (s 10 , 64 bit Build 19041 (10.0.19041.3031) elapsed time: 8.505792 seconds (0d 0h 0m 8s)

---------------  T H R E A D  ---------------

Current thread (0x00000167c008d060):  JavaThread "C1 CompilerThread0" daemon [_thread_in_vm, id=11216, stack(0x0000000a45d00000,0x0000000a45e00000)]


Current CompileTask:
C1:   8505 10528       3       org.gradle.api.internal.artifacts.dsl.dependencies.DefaultDependencyConstraintHandler::doAdd (66 bytes)

Stack: [0x0000000a45d00000,0x0000000a45e00000]
Native frames: (J=compiled Java code, j=interpreted, Vv=VM code, C=native code)
V  [jvm.dll+0x683c9a]
V  [jvm.dll+0x8427a4]
V  [jvm.dll+0x843f9e]
V  [jvm.dll+0x844603]
V  [jvm.dll+0x249b75]
V  [jvm.dll+0x83e7fb]
V  [jvm.dll+0x628006]
V  [jvm.dll+0x1c194e]
V  [jvm.dll+0x62a941]
V  [jvm.dll+0x6289a6]
V  [jvm.dll+0x639bfa]
V  [jvm.dll+0x632a0a]
V  [jvm.dll+0x1cdb00]
V  [jvm.dll+0x1cdcf0]
V  [jvm.dll+0x147f01]
V  [jvm.dll+0x147d45]
V  [jvm.dll+0x13f58e]
V  [jvm.dll+0x141b45]
V  [jvm.dll+0x13fd2c]
V  [jvm.dll+0x14881d]
V  [jvm.dll+0x147d45]
V  [jvm.dll+0x13f58e]
V  [jvm.dll+0x141b45]
V  [jvm.dll+0x13fd2c]
V  [jvm.dll+0x14881d]
V  [jvm.dll+0x147d45]
V  [jvm.dll+0x13f58e]
V  [jvm.dll+0x141b45]
V  [jvm.dll+0x13fe24]
V  [jvm.dll+0x139d9f]
V  [jvm.dll+0x1499a6]
V  [jvm.dll+0x135490]
V  [jvm.dll+0x1357f0]
V  [jvm.dll+0x135ab6]
V  [jvm.dll+0x134f4a]
V  [jvm.dll+0x136c11]
V  [jvm.dll+0x22b098]
V  [jvm.dll+0x229159]
V  [jvm.dll+0x7f81ec]
V  [jvm.dll+0x7f274a]
V  [jvm.dll+0x682ad5]
C  [ucrtbase.dll+0x21bb2]
C  [KERNEL32.DLL+0x17614]
C  [ntdll.dll+0x526f1]


---------------  P R O C E S S  ---------------

Threads class SMR info:
_java_thread_list=0x00000167c444ce00, length=139, elements={
0x00000167a5908980, 0x00000167c0027cd0, 0x00000167c0028b90, 0x00000167c0079890,
0x00000167c007a350, 0x00000167c007dc30, 0x00000167c007e4f0, 0x00000167c008a6a0,
0x00000167c008d060, 0x00000167c008f970, 0x00000167c020c4a0, 0x00000167c020cd80,
0x00000167c03f0530, 0x00000167c289c6f0, 0x00000167c1c924d0, 0x00000167c2e897f0,
0x00000167c2913430, 0x00000167c2d51050, 0x00000167c2a61a60, 0x00000167c1b76720,
0x00000167c14553d0, 0x00000167c1453220, 0x00000167c14536f0, 0x00000167c1454090,
0x00000167c14558a0, 0x00000167c1455d70, 0x00000167c1454560, 0x00000167c1456710,
0x00000167c1456240, 0x00000167c1456be0, 0x00000167c1454a30, 0x00000167c5541030,
0x00000167c5540690, 0x00000167c553b4c0, 0x00000167c553d670, 0x00000167c553ccd0,
0x00000167c553c330, 0x00000167c553e9b0, 0x00000167c553e010, 0x00000167c553ab20,
0x00000167c553aff0, 0x00000167c553b990, 0x00000167c553d1a0, 0x00000167c553fcf0,
0x00000167c553ee80, 0x00000167c553f350, 0x00000167c553f820, 0x00000167c55401c0,
0x00000167c3b70570, 0x00000167c3b70f10, 0x00000167c3b713e0, 0x00000167c3b6e890,
0x00000167c3b6ed60, 0x00000167c3b6def0, 0x00000167c3b6e3c0, 0x00000167c3b6fbd0,
0x00000167c3b71d80, 0x00000167c3b70a40, 0x00000167c3b718b0, 0x00000167c3b6d550,
0x00000167c3b74400, 0x00000167c3b6da20, 0x00000167c3b6f700, 0x00000167c3b72250,
0x00000167c3b730c0, 0x00000167c3b6f230, 0x00000167c3b73590, 0x00000167c3b700a0,
0x00000167c3b72720, 0x00000167c3b72bf0, 0x00000167c3b73a60, 0x00000167c3b73f30,
0x00000167c3b748d0, 0x00000167c3b74da0, 0x00000167c7ac3610, 0x00000167c7ac74a0,
0x00000167c7ac6160, 0x00000167c7ac87e0, 0x00000167c7aca4c0, 0x00000167c7ac7970,
0x00000167c7acae60, 0x00000167c7ac8cb0, 0x00000167c7ac9180, 0x00000167c7ac6630,
0x00000167c7ac4480, 0x00000167c7ac3ae0, 0x00000167c7ac7e40, 0x00000167c7ac3fb0,
0x00000167c7ac4e20, 0x00000167c7aca990, 0x00000167c7ac6b00, 0x00000167c7ac4950,
0x00000167c7ac57c0, 0x00000167c7ac9650, 0x00000167c7ac52f0, 0x00000167c7ac8310,
0x00000167c7ac6fd0, 0x00000167c7ac5c90, 0x00000167c7ac9b20, 0x00000167c7ac9ff0,
0x00000167c46a0be0, 0x00000167c469cd50, 0x00000167c469dbc0, 0x00000167c469ea30,
0x00000167c469f8a0, 0x00000167c46a10b0, 0x00000167c469e090, 0x00000167c469d6f0,
0x00000167c469e560, 0x00000167c46a23f0, 0x00000167c46a28c0, 0x00000167c46a45a0,
0x00000167c469ef00, 0x00000167c46a2d90, 0x00000167c46a1580, 0x00000167c469f3d0,
0x00000167c46a3260, 0x00000167c469fd70, 0x00000167c46a3730, 0x00000167c46a0240,
0x00000167c46a1a50, 0x00000167c46a1f20, 0x00000167c46a3c00, 0x00000167c46a40d0,
0x00000167c469d220, 0x00000167c97ec1f0, 0x00000167c97e8d00, 0x00000167c186f690,
0x00000167c627b070, 0x00000167c627c880, 0x00000167c627ea30, 0x00000167c627cd50,
0x00000167c627d220, 0x00000167c627bee0, 0x00000167c627c3b0, 0x00000167c627d6f0,
0x00000167c627dbc0, 0x00000167c627e090, 0x00000167c627e560
}

Java Threads: ( => current thread )
  0x00000167a5908980 JavaThread "main" [_thread_blocked, id=13464, stack(0x0000000a44f00000,0x0000000a45000000)]
  0x00000167c0027cd0 JavaThread "Reference Handler" daemon [_thread_blocked, id=10840, stack(0x0000000a45600000,0x0000000a45700000)]
  0x00000167c0028b90 JavaThread "Finalizer" daemon [_thread_blocked, id=9340, stack(0x0000000a45700000,0x0000000a45800000)]
  0x00000167c0079890 JavaThread "Signal Dispatcher" daemon [_thread_blocked, id=13532, stack(0x0000000a45800000,0x0000000a45900000)]
  0x00000167c007a350 JavaThread "Attach Listener" daemon [_thread_blocked, id=2548, stack(0x0000000a45900000,0x0000000a45a00000)]
  0x00000167c007dc30 JavaThread "Service Thread" daemon [_thread_blocked, id=10552, stack(0x0000000a45a00000,0x0000000a45b00000)]
  0x00000167c007e4f0 JavaThread "Monitor Deflation Thread" daemon [_thread_blocked, id=4256, stack(0x0000000a45b00000,0x0000000a45c00000)]
  0x00000167c008a6a0 JavaThread "C2 CompilerThread0" daemon [_thread_blocked, id=7104, stack(0x0000000a45c00000,0x0000000a45d00000)]
=>0x00000167c008d060 JavaThread "C1 CompilerThread0" daemon [_thread_in_vm, id=11216, stack(0x0000000a45d00000,0x0000000a45e00000)]
  0x00000167c008f970 JavaThread "Sweeper thread" daemon [_thread_blocked, id=11204, stack(0x0000000a45e00000,0x0000000a45f00000)]
  0x00000167c020c4a0 JavaThread "Common-Cleaner" daemon [_thread_blocked, id=3396, stack(0x0000000a45f00000,0x0000000a46000000)]
  0x00000167c020cd80 JavaThread "Notification Thread" daemon [_thread_blocked, id=620, stack(0x0000000a46000000,0x0000000a46100000)]
  0x00000167c03f0530 JavaThread "C2 CompilerThread1" daemon [_thread_blocked, id=8660, stack(0x0000000a46200000,0x0000000a46300000)]
  0x00000167c289c6f0 JavaThread "Daemon health stats" [_thread_blocked, id=10860, stack(0x0000000a46900000,0x0000000a46a00000)]
  0x00000167c1c924d0 JavaThread "Incoming local TCP Connector on port 53782" [_thread_in_native, id=11232, stack(0x0000000a46a00000,0x0000000a46b00000)]
  0x00000167c2e897f0 JavaThread "Daemon periodic checks" [_thread_blocked, id=14708, stack(0x0000000a46b00000,0x0000000a46c00000)]
  0x00000167c2913430 JavaThread "Daemon" [_thread_blocked, id=10896, stack(0x0000000a46c00000,0x0000000a46d00000)]
  0x00000167c2d51050 JavaThread "Handler for socket connection from /127.0.0.1:53782 to /127.0.0.1:53783" [_thread_in_native, id=14364, stack(0x0000000a46d00000,0x0000000a46e00000)]
  0x00000167c2a61a60 JavaThread "Cancel handler" [_thread_blocked, id=3196, stack(0x0000000a46e00000,0x0000000a46f00000)]
  0x00000167c1b76720 JavaThread "Daemon worker" [_thread_blocked, id=4012, stack(0x0000000a46f00000,0x0000000a47000000)]
  0x00000167c14553d0 JavaThread "Asynchronous log dispatcher for DefaultDaemonConnection: socket connection from /127.0.0.1:53782 to /127.0.0.1:53783" [_thread_blocked, id=9492, stack(0x0000000a47000000,0x0000000a47100000)]
  0x00000167c1453220 JavaThread "Stdin handler" [_thread_blocked, id=6232, stack(0x0000000a47100000,0x0000000a47200000)]
  0x00000167c14536f0 JavaThread "Daemon client event forwarder" [_thread_blocked, id=6340, stack(0x0000000a47200000,0x0000000a47300000)]
  0x00000167c1454090 JavaThread "Cache worker for journal cache (D:\PRG\ANDROID\caches\journal-1)" [_thread_blocked, id=14828, stack(0x0000000a47500000,0x0000000a47600000)]
  0x00000167c14558a0 JavaThread "File lock request listener" [_thread_in_native, id=6896, stack(0x0000000a47600000,0x0000000a47700000)]
  0x00000167c1455d70 JavaThread "Cache worker for file hash cache (D:\PRG\ANDROID\caches\8.0\fileHashes)" [_thread_blocked, id=11972, stack(0x0000000a47700000,0x0000000a47800000)]
  0x00000167c1454560 JavaThread "File watcher server" daemon [_thread_in_native, id=12384, stack(0x0000000a47900000,0x0000000a47a00000)]
  0x00000167c1456710 JavaThread "File watcher consumer" daemon [_thread_blocked, id=1072, stack(0x0000000a47a00000,0x0000000a47b00000)]
  0x00000167c1456240 JavaThread "Cache worker for checksums cache (D:\PRG\ANDROID\GameMemoria\.gradle\8.0\checksums)" [_thread_blocked, id=9032, stack(0x0000000a47b00000,0x0000000a47c00000)]
  0x00000167c1456be0 JavaThread "Cache worker for cache directory md-rule (D:\PRG\ANDROID\caches\8.0\md-rule)" [_thread_blocked, id=1668, stack(0x0000000a47c00000,0x0000000a47d00000)]
  0x00000167c1454a30 JavaThread "Cache worker for file content cache (D:\PRG\ANDROID\caches\8.0\fileContent)" [_thread_blocked, id=4760, stack(0x0000000a47d00000,0x0000000a47e00000)]
  0x00000167c5541030 JavaThread "Cache worker for file hash cache (D:\PRG\ANDROID\GameMemoria\.gradle\8.0\fileHashes)" [_thread_blocked, id=9772, stack(0x0000000a47e00000,0x0000000a47f00000)]
  0x00000167c5540690 JavaThread "Cache worker for cache directory md-supplier (D:\PRG\ANDROID\caches\8.0\md-supplier)" [_thread_blocked, id=15380, stack(0x0000000a47f00000,0x0000000a48000000)]
  0x00000167c553b4c0 JavaThread "Cache worker for execution history cache (D:\PRG\ANDROID\caches\8.0\executionHistory)" [_thread_blocked, id=592, stack(0x0000000a48000000,0x0000000a48100000)]
  0x00000167c553d670 JavaThread "jar transforms" [_thread_blocked, id=5328, stack(0x0000000a48100000,0x0000000a48200000)]
  0x00000167c553ccd0 JavaThread "jar transforms Thread 2" [_thread_blocked, id=8596, stack(0x0000000a48200000,0x0000000a48300000)]
  0x00000167c553c330 JavaThread "Cache worker for kotlin-dsl (D:\PRG\ANDROID\caches\8.0\kotlin-dsl)" [_thread_blocked, id=3652, stack(0x0000000a48400000,0x0000000a48500000)]
  0x00000167c553e9b0 JavaThread "jar transforms Thread 3" [_thread_blocked, id=15728, stack(0x0000000a48500000,0x0000000a48600000)]
  0x00000167c553e010 JavaThread "jar transforms Thread 4" [_thread_blocked, id=3108, stack(0x0000000a48600000,0x0000000a48700000)]
  0x00000167c553ab20 JavaThread "Cache worker for dependencies-accessors (D:\PRG\ANDROID\GameMemoria\.gradle\8.0\dependencies-accessors)" [_thread_blocked, id=11788, stack(0x0000000a48700000,0x0000000a48800000)]
  0x00000167c553aff0 JavaThread "Cache worker for Build Output Cleanup Cache (D:\PRG\ANDROID\GameMemoria\.gradle\buildOutputCleanup)" [_thread_blocked, id=2856, stack(0x0000000a48800000,0x0000000a48900000)]
  0x00000167c553b990 JavaThread "jar transforms Thread 5" [_thread_blocked, id=2232, stack(0x0000000a48900000,0x0000000a48a00000)]
  0x00000167c553d1a0 JavaThread "Unconstrained build operations" [_thread_blocked, id=14892, stack(0x0000000a48a00000,0x0000000a48b00000)]
  0x00000167c553fcf0 JavaThread "Unconstrained build operations Thread 2" [_thread_blocked, id=6992, stack(0x0000000a48b00000,0x0000000a48c00000)]
  0x00000167c553ee80 JavaThread "Unconstrained build operations Thread 3" [_thread_blocked, id=14960, stack(0x0000000a48c00000,0x0000000a48d00000)]
  0x00000167c553f350 JavaThread "Unconstrained build operations Thread 4" [_thread_blocked, id=6512, stack(0x0000000a48d00000,0x0000000a48e00000)]
  0x00000167c553f820 JavaThread "Unconstrained build operations Thread 5" [_thread_blocked, id=12964, stack(0x0000000a48e00000,0x0000000a48f00000)]
  0x00000167c55401c0 JavaThread "Unconstrained build operations Thread 6" [_thread_blocked, id=2276, stack(0x0000000a48f00000,0x0000000a49000000)]
  0x00000167c3b70570 JavaThread "Unconstrained build operations Thread 7" [_thread_blocked, id=15420, stack(0x0000000a49000000,0x0000000a49100000)]
  0x00000167c3b70f10 JavaThread "Unconstrained build operations Thread 8" [_thread_blocked, id=2380, stack(0x0000000a49100000,0x0000000a49200000)]
  0x00000167c3b713e0 JavaThread "Unconstrained build operations Thread 9" [_thread_blocked, id=7108, stack(0x0000000a49200000,0x0000000a49300000)]
  0x00000167c3b6e890 JavaThread "Unconstrained build operations Thread 10" [_thread_blocked, id=8988, stack(0x0000000a49300000,0x0000000a49400000)]
  0x00000167c3b6ed60 JavaThread "Unconstrained build operations Thread 11" [_thread_blocked, id=12456, stack(0x0000000a49400000,0x0000000a49500000)]
  0x00000167c3b6def0 JavaThread "Unconstrained build operations Thread 12" [_thread_blocked, id=14984, stack(0x0000000a49500000,0x0000000a49600000)]
  0x00000167c3b6e3c0 JavaThread "Unconstrained build operations Thread 13" [_thread_blocked, id=8168, stack(0x0000000a49600000,0x0000000a49700000)]
  0x00000167c3b6fbd0 JavaThread "Unconstrained build operations Thread 14" [_thread_blocked, id=11496, stack(0x0000000a49700000,0x0000000a49800000)]
  0x00000167c3b71d80 JavaThread "Unconstrained build operations Thread 15" [_thread_blocked, id=12764, stack(0x0000000a49800000,0x0000000a49900000)]
  0x00000167c3b70a40 JavaThread "Unconstrained build operations Thread 16" [_thread_blocked, id=4524, stack(0x0000000a49900000,0x0000000a49a00000)]
  0x00000167c3b718b0 JavaThread "Unconstrained build operations Thread 17" [_thread_blocked, id=380, stack(0x0000000a49a00000,0x0000000a49b00000)]
  0x00000167c3b6d550 JavaThread "Unconstrained build operations Thread 18" [_thread_blocked, id=9676, stack(0x0000000a49b00000,0x0000000a49c00000)]
  0x00000167c3b74400 JavaThread "Unconstrained build operations Thread 19" [_thread_blocked, id=5144, stack(0x0000000a49c00000,0x0000000a49d00000)]
  0x00000167c3b6da20 JavaThread "Unconstrained build operations Thread 20" [_thread_blocked, id=436, stack(0x0000000a49d00000,0x0000000a49e00000)]
  0x00000167c3b6f700 JavaThread "Unconstrained build operations Thread 21" [_thread_blocked, id=15424, stack(0x0000000a49e00000,0x0000000a49f00000)]
  0x00000167c3b72250 JavaThread "Unconstrained build operations Thread 22" [_thread_blocked, id=10140, stack(0x0000000a49f00000,0x0000000a4a000000)]
  0x00000167c3b730c0 JavaThread "Unconstrained build operations Thread 23" [_thread_blocked, id=9024, stack(0x0000000a4a000000,0x0000000a4a100000)]
  0x00000167c3b6f230 JavaThread "Unconstrained build operations Thread 24" [_thread_blocked, id=9628, stack(0x0000000a4a100000,0x0000000a4a200000)]
  0x00000167c3b73590 JavaThread "Unconstrained build operations Thread 25" [_thread_blocked, id=1280, stack(0x0000000a4a200000,0x0000000a4a300000)]
  0x00000167c3b700a0 JavaThread "Unconstrained build operations Thread 26" [_thread_blocked, id=11852, stack(0x0000000a4a300000,0x0000000a4a400000)]
  0x00000167c3b72720 JavaThread "Unconstrained build operations Thread 27" [_thread_blocked, id=11044, stack(0x0000000a4a400000,0x0000000a4a500000)]
  0x00000167c3b72bf0 JavaThread "Unconstrained build operations Thread 28" [_thread_blocked, id=10048, stack(0x0000000a4a500000,0x0000000a4a600000)]
  0x00000167c3b73a60 JavaThread "Unconstrained build operations Thread 29" [_thread_blocked, id=11072, stack(0x0000000a4a600000,0x0000000a4a700000)]
  0x00000167c3b73f30 JavaThread "Unconstrained build operations Thread 30" [_thread_blocked, id=13204, stack(0x0000000a4a700000,0x0000000a4a800000)]
  0x00000167c3b748d0 JavaThread "Unconstrained build operations Thread 31" [_thread_blocked, id=11068, stack(0x0000000a4a800000,0x0000000a4a900000)]
  0x00000167c3b74da0 JavaThread "Unconstrained build operations Thread 32" [_thread_blocked, id=15572, stack(0x0000000a4a900000,0x0000000a4aa00000)]
  0x00000167c7ac3610 JavaThread "Unconstrained build operations Thread 33" [_thread_blocked, id=16308, stack(0x0000000a4aa00000,0x0000000a4ab00000)]
  0x00000167c7ac74a0 JavaThread "Unconstrained build operations Thread 34" [_thread_blocked, id=7468, stack(0x0000000a4ab00000,0x0000000a4ac00000)]
  0x00000167c7ac6160 JavaThread "Unconstrained build operations Thread 35" [_thread_blocked, id=7524, stack(0x0000000a4ac00000,0x0000000a4ad00000)]
  0x00000167c7ac87e0 JavaThread "Unconstrained build operations Thread 36" [_thread_blocked, id=7728, stack(0x0000000a4ad00000,0x0000000a4ae00000)]
  0x00000167c7aca4c0 JavaThread "Unconstrained build operations Thread 37" [_thread_blocked, id=10592, stack(0x0000000a4ae00000,0x0000000a4af00000)]
  0x00000167c7ac7970 JavaThread "Unconstrained build operations Thread 38" [_thread_blocked, id=9748, stack(0x0000000a4af00000,0x0000000a4b000000)]
  0x00000167c7acae60 JavaThread "Unconstrained build operations Thread 39" [_thread_blocked, id=7276, stack(0x0000000a4b000000,0x0000000a4b100000)]
  0x00000167c7ac8cb0 JavaThread "Unconstrained build operations Thread 40" [_thread_blocked, id=13188, stack(0x0000000a4b100000,0x0000000a4b200000)]
  0x00000167c7ac9180 JavaThread "Unconstrained build operations Thread 41" [_thread_blocked, id=15868, stack(0x0000000a4b200000,0x0000000a4b300000)]
  0x00000167c7ac6630 JavaThread "Unconstrained build operations Thread 42" [_thread_blocked, id=14220, stack(0x0000000a4b300000,0x0000000a4b400000)]
  0x00000167c7ac4480 JavaThread "Unconstrained build operations Thread 43" [_thread_blocked, id=13184, stack(0x0000000a4b400000,0x0000000a4b500000)]
  0x00000167c7ac3ae0 JavaThread "Unconstrained build operations Thread 44" [_thread_blocked, id=6520, stack(0x0000000a4b500000,0x0000000a4b600000)]
  0x00000167c7ac7e40 JavaThread "Unconstrained build operations Thread 45" [_thread_blocked, id=10392, stack(0x0000000a4b600000,0x0000000a4b700000)]
  0x00000167c7ac3fb0 JavaThread "Unconstrained build operations Thread 46" [_thread_blocked, id=3112, stack(0x0000000a4b700000,0x0000000a4b800000)]
  0x00000167c7ac4e20 JavaThread "Unconstrained build operations Thread 47" [_thread_blocked, id=10388, stack(0x0000000a4b800000,0x0000000a4b900000)]
  0x00000167c7aca990 JavaThread "Unconstrained build operations Thread 48" [_thread_blocked, id=5084, stack(0x0000000a4b900000,0x0000000a4ba00000)]
  0x00000167c7ac6b00 JavaThread "Unconstrained build operations Thread 49" [_thread_blocked, id=13548, stack(0x0000000a4ba00000,0x0000000a4bb00000)]
  0x00000167c7ac4950 JavaThread "Unconstrained build operations Thread 50" [_thread_blocked, id=12304, stack(0x0000000a4bb00000,0x0000000a4bc00000)]
  0x00000167c7ac57c0 JavaThread "Unconstrained build operations Thread 51" [_thread_blocked, id=13172, stack(0x0000000a4bc00000,0x0000000a4bd00000)]
  0x00000167c7ac9650 JavaThread "Unconstrained build operations Thread 52" [_thread_blocked, id=144, stack(0x0000000a4bd00000,0x0000000a4be00000)]
  0x00000167c7ac52f0 JavaThread "Unconstrained build operations Thread 53" [_thread_blocked, id=14100, stack(0x0000000a4be00000,0x0000000a4bf00000)]
  0x00000167c7ac8310 JavaThread "Unconstrained build operations Thread 54" [_thread_blocked, id=15820, stack(0x0000000a4bf00000,0x0000000a4c000000)]
  0x00000167c7ac6fd0 JavaThread "Unconstrained build operations Thread 55" [_thread_blocked, id=3508, stack(0x0000000a4c000000,0x0000000a4c100000)]
  0x00000167c7ac5c90 JavaThread "Unconstrained build operations Thread 56" [_thread_blocked, id=11724, stack(0x0000000a4c100000,0x0000000a4c200000)]
  0x00000167c7ac9b20 JavaThread "Unconstrained build operations Thread 57" [_thread_blocked, id=13496, stack(0x0000000a4c200000,0x0000000a4c300000)]
  0x00000167c7ac9ff0 JavaThread "Unconstrained build operations Thread 58" [_thread_blocked, id=16240, stack(0x0000000a4c300000,0x0000000a4c400000)]
  0x00000167c46a0be0 JavaThread "Unconstrained build operations Thread 59" [_thread_blocked, id=15864, stack(0x0000000a4c400000,0x0000000a4c500000)]
  0x00000167c469cd50 JavaThread "Unconstrained build operations Thread 60" [_thread_blocked, id=11556, stack(0x0000000a4c500000,0x0000000a4c600000)]
  0x00000167c469dbc0 JavaThread "Unconstrained build operations Thread 61" [_thread_blocked, id=10268, stack(0x0000000a4c600000,0x0000000a4c700000)]
  0x00000167c469ea30 JavaThread "Unconstrained build operations Thread 62" [_thread_blocked, id=9260, stack(0x0000000a4c700000,0x0000000a4c800000)]
  0x00000167c469f8a0 JavaThread "Unconstrained build operations Thread 63" [_thread_blocked, id=7796, stack(0x0000000a4c800000,0x0000000a4c900000)]
  0x00000167c46a10b0 JavaThread "Unconstrained build operations Thread 64" [_thread_blocked, id=12012, stack(0x0000000a4c900000,0x0000000a4ca00000)]
  0x00000167c469e090 JavaThread "Unconstrained build operations Thread 65" [_thread_blocked, id=10084, stack(0x0000000a4ca00000,0x0000000a4cb00000)]
  0x00000167c469d6f0 JavaThread "Unconstrained build operations Thread 66" [_thread_blocked, id=8524, stack(0x0000000a4cb00000,0x0000000a4cc00000)]
  0x00000167c469e560 JavaThread "Unconstrained build operations Thread 67" [_thread_blocked, id=13368, stack(0x0000000a4cc00000,0x0000000a4cd00000)]
  0x00000167c46a23f0 JavaThread "Unconstrained build operations Thread 68" [_thread_blocked, id=6208, stack(0x0000000a4cd00000,0x0000000a4ce00000)]
  0x00000167c46a28c0 JavaThread "Unconstrained build operations Thread 69" [_thread_blocked, id=6880, stack(0x0000000a4ce00000,0x0000000a4cf00000)]
  0x00000167c46a45a0 JavaThread "Unconstrained build operations Thread 70" [_thread_blocked, id=10656, stack(0x0000000a4cf00000,0x0000000a4d000000)]
  0x00000167c469ef00 JavaThread "Unconstrained build operations Thread 71" [_thread_blocked, id=9532, stack(0x0000000a4d000000,0x0000000a4d100000)]
  0x00000167c46a2d90 JavaThread "Unconstrained build operations Thread 72" [_thread_blocked, id=4768, stack(0x0000000a4d100000,0x0000000a4d200000)]
  0x00000167c46a1580 JavaThread "Unconstrained build operations Thread 73" [_thread_blocked, id=4356, stack(0x0000000a4d200000,0x0000000a4d300000)]
  0x00000167c469f3d0 JavaThread "Unconstrained build operations Thread 74" [_thread_blocked, id=1552, stack(0x0000000a4d300000,0x0000000a4d400000)]
  0x00000167c46a3260 JavaThread "Unconstrained build operations Thread 75" [_thread_blocked, id=14008, stack(0x0000000a4d400000,0x0000000a4d500000)]
  0x00000167c469fd70 JavaThread "Unconstrained build operations Thread 76" [_thread_blocked, id=9144, stack(0x0000000a4d500000,0x0000000a4d600000)]
  0x00000167c46a3730 JavaThread "Unconstrained build operations Thread 77" [_thread_blocked, id=9464, stack(0x0000000a4d600000,0x0000000a4d700000)]
  0x00000167c46a0240 JavaThread "Unconstrained build operations Thread 78" [_thread_blocked, id=13292, stack(0x0000000a4d700000,0x0000000a4d800000)]
  0x00000167c46a1a50 JavaThread "Unconstrained build operations Thread 79" [_thread_blocked, id=1372, stack(0x0000000a4d800000,0x0000000a4d900000)]
  0x00000167c46a1f20 JavaThread "Unconstrained build operations Thread 80" [_thread_blocked, id=15312, stack(0x0000000a4d900000,0x0000000a4da00000)]
  0x00000167c46a3c00 JavaThread "jar transforms Thread 6" [_thread_blocked, id=9652, stack(0x0000000a4da00000,0x0000000a4db00000)]
  0x00000167c46a40d0 JavaThread "jar transforms Thread 7" [_thread_blocked, id=8452, stack(0x0000000a4db00000,0x0000000a4dc00000)]
  0x00000167c469d220 JavaThread "jar transforms Thread 8" [_thread_blocked, id=5440, stack(0x0000000a4dc00000,0x0000000a4dd00000)]
  0x00000167c97ec1f0 JavaThread "build event listener" [_thread_blocked, id=15452, stack(0x0000000a4dd00000,0x0000000a4de00000)]
  0x00000167c97e8d00 JavaThread "Memory manager" [_thread_blocked, id=15708, stack(0x0000000a4de00000,0x0000000a4df00000)]
  0x00000167c186f690 JavaThread "C2 CompilerThread2" daemon [_thread_in_native, id=8072, stack(0x0000000a47800000,0x0000000a47900000)]
  0x00000167c627b070 JavaThread "pool-3-thread-1" [_thread_blocked, id=12220, stack(0x0000000a4df00000,0x0000000a4e000000)]
  0x00000167c627c880 JavaThread "build event listener" [_thread_blocked, id=13584, stack(0x0000000a4e000000,0x0000000a4e100000)]
  0x00000167c627ea30 JavaThread "included builds" [_thread_blocked, id=10636, stack(0x0000000a4e100000,0x0000000a4e200000)]
  0x00000167c627cd50 JavaThread "Execution worker" [_thread_blocked, id=8712, stack(0x0000000a4e200000,0x0000000a4e300000)]
  0x00000167c627d220 JavaThread "Execution worker Thread 2" [_thread_in_vm, id=1404, stack(0x0000000a4e300000,0x0000000a4e400000)]
  0x00000167c627bee0 JavaThread "Execution worker Thread 3" [_thread_blocked, id=2872, stack(0x0000000a4e400000,0x0000000a4e500000)]
  0x00000167c627c3b0 JavaThread "Execution worker Thread 4" [_thread_blocked, id=11332, stack(0x0000000a4e500000,0x0000000a4e600000)]
  0x00000167c627d6f0 JavaThread "Execution worker Thread 5" [_thread_blocked, id=11784, stack(0x0000000a4e600000,0x0000000a4e700000)]
  0x00000167c627dbc0 JavaThread "Execution worker Thread 6" [_thread_blocked, id=10504, stack(0x0000000a4e700000,0x0000000a4e800000)]
  0x00000167c627e090 JavaThread "Execution worker Thread 7" [_thread_blocked, id=12516, stack(0x0000000a4e800000,0x0000000a4e900000)]
  0x00000167c627e560 JavaThread "Cache worker for execution history cache (D:\PRG\ANDROID\GameMemoria\.gradle\8.0\executionHistory)" [_thread_blocked, id=15628, stack(0x0000000a4e900000,0x0000000a4ea00000)]

Other Threads:
  0x00000167bf78e150 VMThread "VM Thread" [stack: 0x0000000a45500000,0x0000000a45600000] [id=11720]
  0x00000167c020f660 WatcherThread [stack: 0x0000000a46100000,0x0000000a46200000] [id=5656]
  0x00000167a5967bd0 GCTaskThread "GC Thread#0" [stack: 0x0000000a45000000,0x0000000a45100000] [id=2860]
  0x00000167c0f21be0 GCTaskThread "GC Thread#1" [stack: 0x0000000a46300000,0x0000000a46400000] [id=11080]
  0x00000167c0f22140 GCTaskThread "GC Thread#2" [stack: 0x0000000a46400000,0x0000000a46500000] [id=14696]
  0x00000167c0f20e70 GCTaskThread "GC Thread#3" [stack: 0x0000000a46500000,0x0000000a46600000] [id=10516]
  0x00000167c0f223f0 GCTaskThread "GC Thread#4" [stack: 0x0000000a46600000,0x0000000a46700000] [id=11208]
  0x00000167c0f226a0 GCTaskThread "GC Thread#5" [stack: 0x0000000a46700000,0x0000000a46800000] [id=860]
  0x00000167c0f22950 GCTaskThread "GC Thread#6" [stack: 0x0000000a46800000,0x0000000a46900000] [id=5280]
  0x00000167c0f21120 GCTaskThread "GC Thread#7" [stack: 0x0000000a47300000,0x0000000a47400000] [id=14412]
  0x00000167a5978a20 ConcurrentGCThread "G1 Main Marker" [stack: 0x0000000a45100000,0x0000000a45200000] [id=5780]
  0x00000167a5979340 ConcurrentGCThread "G1 Conc#0" [stack: 0x0000000a45200000,0x0000000a45300000] [id=7780]
  0x00000167c0f21680 ConcurrentGCThread "G1 Conc#1" [stack: 0x0000000a47400000,0x0000000a47500000] [id=1480]
  0x00000167a59de600 ConcurrentGCThread "G1 Refine#0" [stack: 0x0000000a45300000,0x0000000a45400000] [id=7348]
  0x00000167c3d75930 ConcurrentGCThread "G1 Refine#1" [stack: 0x0000000a48300000,0x0000000a48400000] [id=9700]
  0x00000167bf60b1b0 ConcurrentGCThread "G1 Service" [stack: 0x0000000a45400000,0x0000000a45500000] [id=12532]

Threads with active compile tasks:
C1 CompilerThread0     8547 10528       3       org.gradle.api.internal.artifacts.dsl.dependencies.DefaultDependencyConstraintHandler::doAdd (66 bytes)
C2 CompilerThread2     8547 10388   !   4       java.nio.file.FileTreeWalker::visit (204 bytes)

VM state: not at safepoint (normal execution)

VM Mutex/Monitor currently owned by a thread:  ([mutex/lock_event])
[0x00000167a372e090] Metaspace_lock - owner thread: 0x00000167c008d060
[0x00000167a5904c00] MethodData_lock - owner thread: 0x00000167c008d060

Heap address: 0x0000000080000000, size: 2048 MB, Compressed Oops mode: 32-bit

CDS archive(s) not mapped
Compressed class space mapped at: 0x0000000100000000-0x0000000140000000, reserved size: 1073741824
Narrow klass base: 0x0000000000000000, Narrow klass shift: 3, Narrow klass range: 0x140000000

GC Precious Log:
 CPUs: 8 total, 8 available
 Memory: 16228M
 Large Page Support: Disabled
 NUMA Support: Disabled
 Compressed Oops: Enabled (32-bit)
 Heap Region Size: 1M
 Heap Min Capacity: 8M
 Heap Initial Capacity: 254M
 Heap Max Capacity: 2G
 Pre-touch: Disabled
 Parallel Workers: 8
 Concurrent Workers: 2
 Concurrent Refinement Workers: 8
 Periodic GC: Disabled

Heap:
 garbage-first heap   total 270336K, used 136630K [0x0000000080000000, 0x0000000100000000)
  region size 1024K, 60 young (61440K), 3 survivors (3072K)
 Metaspace       used 93613K, committed 94208K, reserved 1130496K
  class space    used 12710K, committed 12992K, reserved 1048576K

Heap Regions: E=young(eden), S=young(survivor), O=old, HS=humongous(starts), HC=humongous(continues), CS=collection set, F=free, OA=open archive, CA=closed archive, TAMS=top-at-mark-start (previous, next)
|   0|0x0000000080000000, 0x0000000080100000, 0x0000000080100000|100%|HS|  |TAMS 0x0000000080100000, 0x0000000080000000| Complete 
|   1|0x0000000080100000, 0x0000000080200000, 0x0000000080200000|100%|HC|  |TAMS 0x0000000080200000, 0x0000000080100000| Complete 
|   2|0x0000000080200000, 0x0000000080300000, 0x0000000080300000|100%|HC|  |TAMS 0x0000000080300000, 0x0000000080200000| Complete 
|   3|0x0000000080300000, 0x0000000080400000, 0x0000000080400000|100%|HC|  |TAMS 0x0000000080400000, 0x0000000080300000| Complete 
|   4|0x0000000080400000, 0x0000000080500000, 0x0000000080500000|100%| O|  |TAMS 0x0000000080500000, 0x0000000080400000| Untracked 
|   5|0x0000000080500000, 0x0000000080600000, 0x0000000080600000|100%| O|  |TAMS 0x0000000080600000, 0x0000000080500000| Untracked 
|   6|0x0000000080600000, 0x0000000080700000, 0x0000000080700000|100%| O|  |TAMS 0x0000000080700000, 0x0000000080600000| Untracked 
|   7|0x0000000080700000, 0x0000000080800000, 0x0000000080800000|100%| O|  |TAMS 0x0000000080800000, 0x0000000080700000| Untracked 
|   8|0x0000000080800000, 0x0000000080900000, 0x0000000080900000|100%| O|  |TAMS 0x0000000080900000, 0x0000000080800000| Untracked 
|   9|0x0000000080900000, 0x0000000080a00000, 0x0000000080a00000|100%| O|  |TAMS 0x0000000080a00000, 0x0000000080900000| Untracked 
|  10|0x0000000080a00000, 0x0000000080b00000, 0x0000000080b00000|100%| O|  |TAMS 0x0000000080b00000, 0x0000000080a00000| Untracked 
|  11|0x0000000080b00000, 0x0000000080bd6800, 0x0000000080c00000| 83%| O|  |TAMS 0x0000000080bd6800, 0x0000000080b00000| Untracked 
|  12|0x0000000080c00000, 0x0000000080d00000, 0x0000000080d00000|100%| O|  |TAMS 0x0000000080d00000, 0x0000000080c00000| Complete 
|  13|0x0000000080d00000, 0x0000000080e00000, 0x0000000080e00000|100%| O|  |TAMS 0x0000000080e00000, 0x0000000080d00000| Untracked 
|  14|0x0000000080e00000, 0x0000000080f00000, 0x0000000080f00000|100%| O|  |TAMS 0x0000000080f00000, 0x0000000080e00000| Untracked 
|  15|0x0000000080f00000, 0x0000000081000000, 0x0000000081000000|100%| O|  |TAMS 0x0000000081000000, 0x0000000080f00000| Untracked 
|  16|0x0000000081000000, 0x0000000081100000, 0x0000000081100000|100%| O|  |TAMS 0x0000000081100000, 0x0000000081000000| Untracked 
|  17|0x0000000081100000, 0x0000000081200000, 0x0000000081200000|100%| O|  |TAMS 0x0000000081200000, 0x0000000081100000| Untracked 
|  18|0x0000000081200000, 0x0000000081300000, 0x0000000081300000|100%| O|  |TAMS 0x0000000081300000, 0x0000000081200000| Untracked 
|  19|0x0000000081300000, 0x0000000081400000, 0x0000000081400000|100%| O|  |TAMS 0x0000000081400000, 0x0000000081300000| Untracked 
|  20|0x0000000081400000, 0x0000000081500000, 0x0000000081500000|100%| O|  |TAMS 0x0000000081500000, 0x0000000081400000| Untracked 
|  21|0x0000000081500000, 0x0000000081600000, 0x0000000081600000|100%| O|  |TAMS 0x0000000081600000, 0x0000000081500000| Untracked 
|  22|0x0000000081600000, 0x0000000081700000, 0x0000000081700000|100%| O|  |TAMS 0x0000000081700000, 0x0000000081600000| Untracked 
|  23|0x0000000081700000, 0x0000000081700000, 0x0000000081800000|  0%| F|  |TAMS 0x0000000081700000, 0x0000000081700000| Untracked 
|  24|0x0000000081800000, 0x0000000081900000, 0x0000000081900000|100%| O|  |TAMS 0x0000000081900000, 0x0000000081800000| Untracked 
|  25|0x0000000081900000, 0x0000000081a00000, 0x0000000081a00000|100%| O|  |TAMS 0x0000000081a00000, 0x0000000081900000| Untracked 
|  26|0x0000000081a00000, 0x0000000081b00000, 0x0000000081b00000|100%| O|  |TAMS 0x0000000081b00000, 0x0000000081a00000| Untracked 
|  27|0x0000000081b00000, 0x0000000081c00000, 0x0000000081c00000|100%| O|  |TAMS 0x0000000081c00000, 0x0000000081b00000| Untracked 
|  28|0x0000000081c00000, 0x0000000081d00000, 0x0000000081d00000|100%| O|  |TAMS 0x0000000081d00000, 0x0000000081c00000| Untracked 
|  29|0x0000000081d00000, 0x0000000081e00000, 0x0000000081e00000|100%| O|  |TAMS 0x0000000081e00000, 0x0000000081d00000| Untracked 
|  30|0x0000000081e00000, 0x0000000081f00000, 0x0000000081f00000|100%| O|  |TAMS 0x0000000081f00000, 0x0000000081e00000| Untracked 
|  31|0x0000000081f00000, 0x0000000082000000, 0x0000000082000000|100%| O|  |TAMS 0x0000000082000000, 0x0000000081f00000| Untracked 
|  32|0x0000000082000000, 0x0000000082100000, 0x0000000082100000|100%|HS|  |TAMS 0x0000000082100000, 0x0000000082000000| Complete 
|  33|0x0000000082100000, 0x0000000082200000, 0x0000000082200000|100%|HS|  |TAMS 0x0000000082200000, 0x0000000082100000| Complete 
|  34|0x0000000082200000, 0x0000000082300000, 0x0000000082300000|100%|HS|  |TAMS 0x0000000082300000, 0x0000000082200000| Complete 
|  35|0x0000000082300000, 0x0000000082400000, 0x0000000082400000|100%| O|  |TAMS 0x0000000082400000, 0x0000000082300000| Untracked 
|  36|0x0000000082400000, 0x0000000082500000, 0x0000000082500000|100%| O|  |TAMS 0x0000000082500000, 0x0000000082400000| Untracked 
|  37|0x0000000082500000, 0x0000000082600000, 0x0000000082600000|100%| O|  |TAMS 0x0000000082600000, 0x0000000082500000| Untracked 
|  38|0x0000000082600000, 0x0000000082700000, 0x0000000082700000|100%| O|  |TAMS 0x0000000082700000, 0x0000000082600000| Untracked 
|  39|0x0000000082700000, 0x0000000082800000, 0x0000000082800000|100%| O|  |TAMS 0x0000000082800000, 0x0000000082700000| Untracked 
|  40|0x0000000082800000, 0x0000000082900000, 0x0000000082900000|100%| O|  |TAMS 0x0000000082900000, 0x0000000082800000| Untracked 
|  41|0x0000000082900000, 0x0000000082a00000, 0x0000000082a00000|100%| O|  |TAMS 0x0000000082a00000, 0x0000000082900000| Untracked 
|  42|0x0000000082a00000, 0x0000000082b00000, 0x0000000082b00000|100%| O|  |TAMS 0x0000000082b00000, 0x0000000082a00000| Untracked 
|  43|0x0000000082b00000, 0x0000000082c00000, 0x0000000082c00000|100%| O|  |TAMS 0x0000000082c00000, 0x0000000082b00000| Untracked 
|  44|0x0000000082c00000, 0x0000000082d00000, 0x0000000082d00000|100%| O|  |TAMS 0x0000000082d00000, 0x0000000082c00000| Untracked 
|  45|0x0000000082d00000, 0x0000000082e00000, 0x0000000082e00000|100%| O|  |TAMS 0x0000000082e00000, 0x0000000082d00000| Untracked 
|  46|0x0000000082e00000, 0x0000000082f00000, 0x0000000082f00000|100%| O|  |TAMS 0x0000000082f00000, 0x0000000082e00000| Untracked 
|  47|0x0000000082f00000, 0x0000000083000000, 0x0000000083000000|100%| O|  |TAMS 0x0000000083000000, 0x0000000082f00000| Untracked 
|  48|0x0000000083000000, 0x0000000083100000, 0x0000000083100000|100%| O|  |TAMS 0x0000000083100000, 0x0000000083000000| Untracked 
|  49|0x0000000083100000, 0x0000000083200000, 0x0000000083200000|100%| O|  |TAMS 0x0000000083200000, 0x0000000083100000| Untracked 
|  50|0x0000000083200000, 0x0000000083300000, 0x0000000083300000|100%| O|  |TAMS 0x0000000083300000, 0x0000000083200000| Untracked 
|  51|0x0000000083300000, 0x0000000083400000, 0x0000000083400000|100%| O|  |TAMS 0x0000000083400000, 0x0000000083300000| Untracked 
|  52|0x0000000083400000, 0x0000000083500000, 0x0000000083500000|100%| O|  |TAMS 0x0000000083500000, 0x0000000083400000| Untracked 
|  53|0x0000000083500000, 0x0000000083600000, 0x0000000083600000|100%| O|  |TAMS 0x0000000083600000, 0x0000000083500000| Untracked 
|  54|0x0000000083600000, 0x0000000083700000, 0x0000000083700000|100%| O|  |TAMS 0x0000000083700000, 0x0000000083600000| Untracked 
|  55|0x0000000083700000, 0x0000000083800000, 0x0000000083800000|100%| O|  |TAMS 0x0000000083800000, 0x0000000083700000| Untracked 
|  56|0x0000000083800000, 0x0000000083900000, 0x0000000083900000|100%| O|  |TAMS 0x0000000083900000, 0x0000000083800000| Untracked 
|  57|0x0000000083900000, 0x0000000083a00000, 0x0000000083a00000|100%| O|  |TAMS 0x0000000083a00000, 0x0000000083900000| Untracked 
|  58|0x0000000083a00000, 0x0000000083b00000, 0x0000000083b00000|100%| O|  |TAMS 0x0000000083b00000, 0x0000000083a00000| Untracked 
|  59|0x0000000083b00000, 0x0000000083c00000, 0x0000000083c00000|100%| O|  |TAMS 0x0000000083c00000, 0x0000000083b00000| Untracked 
|  60|0x0000000083c00000, 0x0000000083d00000, 0x0000000083d00000|100%| O|  |TAMS 0x0000000083d00000, 0x0000000083c00000| Untracked 
|  61|0x0000000083d00000, 0x0000000083e00000, 0x0000000083e00000|100%| O|  |TAMS 0x0000000083e00000, 0x0000000083d00000| Untracked 
|  62|0x0000000083e00000, 0x0000000083f00000, 0x0000000083f00000|100%| O|  |TAMS 0x0000000083f00000, 0x0000000083e00000| Untracked 
|  63|0x0000000083f00000, 0x0000000084000000, 0x0000000084000000|100%| O|  |TAMS 0x0000000084000000, 0x0000000083f00000| Untracked 
|  64|0x0000000084000000, 0x0000000084100000, 0x0000000084100000|100%| O|  |TAMS 0x0000000084100000, 0x0000000084000000| Untracked 
|  65|0x0000000084100000, 0x0000000084200000, 0x0000000084200000|100%| O|  |TAMS 0x0000000084200000, 0x0000000084100000| Untracked 
|  66|0x0000000084200000, 0x0000000084300000, 0x0000000084300000|100%| O|  |TAMS 0x0000000084300000, 0x0000000084200000| Untracked 
|  67|0x0000000084300000, 0x0000000084400000, 0x0000000084400000|100%| O|  |TAMS 0x0000000084400000, 0x0000000084300000| Untracked 
|  68|0x0000000084400000, 0x0000000084500000, 0x0000000084500000|100%| O|  |TAMS 0x0000000084500000, 0x0000000084400000| Untracked 
|  69|0x0000000084500000, 0x0000000084600000, 0x0000000084600000|100%| O|  |TAMS 0x0000000084600000, 0x0000000084500000| Untracked 
|  70|0x0000000084600000, 0x0000000084700000, 0x0000000084700000|100%| O|  |TAMS 0x0000000084700000, 0x0000000084600000| Untracked 
|  71|0x0000000084700000, 0x0000000084800000, 0x0000000084800000|100%| O|  |TAMS 0x0000000084800000, 0x0000000084700000| Untracked 
|  72|0x0000000084800000, 0x0000000084900000, 0x0000000084900000|100%| O|  |TAMS 0x0000000084900000, 0x0000000084800000| Untracked 
|  73|0x0000000084900000, 0x0000000084a00000, 0x0000000084a00000|100%| O|  |TAMS 0x0000000084a00000, 0x0000000084900000| Untracked 
|  74|0x0000000084a00000, 0x0000000084b00000, 0x0000000084b00000|100%| O|  |TAMS 0x0000000084b00000, 0x0000000084a00000| Untracked 
|  75|0x0000000084b00000, 0x0000000084c00000, 0x0000000084c00000|100%| O|  |TAMS 0x0000000084c00000, 0x0000000084b00000| Untracked 
|  76|0x0000000084c00000, 0x0000000084d00000, 0x0000000084d00000|100%| O|  |TAMS 0x0000000084d00000, 0x0000000084c00000| Untracked 
|  77|0x0000000084d00000, 0x0000000084d7fc00, 0x0000000084e00000| 49%| O|  |TAMS 0x0000000084d7fc00, 0x0000000084d00000| Untracked 
|  78|0x0000000084e00000, 0x0000000084e00000, 0x0000000084f00000|  0%| F|  |TAMS 0x0000000084e00000, 0x0000000084e00000| Untracked 
|  79|0x0000000084f00000, 0x0000000084f00000, 0x0000000085000000|  0%| F|  |TAMS 0x0000000084f00000, 0x0000000084f00000| Untracked 
|  80|0x0000000085000000, 0x0000000085000000, 0x0000000085100000|  0%| F|  |TAMS 0x0000000085000000, 0x0000000085000000| Untracked 
|  81|0x0000000085100000, 0x0000000085100000, 0x0000000085200000|  0%| F|  |TAMS 0x0000000085100000, 0x0000000085100000| Untracked 
|  82|0x0000000085200000, 0x0000000085200000, 0x0000000085300000|  0%| F|  |TAMS 0x0000000085200000, 0x0000000085200000| Untracked 
|  83|0x0000000085300000, 0x0000000085300000, 0x0000000085400000|  0%| F|  |TAMS 0x0000000085300000, 0x0000000085300000| Untracked 
|  84|0x0000000085400000, 0x0000000085400000, 0x0000000085500000|  0%| F|  |TAMS 0x0000000085400000, 0x0000000085400000| Untracked 
|  85|0x0000000085500000, 0x0000000085500000, 0x0000000085600000|  0%| F|  |TAMS 0x0000000085500000, 0x0000000085500000| Untracked 
|  86|0x0000000085600000, 0x0000000085600000, 0x0000000085700000|  0%| F|  |TAMS 0x0000000085600000, 0x0000000085600000| Untracked 
|  87|0x0000000085700000, 0x0000000085700000, 0x0000000085800000|  0%| F|  |TAMS 0x0000000085700000, 0x0000000085700000| Untracked 
|  88|0x0000000085800000, 0x0000000085800000, 0x0000000085900000|  0%| F|  |TAMS 0x0000000085800000, 0x0000000085800000| Untracked 
|  89|0x0000000085900000, 0x0000000085900000, 0x0000000085a00000|  0%| F|  |TAMS 0x0000000085900000, 0x0000000085900000| Untracked 
|  90|0x0000000085a00000, 0x0000000085a00000, 0x0000000085b00000|  0%| F|  |TAMS 0x0000000085a00000, 0x0000000085a00000| Untracked 
|  91|0x0000000085b00000, 0x0000000085b00000, 0x0000000085c00000|  0%| F|  |TAMS 0x0000000085b00000, 0x0000000085b00000| Untracked 
|  92|0x0000000085c00000, 0x0000000085c00000, 0x0000000085d00000|  0%| F|  |TAMS 0x0000000085c00000, 0x0000000085c00000| Untracked 
|  93|0x0000000085d00000, 0x0000000085d00000, 0x0000000085e00000|  0%| F|  |TAMS 0x0000000085d00000, 0x0000000085d00000| Untracked 
|  94|0x0000000085e00000, 0x0000000085e00000, 0x0000000085f00000|  0%| F|  |TAMS 0x0000000085e00000, 0x0000000085e00000| Untracked 
|  95|0x0000000085f00000, 0x0000000085f00000, 0x0000000086000000|  0%| F|  |TAMS 0x0000000085f00000, 0x0000000085f00000| Untracked 
|  96|0x0000000086000000, 0x0000000086000000, 0x0000000086100000|  0%| F|  |TAMS 0x0000000086000000, 0x0000000086000000| Untracked 
|  97|0x0000000086100000, 0x0000000086100000, 0x0000000086200000|  0%| F|  |TAMS 0x0000000086100000, 0x0000000086100000| Untracked 
|  98|0x0000000086200000, 0x0000000086200000, 0x0000000086300000|  0%| F|  |TAMS 0x0000000086200000, 0x0000000086200000| Untracked 
|  99|0x0000000086300000, 0x0000000086317680, 0x0000000086400000|  9%| S|CS|TAMS 0x0000000086300000, 0x0000000086300000| Complete 
| 100|0x0000000086400000, 0x0000000086500000, 0x0000000086500000|100%| S|CS|TAMS 0x0000000086400000, 0x0000000086400000| Complete 
| 101|0x0000000086500000, 0x0000000086600000, 0x0000000086600000|100%| S|CS|TAMS 0x0000000086500000, 0x0000000086500000| Complete 
| 102|0x0000000086600000, 0x0000000086600000, 0x0000000086700000|  0%| F|  |TAMS 0x0000000086600000, 0x0000000086600000| Untracked 
| 103|0x0000000086700000, 0x0000000086700000, 0x0000000086800000|  0%| F|  |TAMS 0x0000000086700000, 0x0000000086700000| Untracked 
| 104|0x0000000086800000, 0x0000000086800000, 0x0000000086900000|  0%| F|  |TAMS 0x0000000086800000, 0x0000000086800000| Untracked 
| 105|0x0000000086900000, 0x0000000086900000, 0x0000000086a00000|  0%| F|  |TAMS 0x0000000086900000, 0x0000000086900000| Untracked 
| 106|0x0000000086a00000, 0x0000000086a00000, 0x0000000086b00000|  0%| F|  |TAMS 0x0000000086a00000, 0x0000000086a00000| Untracked 
| 107|0x0000000086b00000, 0x0000000086b00000, 0x0000000086c00000|  0%| F|  |TAMS 0x0000000086b00000, 0x0000000086b00000| Untracked 
| 108|0x0000000086c00000, 0x0000000086c00000, 0x0000000086d00000|  0%| F|  |TAMS 0x0000000086c00000, 0x0000000086c00000| Untracked 
| 109|0x0000000086d00000, 0x0000000086d00000, 0x0000000086e00000|  0%| F|  |TAMS 0x0000000086d00000, 0x0000000086d00000| Untracked 
| 110|0x0000000086e00000, 0x0000000086e00000, 0x0000000086f00000|  0%| F|  |TAMS 0x0000000086e00000, 0x0000000086e00000| Untracked 
| 111|0x0000000086f00000, 0x0000000086f00000, 0x0000000087000000|  0%| F|  |TAMS 0x0000000086f00000, 0x0000000086f00000| Untracked 
| 112|0x0000000087000000, 0x0000000087000000, 0x0000000087100000|  0%| F|  |TAMS 0x0000000087000000, 0x0000000087000000| Untracked 
| 113|0x0000000087100000, 0x0000000087100000, 0x0000000087200000|  0%| F|  |TAMS 0x0000000087100000, 0x0000000087100000| Untracked 
| 114|0x0000000087200000, 0x0000000087200000, 0x0000000087300000|  0%| F|  |TAMS 0x0000000087200000, 0x0000000087200000| Untracked 
| 115|0x0000000087300000, 0x0000000087300000, 0x0000000087400000|  0%| F|  |TAMS 0x0000000087300000, 0x0000000087300000| Untracked 
| 116|0x0000000087400000, 0x0000000087400000, 0x0000000087500000|  0%| F|  |TAMS 0x0000000087400000, 0x0000000087400000| Untracked 
| 117|0x0000000087500000, 0x0000000087500000, 0x0000000087600000|  0%| F|  |TAMS 0x0000000087500000, 0x0000000087500000| Untracked 
| 118|0x0000000087600000, 0x0000000087600000, 0x0000000087700000|  0%| F|  |TAMS 0x0000000087600000, 0x0000000087600000| Untracked 
| 119|0x0000000087700000, 0x0000000087700000, 0x0000000087800000|  0%| F|  |TAMS 0x0000000087700000, 0x0000000087700000| Untracked 
| 120|0x0000000087800000, 0x0000000087800000, 0x0000000087900000|  0%| F|  |TAMS 0x0000000087800000, 0x0000000087800000| Untracked 
| 121|0x0000000087900000, 0x0000000087900000, 0x0000000087a00000|  0%| F|  |TAMS 0x0000000087900000, 0x0000000087900000| Untracked 
| 122|0x0000000087a00000, 0x0000000087a00000, 0x0000000087b00000|  0%| F|  |TAMS 0x0000000087a00000, 0x0000000087a00000| Untracked 
| 123|0x0000000087b00000, 0x0000000087b00000, 0x0000000087c00000|  0%| F|  |TAMS 0x0000000087b00000, 0x0000000087b00000| Untracked 
| 124|0x0000000087c00000, 0x0000000087c00000, 0x0000000087d00000|  0%| F|  |TAMS 0x0000000087c00000, 0x0000000087c00000| Untracked 
| 125|0x0000000087d00000, 0x0000000087d00000, 0x0000000087e00000|  0%| F|  |TAMS 0x0000000087d00000, 0x0000000087d00000| Untracked 
| 126|0x0000000087e00000, 0x0000000087e00000, 0x0000000087f00000|  0%| F|  |TAMS 0x0000000087e00000, 0x0000000087e00000| Untracked 
| 127|0x0000000087f00000, 0x0000000087f00000, 0x0000000088000000|  0%| F|  |TAMS 0x0000000087f00000, 0x0000000087f00000| Untracked 
| 128|0x0000000088000000, 0x0000000088000000, 0x0000000088100000|  0%| F|  |TAMS 0x0000000088000000, 0x0000000088000000| Untracked 
| 129|0x0000000088100000, 0x0000000088100000, 0x0000000088200000|  0%| F|  |TAMS 0x0000000088100000, 0x0000000088100000| Untracked 
| 130|0x0000000088200000, 0x0000000088200000, 0x0000000088300000|  0%| F|  |TAMS 0x0000000088200000, 0x0000000088200000| Untracked 
| 131|0x0000000088300000, 0x0000000088300000, 0x0000000088400000|  0%| F|  |TAMS 0x0000000088300000, 0x0000000088300000| Untracked 
| 132|0x0000000088400000, 0x0000000088400000, 0x0000000088500000|  0%| F|  |TAMS 0x0000000088400000, 0x0000000088400000| Untracked 
| 133|0x0000000088500000, 0x0000000088500000, 0x0000000088600000|  0%| F|  |TAMS 0x0000000088500000, 0x0000000088500000| Untracked 
| 134|0x0000000088600000, 0x0000000088600000, 0x0000000088700000|  0%| F|  |TAMS 0x0000000088600000, 0x0000000088600000| Untracked 
| 135|0x0000000088700000, 0x0000000088700000, 0x0000000088800000|  0%| F|  |TAMS 0x0000000088700000, 0x0000000088700000| Untracked 
| 136|0x0000000088800000, 0x0000000088800000, 0x0000000088900000|  0%| F|  |TAMS 0x0000000088800000, 0x0000000088800000| Untracked 
| 137|0x0000000088900000, 0x0000000088900000, 0x0000000088a00000|  0%| F|  |TAMS 0x0000000088900000, 0x0000000088900000| Untracked 
| 138|0x0000000088a00000, 0x0000000088a00000, 0x0000000088b00000|  0%| F|  |TAMS 0x0000000088a00000, 0x0000000088a00000| Untracked 
| 139|0x0000000088b00000, 0x0000000088b00000, 0x0000000088c00000|  0%| F|  |TAMS 0x0000000088b00000, 0x0000000088b00000| Untracked 
| 140|0x0000000088c00000, 0x0000000088c00000, 0x0000000088d00000|  0%| F|  |TAMS 0x0000000088c00000, 0x0000000088c00000| Untracked 
| 141|0x0000000088d00000, 0x0000000088d00000, 0x0000000088e00000|  0%| F|  |TAMS 0x0000000088d00000, 0x0000000088d00000| Untracked 
| 142|0x0000000088e00000, 0x0000000088e00000, 0x0000000088f00000|  0%| F|  |TAMS 0x0000000088e00000, 0x0000000088e00000| Untracked 
| 143|0x0000000088f00000, 0x0000000088f00000, 0x0000000089000000|  0%| F|  |TAMS 0x0000000088f00000, 0x0000000088f00000| Untracked 
| 144|0x0000000089000000, 0x0000000089000000, 0x0000000089100000|  0%| F|  |TAMS 0x0000000089000000, 0x0000000089000000| Untracked 
| 145|0x0000000089100000, 0x0000000089100000, 0x0000000089200000|  0%| F|  |TAMS 0x0000000089100000, 0x0000000089100000| Untracked 
| 146|0x0000000089200000, 0x0000000089200000, 0x0000000089300000|  0%| F|  |TAMS 0x0000000089200000, 0x0000000089200000| Untracked 
| 147|0x0000000089300000, 0x0000000089300000, 0x0000000089400000|  0%| F|  |TAMS 0x0000000089300000, 0x0000000089300000| Untracked 
| 148|0x0000000089400000, 0x0000000089400000, 0x0000000089500000|  0%| F|  |TAMS 0x0000000089400000, 0x0000000089400000| Untracked 
| 149|0x0000000089500000, 0x0000000089500000, 0x0000000089600000|  0%| F|  |TAMS 0x0000000089500000, 0x0000000089500000| Untracked 
| 150|0x0000000089600000, 0x0000000089600000, 0x0000000089700000|  0%| F|  |TAMS 0x0000000089600000, 0x0000000089600000| Untracked 
| 151|0x0000000089700000, 0x0000000089700000, 0x0000000089800000|  0%| F|  |TAMS 0x0000000089700000, 0x0000000089700000| Untracked 
| 152|0x0000000089800000, 0x0000000089800000, 0x0000000089900000|  0%| F|  |TAMS 0x0000000089800000, 0x0000000089800000| Untracked 
| 153|0x0000000089900000, 0x0000000089900000, 0x0000000089a00000|  0%| F|  |TAMS 0x0000000089900000, 0x0000000089900000| Untracked 
| 154|0x0000000089a00000, 0x0000000089a00000, 0x0000000089b00000|  0%| F|  |TAMS 0x0000000089a00000, 0x0000000089a00000| Untracked 
| 155|0x0000000089b00000, 0x0000000089b00000, 0x0000000089c00000|  0%| F|  |TAMS 0x0000000089b00000, 0x0000000089b00000| Untracked 
| 156|0x0000000089c00000, 0x0000000089c00000, 0x0000000089d00000|  0%| F|  |TAMS 0x0000000089c00000, 0x0000000089c00000| Untracked 
| 157|0x0000000089d00000, 0x0000000089d00000, 0x0000000089e00000|  0%| F|  |TAMS 0x0000000089d00000, 0x0000000089d00000| Untracked 
| 158|0x0000000089e00000, 0x0000000089e00000, 0x0000000089f00000|  0%| F|  |TAMS 0x0000000089e00000, 0x0000000089e00000| Untracked 
| 159|0x0000000089f00000, 0x0000000089f00000, 0x000000008a000000|  0%| F|  |TAMS 0x0000000089f00000, 0x0000000089f00000| Untracked 
| 160|0x000000008a000000, 0x000000008a000000, 0x000000008a100000|  0%| F|  |TAMS 0x000000008a000000, 0x000000008a000000| Untracked 
| 161|0x000000008a100000, 0x000000008a100000, 0x000000008a200000|  0%| F|  |TAMS 0x000000008a100000, 0x000000008a100000| Untracked 
| 162|0x000000008a200000, 0x000000008a200000, 0x000000008a300000|  0%| F|  |TAMS 0x000000008a200000, 0x000000008a200000| Untracked 
| 163|0x000000008a300000, 0x000000008a300000, 0x000000008a400000|  0%| F|  |TAMS 0x000000008a300000, 0x000000008a300000| Untracked 
| 164|0x000000008a400000, 0x000000008a400000, 0x000000008a500000|  0%| F|  |TAMS 0x000000008a400000, 0x000000008a400000| Untracked 
| 165|0x000000008a500000, 0x000000008a500000, 0x000000008a600000|  0%| F|  |TAMS 0x000000008a500000, 0x000000008a500000| Untracked 
| 166|0x000000008a600000, 0x000000008a600000, 0x000000008a700000|  0%| F|  |TAMS 0x000000008a600000, 0x000000008a600000| Untracked 
| 167|0x000000008a700000, 0x000000008a700000, 0x000000008a800000|  0%| F|  |TAMS 0x000000008a700000, 0x000000008a700000| Untracked 
| 168|0x000000008a800000, 0x000000008a800000, 0x000000008a900000|  0%| F|  |TAMS 0x000000008a800000, 0x000000008a800000| Untracked 
| 169|0x000000008a900000, 0x000000008a900000, 0x000000008aa00000|  0%| F|  |TAMS 0x000000008a900000, 0x000000008a900000| Untracked 
| 170|0x000000008aa00000, 0x000000008aa00000, 0x000000008ab00000|  0%| F|  |TAMS 0x000000008aa00000, 0x000000008aa00000| Untracked 
| 171|0x000000008ab00000, 0x000000008ab00000, 0x000000008ac00000|  0%| F|  |TAMS 0x000000008ab00000, 0x000000008ab00000| Untracked 
| 172|0x000000008ac00000, 0x000000008ac00000, 0x000000008ad00000|  0%| F|  |TAMS 0x000000008ac00000, 0x000000008ac00000| Untracked 
| 173|0x000000008ad00000, 0x000000008ad00000, 0x000000008ae00000|  0%| F|  |TAMS 0x000000008ad00000, 0x000000008ad00000| Untracked 
| 174|0x000000008ae00000, 0x000000008ae00000, 0x000000008af00000|  0%| F|  |TAMS 0x000000008ae00000, 0x000000008ae00000| Untracked 
| 175|0x000000008af00000, 0x000000008af00000, 0x000000008b000000|  0%| F|  |TAMS 0x000000008af00000, 0x000000008af00000| Untracked 
| 176|0x000000008b000000, 0x000000008b000000, 0x000000008b100000|  0%| F|  |TAMS 0x000000008b000000, 0x000000008b000000| Untracked 
| 177|0x000000008b100000, 0x000000008b100000, 0x000000008b200000|  0%| F|  |TAMS 0x000000008b100000, 0x000000008b100000| Untracked 
| 178|0x000000008b200000, 0x000000008b200000, 0x000000008b300000|  0%| F|  |TAMS 0x000000008b200000, 0x000000008b200000| Untracked 
| 179|0x000000008b300000, 0x000000008b300000, 0x000000008b400000|  0%| F|  |TAMS 0x000000008b300000, 0x000000008b300000| Untracked 
| 180|0x000000008b400000, 0x000000008b400000, 0x000000008b500000|  0%| F|  |TAMS 0x000000008b400000, 0x000000008b400000| Untracked 
| 181|0x000000008b500000, 0x000000008b500000, 0x000000008b600000|  0%| F|  |TAMS 0x000000008b500000, 0x000000008b500000| Untracked 
| 182|0x000000008b600000, 0x000000008b600000, 0x000000008b700000|  0%| F|  |TAMS 0x000000008b600000, 0x000000008b600000| Untracked 
| 183|0x000000008b700000, 0x000000008b700000, 0x000000008b800000|  0%| F|  |TAMS 0x000000008b700000, 0x000000008b700000| Untracked 
| 184|0x000000008b800000, 0x000000008b800000, 0x000000008b900000|  0%| F|  |TAMS 0x000000008b800000, 0x000000008b800000| Untracked 
| 185|0x000000008b900000, 0x000000008b900000, 0x000000008ba00000|  0%| F|  |TAMS 0x000000008b900000, 0x000000008b900000| Untracked 
| 186|0x000000008ba00000, 0x000000008ba00000, 0x000000008bb00000|  0%| F|  |TAMS 0x000000008ba00000, 0x000000008ba00000| Untracked 
| 187|0x000000008bb00000, 0x000000008bb00000, 0x000000008bc00000|  0%| F|  |TAMS 0x000000008bb00000, 0x000000008bb00000| Untracked 
| 188|0x000000008bc00000, 0x000000008bc00000, 0x000000008bd00000|  0%| F|  |TAMS 0x000000008bc00000, 0x000000008bc00000| Untracked 
| 189|0x000000008bd00000, 0x000000008bd00000, 0x000000008be00000|  0%| F|  |TAMS 0x000000008bd00000, 0x000000008bd00000| Untracked 
| 190|0x000000008be00000, 0x000000008be00000, 0x000000008bf00000|  0%| F|  |TAMS 0x000000008be00000, 0x000000008be00000| Untracked 
| 191|0x000000008bf00000, 0x000000008bf00000, 0x000000008c000000|  0%| F|  |TAMS 0x000000008bf00000, 0x000000008bf00000| Untracked 
| 192|0x000000008c000000, 0x000000008c000000, 0x000000008c100000|  0%| F|  |TAMS 0x000000008c000000, 0x000000008c000000| Untracked 
| 193|0x000000008c100000, 0x000000008c100000, 0x000000008c200000|  0%| F|  |TAMS 0x000000008c100000, 0x000000008c100000| Untracked 
| 194|0x000000008c200000, 0x000000008c200000, 0x000000008c300000|  0%| F|  |TAMS 0x000000008c200000, 0x000000008c200000| Untracked 
| 195|0x000000008c300000, 0x000000008c300000, 0x000000008c400000|  0%| F|  |TAMS 0x000000008c300000, 0x000000008c300000| Untracked 
| 196|0x000000008c400000, 0x000000008c400000, 0x000000008c500000|  0%| F|  |TAMS 0x000000008c400000, 0x000000008c400000| Untracked 
| 197|0x000000008c500000, 0x000000008c500000, 0x000000008c600000|  0%| F|  |TAMS 0x000000008c500000, 0x000000008c500000| Untracked 
| 198|0x000000008c600000, 0x000000008c600000, 0x000000008c700000|  0%| F|  |TAMS 0x000000008c600000, 0x000000008c600000| Untracked 
| 199|0x000000008c700000, 0x000000008c700000, 0x000000008c800000|  0%| F|  |TAMS 0x000000008c700000, 0x000000008c700000| Untracked 
| 200|0x000000008c800000, 0x000000008c800000, 0x000000008c900000|  0%| F|  |TAMS 0x000000008c800000, 0x000000008c800000| Untracked 
| 201|0x000000008c900000, 0x000000008c900000, 0x000000008ca00000|  0%| F|  |TAMS 0x000000008c900000, 0x000000008c900000| Untracked 
| 202|0x000000008ca00000, 0x000000008ca00000, 0x000000008cb00000|  0%| F|  |TAMS 0x000000008ca00000, 0x000000008ca00000| Untracked 
| 203|0x000000008cb00000, 0x000000008cb00000, 0x000000008cc00000|  0%| F|  |TAMS 0x000000008cb00000, 0x000000008cb00000| Untracked 
| 204|0x000000008cc00000, 0x000000008cc00000, 0x000000008cd00000|  0%| F|  |TAMS 0x000000008cc00000, 0x000000008cc00000| Untracked 
| 205|0x000000008cd00000, 0x000000008cd00000, 0x000000008ce00000|  0%| F|  |TAMS 0x000000008cd00000, 0x000000008cd00000| Untracked 
| 206|0x000000008ce00000, 0x000000008ce00000, 0x000000008cf00000|  0%| F|  |TAMS 0x000000008ce00000, 0x000000008ce00000| Untracked 
| 207|0x000000008cf00000, 0x000000008cf8cb30, 0x000000008d000000| 54%| E|  |TAMS 0x000000008cf00000, 0x000000008cf00000| Complete 
| 208|0x000000008d000000, 0x000000008d100000, 0x000000008d100000|100%| E|CS|TAMS 0x000000008d000000, 0x000000008d000000| Complete 
| 209|0x000000008d100000, 0x000000008d200000, 0x000000008d200000|100%| E|CS|TAMS 0x000000008d100000, 0x000000008d100000| Complete 
| 210|0x000000008d200000, 0x000000008d300000, 0x000000008d300000|100%| E|CS|TAMS 0x000000008d200000, 0x000000008d200000| Complete 
| 211|0x000000008d300000, 0x000000008d400000, 0x000000008d400000|100%| E|CS|TAMS 0x000000008d300000, 0x000000008d300000| Complete 
| 212|0x000000008d400000, 0x000000008d500000, 0x000000008d500000|100%| E|CS|TAMS 0x000000008d400000, 0x000000008d400000| Complete 
| 213|0x000000008d500000, 0x000000008d600000, 0x000000008d600000|100%| E|CS|TAMS 0x000000008d500000, 0x000000008d500000| Complete 
| 214|0x000000008d600000, 0x000000008d700000, 0x000000008d700000|100%| E|CS|TAMS 0x000000008d600000, 0x000000008d600000| Complete 
| 215|0x000000008d700000, 0x000000008d800000, 0x000000008d800000|100%| E|CS|TAMS 0x000000008d700000, 0x000000008d700000| Complete 
| 216|0x000000008d800000, 0x000000008d900000, 0x000000008d900000|100%| E|CS|TAMS 0x000000008d800000, 0x000000008d800000| Complete 
| 217|0x000000008d900000, 0x000000008da00000, 0x000000008da00000|100%| E|CS|TAMS 0x000000008d900000, 0x000000008d900000| Complete 
| 218|0x000000008da00000, 0x000000008db00000, 0x000000008db00000|100%| E|CS|TAMS 0x000000008da00000, 0x000000008da00000| Complete 
| 219|0x000000008db00000, 0x000000008dc00000, 0x000000008dc00000|100%| E|CS|TAMS 0x000000008db00000, 0x000000008db00000| Complete 
| 220|0x000000008dc00000, 0x000000008dd00000, 0x000000008dd00000|100%| E|CS|TAMS 0x000000008dc00000, 0x000000008dc00000| Complete 
| 221|0x000000008dd00000, 0x000000008de00000, 0x000000008de00000|100%| E|CS|TAMS 0x000000008dd00000, 0x000000008dd00000| Complete 
| 222|0x000000008de00000, 0x000000008df00000, 0x000000008df00000|100%| E|CS|TAMS 0x000000008de00000, 0x000000008de00000| Complete 
| 223|0x000000008df00000, 0x000000008e000000, 0x000000008e000000|100%| E|CS|TAMS 0x000000008df00000, 0x000000008df00000| Complete 
| 224|0x000000008e000000, 0x000000008e100000, 0x000000008e100000|100%| E|CS|TAMS 0x000000008e000000, 0x000000008e000000| Complete 
| 225|0x000000008e100000, 0x000000008e200000, 0x000000008e200000|100%| E|CS|TAMS 0x000000008e100000, 0x000000008e100000| Complete 
| 226|0x000000008e200000, 0x000000008e300000, 0x000000008e300000|100%| E|CS|TAMS 0x000000008e200000, 0x000000008e200000| Complete 
| 227|0x000000008e300000, 0x000000008e400000, 0x000000008e400000|100%| E|CS|TAMS 0x000000008e300000, 0x000000008e300000| Complete 
| 228|0x000000008e400000, 0x000000008e500000, 0x000000008e500000|100%| E|CS|TAMS 0x000000008e400000, 0x000000008e400000| Complete 
| 229|0x000000008e500000, 0x000000008e600000, 0x000000008e600000|100%| E|CS|TAMS 0x000000008e500000, 0x000000008e500000| Complete 
| 230|0x000000008e600000, 0x000000008e700000, 0x000000008e700000|100%| E|CS|TAMS 0x000000008e600000, 0x000000008e600000| Complete 
| 231|0x000000008e700000, 0x000000008e800000, 0x000000008e800000|100%| E|CS|TAMS 0x000000008e700000, 0x000000008e700000| Complete 
| 232|0x000000008e800000, 0x000000008e900000, 0x000000008e900000|100%| E|CS|TAMS 0x000000008e800000, 0x000000008e800000| Complete 
| 233|0x000000008e900000, 0x000000008ea00000, 0x000000008ea00000|100%| E|CS|TAMS 0x000000008e900000, 0x000000008e900000| Complete 
| 234|0x000000008ea00000, 0x000000008eb00000, 0x000000008eb00000|100%| E|CS|TAMS 0x000000008ea00000, 0x000000008ea00000| Complete 
| 235|0x000000008eb00000, 0x000000008ec00000, 0x000000008ec00000|100%| E|CS|TAMS 0x000000008eb00000, 0x000000008eb00000| Complete 
| 236|0x000000008ec00000, 0x000000008ed00000, 0x000000008ed00000|100%| E|CS|TAMS 0x000000008ec00000, 0x000000008ec00000| Complete 
| 237|0x000000008ed00000, 0x000000008ee00000, 0x000000008ee00000|100%| E|CS|TAMS 0x000000008ed00000, 0x000000008ed00000| Complete 
| 238|0x000000008ee00000, 0x000000008ef00000, 0x000000008ef00000|100%| E|CS|TAMS 0x000000008ee00000, 0x000000008ee00000| Complete 
| 239|0x000000008ef00000, 0x000000008f000000, 0x000000008f000000|100%| E|CS|TAMS 0x000000008ef00000, 0x000000008ef00000| Complete 
| 240|0x000000008f000000, 0x000000008f100000, 0x000000008f100000|100%| E|  |TAMS 0x000000008f000000, 0x000000008f000000| Complete 
| 241|0x000000008f100000, 0x000000008f200000, 0x000000008f200000|100%| E|CS|TAMS 0x000000008f100000, 0x000000008f100000| Complete 
| 242|0x000000008f200000, 0x000000008f300000, 0x000000008f300000|100%| E|CS|TAMS 0x000000008f200000, 0x000000008f200000| Complete 
| 243|0x000000008f300000, 0x000000008f400000, 0x000000008f400000|100%| E|CS|TAMS 0x000000008f300000, 0x000000008f300000| Complete 
| 244|0x000000008f400000, 0x000000008f500000, 0x000000008f500000|100%| E|CS|TAMS 0x000000008f400000, 0x000000008f400000| Complete 
| 245|0x000000008f500000, 0x000000008f600000, 0x000000008f600000|100%| E|CS|TAMS 0x000000008f500000, 0x000000008f500000| Complete 
| 246|0x000000008f600000, 0x000000008f700000, 0x000000008f700000|100%| E|CS|TAMS 0x000000008f600000, 0x000000008f600000| Complete 
| 247|0x000000008f700000, 0x000000008f800000, 0x000000008f800000|100%| E|CS|TAMS 0x000000008f700000, 0x000000008f700000| Complete 
| 248|0x000000008f800000, 0x000000008f900000, 0x000000008f900000|100%| E|CS|TAMS 0x000000008f800000, 0x000000008f800000| Complete 
| 249|0x000000008f900000, 0x000000008fa00000, 0x000000008fa00000|100%| E|CS|TAMS 0x000000008f900000, 0x000000008f900000| Complete 
| 250|0x000000008fa00000, 0x000000008fb00000, 0x000000008fb00000|100%| E|CS|TAMS 0x000000008fa00000, 0x000000008fa00000| Complete 
| 251|0x000000008fb00000, 0x000000008fc00000, 0x000000008fc00000|100%| E|CS|TAMS 0x000000008fb00000, 0x000000008fb00000| Complete 
| 252|0x000000008fc00000, 0x000000008fd00000, 0x000000008fd00000|100%| E|CS|TAMS 0x000000008fc00000, 0x000000008fc00000| Complete 
| 253|0x000000008fd00000, 0x000000008fe00000, 0x000000008fe00000|100%| E|CS|TAMS 0x000000008fd00000, 0x000000008fd00000| Complete 
| 254|0x000000008fe00000, 0x000000008ff00000, 0x000000008ff00000|100%| E|CS|TAMS 0x000000008fe00000, 0x000000008fe00000| Complete 
| 255|0x000000008ff00000, 0x0000000090000000, 0x0000000090000000|100%| E|CS|TAMS 0x000000008ff00000, 0x000000008ff00000| Complete 
| 256|0x0000000090000000, 0x0000000090100000, 0x0000000090100000|100%| E|CS|TAMS 0x0000000090000000, 0x0000000090000000| Complete 
| 257|0x0000000090100000, 0x0000000090200000, 0x0000000090200000|100%| E|CS|TAMS 0x0000000090100000, 0x0000000090100000| Complete 
| 258|0x0000000090200000, 0x0000000090300000, 0x0000000090300000|100%| E|CS|TAMS 0x0000000090200000, 0x0000000090200000| Complete 
| 259|0x0000000090300000, 0x0000000090400000, 0x0000000090400000|100%| E|CS|TAMS 0x0000000090300000, 0x0000000090300000| Complete 
| 260|0x0000000090400000, 0x0000000090500000, 0x0000000090500000|100%| E|CS|TAMS 0x0000000090400000, 0x0000000090400000| Complete 
| 261|0x0000000090500000, 0x0000000090600000, 0x0000000090600000|100%| E|CS|TAMS 0x0000000090500000, 0x0000000090500000| Complete 
| 262|0x0000000090600000, 0x0000000090700000, 0x0000000090700000|100%| E|CS|TAMS 0x0000000090600000, 0x0000000090600000| Complete 
| 263|0x0000000090700000, 0x0000000090800000, 0x0000000090800000|100%| E|CS|TAMS 0x0000000090700000, 0x0000000090700000| Complete 

Card table byte_map: [0x00000167b8510000,0x00000167b8910000] _byte_map_base: 0x00000167b8110000

Marking Bits (Prev, Next): (CMBitMap*) 0x00000167a59680f0, (CMBitMap*) 0x00000167a5968130
 Prev Bits: [0x00000167b8d10000, 0x00000167bad10000)
 Next Bits: [0x00000167bad10000, 0x00000167bcd10000)

Polling page: 0x00000167a3840000

Metaspace:

Usage:
  Non-class:     79.01 MB used.
      Class:     12.41 MB used.
       Both:     91.42 MB used.

Virtual space:
  Non-class space:       80.00 MB reserved,      79.31 MB (>99%) committed,  10 nodes.
      Class space:        1.00 GB reserved,      12.69 MB (  1%) committed,  1 nodes.
             Both:        1.08 GB reserved,      92.00 MB (  8%) committed. 

Chunk freelists:
   Non-Class:  624.00 KB
       Class:  3.25 MB
        Both:  3.86 MB

MaxMetaspaceSize: unlimited
CompressedClassSpaceSize: 1.00 GB
Initial GC threshold: 21.00 MB
Current GC threshold: 152.75 MB
CDS: off
MetaspaceReclaimPolicy: balanced
 - commit_granule_bytes: 65536.
 - commit_granule_words: 8192.
 - virtual_space_node_default_size: 1048576.
 - enlarge_chunks_in_place: 1.
 - new_chunks_are_fully_committed: 0.
 - uncommit_free_chunks: 1.
 - use_allocation_guard: 0.
 - handle_deallocations: 1.


Internal statistics:

num_allocs_failed_limit: 6.
num_arena_births: 992.
num_arena_deaths: 14.
num_vsnodes_births: 11.
num_vsnodes_deaths: 0.
num_space_committed: 1471.
num_space_uncommitted: 0.
num_chunks_returned_to_freelist: 24.
num_chunks_taken_from_freelist: 4410.
num_chunk_merges: 14.
num_chunk_splits: 2923.
num_chunks_enlarged: 1973.
num_purges: 2.
num_inconsistent_stats: 0.

CodeHeap 'non-profiled nmethods': size=120000Kb used=5239Kb max_used=5708Kb free=114760Kb
 bounds [0x00000167b08b0000, 0x00000167b0e50000, 0x00000167b7de0000]
CodeHeap 'profiled nmethods': size=120000Kb used=16492Kb max_used=17703Kb free=103507Kb
 bounds [0x00000167a8de0000, 0x00000167a9f30000, 0x00000167b0310000]
CodeHeap 'non-nmethods': size=5760Kb used=2383Kb max_used=2530Kb free=3376Kb
 bounds [0x00000167b0310000, 0x00000167b05a0000, 0x00000167b08b0000]
 total_blobs=9872 nmethods=8953 adapters=829
 compilation: enabled
              stopped_count=0, restarted_count=0
 full_count=0

Compilation events (20 events):
Event: 8.501 Thread 0x00000167c008d060 nmethod 10519 0x00000167b09a1d10 code [0x00000167b09a1ea0, 0x00000167b09a1fb8]
Event: 8.501 Thread 0x00000167c008d060 10520       1       org.gradle.api.internal.artifacts.dependencies.DefaultDependencyConstraint::because (6 bytes)
Event: 8.501 Thread 0x00000167c008d060 nmethod 10520 0x00000167b09a1990 code [0x00000167b09a1b20, 0x00000167b09a1c38]
Event: 8.501 Thread 0x00000167c008d060 10523       3       org.gradle.internal.component.local.model.DefaultLocalComponentMetadata::reevaluate (42 bytes)
Event: 8.501 Thread 0x00000167c008d060 nmethod 10523 0x00000167a963ed90 code [0x00000167a963ef80, 0x00000167a963f5c8]
Event: 8.501 Thread 0x00000167c008d060 10522       3       org.gradle.api.internal.artifacts.dsl.ParsedModuleStringNotation::assignValue (88 bytes)
Event: 8.502 Thread 0x00000167c008d060 nmethod 10522 0x00000167a9680310 code [0x00000167a9680500, 0x00000167a9680a58]
Event: 8.502 Thread 0x00000167c008d060 10521       3       org.gradle.api.internal.artifacts.dependencies.DefaultMutableVersionConstraint::updateVersions (34 bytes)
Event: 8.502 Thread 0x00000167c008d060 nmethod 10521 0x00000167a9941290 code [0x00000167a9941480, 0x00000167a9941a88]
Event: 8.502 Thread 0x00000167c008d060 10524       3       java.util.TreeSet::size (10 bytes)
Event: 8.502 Thread 0x00000167c008d060 nmethod 10524 0x00000167a953bd90 code [0x00000167a953bf40, 0x00000167a953c108]
Event: 8.502 Thread 0x00000167c008d060 10525       3       org.gradle.internal.typeconversion.TypeFilteringNotationConverter::convert (30 bytes)
Event: 8.503 Thread 0x00000167c008d060 nmethod 10525 0x00000167a9adcf90 code [0x00000167a9add180, 0x00000167a9add5e8]
Event: 8.503 Thread 0x00000167c008d060 10526       3       org.gradle.api.internal.artifacts.configurations.DefaultConfiguration_Decorated::isCanBeDeclaredAgainst (45 bytes)
Event: 8.503 Thread 0x00000167c008d060 nmethod 10526 0x00000167a99b6e10 code [0x00000167a99b6fe0, 0x00000167a99b7418]
Event: 8.503 Thread 0x00000167c008d060 10527       3       org.gradle.api.internal.artifacts.dependencies.DefaultMutableVersionConstraint::<init> (8 bytes)
Event: 8.503 Thread 0x00000167c008d060 nmethod 10527 0x00000167a9654810 code [0x00000167a96549c0, 0x00000167a9654b08]
Event: 8.503 Thread 0x00000167c008d060 10529       3       org.gradle.api.internal.DefaultDomainObjectCollection::size (10 bytes)
Event: 8.503 Thread 0x00000167c008d060 nmethod 10529 0x00000167a99b6990 code [0x00000167a99b6b40, 0x00000167a99b6d08]
Event: 8.503 Thread 0x00000167c008d060 10528       3       org.gradle.api.internal.artifacts.dsl.dependencies.DefaultDependencyConstraintHandler::doAdd (66 bytes)

GC Heap History (20 events):
Event: 5.703 GC heap before
{Heap before GC invocations=23 (full 0):
 garbage-first heap   total 112640K, used 83664K [0x0000000080000000, 0x0000000100000000)
  region size 1024K, 34 young (34816K), 4 survivors (4096K)
 Metaspace       used 73107K, committed 73664K, reserved 1114112K
  class space    used 9688K, committed 9984K, reserved 1048576K
}
Event: 5.707 GC heap after
{Heap after GC invocations=24 (full 0):
 garbage-first heap   total 112640K, used 55389K [0x0000000080000000, 0x0000000100000000)
  region size 1024K, 5 young (5120K), 5 survivors (5120K)
 Metaspace       used 73107K, committed 73664K, reserved 1114112K
  class space    used 9688K, committed 9984K, reserved 1048576K
}
Event: 5.979 GC heap before
{Heap before GC invocations=24 (full 0):
 garbage-first heap   total 112640K, used 82013K [0x0000000080000000, 0x0000000100000000)
  region size 1024K, 33 young (33792K), 5 survivors (5120K)
 Metaspace       used 75600K, committed 76224K, reserved 1122304K
  class space    used 10016K, committed 10304K, reserved 1048576K
}
Event: 5.983 GC heap after
{Heap after GC invocations=25 (full 0):
 garbage-first heap   total 112640K, used 56986K [0x0000000080000000, 0x0000000100000000)
  region size 1024K, 4 young (4096K), 4 survivors (4096K)
 Metaspace       used 75600K, committed 76224K, reserved 1122304K
  class space    used 10016K, committed 10304K, reserved 1048576K
}
Event: 6.350 GC heap before
{Heap before GC invocations=26 (full 0):
 garbage-first heap   total 112640K, used 88730K [0x0000000080000000, 0x0000000100000000)
  region size 1024K, 34 young (34816K), 4 survivors (4096K)
 Metaspace       used 79407K, committed 79936K, reserved 1122304K
  class space    used 10733K, committed 11008K, reserved 1048576K
}
Event: 6.353 GC heap after
{Heap after GC invocations=27 (full 0):
 garbage-first heap   total 112640K, used 58308K [0x0000000080000000, 0x0000000100000000)
  region size 1024K, 3 young (3072K), 3 survivors (3072K)
 Metaspace       used 79407K, committed 79936K, reserved 1122304K
  class space    used 10733K, committed 11008K, reserved 1048576K
}
Event: 6.683 GC heap before
{Heap before GC invocations=27 (full 0):
 garbage-first heap   total 112640K, used 89028K [0x0000000080000000, 0x0000000100000000)
  region size 1024K, 33 young (33792K), 3 survivors (3072K)
 Metaspace       used 82560K, committed 83200K, reserved 1122304K
  class space    used 11187K, committed 11456K, reserved 1048576K
}
Event: 6.687 GC heap after
{Heap after GC invocations=28 (full 0):
 garbage-first heap   total 135168K, used 60925K [0x0000000080000000, 0x0000000100000000)
  region size 1024K, 5 young (5120K), 5 survivors (5120K)
 Metaspace       used 82560K, committed 83200K, reserved 1122304K
  class space    used 11187K, committed 11456K, reserved 1048576K
}
Event: 7.201 GC heap before
{Heap before GC invocations=29 (full 0):
 garbage-first heap   total 135168K, used 104957K [0x0000000080000000, 0x0000000100000000)
  region size 1024K, 48 young (49152K), 5 survivors (5120K)
 Metaspace       used 87966K, committed 88576K, reserved 1130496K
  class space    used 11982K, committed 12288K, reserved 1048576K
}
Event: 7.207 GC heap after
{Heap after GC invocations=30 (full 0):
 garbage-first heap   total 135168K, used 64407K [0x0000000080000000, 0x0000000100000000)
  region size 1024K, 6 young (6144K), 6 survivors (6144K)
 Metaspace       used 87966K, committed 88576K, reserved 1130496K
  class space    used 11982K, committed 12288K, reserved 1048576K
}
Event: 7.490 GC heap before
{Heap before GC invocations=30 (full 0):
 garbage-first heap   total 135168K, used 106391K [0x0000000080000000, 0x0000000100000000)
  region size 1024K, 47 young (48128K), 6 survivors (6144K)
 Metaspace       used 89268K, committed 89920K, reserved 1130496K
  class space    used 12148K, committed 12480K, reserved 1048576K
}
Event: 7.497 GC heap after
{Heap after GC invocations=31 (full 0):
 garbage-first heap   total 135168K, used 70078K [0x0000000080000000, 0x0000000100000000)
  region size 1024K, 6 young (6144K), 6 survivors (6144K)
 Metaspace       used 89268K, committed 89920K, reserved 1130496K
  class space    used 12148K, committed 12480K, reserved 1048576K
}
Event: 7.665 GC heap before
{Heap before GC invocations=31 (full 0):
 garbage-first heap   total 135168K, used 94654K [0x0000000080000000, 0x0000000100000000)
  region size 1024K, 32 young (32768K), 6 survivors (6144K)
 Metaspace       used 90259K, committed 90944K, reserved 1130496K
  class space    used 12233K, committed 12544K, reserved 1048576K
}
Event: 7.672 GC heap after
{Heap after GC invocations=32 (full 0):
 garbage-first heap   total 135168K, used 76156K [0x0000000080000000, 0x0000000100000000)
  region size 1024K, 6 young (6144K), 6 survivors (6144K)
 Metaspace       used 90259K, committed 90944K, reserved 1130496K
  class space    used 12233K, committed 12544K, reserved 1048576K
}
Event: 7.974 GC heap before
{Heap before GC invocations=33 (full 0):
 garbage-first heap   total 135168K, used 106876K [0x0000000080000000, 0x0000000100000000)
  region size 1024K, 36 young (36864K), 6 survivors (6144K)
 Metaspace       used 92883K, committed 93504K, reserved 1130496K
  class space    used 12649K, committed 12928K, reserved 1048576K
}
Event: 7.979 GC heap after
{Heap after GC invocations=34 (full 0):
 garbage-first heap   total 135168K, used 78975K [0x0000000080000000, 0x0000000100000000)
  region size 1024K, 4 young (4096K), 4 survivors (4096K)
 Metaspace       used 92883K, committed 93504K, reserved 1130496K
  class space    used 12649K, committed 12928K, reserved 1048576K
}
Event: 7.986 GC heap before
{Heap before GC invocations=34 (full 0):
 garbage-first heap   total 135168K, used 79999K [0x0000000080000000, 0x0000000100000000)
  region size 1024K, 6 young (6144K), 4 survivors (4096K)
 Metaspace       used 92884K, committed 93504K, reserved 1130496K
  class space    used 12649K, committed 12928K, reserved 1048576K
}
Event: 7.991 GC heap after
{Heap after GC invocations=35 (full 0):
 garbage-first heap   total 135168K, used 78784K [0x0000000080000000, 0x0000000100000000)
  region size 1024K, 1 young (1024K), 1 survivors (1024K)
 Metaspace       used 92884K, committed 93504K, reserved 1130496K
  class space    used 12649K, committed 12928K, reserved 1048576K
}
Event: 8.121 GC heap before
{Heap before GC invocations=35 (full 0):
 garbage-first heap   total 135168K, used 107456K [0x0000000080000000, 0x0000000100000000)
  region size 1024K, 30 young (30720K), 1 survivors (1024K)
 Metaspace       used 93069K, committed 93760K, reserved 1130496K
  class space    used 12662K, committed 12992K, reserved 1048576K
}
Event: 8.125 GC heap after
{Heap after GC invocations=36 (full 0):
 garbage-first heap   total 270336K, used 80310K [0x0000000080000000, 0x0000000100000000)
  region size 1024K, 3 young (3072K), 3 survivors (3072K)
 Metaspace       used 93069K, committed 93760K, reserved 1130496K
  class space    used 12662K, committed 12992K, reserved 1048576K
}

Dll operation events (2 events):
Event: 0.007 Loaded shared library C:\Program Files\Android\Android Studio\jbr\bin\java.dll
Event: 0.290 Loaded shared library C:\Program Files\Android\Android Studio\jbr\bin\verify.dll

Deoptimization events (20 events):
Event: 8.400 Thread 0x00000167c627d220 DEOPT PACKING pc=0x00000167b0ab6270 sp=0x0000000a4e3f8580
Event: 8.400 Thread 0x00000167c627d220 DEOPT UNPACKING pc=0x00000167b03669a3 sp=0x0000000a4e3f84a8 mode 2
Event: 8.400 Thread 0x00000167c627d220 Uncommon trap: trap_request=0xffffffbe fr.pc=0x00000167b0ab6270 relative=0x0000000000000790
Event: 8.400 Thread 0x00000167c627d220 Uncommon trap: reason=profile_predicate action=maybe_recompile pc=0x00000167b0ab6270 method=java.util.Collections.indexedBinarySearch(Ljava/util/List;Ljava/lang/Object;Ljava/util/Comparator;)I @ 15 c2
Event: 8.400 Thread 0x00000167c627d220 DEOPT PACKING pc=0x00000167b0ab6270 sp=0x0000000a4e3f8570
Event: 8.400 Thread 0x00000167c627d220 DEOPT UNPACKING pc=0x00000167b03669a3 sp=0x0000000a4e3f8498 mode 2
Event: 8.400 Thread 0x00000167c553b4c0 Uncommon trap: trap_request=0xffffff45 fr.pc=0x00000167b0c10964 relative=0x0000000000000424
Event: 8.400 Thread 0x00000167c553b4c0 Uncommon trap: reason=unstable_if action=reinterpret pc=0x00000167b0c10964 method=com.esotericsoftware.kryo.io.Input.readVarLong(Z)J @ 152 c2
Event: 8.400 Thread 0x00000167c553b4c0 DEOPT PACKING pc=0x00000167b0c10964 sp=0x0000000a480fe3d0
Event: 8.400 Thread 0x00000167c553b4c0 DEOPT UNPACKING pc=0x00000167b03669a3 sp=0x0000000a480fe380 mode 2
Event: 8.401 Thread 0x00000167c627d220 Uncommon trap: trap_request=0xffffffbe fr.pc=0x00000167b092430c relative=0x000000000000072c
Event: 8.401 Thread 0x00000167c627d220 Uncommon trap: reason=profile_predicate action=maybe_recompile pc=0x00000167b092430c method=java.util.Collections.indexedBinarySearch(Ljava/util/List;Ljava/lang/Object;Ljava/util/Comparator;)I @ 15 c2
Event: 8.401 Thread 0x00000167c627d220 DEOPT PACKING pc=0x00000167b092430c sp=0x0000000a4e3f7020
Event: 8.401 Thread 0x00000167c627d220 DEOPT UNPACKING pc=0x00000167b03669a3 sp=0x0000000a4e3f6fd0 mode 2
Event: 8.404 Thread 0x00000167c627d220 Uncommon trap: trap_request=0xffffffbe fr.pc=0x00000167b09fcda8 relative=0x0000000000000748
Event: 8.404 Thread 0x00000167c627d220 Uncommon trap: reason=profile_predicate action=maybe_recompile pc=0x00000167b09fcda8 method=java.util.Collections.indexedBinarySearch(Ljava/util/List;Ljava/lang/Object;Ljava/util/Comparator;)I @ 15 c2
Event: 8.404 Thread 0x00000167c627d220 DEOPT PACKING pc=0x00000167b09fcda8 sp=0x0000000a4e3fa9f0
Event: 8.404 Thread 0x00000167c627d220 DEOPT UNPACKING pc=0x00000167b03669a3 sp=0x0000000a4e3fa8a0 mode 2
Event: 8.449 Thread 0x00000167c3b71d80 DEOPT PACKING pc=0x00000167a9e44b97 sp=0x0000000a498fb8f0
Event: 8.449 Thread 0x00000167c3b71d80 DEOPT UNPACKING pc=0x00000167b0367143 sp=0x0000000a498fadb8 mode 0

Classes unloaded (7 events):
Event: 8.204 Thread 0x00000167bf78e150 Unloading class 0x0000000100c9dc00 'java/lang/invoke/LambdaForm$DMH+0x0000000100c9dc00'
Event: 8.204 Thread 0x00000167bf78e150 Unloading class 0x0000000100c9d800 'java/lang/invoke/LambdaForm$DMH+0x0000000100c9d800'
Event: 8.204 Thread 0x00000167bf78e150 Unloading class 0x0000000100c9d400 'java/lang/invoke/LambdaForm$DMH+0x0000000100c9d400'
Event: 8.204 Thread 0x00000167bf78e150 Unloading class 0x0000000100c9cc00 'java/lang/invoke/LambdaForm$DMH+0x0000000100c9cc00'
Event: 8.204 Thread 0x00000167bf78e150 Unloading class 0x0000000100c9c000 'java/lang/invoke/LambdaForm$DMH+0x0000000100c9c000'
Event: 8.204 Thread 0x00000167bf78e150 Unloading class 0x0000000100c9d000 'java/lang/invoke/LambdaForm$DMH+0x0000000100c9d000'
Event: 8.204 Thread 0x00000167bf78e150 Unloading class 0x0000000100c9c800 'java/lang/invoke/LambdaForm$DMH+0x0000000100c9c800'

Classes redefined (0 events):
No events

Internal exceptions (20 events):
Event: 7.934 Thread 0x00000167c7ac9b20 Exception <a 'java/lang/NoSuchMethodError'{0x0000000086e5d468}: 'java.lang.Object java.lang.invoke.DirectMethodHandle$Holder.invokeSpecialIFC(java.lang.Object, java.lang.Object, java.lang.Object)'> (0x0000000086e5d468) 
thrown [s\src\hotspot\share\interpreter\linkResolver.cpp, line 771]
Event: 7.934 Thread 0x00000167c7ac3fb0 Exception <a 'java/lang/NoSuchMethodError'{0x0000000086e54318}: 'java.lang.Object java.lang.invoke.DirectMethodHandle$Holder.invokeSpecialIFC(java.lang.Object, java.lang.Object, java.lang.Object)'> (0x0000000086e54318) 
thrown [s\src\hotspot\share\interpreter\linkResolver.cpp, line 771]
Event: 7.934 Thread 0x00000167c7ac87e0 Exception <a 'java/lang/NoSuchMethodError'{0x0000000086e83c70}: 'java.lang.Object java.lang.invoke.DirectMethodHandle$Holder.invokeSpecialIFC(java.lang.Object, java.lang.Object, java.lang.Object)'> (0x0000000086e83c70) 
thrown [s\src\hotspot\share\interpreter\linkResolver.cpp, line 771]
Event: 7.934 Thread 0x00000167c627ea30 Exception <a 'java/lang/NoSuchMethodError'{0x0000000086e26e30}: 'java.lang.Object java.lang.invoke.DirectMethodHandle$Holder.invokeSpecialIFC(java.lang.Object, java.lang.Object, java.lang.Object)'> (0x0000000086e26e30) 
thrown [s\src\hotspot\share\interpreter\linkResolver.cpp, line 771]
Event: 7.934 Thread 0x00000167c3b74400 Exception <a 'java/lang/NoSuchMethodError'{0x0000000086e707b0}: 'java.lang.Object java.lang.invoke.DirectMethodHandle$Holder.invokeSpecialIFC(java.lang.Object, java.lang.Object, java.lang.Object)'> (0x0000000086e707b0) 
thrown [s\src\hotspot\share\interpreter\linkResolver.cpp, line 771]
Event: 7.934 Thread 0x00000167c7ac8cb0 Exception <a 'java/lang/NoSuchMethodError'{0x0000000086e65d38}: 'java.lang.Object java.lang.invoke.DirectMethodHandle$Holder.invokeSpecialIFC(java.lang.Object, java.lang.Object, java.lang.Object)'> (0x0000000086e65d38) 
thrown [s\src\hotspot\share\interpreter\linkResolver.cpp, line 771]
Event: 7.935 Thread 0x00000167c46a0be0 Exception <a 'java/lang/NoSuchMethodError'{0x0000000086e4c240}: 'java.lang.Object java.lang.invoke.DirectMethodHandle$Holder.invokeSpecialIFC(java.lang.Object, java.lang.Object, java.lang.Object)'> (0x0000000086e4c240) 
thrown [s\src\hotspot\share\interpreter\linkResolver.cpp, line 771]
Event: 7.935 Thread 0x00000167c7ac4480 Exception <a 'java/lang/NoSuchMethodError'{0x0000000086e7a768}: 'java.lang.Object java.lang.invoke.DirectMethodHandle$Holder.invokeSpecialIFC(java.lang.Object, java.lang.Object, java.lang.Object)'> (0x0000000086e7a768) 
thrown [s\src\hotspot\share\interpreter\linkResolver.cpp, line 771]
Event: 8.081 Thread 0x00000167c3b73a60 Exception <a 'java/lang/NoSuchMethodError'{0x0000000087ad9568}: 'void java.lang.invoke.DirectMethodHandle$Holder.invokeVirtual(java.lang.Object, java.lang.Object)'> (0x0000000087ad9568) 
thrown [s\src\hotspot\share\interpreter\linkResolver.cpp, line 771]
Event: 8.302 Thread 0x00000167c627ea30 Implicit null exception at 0x00000167b0e2df47 to 0x00000167b0e2e888
Event: 8.302 Thread 0x00000167c627ea30 Implicit null exception at 0x00000167b0e2df47 to 0x00000167b0e2e888
Event: 8.302 Thread 0x00000167c627ea30 Implicit null exception at 0x00000167b0e2df47 to 0x00000167b0e2e888
Event: 8.320 Thread 0x00000167c3b6f230 Implicit null exception at 0x00000167b0e2df47 to 0x00000167b0e2e888
Event: 8.362 Thread 0x00000167c3b730c0 Implicit null exception at 0x00000167b0b6f491 to 0x00000167b0b6fdf4
Event: 8.386 Thread 0x00000167c627d220 Exception <a 'java/lang/NoSuchMethodError'{0x000000008e592490}: static Lcom/android/build/gradle/internal/scope/InternalArtifactType;.<clinit>()V> (0x000000008e592490) 
thrown [s\src\hotspot\share\prims\jni.cpp, line 1108]
Event: 8.386 Thread 0x00000167c627d220 Exception <a 'java/lang/NoSuchMethodError'{0x000000008e593be8}: static Lcom/android/build/gradle/internal/scope/InternalArtifactType;.<clinit>()V> (0x000000008e593be8) 
thrown [s\src\hotspot\share\prims\jni.cpp, line 1108]
Event: 8.386 Thread 0x00000167c627d220 Exception <a 'java/lang/NoSuchMethodError'{0x000000008e596d88}: static Lcom/android/build/api/artifact/Artifact$Single;.<clinit>()V> (0x000000008e596d88) 
thrown [s\src\hotspot\share\prims\jni.cpp, line 1108]
Event: 8.386 Thread 0x00000167c627d220 Exception <a 'java/lang/NoSuchMethodError'{0x000000008e599318}: static Ljava/lang/Object;.<clinit>()V> (0x000000008e599318) 
thrown [s\src\hotspot\share\prims\jni.cpp, line 1108]
Event: 8.387 Thread 0x00000167c627d220 Exception <a 'java/lang/NoSuchMethodError'{0x000000008e5af738}: static Lcom/android/build/api/artifact/ArtifactKind;.<clinit>()V> (0x000000008e5af738) 
thrown [s\src\hotspot\share\prims\jni.cpp, line 1108]
Event: 8.387 Thread 0x00000167c627d220 Exception <a 'java/lang/NoSuchMethodError'{0x000000008e5b08f8}: static Lcom/android/build/api/artifact/ArtifactKind;.<clinit>()V> (0x000000008e5b08f8) 
thrown [s\src\hotspot\share\prims\jni.cpp, line 1108]

VM Operations (20 events):
Event: 8.121 Executing VM operation: G1CollectForAllocation
Event: 8.126 Executing VM operation: G1CollectForAllocation done
Event: 8.204 Executing VM operation: G1Concurrent
Event: 8.210 Executing VM operation: G1Concurrent done
Event: 8.245 Executing VM operation: HandshakeAllThreads
Event: 8.245 Executing VM operation: HandshakeAllThreads done
Event: 8.246 Executing VM operation: G1Concurrent
Event: 8.246 Executing VM operation: G1Concurrent done
Event: 8.258 Executing VM operation: HandshakeAllThreads
Event: 8.258 Executing VM operation: HandshakeAllThreads done
Event: 8.261 Executing VM operation: HandshakeAllThreads
Event: 8.262 Executing VM operation: HandshakeAllThreads done
Event: 8.277 Executing VM operation: HandshakeAllThreads
Event: 8.277 Executing VM operation: HandshakeAllThreads done
Event: 8.396 Executing VM operation: HandshakeAllThreads
Event: 8.397 Executing VM operation: HandshakeAllThreads done
Event: 8.397 Executing VM operation: HandshakeAllThreads
Event: 8.397 Executing VM operation: HandshakeAllThreads done
Event: 8.398 Executing VM operation: ICBufferFull
Event: 8.399 Executing VM operation: ICBufferFull done

Events (20 events):
Event: 8.290 Thread 0x00000167c008f970 flushing nmethod 0x00000167a9d45b90
Event: 8.290 Thread 0x00000167c008f970 flushing nmethod 0x00000167a9d46d10
Event: 8.290 Thread 0x00000167c008f970 flushing nmethod 0x00000167a9d49090
Event: 8.290 Thread 0x00000167c008f970 flushing nmethod 0x00000167a9d4a590
Event: 8.290 Thread 0x00000167c008f970 flushing nmethod 0x00000167a9d4ba10
Event: 8.290 Thread 0x00000167c008f970 flushing nmethod 0x00000167a9d4bf90
Event: 8.290 Thread 0x00000167c008f970 flushing nmethod 0x00000167a9d4c910
Event: 8.290 Thread 0x00000167c008f970 flushing nmethod 0x00000167a9d4d210
Event: 8.290 Thread 0x00000167c008f970 flushing nmethod 0x00000167a9d81890
Event: 8.290 Thread 0x00000167c008f970 flushing nmethod 0x00000167a9d82290
Event: 8.290 Thread 0x00000167c008f970 flushing nmethod 0x00000167a9d82c10
Event: 8.290 Thread 0x00000167c008f970 flushing nmethod 0x00000167a9e1f290
Event: 8.290 Thread 0x00000167c008f970 flushing nmethod 0x00000167a9e2ca90
Event: 8.290 Thread 0x00000167c008f970 flushing nmethod 0x00000167a9e31f10
Event: 8.290 Thread 0x00000167c008f970 flushing nmethod 0x00000167a9e3d790
Event: 8.291 Thread 0x00000167c008f970 flushing nmethod 0x00000167a9e70190
Event: 8.382 loading class java/util/concurrent/ConcurrentSkipListMap$KeySet
Event: 8.382 loading class java/util/concurrent/ConcurrentSkipListMap$KeySet done
Event: 8.382 loading class java/util/concurrent/ConcurrentSkipListMap$KeyIterator
Event: 8.382 loading class java/util/concurrent/ConcurrentSkipListMap$KeyIterator done


Dynamic libraries:
0x00007ff6d4530000 - 0x00007ff6d453a000 	C:\Program Files\Android\Android Studio\jbr\bin\java.exe
0x00007ff9ede90000 - 0x00007ff9ee088000 	C:\WINDOWS\SYSTEM32\ntdll.dll
0x00007ff9ecf70000 - 0x00007ff9ed02f000 	C:\WINDOWS\System32\KERNEL32.DLL
0x00007ff9ebbc0000 - 0x00007ff9ebeb6000 	C:\WINDOWS\System32\KERNELBASE.dll
0x00007ff9eb570000 - 0x00007ff9eb670000 	C:\WINDOWS\System32\ucrtbase.dll
0x00007ff9d2910000 - 0x00007ff9d2927000 	C:\Program Files\Android\Android Studio\jbr\bin\jli.dll
0x00007ff9e4e40000 - 0x00007ff9e4e5b000 	C:\Program Files\Android\Android Studio\jbr\bin\VCRUNTIME140.dll
0x00007ff9ed1d0000 - 0x00007ff9ed36d000 	C:\WINDOWS\System32\USER32.dll
0x00007ff9d6400000 - 0x00007ff9d669a000 	C:\WINDOWS\WinSxS\amd64_microsoft.windows.common-controls_6595b64144ccf1df_6.0.19041.1110_none_60b5254171f9507e\COMCTL32.dll
0x00007ff9eb540000 - 0x00007ff9eb562000 	C:\WINDOWS\System32\win32u.dll
0x00007ff9ed1a0000 - 0x00007ff9ed1cc000 	C:\WINDOWS\System32\GDI32.dll
0x00007ff9ed6c0000 - 0x00007ff9ed75e000 	C:\WINDOWS\System32\msvcrt.dll
0x00007ff9eb960000 - 0x00007ff9eba75000 	C:\WINDOWS\System32\gdi32full.dll
0x00007ff9eb890000 - 0x00007ff9eb92d000 	C:\WINDOWS\System32\msvcp_win.dll
0x00007ff9ebec0000 - 0x00007ff9ebef0000 	C:\WINDOWS\System32\IMM32.DLL
0x00007ff9e5620000 - 0x00007ff9e562c000 	C:\Program Files\Android\Android Studio\jbr\bin\vcruntime140_1.dll
0x00007ff9cd2c0000 - 0x00007ff9cd34d000 	C:\Program Files\Android\Android Studio\jbr\bin\msvcp140.dll
0x00007ff9ac510000 - 0x00007ff9ad17e000 	C:\Program Files\Android\Android Studio\jbr\bin\server\jvm.dll
0x00007ff9edaf0000 - 0x00007ff9edb9f000 	C:\WINDOWS\System32\ADVAPI32.dll
0x00007ff9ed100000 - 0x00007ff9ed19c000 	C:\WINDOWS\System32\sechost.dll
0x00007ff9ed530000 - 0x00007ff9ed656000 	C:\WINDOWS\System32\RPCRT4.dll
0x00007ff9d5a80000 - 0x00007ff9d5a89000 	C:\WINDOWS\SYSTEM32\WSOCK32.dll
0x00007ff9d5450000 - 0x00007ff9d5477000 	C:\WINDOWS\SYSTEM32\WINMM.dll
0x00007ff9e4450000 - 0x00007ff9e445a000 	C:\WINDOWS\SYSTEM32\VERSION.dll
0x00007ff9edbc0000 - 0x00007ff9edc2b000 	C:\WINDOWS\System32\WS2_32.dll
0x00007ff9e90b0000 - 0x00007ff9e90c2000 	C:\WINDOWS\SYSTEM32\kernel.appcore.dll
0x00007ff9d5400000 - 0x00007ff9d540a000 	C:\Program Files\Android\Android Studio\jbr\bin\jimage.dll
0x00007ff9e8c60000 - 0x00007ff9e8e44000 	C:\WINDOWS\SYSTEM32\DBGHELP.DLL
0x00007ff9d5f70000 - 0x00007ff9d5fa4000 	C:\WINDOWS\SYSTEM32\dbgcore.DLL
0x00007ff9eba80000 - 0x00007ff9ebb02000 	C:\WINDOWS\System32\bcryptPrimitives.dll
0x00007ff9d2970000 - 0x00007ff9d2995000 	C:\Program Files\Android\Android Studio\jbr\bin\java.dll
0x00007ff9d3ed0000 - 0x00007ff9d3ee8000 	C:\Program Files\Android\Android Studio\jbr\bin\zip.dll
0x00007ff9ec330000 - 0x00007ff9eca74000 	C:\WINDOWS\System32\SHELL32.dll
0x00007ff9ea2d0000 - 0x00007ff9eaa63000 	C:\WINDOWS\SYSTEM32\windows.storage.dll
0x00007ff9ebef0000 - 0x00007ff9ec244000 	C:\WINDOWS\System32\combase.dll
0x00007ff9eaf90000 - 0x00007ff9eafbe000 	C:\WINDOWS\SYSTEM32\Wldp.dll
0x00007ff9ed030000 - 0x00007ff9ed0dd000 	C:\WINDOWS\System32\SHCORE.dll
0x00007ff9ed960000 - 0x00007ff9ed9b5000 	C:\WINDOWS\System32\shlwapi.dll
0x00007ff9eb480000 - 0x00007ff9eb49f000 	C:\WINDOWS\SYSTEM32\profapi.dll
0x00007ff9d3300000 - 0x00007ff9d3319000 	C:\Program Files\Android\Android Studio\jbr\bin\net.dll
0x00007ff9e5970000 - 0x00007ff9e5a7a000 	C:\WINDOWS\SYSTEM32\WINHTTP.dll
0x00007ff9ea200000 - 0x00007ff9ea26a000 	C:\WINDOWS\system32\mswsock.dll
0x00007ff9d2930000 - 0x00007ff9d2946000 	C:\Program Files\Android\Android Studio\jbr\bin\nio.dll
0x00007ff9d53c0000 - 0x00007ff9d53d0000 	C:\Program Files\Android\Android Studio\jbr\bin\verify.dll
0x00007ff98eed0000 - 0x00007ff98eef7000 	D:\PRG\ANDROID\native\68d5fa5c4cc2d200863cafc0d521ce42e7d3e7ee720ec0a83991735586a16f82\windows-amd64\native-platform.dll
0x00007ff9c7cb0000 - 0x00007ff9c7df4000 	D:\PRG\ANDROID\native\e376f236ea51e6404a007f0833ffe2c6e607c4080706a723a18a27aeea778392\windows-amd64\native-platform-file-events.dll
0x00007ff9d3fc0000 - 0x00007ff9d3fc9000 	C:\Program Files\Android\Android Studio\jbr\bin\management.dll
0x00007ff9c5320000 - 0x00007ff9c532b000 	C:\Program Files\Android\Android Studio\jbr\bin\management_ext.dll
0x00007ff9ed370000 - 0x00007ff9ed378000 	C:\WINDOWS\System32\PSAPI.DLL
0x00007ff9eaee0000 - 0x00007ff9eaef8000 	C:\WINDOWS\SYSTEM32\CRYPTSP.dll
0x0000000052b90000 - 0x0000000052ba1000 	C:\Program Files\Common Files\Crypto Pro\AppCompat\cpadvai.dll
0x0000000052bb0000 - 0x0000000052bb7000 	C:\Program Files\Common Files\Crypto Pro\AppCompat\detoured.dll
0x00007ff9e9ab0000 - 0x00007ff9e9ae4000 	C:\WINDOWS\system32\rsaenh.dll
0x00007ff9eb930000 - 0x00007ff9eb957000 	C:\WINDOWS\System32\bcrypt.dll
0x00007ff9eb440000 - 0x00007ff9eb46e000 	C:\WINDOWS\SYSTEM32\USERENV.dll
0x00007ff9eaf00000 - 0x00007ff9eaf0c000 	C:\WINDOWS\SYSTEM32\CRYPTBASE.dll
0x00007ff9e9ea0000 - 0x00007ff9e9edc000 	C:\WINDOWS\SYSTEM32\IPHLPAPI.DLL
0x00007ff9ed0f0000 - 0x00007ff9ed0f8000 	C:\WINDOWS\System32\NSI.dll
0x00007ff9e4fc0000 - 0x00007ff9e4fd7000 	C:\WINDOWS\SYSTEM32\dhcpcsvc6.DLL
0x00007ff9e49d0000 - 0x00007ff9e49ed000 	C:\WINDOWS\SYSTEM32\dhcpcsvc.DLL
0x00007ff9e9ee0000 - 0x00007ff9e9faa000 	C:\WINDOWS\SYSTEM32\DNSAPI.dll
0x00007ff9c5310000 - 0x00007ff9c5317000 	C:\WINDOWS\system32\wshunix.dll

dbghelp: loaded successfully - version: 4.0.5 - missing functions: none
symbol engine: initialized successfully - sym options: 0x614 - pdb path: .;C:\Program Files\Android\Android Studio\jbr\bin;C:\WINDOWS\SYSTEM32;C:\WINDOWS\WinSxS\amd64_microsoft.windows.common-controls_6595b64144ccf1df_6.0.19041.1110_none_60b5254171f9507e;C:\Program Files\Android\Android Studio\jbr\bin\server;D:\PRG\ANDROID\native\68d5fa5c4cc2d200863cafc0d521ce42e7d3e7ee720ec0a83991735586a16f82\windows-amd64;D:\PRG\ANDROID\native\e376f236ea51e6404a007f0833ffe2c6e607c4080706a723a18a27aeea778392\windows-amd64;C:\Program Files\Common Files\Crypto Pro\AppCompat

VM Arguments:
jvm_args: --add-opens=java.base/java.util=ALL-UNNAMED --add-opens=java.base/java.lang=ALL-UNNAMED --add-opens=java.base/java.lang.invoke=ALL-UNNAMED --add-opens=java.prefs/java.util.prefs=ALL-UNNAMED --add-opens=java.base/java.nio.charset=ALL-UNNAMED --add-opens=java.base/java.net=ALL-UNNAMED --add-opens=java.base/java.util.concurrent.atomic=ALL-UNNAMED -Xmx2048m -Dfile.encoding=UTF-8 -Duser.country=RU -Duser.language=ru -Duser.variant 
java_command: org.gradle.launcher.daemon.bootstrap.GradleDaemon 8.0
java_class_path (initial): D:\PRG\ANDROID\wrapper\dists\gradle-8.0-bin\ca5e32bp14vu59qr306oxotwh\gradle-8.0\lib\gradle-launcher-8.0.jar
Launcher Type: SUN_STANDARD

[Global flags]
     intx CICompilerCount                          = 4                                         {product} {ergonomic}
     uint ConcGCThreads                            = 2                                         {product} {ergonomic}
     uint G1ConcRefinementThreads                  = 8                                         {product} {ergonomic}
   size_t G1HeapRegionSize                         = 1048576                                   {product} {ergonomic}
    uintx GCDrainStackTargetSize                   = 64                                        {product} {ergonomic}
   size_t InitialHeapSize                          = 266338304                                 {product} {ergonomic}
   size_t MarkStackSize                            = 4194304                                   {product} {ergonomic}
   size_t MaxHeapSize                              = 2147483648                                {product} {command line}
   size_t MaxNewSize                               = 1287651328                                {product} {ergonomic}
   size_t MinHeapDeltaBytes                        = 1048576                                   {product} {ergonomic}
   size_t MinHeapSize                              = 8388608                                   {product} {ergonomic}
    uintx NonNMethodCodeHeapSize                   = 5839372                                {pd product} {ergonomic}
    uintx NonProfiledCodeHeapSize                  = 122909434                              {pd product} {ergonomic}
    uintx ProfiledCodeHeapSize                     = 122909434                              {pd product} {ergonomic}
    uintx ReservedCodeCacheSize                    = 251658240                              {pd product} {ergonomic}
     bool SegmentedCodeCache                       = true                                      {product} {ergonomic}
   size_t SoftMaxHeapSize                          = 2147483648                             {manageable} {ergonomic}
     bool UseCompressedClassPointers               = true                           {product lp64_product} {ergonomic}
     bool UseCompressedOops                        = true                           {product lp64_product} {ergonomic}
     bool UseG1GC                                  = true                                      {product} {ergonomic}
     bool UseLargePagesIndividualAllocation        = false                                  {pd product} {ergonomic}

Logging:
Log output configuration:
 #0: stdout all=warning uptime,level,tags
 #1: stderr all=off uptime,level,tags

Environment Variables:
JAVA_HOME=C:\jdk-17.0.2+8
PATH=C:\Program Files\Common Files\Oracle\Java\javapath;C:\Windows\system32;C:\Windows;C:\Windows\System32\Wbem;C:\Windows\System32\WindowsPowerShell\v1.0\;C:\Windows\System32\OpenSSH\;C:\Program Files\7-Zip;C:\Program Files (x86)\NVIDIA Corporation\PhysX\Common;C:\jdk-17.0.2+8\bin;C:\Program Files\Git\cmd;C:\WINDOWS\system32;C:\WINDOWS;C:\WINDOWS\System32\Wbem;C:\WINDOWS\System32\WindowsPowerShell\v1.0\;C:\WINDOWS\System32\OpenSSH\;C:\Program Files\OpenVPN\bin;C:\Users\monahovvv\AppData\Local\Microsoft\WindowsApps;C:\Program Files\JetBrains\IntelliJ IDEA Community Edition 2022.2\bin;;C:\Users\monahovvv\AppData\Local\GitHubDesktop\bin;
USERNAME=monahovvv
OS=Windows_NT
PROCESSOR_IDENTIFIER=Intel64 Family 6 Model 158 Stepping 10, GenuineIntel
TMP=D:\Temp
TEMP=D:\Temp


JNI global refs:
JNI global refs: 27, weak refs: 24

JNI global refs memory usage: 843, weak refs: 841


---------------  S Y S T E M  ---------------

OS:
 Windows 10 , 64 bit Build 19041 (10.0.19041.3031)
OS uptime: 0 days 0:50 hours

CPU: total 8 (initial active 8) (4 cores per cpu, 2 threads per core) family 6 model 158 stepping 10 microcode 0xec, cx8, cmov, fxsr, ht, mmx, 3dnowpref, sse, sse2, sse3, ssse3, sse4.1, sse4.2, popcnt, lzcnt, tsc, tscinvbit, avx, avx2, aes, erms, clmul, bmi1, bmi2, adx, fma, vzeroupper, clflush, clflushopt

Memory: 4k page, system-wide physical 16228M (1683M free)
TotalPageFile size 18128M (AvailPageFile size 5M)
current process WorkingSet (physical memory assigned to process): 445M, peak: 445M
current process commit charge ("private bytes"): 567M, peak: 568M

vm_info: OpenJDK 64-Bit Server VM (17.0.6+0-b2043.56-10027231) for windows-amd64 JRE (17.0.6+0-b2043.56-10027231), built on Apr 28 2023 00:43:19 by "androidbuild" with MS VC++ 16.10 / 16.11 (VS2019)

END.
